{"execution": {"start_timestamp": "2026-02-09T00:08:20.145Z", "finish_timestamp": "2026-02-09T00:08:30.648Z"}, "results": [{"name": "WASI Rust tests", "runtime": {"name": "pywasm", "version": "2.2.1"}, "duration_s": 0.000419, "failed": 0, "skipped": 0, "passed": 0, "tests": []}, {"name": "WASI Rust tests [wasm32-wasip1]", "runtime": {"name": "pywasm", "version": "2.2.1"}, "duration_s": 8.340204, "failed": 42, "skipped": 0, "passed": 4, "tests": [{"name": "path_open_preopen", "executed": true, "duration_s": 0.20315051078796387, "failures": ["Wait(exit_code=0) failed: expected 0, got 1\n\n==STDERR==\nTraceback (most recent call last):\n  File \"/home/runner/work/wasi-testsuite/wasi-testsuite/tools/run-pywasm\", line 28, in <module>\n    exit = wasi.main(runtime, instance)\n           ^^^^^^^^^^^^^^^^^^^^^^^^^^^^\n  File \"/opt/hostedtoolcache/Python/3.12.12/x64/lib/python3.12/site-packages/pywasm/wasi.py\", line 1032, in main\n    raise e\n  File \"/opt/hostedtoolcache/Python/3.12.12/x64/lib/python3.12/site-packages/pywasm/wasi.py\", line 1025, in main\n    runtime.invocate(module, '_start', [])\n  File \"/opt/hostedtoolcache/Python/3.12.12/x64/lib/python3.12/site-packages/pywasm/core.py\", line 4190, in invocate\n    func_rets = self.machine.invocate(func_addr, func_args)\n                ^^^^^^^^^^^^^^^^^^^^^^^^^^^^^^^^^^^^^^^^^^^\n  File \"/opt/hostedtoolcache/Python/3.12.12/x64/lib/python3.12/site-packages/pywasm/core.py\", line 1724, in invocate\n    self.evaluate()\n  File \"/opt/hostedtoolcache/Python/3.12.12/x64/lib/python3.12/site-packages/pywasm/core.py\", line 1888, in evaluate\n    self.evaluate_call(addr)\n  File \"/opt/hostedtoolcache/Python/3.12.12/x64/lib/python3.12/site-packages/pywasm/core.py\", line 1788, in evaluate_call\n    rets = func.hostcode(self, [e.into_all() for e in args])\n           ^^^^^^^^^^^^^^^^^^^^^^^^^^^^^^^^^^^^^^^^^^^^^^^^^\n  File \"/opt/hostedtoolcache/Python/3.12.12/x64/lib/python3.12/site-packages/pywasm/wasi.py\", line 490, in args_get\n    mems.put(argv_buf, bytearray(e.encode()))\n                                 ^^^^^^^^\nAttributeError: 'list' object has no attribute 'encode'\n"]}, {"name": "directory_seek", "executed": true, "duration_s": 0.17040419578552246, "failures": ["Wait(exit_code=0) failed: expected 0, got 1\n\n==STDERR==\nTraceback (most recent call last):\n  File \"/home/runner/work/wasi-testsuite/wasi-testsuite/tools/run-pywasm\", line 28, in <module>\n    exit = wasi.main(runtime, instance)\n           ^^^^^^^^^^^^^^^^^^^^^^^^^^^^\n  File \"/opt/hostedtoolcache/Python/3.12.12/x64/lib/python3.12/site-packages/pywasm/wasi.py\", line 1032, in main\n    raise e\n  File \"/opt/hostedtoolcache/Python/3.12.12/x64/lib/python3.12/site-packages/pywasm/wasi.py\", line 1025, in main\n    runtime.invocate(module, '_start', [])\n  File \"/opt/hostedtoolcache/Python/3.12.12/x64/lib/python3.12/site-packages/pywasm/core.py\", line 4190, in invocate\n    func_rets = self.machine.invocate(func_addr, func_args)\n                ^^^^^^^^^^^^^^^^^^^^^^^^^^^^^^^^^^^^^^^^^^^\n  File \"/opt/hostedtoolcache/Python/3.12.12/x64/lib/python3.12/site-packages/pywasm/core.py\", line 1724, in invocate\n    self.evaluate()\n  File \"/opt/hostedtoolcache/Python/3.12.12/x64/lib/python3.12/site-packages/pywasm/core.py\", line 1888, in evaluate\n    self.evaluate_call(addr)\n  File \"/opt/hostedtoolcache/Python/3.12.12/x64/lib/python3.12/site-packages/pywasm/core.py\", line 1788, in evaluate_call\n    rets = func.hostcode(self, [e.into_all() for e in args])\n           ^^^^^^^^^^^^^^^^^^^^^^^^^^^^^^^^^^^^^^^^^^^^^^^^^\n  File \"/opt/hostedtoolcache/Python/3.12.12/x64/lib/python3.12/site-packages/pywasm/wasi.py\", line 490, in args_get\n    mems.put(argv_buf, bytearray(e.encode()))\n                                 ^^^^^^^^\nAttributeError: 'list' object has no attribute 'encode'\n"]}, {"name": "file_seek_tell", "executed": true, "duration_s": 0.1721503734588623, "failures": ["Wait(exit_code=0) failed: expected 0, got 1\n\n==STDERR==\nTraceback (most recent call last):\n  File \"/home/runner/work/wasi-testsuite/wasi-testsuite/tools/run-pywasm\", line 28, in <module>\n    exit = wasi.main(runtime, instance)\n           ^^^^^^^^^^^^^^^^^^^^^^^^^^^^\n  File \"/opt/hostedtoolcache/Python/3.12.12/x64/lib/python3.12/site-packages/pywasm/wasi.py\", line 1032, in main\n    raise e\n  File \"/opt/hostedtoolcache/Python/3.12.12/x64/lib/python3.12/site-packages/pywasm/wasi.py\", line 1025, in main\n    runtime.invocate(module, '_start', [])\n  File \"/opt/hostedtoolcache/Python/3.12.12/x64/lib/python3.12/site-packages/pywasm/core.py\", line 4190, in invocate\n    func_rets = self.machine.invocate(func_addr, func_args)\n                ^^^^^^^^^^^^^^^^^^^^^^^^^^^^^^^^^^^^^^^^^^^\n  File \"/opt/hostedtoolcache/Python/3.12.12/x64/lib/python3.12/site-packages/pywasm/core.py\", line 1724, in invocate\n    self.evaluate()\n  File \"/opt/hostedtoolcache/Python/3.12.12/x64/lib/python3.12/site-packages/pywasm/core.py\", line 1888, in evaluate\n    self.evaluate_call(addr)\n  File \"/opt/hostedtoolcache/Python/3.12.12/x64/lib/python3.12/site-packages/pywasm/core.py\", line 1788, in evaluate_call\n    rets = func.hostcode(self, [e.into_all() for e in args])\n           ^^^^^^^^^^^^^^^^^^^^^^^^^^^^^^^^^^^^^^^^^^^^^^^^^\n  File \"/opt/hostedtoolcache/Python/3.12.12/x64/lib/python3.12/site-packages/pywasm/wasi.py\", line 490, in args_get\n    mems.put(argv_buf, bytearray(e.encode()))\n                                 ^^^^^^^^\nAttributeError: 'list' object has no attribute 'encode'\n"]}, {"name": "path_open_read_write", "executed": true, "duration_s": 0.17948222160339355, "failures": ["Wait(exit_code=0) failed: expected 0, got 1\n\n==STDERR==\nTraceback (most recent call last):\n  File \"/home/runner/work/wasi-testsuite/wasi-testsuite/tools/run-pywasm\", line 28, in <module>\n    exit = wasi.main(runtime, instance)\n           ^^^^^^^^^^^^^^^^^^^^^^^^^^^^\n  File \"/opt/hostedtoolcache/Python/3.12.12/x64/lib/python3.12/site-packages/pywasm/wasi.py\", line 1032, in main\n    raise e\n  File \"/opt/hostedtoolcache/Python/3.12.12/x64/lib/python3.12/site-packages/pywasm/wasi.py\", line 1025, in main\n    runtime.invocate(module, '_start', [])\n  File \"/opt/hostedtoolcache/Python/3.12.12/x64/lib/python3.12/site-packages/pywasm/core.py\", line 4190, in invocate\n    func_rets = self.machine.invocate(func_addr, func_args)\n                ^^^^^^^^^^^^^^^^^^^^^^^^^^^^^^^^^^^^^^^^^^^\n  File \"/opt/hostedtoolcache/Python/3.12.12/x64/lib/python3.12/site-packages/pywasm/core.py\", line 1724, in invocate\n    self.evaluate()\n  File \"/opt/hostedtoolcache/Python/3.12.12/x64/lib/python3.12/site-packages/pywasm/core.py\", line 1888, in evaluate\n    self.evaluate_call(addr)\n  File \"/opt/hostedtoolcache/Python/3.12.12/x64/lib/python3.12/site-packages/pywasm/core.py\", line 1788, in evaluate_call\n    rets = func.hostcode(self, [e.into_all() for e in args])\n           ^^^^^^^^^^^^^^^^^^^^^^^^^^^^^^^^^^^^^^^^^^^^^^^^^\n  File \"/opt/hostedtoolcache/Python/3.12.12/x64/lib/python3.12/site-packages/pywasm/wasi.py\", line 490, in args_get\n    mems.put(argv_buf, bytearray(e.encode()))\n                                 ^^^^^^^^\nAttributeError: 'list' object has no attribute 'encode'\n"]}, {"name": "overwrite_preopen", "executed": true, "duration_s": 0.17256450653076172, "failures": ["Wait(exit_code=0) failed: expected 0, got 1\n\n==STDERR==\nTraceback (most recent call last):\n  File \"/home/runner/work/wasi-testsuite/wasi-testsuite/tools/run-pywasm\", line 28, in <module>\n    exit = wasi.main(runtime, instance)\n           ^^^^^^^^^^^^^^^^^^^^^^^^^^^^\n  File \"/opt/hostedtoolcache/Python/3.12.12/x64/lib/python3.12/site-packages/pywasm/wasi.py\", line 1032, in main\n    raise e\n  File \"/opt/hostedtoolcache/Python/3.12.12/x64/lib/python3.12/site-packages/pywasm/wasi.py\", line 1025, in main\n    runtime.invocate(module, '_start', [])\n  File \"/opt/hostedtoolcache/Python/3.12.12/x64/lib/python3.12/site-packages/pywasm/core.py\", line 4190, in invocate\n    func_rets = self.machine.invocate(func_addr, func_args)\n                ^^^^^^^^^^^^^^^^^^^^^^^^^^^^^^^^^^^^^^^^^^^\n  File \"/opt/hostedtoolcache/Python/3.12.12/x64/lib/python3.12/site-packages/pywasm/core.py\", line 1724, in invocate\n    self.evaluate()\n  File \"/opt/hostedtoolcache/Python/3.12.12/x64/lib/python3.12/site-packages/pywasm/core.py\", line 1888, in evaluate\n    self.evaluate_call(addr)\n  File \"/opt/hostedtoolcache/Python/3.12.12/x64/lib/python3.12/site-packages/pywasm/core.py\", line 1788, in evaluate_call\n    rets = func.hostcode(self, [e.into_all() for e in args])\n           ^^^^^^^^^^^^^^^^^^^^^^^^^^^^^^^^^^^^^^^^^^^^^^^^^\n  File \"/opt/hostedtoolcache/Python/3.12.12/x64/lib/python3.12/site-packages/pywasm/wasi.py\", line 490, in args_get\n    mems.put(argv_buf, bytearray(e.encode()))\n                                 ^^^^^^^^\nAttributeError: 'list' object has no attribute 'encode'\n"]}, {"name": "symlink_filestat", "executed": true, "duration_s": 0.16898512840270996, "failures": ["Wait(exit_code=0) failed: expected 0, got 1\n\n==STDERR==\nTraceback (most recent call last):\n  File \"/home/runner/work/wasi-testsuite/wasi-testsuite/tools/run-pywasm\", line 28, in <module>\n    exit = wasi.main(runtime, instance)\n           ^^^^^^^^^^^^^^^^^^^^^^^^^^^^\n  File \"/opt/hostedtoolcache/Python/3.12.12/x64/lib/python3.12/site-packages/pywasm/wasi.py\", line 1032, in main\n    raise e\n  File \"/opt/hostedtoolcache/Python/3.12.12/x64/lib/python3.12/site-packages/pywasm/wasi.py\", line 1025, in main\n    runtime.invocate(module, '_start', [])\n  File \"/opt/hostedtoolcache/Python/3.12.12/x64/lib/python3.12/site-packages/pywasm/core.py\", line 4190, in invocate\n    func_rets = self.machine.invocate(func_addr, func_args)\n                ^^^^^^^^^^^^^^^^^^^^^^^^^^^^^^^^^^^^^^^^^^^\n  File \"/opt/hostedtoolcache/Python/3.12.12/x64/lib/python3.12/site-packages/pywasm/core.py\", line 1724, in invocate\n    self.evaluate()\n  File \"/opt/hostedtoolcache/Python/3.12.12/x64/lib/python3.12/site-packages/pywasm/core.py\", line 1888, in evaluate\n    self.evaluate_call(addr)\n  File \"/opt/hostedtoolcache/Python/3.12.12/x64/lib/python3.12/site-packages/pywasm/core.py\", line 1788, in evaluate_call\n    rets = func.hostcode(self, [e.into_all() for e in args])\n           ^^^^^^^^^^^^^^^^^^^^^^^^^^^^^^^^^^^^^^^^^^^^^^^^^\n  File \"/opt/hostedtoolcache/Python/3.12.12/x64/lib/python3.12/site-packages/pywasm/wasi.py\", line 490, in args_get\n    mems.put(argv_buf, bytearray(e.encode()))\n                                 ^^^^^^^^\nAttributeError: 'list' object has no attribute 'encode'\n"]}, {"name": "readlink", "executed": true, "duration_s": 0.1694045066833496, "failures": ["Wait(exit_code=0) failed: expected 0, got 1\n\n==STDERR==\nTraceback (most recent call last):\n  File \"/home/runner/work/wasi-testsuite/wasi-testsuite/tools/run-pywasm\", line 28, in <module>\n    exit = wasi.main(runtime, instance)\n           ^^^^^^^^^^^^^^^^^^^^^^^^^^^^\n  File \"/opt/hostedtoolcache/Python/3.12.12/x64/lib/python3.12/site-packages/pywasm/wasi.py\", line 1032, in main\n    raise e\n  File \"/opt/hostedtoolcache/Python/3.12.12/x64/lib/python3.12/site-packages/pywasm/wasi.py\", line 1025, in main\n    runtime.invocate(module, '_start', [])\n  File \"/opt/hostedtoolcache/Python/3.12.12/x64/lib/python3.12/site-packages/pywasm/core.py\", line 4190, in invocate\n    func_rets = self.machine.invocate(func_addr, func_args)\n                ^^^^^^^^^^^^^^^^^^^^^^^^^^^^^^^^^^^^^^^^^^^\n  File \"/opt/hostedtoolcache/Python/3.12.12/x64/lib/python3.12/site-packages/pywasm/core.py\", line 1724, in invocate\n    self.evaluate()\n  File \"/opt/hostedtoolcache/Python/3.12.12/x64/lib/python3.12/site-packages/pywasm/core.py\", line 1888, in evaluate\n    self.evaluate_call(addr)\n  File \"/opt/hostedtoolcache/Python/3.12.12/x64/lib/python3.12/site-packages/pywasm/core.py\", line 1788, in evaluate_call\n    rets = func.hostcode(self, [e.into_all() for e in args])\n           ^^^^^^^^^^^^^^^^^^^^^^^^^^^^^^^^^^^^^^^^^^^^^^^^^\n  File \"/opt/hostedtoolcache/Python/3.12.12/x64/lib/python3.12/site-packages/pywasm/wasi.py\", line 490, in args_get\n    mems.put(argv_buf, bytearray(e.encode()))\n                                 ^^^^^^^^\nAttributeError: 'list' object has no attribute 'encode'\n"]}, {"name": "path_open_create_existing", "executed": true, "duration_s": 0.16841387748718262, "failures": ["Wait(exit_code=0) failed: expected 0, got 1\n\n==STDERR==\nTraceback (most recent call last):\n  File \"/home/runner/work/wasi-testsuite/wasi-testsuite/tools/run-pywasm\", line 28, in <module>\n    exit = wasi.main(runtime, instance)\n           ^^^^^^^^^^^^^^^^^^^^^^^^^^^^\n  File \"/opt/hostedtoolcache/Python/3.12.12/x64/lib/python3.12/site-packages/pywasm/wasi.py\", line 1032, in main\n    raise e\n  File \"/opt/hostedtoolcache/Python/3.12.12/x64/lib/python3.12/site-packages/pywasm/wasi.py\", line 1025, in main\n    runtime.invocate(module, '_start', [])\n  File \"/opt/hostedtoolcache/Python/3.12.12/x64/lib/python3.12/site-packages/pywasm/core.py\", line 4190, in invocate\n    func_rets = self.machine.invocate(func_addr, func_args)\n                ^^^^^^^^^^^^^^^^^^^^^^^^^^^^^^^^^^^^^^^^^^^\n  File \"/opt/hostedtoolcache/Python/3.12.12/x64/lib/python3.12/site-packages/pywasm/core.py\", line 1724, in invocate\n    self.evaluate()\n  File \"/opt/hostedtoolcache/Python/3.12.12/x64/lib/python3.12/site-packages/pywasm/core.py\", line 1888, in evaluate\n    self.evaluate_call(addr)\n  File \"/opt/hostedtoolcache/Python/3.12.12/x64/lib/python3.12/site-packages/pywasm/core.py\", line 1788, in evaluate_call\n    rets = func.hostcode(self, [e.into_all() for e in args])\n           ^^^^^^^^^^^^^^^^^^^^^^^^^^^^^^^^^^^^^^^^^^^^^^^^^\n  File \"/opt/hostedtoolcache/Python/3.12.12/x64/lib/python3.12/site-packages/pywasm/wasi.py\", line 490, in args_get\n    mems.put(argv_buf, bytearray(e.encode()))\n                                 ^^^^^^^^\nAttributeError: 'list' object has no attribute 'encode'\n"]}, {"name": "poll_oneoff_stdio", "executed": true, "duration_s": 0.2867908477783203, "failures": []}, {"name": "path_rename_dir_trailing_slashes", "executed": true, "duration_s": 0.1617887020111084, "failures": ["Wait(exit_code=0) failed: expected 0, got 1\n\n==STDERR==\nTraceback (most recent call last):\n  File \"/home/runner/work/wasi-testsuite/wasi-testsuite/tools/run-pywasm\", line 28, in <module>\n    exit = wasi.main(runtime, instance)\n           ^^^^^^^^^^^^^^^^^^^^^^^^^^^^\n  File \"/opt/hostedtoolcache/Python/3.12.12/x64/lib/python3.12/site-packages/pywasm/wasi.py\", line 1032, in main\n    raise e\n  File \"/opt/hostedtoolcache/Python/3.12.12/x64/lib/python3.12/site-packages/pywasm/wasi.py\", line 1025, in main\n    runtime.invocate(module, '_start', [])\n  File \"/opt/hostedtoolcache/Python/3.12.12/x64/lib/python3.12/site-packages/pywasm/core.py\", line 4190, in invocate\n    func_rets = self.machine.invocate(func_addr, func_args)\n                ^^^^^^^^^^^^^^^^^^^^^^^^^^^^^^^^^^^^^^^^^^^\n  File \"/opt/hostedtoolcache/Python/3.12.12/x64/lib/python3.12/site-packages/pywasm/core.py\", line 1724, in invocate\n    self.evaluate()\n  File \"/opt/hostedtoolcache/Python/3.12.12/x64/lib/python3.12/site-packages/pywasm/core.py\", line 1888, in evaluate\n    self.evaluate_call(addr)\n  File \"/opt/hostedtoolcache/Python/3.12.12/x64/lib/python3.12/site-packages/pywasm/core.py\", line 1788, in evaluate_call\n    rets = func.hostcode(self, [e.into_all() for e in args])\n           ^^^^^^^^^^^^^^^^^^^^^^^^^^^^^^^^^^^^^^^^^^^^^^^^^\n  File \"/opt/hostedtoolcache/Python/3.12.12/x64/lib/python3.12/site-packages/pywasm/wasi.py\", line 490, in args_get\n    mems.put(argv_buf, bytearray(e.encode()))\n                                 ^^^^^^^^\nAttributeError: 'list' object has no attribute 'encode'\n"]}, {"name": "fd_fdstat_set_rights", "executed": true, "duration_s": 0.1763443946838379, "failures": ["Wait(exit_code=0) failed: expected 0, got 1\n\n==STDERR==\nTraceback (most recent call last):\n  File \"/home/runner/work/wasi-testsuite/wasi-testsuite/tools/run-pywasm\", line 28, in <module>\n    exit = wasi.main(runtime, instance)\n           ^^^^^^^^^^^^^^^^^^^^^^^^^^^^\n  File \"/opt/hostedtoolcache/Python/3.12.12/x64/lib/python3.12/site-packages/pywasm/wasi.py\", line 1032, in main\n    raise e\n  File \"/opt/hostedtoolcache/Python/3.12.12/x64/lib/python3.12/site-packages/pywasm/wasi.py\", line 1025, in main\n    runtime.invocate(module, '_start', [])\n  File \"/opt/hostedtoolcache/Python/3.12.12/x64/lib/python3.12/site-packages/pywasm/core.py\", line 4190, in invocate\n    func_rets = self.machine.invocate(func_addr, func_args)\n                ^^^^^^^^^^^^^^^^^^^^^^^^^^^^^^^^^^^^^^^^^^^\n  File \"/opt/hostedtoolcache/Python/3.12.12/x64/lib/python3.12/site-packages/pywasm/core.py\", line 1724, in invocate\n    self.evaluate()\n  File \"/opt/hostedtoolcache/Python/3.12.12/x64/lib/python3.12/site-packages/pywasm/core.py\", line 1888, in evaluate\n    self.evaluate_call(addr)\n  File \"/opt/hostedtoolcache/Python/3.12.12/x64/lib/python3.12/site-packages/pywasm/core.py\", line 1788, in evaluate_call\n    rets = func.hostcode(self, [e.into_all() for e in args])\n           ^^^^^^^^^^^^^^^^^^^^^^^^^^^^^^^^^^^^^^^^^^^^^^^^^\n  File \"/opt/hostedtoolcache/Python/3.12.12/x64/lib/python3.12/site-packages/pywasm/wasi.py\", line 490, in args_get\n    mems.put(argv_buf, bytearray(e.encode()))\n                                 ^^^^^^^^\nAttributeError: 'list' object has no attribute 'encode'\n"]}, {"name": "path_open_missing", "executed": true, "duration_s": 0.16663312911987305, "failures": ["Wait(exit_code=0) failed: expected 0, got 1\n\n==STDERR==\nTraceback (most recent call last):\n  File \"/home/runner/work/wasi-testsuite/wasi-testsuite/tools/run-pywasm\", line 28, in <module>\n    exit = wasi.main(runtime, instance)\n           ^^^^^^^^^^^^^^^^^^^^^^^^^^^^\n  File \"/opt/hostedtoolcache/Python/3.12.12/x64/lib/python3.12/site-packages/pywasm/wasi.py\", line 1032, in main\n    raise e\n  File \"/opt/hostedtoolcache/Python/3.12.12/x64/lib/python3.12/site-packages/pywasm/wasi.py\", line 1025, in main\n    runtime.invocate(module, '_start', [])\n  File \"/opt/hostedtoolcache/Python/3.12.12/x64/lib/python3.12/site-packages/pywasm/core.py\", line 4190, in invocate\n    func_rets = self.machine.invocate(func_addr, func_args)\n                ^^^^^^^^^^^^^^^^^^^^^^^^^^^^^^^^^^^^^^^^^^^\n  File \"/opt/hostedtoolcache/Python/3.12.12/x64/lib/python3.12/site-packages/pywasm/core.py\", line 1724, in invocate\n    self.evaluate()\n  File \"/opt/hostedtoolcache/Python/3.12.12/x64/lib/python3.12/site-packages/pywasm/core.py\", line 1888, in evaluate\n    self.evaluate_call(addr)\n  File \"/opt/hostedtoolcache/Python/3.12.12/x64/lib/python3.12/site-packages/pywasm/core.py\", line 1788, in evaluate_call\n    rets = func.hostcode(self, [e.into_all() for e in args])\n           ^^^^^^^^^^^^^^^^^^^^^^^^^^^^^^^^^^^^^^^^^^^^^^^^^\n  File \"/opt/hostedtoolcache/Python/3.12.12/x64/lib/python3.12/site-packages/pywasm/wasi.py\", line 490, in args_get\n    mems.put(argv_buf, bytearray(e.encode()))\n                                 ^^^^^^^^\nAttributeError: 'list' object has no attribute 'encode'\n"]}, {"name": "path_open_dirfd_not_dir", "executed": true, "duration_s": 0.18169689178466797, "failures": ["Wait(exit_code=0) failed: expected 0, got 1\n\n==STDERR==\nTraceback (most recent call last):\n  File \"/home/runner/work/wasi-testsuite/wasi-testsuite/tools/run-pywasm\", line 28, in <module>\n    exit = wasi.main(runtime, instance)\n           ^^^^^^^^^^^^^^^^^^^^^^^^^^^^\n  File \"/opt/hostedtoolcache/Python/3.12.12/x64/lib/python3.12/site-packages/pywasm/wasi.py\", line 1032, in main\n    raise e\n  File \"/opt/hostedtoolcache/Python/3.12.12/x64/lib/python3.12/site-packages/pywasm/wasi.py\", line 1025, in main\n    runtime.invocate(module, '_start', [])\n  File \"/opt/hostedtoolcache/Python/3.12.12/x64/lib/python3.12/site-packages/pywasm/core.py\", line 4190, in invocate\n    func_rets = self.machine.invocate(func_addr, func_args)\n                ^^^^^^^^^^^^^^^^^^^^^^^^^^^^^^^^^^^^^^^^^^^\n  File \"/opt/hostedtoolcache/Python/3.12.12/x64/lib/python3.12/site-packages/pywasm/core.py\", line 1724, in invocate\n    self.evaluate()\n  File \"/opt/hostedtoolcache/Python/3.12.12/x64/lib/python3.12/site-packages/pywasm/core.py\", line 1888, in evaluate\n    self.evaluate_call(addr)\n  File \"/opt/hostedtoolcache/Python/3.12.12/x64/lib/python3.12/site-packages/pywasm/core.py\", line 1788, in evaluate_call\n    rets = func.hostcode(self, [e.into_all() for e in args])\n           ^^^^^^^^^^^^^^^^^^^^^^^^^^^^^^^^^^^^^^^^^^^^^^^^^\n  File \"/opt/hostedtoolcache/Python/3.12.12/x64/lib/python3.12/site-packages/pywasm/wasi.py\", line 490, in args_get\n    mems.put(argv_buf, bytearray(e.encode()))\n                                 ^^^^^^^^\nAttributeError: 'list' object has no attribute 'encode'\n"]}, {"name": "file_unbuffered_write", "executed": true, "duration_s": 0.1660928726196289, "failures": ["Wait(exit_code=0) failed: expected 0, got 1\n\n==STDERR==\nTraceback (most recent call last):\n  File \"/home/runner/work/wasi-testsuite/wasi-testsuite/tools/run-pywasm\", line 28, in <module>\n    exit = wasi.main(runtime, instance)\n           ^^^^^^^^^^^^^^^^^^^^^^^^^^^^\n  File \"/opt/hostedtoolcache/Python/3.12.12/x64/lib/python3.12/site-packages/pywasm/wasi.py\", line 1032, in main\n    raise e\n  File \"/opt/hostedtoolcache/Python/3.12.12/x64/lib/python3.12/site-packages/pywasm/wasi.py\", line 1025, in main\n    runtime.invocate(module, '_start', [])\n  File \"/opt/hostedtoolcache/Python/3.12.12/x64/lib/python3.12/site-packages/pywasm/core.py\", line 4190, in invocate\n    func_rets = self.machine.invocate(func_addr, func_args)\n                ^^^^^^^^^^^^^^^^^^^^^^^^^^^^^^^^^^^^^^^^^^^\n  File \"/opt/hostedtoolcache/Python/3.12.12/x64/lib/python3.12/site-packages/pywasm/core.py\", line 1724, in invocate\n    self.evaluate()\n  File \"/opt/hostedtoolcache/Python/3.12.12/x64/lib/python3.12/site-packages/pywasm/core.py\", line 1888, in evaluate\n    self.evaluate_call(addr)\n  File \"/opt/hostedtoolcache/Python/3.12.12/x64/lib/python3.12/site-packages/pywasm/core.py\", line 1788, in evaluate_call\n    rets = func.hostcode(self, [e.into_all() for e in args])\n           ^^^^^^^^^^^^^^^^^^^^^^^^^^^^^^^^^^^^^^^^^^^^^^^^^\n  File \"/opt/hostedtoolcache/Python/3.12.12/x64/lib/python3.12/site-packages/pywasm/wasi.py\", line 490, in args_get\n    mems.put(argv_buf, bytearray(e.encode()))\n                                 ^^^^^^^^\nAttributeError: 'list' object has no attribute 'encode'\n"]}, {"name": "interesting_paths", "executed": true, "duration_s": 0.17619895935058594, "failures": ["Wait(exit_code=0) failed: expected 0, got 1\n\n==STDERR==\nTraceback (most recent call last):\n  File \"/home/runner/work/wasi-testsuite/wasi-testsuite/tools/run-pywasm\", line 28, in <module>\n    exit = wasi.main(runtime, instance)\n           ^^^^^^^^^^^^^^^^^^^^^^^^^^^^\n  File \"/opt/hostedtoolcache/Python/3.12.12/x64/lib/python3.12/site-packages/pywasm/wasi.py\", line 1032, in main\n    raise e\n  File \"/opt/hostedtoolcache/Python/3.12.12/x64/lib/python3.12/site-packages/pywasm/wasi.py\", line 1025, in main\n    runtime.invocate(module, '_start', [])\n  File \"/opt/hostedtoolcache/Python/3.12.12/x64/lib/python3.12/site-packages/pywasm/core.py\", line 4190, in invocate\n    func_rets = self.machine.invocate(func_addr, func_args)\n                ^^^^^^^^^^^^^^^^^^^^^^^^^^^^^^^^^^^^^^^^^^^\n  File \"/opt/hostedtoolcache/Python/3.12.12/x64/lib/python3.12/site-packages/pywasm/core.py\", line 1724, in invocate\n    self.evaluate()\n  File \"/opt/hostedtoolcache/Python/3.12.12/x64/lib/python3.12/site-packages/pywasm/core.py\", line 1888, in evaluate\n    self.evaluate_call(addr)\n  File \"/opt/hostedtoolcache/Python/3.12.12/x64/lib/python3.12/site-packages/pywasm/core.py\", line 1788, in evaluate_call\n    rets = func.hostcode(self, [e.into_all() for e in args])\n           ^^^^^^^^^^^^^^^^^^^^^^^^^^^^^^^^^^^^^^^^^^^^^^^^^\n  File \"/opt/hostedtoolcache/Python/3.12.12/x64/lib/python3.12/site-packages/pywasm/wasi.py\", line 490, in args_get\n    mems.put(argv_buf, bytearray(e.encode()))\n                                 ^^^^^^^^\nAttributeError: 'list' object has no attribute 'encode'\n"]}, {"name": "path_link", "executed": true, "duration_s": 0.21065425872802734, "failures": ["Wait(exit_code=0) failed: expected 0, got 1\n\n==STDERR==\nTraceback (most recent call last):\n  File \"/home/runner/work/wasi-testsuite/wasi-testsuite/tools/run-pywasm\", line 28, in <module>\n    exit = wasi.main(runtime, instance)\n           ^^^^^^^^^^^^^^^^^^^^^^^^^^^^\n  File \"/opt/hostedtoolcache/Python/3.12.12/x64/lib/python3.12/site-packages/pywasm/wasi.py\", line 1032, in main\n    raise e\n  File \"/opt/hostedtoolcache/Python/3.12.12/x64/lib/python3.12/site-packages/pywasm/wasi.py\", line 1025, in main\n    runtime.invocate(module, '_start', [])\n  File \"/opt/hostedtoolcache/Python/3.12.12/x64/lib/python3.12/site-packages/pywasm/core.py\", line 4190, in invocate\n    func_rets = self.machine.invocate(func_addr, func_args)\n                ^^^^^^^^^^^^^^^^^^^^^^^^^^^^^^^^^^^^^^^^^^^\n  File \"/opt/hostedtoolcache/Python/3.12.12/x64/lib/python3.12/site-packages/pywasm/core.py\", line 1724, in invocate\n    self.evaluate()\n  File \"/opt/hostedtoolcache/Python/3.12.12/x64/lib/python3.12/site-packages/pywasm/core.py\", line 1888, in evaluate\n    self.evaluate_call(addr)\n  File \"/opt/hostedtoolcache/Python/3.12.12/x64/lib/python3.12/site-packages/pywasm/core.py\", line 1788, in evaluate_call\n    rets = func.hostcode(self, [e.into_all() for e in args])\n           ^^^^^^^^^^^^^^^^^^^^^^^^^^^^^^^^^^^^^^^^^^^^^^^^^\n  File \"/opt/hostedtoolcache/Python/3.12.12/x64/lib/python3.12/site-packages/pywasm/wasi.py\", line 490, in args_get\n    mems.put(argv_buf, bytearray(e.encode()))\n                                 ^^^^^^^^\nAttributeError: 'list' object has no attribute 'encode'\n"]}, {"name": "path_open_nonblock", "executed": true, "duration_s": 0.1625378131866455, "failures": ["Wait(exit_code=0) failed: expected 0, got 1\n\n==STDERR==\nTraceback (most recent call last):\n  File \"/home/runner/work/wasi-testsuite/wasi-testsuite/tools/run-pywasm\", line 28, in <module>\n    exit = wasi.main(runtime, instance)\n           ^^^^^^^^^^^^^^^^^^^^^^^^^^^^\n  File \"/opt/hostedtoolcache/Python/3.12.12/x64/lib/python3.12/site-packages/pywasm/wasi.py\", line 1032, in main\n    raise e\n  File \"/opt/hostedtoolcache/Python/3.12.12/x64/lib/python3.12/site-packages/pywasm/wasi.py\", line 1025, in main\n    runtime.invocate(module, '_start', [])\n  File \"/opt/hostedtoolcache/Python/3.12.12/x64/lib/python3.12/site-packages/pywasm/core.py\", line 4190, in invocate\n    func_rets = self.machine.invocate(func_addr, func_args)\n                ^^^^^^^^^^^^^^^^^^^^^^^^^^^^^^^^^^^^^^^^^^^\n  File \"/opt/hostedtoolcache/Python/3.12.12/x64/lib/python3.12/site-packages/pywasm/core.py\", line 1724, in invocate\n    self.evaluate()\n  File \"/opt/hostedtoolcache/Python/3.12.12/x64/lib/python3.12/site-packages/pywasm/core.py\", line 1888, in evaluate\n    self.evaluate_call(addr)\n  File \"/opt/hostedtoolcache/Python/3.12.12/x64/lib/python3.12/site-packages/pywasm/core.py\", line 1788, in evaluate_call\n    rets = func.hostcode(self, [e.into_all() for e in args])\n           ^^^^^^^^^^^^^^^^^^^^^^^^^^^^^^^^^^^^^^^^^^^^^^^^^\n  File \"/opt/hostedtoolcache/Python/3.12.12/x64/lib/python3.12/site-packages/pywasm/wasi.py\", line 490, in args_get\n    mems.put(argv_buf, bytearray(e.encode()))\n                                 ^^^^^^^^\nAttributeError: 'list' object has no attribute 'encode'\n"]}, {"name": "path_rename", "executed": true, "duration_s": 0.20849061012268066, "failures": ["Wait(exit_code=0) failed: expected 0, got 1\n\n==STDERR==\nTraceback (most recent call last):\n  File \"/home/runner/work/wasi-testsuite/wasi-testsuite/tools/run-pywasm\", line 28, in <module>\n    exit = wasi.main(runtime, instance)\n           ^^^^^^^^^^^^^^^^^^^^^^^^^^^^\n  File \"/opt/hostedtoolcache/Python/3.12.12/x64/lib/python3.12/site-packages/pywasm/wasi.py\", line 1032, in main\n    raise e\n  File \"/opt/hostedtoolcache/Python/3.12.12/x64/lib/python3.12/site-packages/pywasm/wasi.py\", line 1025, in main\n    runtime.invocate(module, '_start', [])\n  File \"/opt/hostedtoolcache/Python/3.12.12/x64/lib/python3.12/site-packages/pywasm/core.py\", line 4190, in invocate\n    func_rets = self.machine.invocate(func_addr, func_args)\n                ^^^^^^^^^^^^^^^^^^^^^^^^^^^^^^^^^^^^^^^^^^^\n  File \"/opt/hostedtoolcache/Python/3.12.12/x64/lib/python3.12/site-packages/pywasm/core.py\", line 1724, in invocate\n    self.evaluate()\n  File \"/opt/hostedtoolcache/Python/3.12.12/x64/lib/python3.12/site-packages/pywasm/core.py\", line 1888, in evaluate\n    self.evaluate_call(addr)\n  File \"/opt/hostedtoolcache/Python/3.12.12/x64/lib/python3.12/site-packages/pywasm/core.py\", line 1788, in evaluate_call\n    rets = func.hostcode(self, [e.into_all() for e in args])\n           ^^^^^^^^^^^^^^^^^^^^^^^^^^^^^^^^^^^^^^^^^^^^^^^^^\n  File \"/opt/hostedtoolcache/Python/3.12.12/x64/lib/python3.12/site-packages/pywasm/wasi.py\", line 490, in args_get\n    mems.put(argv_buf, bytearray(e.encode()))\n                                 ^^^^^^^^\nAttributeError: 'list' object has no attribute 'encode'\n"]}, {"name": "fd_advise", "executed": true, "duration_s": 0.1690971851348877, "failures": ["Wait(exit_code=0) failed: expected 0, got 1\n\n==STDERR==\nTraceback (most recent call last):\n  File \"/home/runner/work/wasi-testsuite/wasi-testsuite/tools/run-pywasm\", line 28, in <module>\n    exit = wasi.main(runtime, instance)\n           ^^^^^^^^^^^^^^^^^^^^^^^^^^^^\n  File \"/opt/hostedtoolcache/Python/3.12.12/x64/lib/python3.12/site-packages/pywasm/wasi.py\", line 1032, in main\n    raise e\n  File \"/opt/hostedtoolcache/Python/3.12.12/x64/lib/python3.12/site-packages/pywasm/wasi.py\", line 1025, in main\n    runtime.invocate(module, '_start', [])\n  File \"/opt/hostedtoolcache/Python/3.12.12/x64/lib/python3.12/site-packages/pywasm/core.py\", line 4190, in invocate\n    func_rets = self.machine.invocate(func_addr, func_args)\n                ^^^^^^^^^^^^^^^^^^^^^^^^^^^^^^^^^^^^^^^^^^^\n  File \"/opt/hostedtoolcache/Python/3.12.12/x64/lib/python3.12/site-packages/pywasm/core.py\", line 1724, in invocate\n    self.evaluate()\n  File \"/opt/hostedtoolcache/Python/3.12.12/x64/lib/python3.12/site-packages/pywasm/core.py\", line 1888, in evaluate\n    self.evaluate_call(addr)\n  File \"/opt/hostedtoolcache/Python/3.12.12/x64/lib/python3.12/site-packages/pywasm/core.py\", line 1788, in evaluate_call\n    rets = func.hostcode(self, [e.into_all() for e in args])\n           ^^^^^^^^^^^^^^^^^^^^^^^^^^^^^^^^^^^^^^^^^^^^^^^^^\n  File \"/opt/hostedtoolcache/Python/3.12.12/x64/lib/python3.12/site-packages/pywasm/wasi.py\", line 490, in args_get\n    mems.put(argv_buf, bytearray(e.encode()))\n                                 ^^^^^^^^\nAttributeError: 'list' object has no attribute 'encode'\n"]}, {"name": "fd_filestat_set", "executed": true, "duration_s": 0.16640472412109375, "failures": ["Wait(exit_code=0) failed: expected 0, got 1\n\n==STDERR==\nTraceback (most recent call last):\n  File \"/home/runner/work/wasi-testsuite/wasi-testsuite/tools/run-pywasm\", line 28, in <module>\n    exit = wasi.main(runtime, instance)\n           ^^^^^^^^^^^^^^^^^^^^^^^^^^^^\n  File \"/opt/hostedtoolcache/Python/3.12.12/x64/lib/python3.12/site-packages/pywasm/wasi.py\", line 1032, in main\n    raise e\n  File \"/opt/hostedtoolcache/Python/3.12.12/x64/lib/python3.12/site-packages/pywasm/wasi.py\", line 1025, in main\n    runtime.invocate(module, '_start', [])\n  File \"/opt/hostedtoolcache/Python/3.12.12/x64/lib/python3.12/site-packages/pywasm/core.py\", line 4190, in invocate\n    func_rets = self.machine.invocate(func_addr, func_args)\n                ^^^^^^^^^^^^^^^^^^^^^^^^^^^^^^^^^^^^^^^^^^^\n  File \"/opt/hostedtoolcache/Python/3.12.12/x64/lib/python3.12/site-packages/pywasm/core.py\", line 1724, in invocate\n    self.evaluate()\n  File \"/opt/hostedtoolcache/Python/3.12.12/x64/lib/python3.12/site-packages/pywasm/core.py\", line 1888, in evaluate\n    self.evaluate_call(addr)\n  File \"/opt/hostedtoolcache/Python/3.12.12/x64/lib/python3.12/site-packages/pywasm/core.py\", line 1788, in evaluate_call\n    rets = func.hostcode(self, [e.into_all() for e in args])\n           ^^^^^^^^^^^^^^^^^^^^^^^^^^^^^^^^^^^^^^^^^^^^^^^^^\n  File \"/opt/hostedtoolcache/Python/3.12.12/x64/lib/python3.12/site-packages/pywasm/wasi.py\", line 490, in args_get\n    mems.put(argv_buf, bytearray(e.encode()))\n                                 ^^^^^^^^\nAttributeError: 'list' object has no attribute 'encode'\n"]}, {"name": "fd_flags_set", "executed": true, "duration_s": 0.17005538940429688, "failures": ["Wait(exit_code=0) failed: expected 0, got 1\n\n==STDERR==\nTraceback (most recent call last):\n  File \"/home/runner/work/wasi-testsuite/wasi-testsuite/tools/run-pywasm\", line 28, in <module>\n    exit = wasi.main(runtime, instance)\n           ^^^^^^^^^^^^^^^^^^^^^^^^^^^^\n  File \"/opt/hostedtoolcache/Python/3.12.12/x64/lib/python3.12/site-packages/pywasm/wasi.py\", line 1032, in main\n    raise e\n  File \"/opt/hostedtoolcache/Python/3.12.12/x64/lib/python3.12/site-packages/pywasm/wasi.py\", line 1025, in main\n    runtime.invocate(module, '_start', [])\n  File \"/opt/hostedtoolcache/Python/3.12.12/x64/lib/python3.12/site-packages/pywasm/core.py\", line 4190, in invocate\n    func_rets = self.machine.invocate(func_addr, func_args)\n                ^^^^^^^^^^^^^^^^^^^^^^^^^^^^^^^^^^^^^^^^^^^\n  File \"/opt/hostedtoolcache/Python/3.12.12/x64/lib/python3.12/site-packages/pywasm/core.py\", line 1724, in invocate\n    self.evaluate()\n  File \"/opt/hostedtoolcache/Python/3.12.12/x64/lib/python3.12/site-packages/pywasm/core.py\", line 1888, in evaluate\n    self.evaluate_call(addr)\n  File \"/opt/hostedtoolcache/Python/3.12.12/x64/lib/python3.12/site-packages/pywasm/core.py\", line 1788, in evaluate_call\n    rets = func.hostcode(self, [e.into_all() for e in args])\n           ^^^^^^^^^^^^^^^^^^^^^^^^^^^^^^^^^^^^^^^^^^^^^^^^^\n  File \"/opt/hostedtoolcache/Python/3.12.12/x64/lib/python3.12/site-packages/pywasm/wasi.py\", line 490, in args_get\n    mems.put(argv_buf, bytearray(e.encode()))\n                                 ^^^^^^^^\nAttributeError: 'list' object has no attribute 'encode'\n"]}, {"name": "sched_yield", "executed": true, "duration_s": 0.13231849670410156, "failures": []}, {"name": "clock_time_get", "executed": true, "duration_s": 0.13047075271606445, "failures": []}, {"name": "nofollow_errors", "executed": true, "duration_s": 0.1742846965789795, "failures": ["Wait(exit_code=0) failed: expected 0, got 1\n\n==STDERR==\nTraceback (most recent call last):\n  File \"/home/runner/work/wasi-testsuite/wasi-testsuite/tools/run-pywasm\", line 28, in <module>\n    exit = wasi.main(runtime, instance)\n           ^^^^^^^^^^^^^^^^^^^^^^^^^^^^\n  File \"/opt/hostedtoolcache/Python/3.12.12/x64/lib/python3.12/site-packages/pywasm/wasi.py\", line 1032, in main\n    raise e\n  File \"/opt/hostedtoolcache/Python/3.12.12/x64/lib/python3.12/site-packages/pywasm/wasi.py\", line 1025, in main\n    runtime.invocate(module, '_start', [])\n  File \"/opt/hostedtoolcache/Python/3.12.12/x64/lib/python3.12/site-packages/pywasm/core.py\", line 4190, in invocate\n    func_rets = self.machine.invocate(func_addr, func_args)\n                ^^^^^^^^^^^^^^^^^^^^^^^^^^^^^^^^^^^^^^^^^^^\n  File \"/opt/hostedtoolcache/Python/3.12.12/x64/lib/python3.12/site-packages/pywasm/core.py\", line 1724, in invocate\n    self.evaluate()\n  File \"/opt/hostedtoolcache/Python/3.12.12/x64/lib/python3.12/site-packages/pywasm/core.py\", line 1888, in evaluate\n    self.evaluate_call(addr)\n  File \"/opt/hostedtoolcache/Python/3.12.12/x64/lib/python3.12/site-packages/pywasm/core.py\", line 1788, in evaluate_call\n    rets = func.hostcode(self, [e.into_all() for e in args])\n           ^^^^^^^^^^^^^^^^^^^^^^^^^^^^^^^^^^^^^^^^^^^^^^^^^\n  File \"/opt/hostedtoolcache/Python/3.12.12/x64/lib/python3.12/site-packages/pywasm/wasi.py\", line 490, in args_get\n    mems.put(argv_buf, bytearray(e.encode()))\n                                 ^^^^^^^^\nAttributeError: 'list' object has no attribute 'encode'\n"]}, {"name": "file_truncation", "executed": true, "duration_s": 0.16599726676940918, "failures": ["Wait(exit_code=0) failed: expected 0, got 1\n\n==STDERR==\nTraceback (most recent call last):\n  File \"/home/runner/work/wasi-testsuite/wasi-testsuite/tools/run-pywasm\", line 28, in <module>\n    exit = wasi.main(runtime, instance)\n           ^^^^^^^^^^^^^^^^^^^^^^^^^^^^\n  File \"/opt/hostedtoolcache/Python/3.12.12/x64/lib/python3.12/site-packages/pywasm/wasi.py\", line 1032, in main\n    raise e\n  File \"/opt/hostedtoolcache/Python/3.12.12/x64/lib/python3.12/site-packages/pywasm/wasi.py\", line 1025, in main\n    runtime.invocate(module, '_start', [])\n  File \"/opt/hostedtoolcache/Python/3.12.12/x64/lib/python3.12/site-packages/pywasm/core.py\", line 4190, in invocate\n    func_rets = self.machine.invocate(func_addr, func_args)\n                ^^^^^^^^^^^^^^^^^^^^^^^^^^^^^^^^^^^^^^^^^^^\n  File \"/opt/hostedtoolcache/Python/3.12.12/x64/lib/python3.12/site-packages/pywasm/core.py\", line 1724, in invocate\n    self.evaluate()\n  File \"/opt/hostedtoolcache/Python/3.12.12/x64/lib/python3.12/site-packages/pywasm/core.py\", line 1888, in evaluate\n    self.evaluate_call(addr)\n  File \"/opt/hostedtoolcache/Python/3.12.12/x64/lib/python3.12/site-packages/pywasm/core.py\", line 1788, in evaluate_call\n    rets = func.hostcode(self, [e.into_all() for e in args])\n           ^^^^^^^^^^^^^^^^^^^^^^^^^^^^^^^^^^^^^^^^^^^^^^^^^\n  File \"/opt/hostedtoolcache/Python/3.12.12/x64/lib/python3.12/site-packages/pywasm/wasi.py\", line 490, in args_get\n    mems.put(argv_buf, bytearray(e.encode()))\n                                 ^^^^^^^^\nAttributeError: 'list' object has no attribute 'encode'\n"]}, {"name": "big_random_buf", "executed": true, "duration_s": 0.2920346260070801, "failures": []}, {"name": "dangling_fd", "executed": true, "duration_s": 0.1797795295715332, "failures": ["Wait(exit_code=0) failed: expected 0, got 1\n\n==STDERR==\nTraceback (most recent call last):\n  File \"/home/runner/work/wasi-testsuite/wasi-testsuite/tools/run-pywasm\", line 28, in <module>\n    exit = wasi.main(runtime, instance)\n           ^^^^^^^^^^^^^^^^^^^^^^^^^^^^\n  File \"/opt/hostedtoolcache/Python/3.12.12/x64/lib/python3.12/site-packages/pywasm/wasi.py\", line 1032, in main\n    raise e\n  File \"/opt/hostedtoolcache/Python/3.12.12/x64/lib/python3.12/site-packages/pywasm/wasi.py\", line 1025, in main\n    runtime.invocate(module, '_start', [])\n  File \"/opt/hostedtoolcache/Python/3.12.12/x64/lib/python3.12/site-packages/pywasm/core.py\", line 4190, in invocate\n    func_rets = self.machine.invocate(func_addr, func_args)\n                ^^^^^^^^^^^^^^^^^^^^^^^^^^^^^^^^^^^^^^^^^^^\n  File \"/opt/hostedtoolcache/Python/3.12.12/x64/lib/python3.12/site-packages/pywasm/core.py\", line 1724, in invocate\n    self.evaluate()\n  File \"/opt/hostedtoolcache/Python/3.12.12/x64/lib/python3.12/site-packages/pywasm/core.py\", line 1888, in evaluate\n    self.evaluate_call(addr)\n  File \"/opt/hostedtoolcache/Python/3.12.12/x64/lib/python3.12/site-packages/pywasm/core.py\", line 1788, in evaluate_call\n    rets = func.hostcode(self, [e.into_all() for e in args])\n           ^^^^^^^^^^^^^^^^^^^^^^^^^^^^^^^^^^^^^^^^^^^^^^^^^\n  File \"/opt/hostedtoolcache/Python/3.12.12/x64/lib/python3.12/site-packages/pywasm/wasi.py\", line 490, in args_get\n    mems.put(argv_buf, bytearray(e.encode()))\n                                 ^^^^^^^^\nAttributeError: 'list' object has no attribute 'encode'\n"]}, {"name": "fstflags_validate", "executed": true, "duration_s": 0.16272974014282227, "failures": ["Wait(exit_code=0) failed: expected 0, got 1\n\n==STDERR==\nTraceback (most recent call last):\n  File \"/home/runner/work/wasi-testsuite/wasi-testsuite/tools/run-pywasm\", line 28, in <module>\n    exit = wasi.main(runtime, instance)\n           ^^^^^^^^^^^^^^^^^^^^^^^^^^^^\n  File \"/opt/hostedtoolcache/Python/3.12.12/x64/lib/python3.12/site-packages/pywasm/wasi.py\", line 1032, in main\n    raise e\n  File \"/opt/hostedtoolcache/Python/3.12.12/x64/lib/python3.12/site-packages/pywasm/wasi.py\", line 1025, in main\n    runtime.invocate(module, '_start', [])\n  File \"/opt/hostedtoolcache/Python/3.12.12/x64/lib/python3.12/site-packages/pywasm/core.py\", line 4190, in invocate\n    func_rets = self.machine.invocate(func_addr, func_args)\n                ^^^^^^^^^^^^^^^^^^^^^^^^^^^^^^^^^^^^^^^^^^^\n  File \"/opt/hostedtoolcache/Python/3.12.12/x64/lib/python3.12/site-packages/pywasm/core.py\", line 1724, in invocate\n    self.evaluate()\n  File \"/opt/hostedtoolcache/Python/3.12.12/x64/lib/python3.12/site-packages/pywasm/core.py\", line 1888, in evaluate\n    self.evaluate_call(addr)\n  File \"/opt/hostedtoolcache/Python/3.12.12/x64/lib/python3.12/site-packages/pywasm/core.py\", line 1788, in evaluate_call\n    rets = func.hostcode(self, [e.into_all() for e in args])\n           ^^^^^^^^^^^^^^^^^^^^^^^^^^^^^^^^^^^^^^^^^^^^^^^^^\n  File \"/opt/hostedtoolcache/Python/3.12.12/x64/lib/python3.12/site-packages/pywasm/wasi.py\", line 490, in args_get\n    mems.put(argv_buf, bytearray(e.encode()))\n                                 ^^^^^^^^\nAttributeError: 'list' object has no attribute 'encode'\n"]}, {"name": "dangling_symlink", "executed": true, "duration_s": 0.18349933624267578, "failures": ["Wait(exit_code=0) failed: expected 0, got 1\n\n==STDERR==\nTraceback (most recent call last):\n  File \"/home/runner/work/wasi-testsuite/wasi-testsuite/tools/run-pywasm\", line 28, in <module>\n    exit = wasi.main(runtime, instance)\n           ^^^^^^^^^^^^^^^^^^^^^^^^^^^^\n  File \"/opt/hostedtoolcache/Python/3.12.12/x64/lib/python3.12/site-packages/pywasm/wasi.py\", line 1032, in main\n    raise e\n  File \"/opt/hostedtoolcache/Python/3.12.12/x64/lib/python3.12/site-packages/pywasm/wasi.py\", line 1025, in main\n    runtime.invocate(module, '_start', [])\n  File \"/opt/hostedtoolcache/Python/3.12.12/x64/lib/python3.12/site-packages/pywasm/core.py\", line 4190, in invocate\n    func_rets = self.machine.invocate(func_addr, func_args)\n                ^^^^^^^^^^^^^^^^^^^^^^^^^^^^^^^^^^^^^^^^^^^\n  File \"/opt/hostedtoolcache/Python/3.12.12/x64/lib/python3.12/site-packages/pywasm/core.py\", line 1724, in invocate\n    self.evaluate()\n  File \"/opt/hostedtoolcache/Python/3.12.12/x64/lib/python3.12/site-packages/pywasm/core.py\", line 1888, in evaluate\n    self.evaluate_call(addr)\n  File \"/opt/hostedtoolcache/Python/3.12.12/x64/lib/python3.12/site-packages/pywasm/core.py\", line 1788, in evaluate_call\n    rets = func.hostcode(self, [e.into_all() for e in args])\n           ^^^^^^^^^^^^^^^^^^^^^^^^^^^^^^^^^^^^^^^^^^^^^^^^^\n  File \"/opt/hostedtoolcache/Python/3.12.12/x64/lib/python3.12/site-packages/pywasm/wasi.py\", line 490, in args_get\n    mems.put(argv_buf, bytearray(e.encode()))\n                                 ^^^^^^^^\nAttributeError: 'list' object has no attribute 'encode'\n"]}, {"name": "path_symlink_trailing_slashes", "executed": true, "duration_s": 0.20850539207458496, "failures": ["Wait(exit_code=0) failed: expected 0, got 1\n\n==STDERR==\nTraceback (most recent call last):\n  File \"/home/runner/work/wasi-testsuite/wasi-testsuite/tools/run-pywasm\", line 28, in <module>\n    exit = wasi.main(runtime, instance)\n           ^^^^^^^^^^^^^^^^^^^^^^^^^^^^\n  File \"/opt/hostedtoolcache/Python/3.12.12/x64/lib/python3.12/site-packages/pywasm/wasi.py\", line 1032, in main\n    raise e\n  File \"/opt/hostedtoolcache/Python/3.12.12/x64/lib/python3.12/site-packages/pywasm/wasi.py\", line 1025, in main\n    runtime.invocate(module, '_start', [])\n  File \"/opt/hostedtoolcache/Python/3.12.12/x64/lib/python3.12/site-packages/pywasm/core.py\", line 4190, in invocate\n    func_rets = self.machine.invocate(func_addr, func_args)\n                ^^^^^^^^^^^^^^^^^^^^^^^^^^^^^^^^^^^^^^^^^^^\n  File \"/opt/hostedtoolcache/Python/3.12.12/x64/lib/python3.12/site-packages/pywasm/core.py\", line 1724, in invocate\n    self.evaluate()\n  File \"/opt/hostedtoolcache/Python/3.12.12/x64/lib/python3.12/site-packages/pywasm/core.py\", line 1888, in evaluate\n    self.evaluate_call(addr)\n  File \"/opt/hostedtoolcache/Python/3.12.12/x64/lib/python3.12/site-packages/pywasm/core.py\", line 1788, in evaluate_call\n    rets = func.hostcode(self, [e.into_all() for e in args])\n           ^^^^^^^^^^^^^^^^^^^^^^^^^^^^^^^^^^^^^^^^^^^^^^^^^\n  File \"/opt/hostedtoolcache/Python/3.12.12/x64/lib/python3.12/site-packages/pywasm/wasi.py\", line 490, in args_get\n    mems.put(argv_buf, bytearray(e.encode()))\n                                 ^^^^^^^^\nAttributeError: 'list' object has no attribute 'encode'\n"]}, {"name": "path_exists", "executed": true, "duration_s": 0.16704154014587402, "failures": ["Wait(exit_code=0) failed: expected 0, got 1\n\n==STDERR==\nTraceback (most recent call last):\n  File \"/home/runner/work/wasi-testsuite/wasi-testsuite/tools/run-pywasm\", line 28, in <module>\n    exit = wasi.main(runtime, instance)\n           ^^^^^^^^^^^^^^^^^^^^^^^^^^^^\n  File \"/opt/hostedtoolcache/Python/3.12.12/x64/lib/python3.12/site-packages/pywasm/wasi.py\", line 1032, in main\n    raise e\n  File \"/opt/hostedtoolcache/Python/3.12.12/x64/lib/python3.12/site-packages/pywasm/wasi.py\", line 1025, in main\n    runtime.invocate(module, '_start', [])\n  File \"/opt/hostedtoolcache/Python/3.12.12/x64/lib/python3.12/site-packages/pywasm/core.py\", line 4190, in invocate\n    func_rets = self.machine.invocate(func_addr, func_args)\n                ^^^^^^^^^^^^^^^^^^^^^^^^^^^^^^^^^^^^^^^^^^^\n  File \"/opt/hostedtoolcache/Python/3.12.12/x64/lib/python3.12/site-packages/pywasm/core.py\", line 1724, in invocate\n    self.evaluate()\n  File \"/opt/hostedtoolcache/Python/3.12.12/x64/lib/python3.12/site-packages/pywasm/core.py\", line 1888, in evaluate\n    self.evaluate_call(addr)\n  File \"/opt/hostedtoolcache/Python/3.12.12/x64/lib/python3.12/site-packages/pywasm/core.py\", line 1788, in evaluate_call\n    rets = func.hostcode(self, [e.into_all() for e in args])\n           ^^^^^^^^^^^^^^^^^^^^^^^^^^^^^^^^^^^^^^^^^^^^^^^^^\n  File \"/opt/hostedtoolcache/Python/3.12.12/x64/lib/python3.12/site-packages/pywasm/wasi.py\", line 490, in args_get\n    mems.put(argv_buf, bytearray(e.encode()))\n                                 ^^^^^^^^\nAttributeError: 'list' object has no attribute 'encode'\n"]}, {"name": "file_allocate", "executed": true, "duration_s": 0.1675701141357422, "failures": ["Wait(exit_code=0) failed: expected 0, got 1\n\n==STDERR==\nTraceback (most recent call last):\n  File \"/home/runner/work/wasi-testsuite/wasi-testsuite/tools/run-pywasm\", line 28, in <module>\n    exit = wasi.main(runtime, instance)\n           ^^^^^^^^^^^^^^^^^^^^^^^^^^^^\n  File \"/opt/hostedtoolcache/Python/3.12.12/x64/lib/python3.12/site-packages/pywasm/wasi.py\", line 1032, in main\n    raise e\n  File \"/opt/hostedtoolcache/Python/3.12.12/x64/lib/python3.12/site-packages/pywasm/wasi.py\", line 1025, in main\n    runtime.invocate(module, '_start', [])\n  File \"/opt/hostedtoolcache/Python/3.12.12/x64/lib/python3.12/site-packages/pywasm/core.py\", line 4190, in invocate\n    func_rets = self.machine.invocate(func_addr, func_args)\n                ^^^^^^^^^^^^^^^^^^^^^^^^^^^^^^^^^^^^^^^^^^^\n  File \"/opt/hostedtoolcache/Python/3.12.12/x64/lib/python3.12/site-packages/pywasm/core.py\", line 1724, in invocate\n    self.evaluate()\n  File \"/opt/hostedtoolcache/Python/3.12.12/x64/lib/python3.12/site-packages/pywasm/core.py\", line 1888, in evaluate\n    self.evaluate_call(addr)\n  File \"/opt/hostedtoolcache/Python/3.12.12/x64/lib/python3.12/site-packages/pywasm/core.py\", line 1788, in evaluate_call\n    rets = func.hostcode(self, [e.into_all() for e in args])\n           ^^^^^^^^^^^^^^^^^^^^^^^^^^^^^^^^^^^^^^^^^^^^^^^^^\n  File \"/opt/hostedtoolcache/Python/3.12.12/x64/lib/python3.12/site-packages/pywasm/wasi.py\", line 490, in args_get\n    mems.put(argv_buf, bytearray(e.encode()))\n                                 ^^^^^^^^\nAttributeError: 'list' object has no attribute 'encode'\n"]}, {"name": "fd_readdir", "executed": true, "duration_s": 0.2360239028930664, "failures": ["Wait(exit_code=0) failed: expected 0, got 1\n\n==STDERR==\nTraceback (most recent call last):\n  File \"/home/runner/work/wasi-testsuite/wasi-testsuite/tools/run-pywasm\", line 28, in <module>\n    exit = wasi.main(runtime, instance)\n           ^^^^^^^^^^^^^^^^^^^^^^^^^^^^\n  File \"/opt/hostedtoolcache/Python/3.12.12/x64/lib/python3.12/site-packages/pywasm/wasi.py\", line 1032, in main\n    raise e\n  File \"/opt/hostedtoolcache/Python/3.12.12/x64/lib/python3.12/site-packages/pywasm/wasi.py\", line 1025, in main\n    runtime.invocate(module, '_start', [])\n  File \"/opt/hostedtoolcache/Python/3.12.12/x64/lib/python3.12/site-packages/pywasm/core.py\", line 4190, in invocate\n    func_rets = self.machine.invocate(func_addr, func_args)\n                ^^^^^^^^^^^^^^^^^^^^^^^^^^^^^^^^^^^^^^^^^^^\n  File \"/opt/hostedtoolcache/Python/3.12.12/x64/lib/python3.12/site-packages/pywasm/core.py\", line 1724, in invocate\n    self.evaluate()\n  File \"/opt/hostedtoolcache/Python/3.12.12/x64/lib/python3.12/site-packages/pywasm/core.py\", line 1888, in evaluate\n    self.evaluate_call(addr)\n  File \"/opt/hostedtoolcache/Python/3.12.12/x64/lib/python3.12/site-packages/pywasm/core.py\", line 1788, in evaluate_call\n    rets = func.hostcode(self, [e.into_all() for e in args])\n           ^^^^^^^^^^^^^^^^^^^^^^^^^^^^^^^^^^^^^^^^^^^^^^^^^\n  File \"/opt/hostedtoolcache/Python/3.12.12/x64/lib/python3.12/site-packages/pywasm/wasi.py\", line 490, in args_get\n    mems.put(argv_buf, bytearray(e.encode()))\n                                 ^^^^^^^^\nAttributeError: 'list' object has no attribute 'encode'\n"]}, {"name": "symlink_create", "executed": true, "duration_s": 0.16806530952453613, "failures": ["Wait(exit_code=0) failed: expected 0, got 1\n\n==STDERR==\nTraceback (most recent call last):\n  File \"/home/runner/work/wasi-testsuite/wasi-testsuite/tools/run-pywasm\", line 28, in <module>\n    exit = wasi.main(runtime, instance)\n           ^^^^^^^^^^^^^^^^^^^^^^^^^^^^\n  File \"/opt/hostedtoolcache/Python/3.12.12/x64/lib/python3.12/site-packages/pywasm/wasi.py\", line 1032, in main\n    raise e\n  File \"/opt/hostedtoolcache/Python/3.12.12/x64/lib/python3.12/site-packages/pywasm/wasi.py\", line 1025, in main\n    runtime.invocate(module, '_start', [])\n  File \"/opt/hostedtoolcache/Python/3.12.12/x64/lib/python3.12/site-packages/pywasm/core.py\", line 4190, in invocate\n    func_rets = self.machine.invocate(func_addr, func_args)\n                ^^^^^^^^^^^^^^^^^^^^^^^^^^^^^^^^^^^^^^^^^^^\n  File \"/opt/hostedtoolcache/Python/3.12.12/x64/lib/python3.12/site-packages/pywasm/core.py\", line 1724, in invocate\n    self.evaluate()\n  File \"/opt/hostedtoolcache/Python/3.12.12/x64/lib/python3.12/site-packages/pywasm/core.py\", line 1888, in evaluate\n    self.evaluate_call(addr)\n  File \"/opt/hostedtoolcache/Python/3.12.12/x64/lib/python3.12/site-packages/pywasm/core.py\", line 1788, in evaluate_call\n    rets = func.hostcode(self, [e.into_all() for e in args])\n           ^^^^^^^^^^^^^^^^^^^^^^^^^^^^^^^^^^^^^^^^^^^^^^^^^\n  File \"/opt/hostedtoolcache/Python/3.12.12/x64/lib/python3.12/site-packages/pywasm/wasi.py\", line 490, in args_get\n    mems.put(argv_buf, bytearray(e.encode()))\n                                 ^^^^^^^^\nAttributeError: 'list' object has no attribute 'encode'\n"]}, {"name": "unlink_file_trailing_slashes", "executed": true, "duration_s": 0.20511126518249512, "failures": ["Wait(exit_code=0) failed: expected 0, got 1\n\n==STDERR==\nTraceback (most recent call last):\n  File \"/home/runner/work/wasi-testsuite/wasi-testsuite/tools/run-pywasm\", line 28, in <module>\n    exit = wasi.main(runtime, instance)\n           ^^^^^^^^^^^^^^^^^^^^^^^^^^^^\n  File \"/opt/hostedtoolcache/Python/3.12.12/x64/lib/python3.12/site-packages/pywasm/wasi.py\", line 1032, in main\n    raise e\n  File \"/opt/hostedtoolcache/Python/3.12.12/x64/lib/python3.12/site-packages/pywasm/wasi.py\", line 1025, in main\n    runtime.invocate(module, '_start', [])\n  File \"/opt/hostedtoolcache/Python/3.12.12/x64/lib/python3.12/site-packages/pywasm/core.py\", line 4190, in invocate\n    func_rets = self.machine.invocate(func_addr, func_args)\n                ^^^^^^^^^^^^^^^^^^^^^^^^^^^^^^^^^^^^^^^^^^^\n  File \"/opt/hostedtoolcache/Python/3.12.12/x64/lib/python3.12/site-packages/pywasm/core.py\", line 1724, in invocate\n    self.evaluate()\n  File \"/opt/hostedtoolcache/Python/3.12.12/x64/lib/python3.12/site-packages/pywasm/core.py\", line 1888, in evaluate\n    self.evaluate_call(addr)\n  File \"/opt/hostedtoolcache/Python/3.12.12/x64/lib/python3.12/site-packages/pywasm/core.py\", line 1788, in evaluate_call\n    rets = func.hostcode(self, [e.into_all() for e in args])\n           ^^^^^^^^^^^^^^^^^^^^^^^^^^^^^^^^^^^^^^^^^^^^^^^^^\n  File \"/opt/hostedtoolcache/Python/3.12.12/x64/lib/python3.12/site-packages/pywasm/wasi.py\", line 490, in args_get\n    mems.put(argv_buf, bytearray(e.encode()))\n                                 ^^^^^^^^\nAttributeError: 'list' object has no attribute 'encode'\n"]}, {"name": "close_preopen", "executed": true, "duration_s": 0.16953301429748535, "failures": ["Wait(exit_code=0) failed: expected 0, got 1\n\n==STDERR==\nTraceback (most recent call last):\n  File \"/home/runner/work/wasi-testsuite/wasi-testsuite/tools/run-pywasm\", line 28, in <module>\n    exit = wasi.main(runtime, instance)\n           ^^^^^^^^^^^^^^^^^^^^^^^^^^^^\n  File \"/opt/hostedtoolcache/Python/3.12.12/x64/lib/python3.12/site-packages/pywasm/wasi.py\", line 1032, in main\n    raise e\n  File \"/opt/hostedtoolcache/Python/3.12.12/x64/lib/python3.12/site-packages/pywasm/wasi.py\", line 1025, in main\n    runtime.invocate(module, '_start', [])\n  File \"/opt/hostedtoolcache/Python/3.12.12/x64/lib/python3.12/site-packages/pywasm/core.py\", line 4190, in invocate\n    func_rets = self.machine.invocate(func_addr, func_args)\n                ^^^^^^^^^^^^^^^^^^^^^^^^^^^^^^^^^^^^^^^^^^^\n  File \"/opt/hostedtoolcache/Python/3.12.12/x64/lib/python3.12/site-packages/pywasm/core.py\", line 1724, in invocate\n    self.evaluate()\n  File \"/opt/hostedtoolcache/Python/3.12.12/x64/lib/python3.12/site-packages/pywasm/core.py\", line 1888, in evaluate\n    self.evaluate_call(addr)\n  File \"/opt/hostedtoolcache/Python/3.12.12/x64/lib/python3.12/site-packages/pywasm/core.py\", line 1788, in evaluate_call\n    rets = func.hostcode(self, [e.into_all() for e in args])\n           ^^^^^^^^^^^^^^^^^^^^^^^^^^^^^^^^^^^^^^^^^^^^^^^^^\n  File \"/opt/hostedtoolcache/Python/3.12.12/x64/lib/python3.12/site-packages/pywasm/wasi.py\", line 490, in args_get\n    mems.put(argv_buf, bytearray(e.encode()))\n                                 ^^^^^^^^\nAttributeError: 'list' object has no attribute 'encode'\n"]}, {"name": "path_filestat", "executed": true, "duration_s": 0.17327022552490234, "failures": ["Wait(exit_code=0) failed: expected 0, got 1\n\n==STDERR==\nTraceback (most recent call last):\n  File \"/home/runner/work/wasi-testsuite/wasi-testsuite/tools/run-pywasm\", line 28, in <module>\n    exit = wasi.main(runtime, instance)\n           ^^^^^^^^^^^^^^^^^^^^^^^^^^^^\n  File \"/opt/hostedtoolcache/Python/3.12.12/x64/lib/python3.12/site-packages/pywasm/wasi.py\", line 1032, in main\n    raise e\n  File \"/opt/hostedtoolcache/Python/3.12.12/x64/lib/python3.12/site-packages/pywasm/wasi.py\", line 1025, in main\n    runtime.invocate(module, '_start', [])\n  File \"/opt/hostedtoolcache/Python/3.12.12/x64/lib/python3.12/site-packages/pywasm/core.py\", line 4190, in invocate\n    func_rets = self.machine.invocate(func_addr, func_args)\n                ^^^^^^^^^^^^^^^^^^^^^^^^^^^^^^^^^^^^^^^^^^^\n  File \"/opt/hostedtoolcache/Python/3.12.12/x64/lib/python3.12/site-packages/pywasm/core.py\", line 1724, in invocate\n    self.evaluate()\n  File \"/opt/hostedtoolcache/Python/3.12.12/x64/lib/python3.12/site-packages/pywasm/core.py\", line 1888, in evaluate\n    self.evaluate_call(addr)\n  File \"/opt/hostedtoolcache/Python/3.12.12/x64/lib/python3.12/site-packages/pywasm/core.py\", line 1788, in evaluate_call\n    rets = func.hostcode(self, [e.into_all() for e in args])\n           ^^^^^^^^^^^^^^^^^^^^^^^^^^^^^^^^^^^^^^^^^^^^^^^^^\n  File \"/opt/hostedtoolcache/Python/3.12.12/x64/lib/python3.12/site-packages/pywasm/wasi.py\", line 490, in args_get\n    mems.put(argv_buf, bytearray(e.encode()))\n                                 ^^^^^^^^\nAttributeError: 'list' object has no attribute 'encode'\n"]}, {"name": "stdio", "executed": true, "duration_s": 0.16540288925170898, "failures": ["Wait(exit_code=0) failed: expected 0, got 1\n\n==STDERR==\nTraceback (most recent call last):\n  File \"/home/runner/work/wasi-testsuite/wasi-testsuite/tools/run-pywasm\", line 28, in <module>\n    exit = wasi.main(runtime, instance)\n           ^^^^^^^^^^^^^^^^^^^^^^^^^^^^\n  File \"/opt/hostedtoolcache/Python/3.12.12/x64/lib/python3.12/site-packages/pywasm/wasi.py\", line 1032, in main\n    raise e\n  File \"/opt/hostedtoolcache/Python/3.12.12/x64/lib/python3.12/site-packages/pywasm/wasi.py\", line 1025, in main\n    runtime.invocate(module, '_start', [])\n  File \"/opt/hostedtoolcache/Python/3.12.12/x64/lib/python3.12/site-packages/pywasm/core.py\", line 4190, in invocate\n    func_rets = self.machine.invocate(func_addr, func_args)\n                ^^^^^^^^^^^^^^^^^^^^^^^^^^^^^^^^^^^^^^^^^^^\n  File \"/opt/hostedtoolcache/Python/3.12.12/x64/lib/python3.12/site-packages/pywasm/core.py\", line 1724, in invocate\n    self.evaluate()\n  File \"/opt/hostedtoolcache/Python/3.12.12/x64/lib/python3.12/site-packages/pywasm/core.py\", line 1888, in evaluate\n    self.evaluate_call(addr)\n  File \"/opt/hostedtoolcache/Python/3.12.12/x64/lib/python3.12/site-packages/pywasm/core.py\", line 1788, in evaluate_call\n    rets = func.hostcode(self, [e.into_all() for e in args])\n           ^^^^^^^^^^^^^^^^^^^^^^^^^^^^^^^^^^^^^^^^^^^^^^^^^\n  File \"/opt/hostedtoolcache/Python/3.12.12/x64/lib/python3.12/site-packages/pywasm/wasi.py\", line 490, in args_get\n    mems.put(argv_buf, bytearray(e.encode()))\n                                 ^^^^^^^^\nAttributeError: 'list' object has no attribute 'encode'\n"]}, {"name": "truncation_rights", "executed": true, "duration_s": 0.17000198364257812, "failures": ["Wait(exit_code=0) failed: expected 0, got 1\n\n==STDERR==\nTraceback (most recent call last):\n  File \"/home/runner/work/wasi-testsuite/wasi-testsuite/tools/run-pywasm\", line 28, in <module>\n    exit = wasi.main(runtime, instance)\n           ^^^^^^^^^^^^^^^^^^^^^^^^^^^^\n  File \"/opt/hostedtoolcache/Python/3.12.12/x64/lib/python3.12/site-packages/pywasm/wasi.py\", line 1032, in main\n    raise e\n  File \"/opt/hostedtoolcache/Python/3.12.12/x64/lib/python3.12/site-packages/pywasm/wasi.py\", line 1025, in main\n    runtime.invocate(module, '_start', [])\n  File \"/opt/hostedtoolcache/Python/3.12.12/x64/lib/python3.12/site-packages/pywasm/core.py\", line 4190, in invocate\n    func_rets = self.machine.invocate(func_addr, func_args)\n                ^^^^^^^^^^^^^^^^^^^^^^^^^^^^^^^^^^^^^^^^^^^\n  File \"/opt/hostedtoolcache/Python/3.12.12/x64/lib/python3.12/site-packages/pywasm/core.py\", line 1724, in invocate\n    self.evaluate()\n  File \"/opt/hostedtoolcache/Python/3.12.12/x64/lib/python3.12/site-packages/pywasm/core.py\", line 1888, in evaluate\n    self.evaluate_call(addr)\n  File \"/opt/hostedtoolcache/Python/3.12.12/x64/lib/python3.12/site-packages/pywasm/core.py\", line 1788, in evaluate_call\n    rets = func.hostcode(self, [e.into_all() for e in args])\n           ^^^^^^^^^^^^^^^^^^^^^^^^^^^^^^^^^^^^^^^^^^^^^^^^^\n  File \"/opt/hostedtoolcache/Python/3.12.12/x64/lib/python3.12/site-packages/pywasm/wasi.py\", line 490, in args_get\n    mems.put(argv_buf, bytearray(e.encode()))\n                                 ^^^^^^^^\nAttributeError: 'list' object has no attribute 'encode'\n"]}, {"name": "renumber", "executed": true, "duration_s": 0.17347288131713867, "failures": ["Wait(exit_code=0) failed: expected 0, got 1\n\n==STDERR==\nTraceback (most recent call last):\n  File \"/home/runner/work/wasi-testsuite/wasi-testsuite/tools/run-pywasm\", line 28, in <module>\n    exit = wasi.main(runtime, instance)\n           ^^^^^^^^^^^^^^^^^^^^^^^^^^^^\n  File \"/opt/hostedtoolcache/Python/3.12.12/x64/lib/python3.12/site-packages/pywasm/wasi.py\", line 1032, in main\n    raise e\n  File \"/opt/hostedtoolcache/Python/3.12.12/x64/lib/python3.12/site-packages/pywasm/wasi.py\", line 1025, in main\n    runtime.invocate(module, '_start', [])\n  File \"/opt/hostedtoolcache/Python/3.12.12/x64/lib/python3.12/site-packages/pywasm/core.py\", line 4190, in invocate\n    func_rets = self.machine.invocate(func_addr, func_args)\n                ^^^^^^^^^^^^^^^^^^^^^^^^^^^^^^^^^^^^^^^^^^^\n  File \"/opt/hostedtoolcache/Python/3.12.12/x64/lib/python3.12/site-packages/pywasm/core.py\", line 1724, in invocate\n    self.evaluate()\n  File \"/opt/hostedtoolcache/Python/3.12.12/x64/lib/python3.12/site-packages/pywasm/core.py\", line 1888, in evaluate\n    self.evaluate_call(addr)\n  File \"/opt/hostedtoolcache/Python/3.12.12/x64/lib/python3.12/site-packages/pywasm/core.py\", line 1788, in evaluate_call\n    rets = func.hostcode(self, [e.into_all() for e in args])\n           ^^^^^^^^^^^^^^^^^^^^^^^^^^^^^^^^^^^^^^^^^^^^^^^^^\n  File \"/opt/hostedtoolcache/Python/3.12.12/x64/lib/python3.12/site-packages/pywasm/wasi.py\", line 490, in args_get\n    mems.put(argv_buf, bytearray(e.encode()))\n                                 ^^^^^^^^\nAttributeError: 'list' object has no attribute 'encode'\n"]}, {"name": "file_pread_pwrite", "executed": true, "duration_s": 0.17719697952270508, "failures": ["Wait(exit_code=0) failed: expected 0, got 1\n\n==STDERR==\nTraceback (most recent call last):\n  File \"/home/runner/work/wasi-testsuite/wasi-testsuite/tools/run-pywasm\", line 28, in <module>\n    exit = wasi.main(runtime, instance)\n           ^^^^^^^^^^^^^^^^^^^^^^^^^^^^\n  File \"/opt/hostedtoolcache/Python/3.12.12/x64/lib/python3.12/site-packages/pywasm/wasi.py\", line 1032, in main\n    raise e\n  File \"/opt/hostedtoolcache/Python/3.12.12/x64/lib/python3.12/site-packages/pywasm/wasi.py\", line 1025, in main\n    runtime.invocate(module, '_start', [])\n  File \"/opt/hostedtoolcache/Python/3.12.12/x64/lib/python3.12/site-packages/pywasm/core.py\", line 4190, in invocate\n    func_rets = self.machine.invocate(func_addr, func_args)\n                ^^^^^^^^^^^^^^^^^^^^^^^^^^^^^^^^^^^^^^^^^^^\n  File \"/opt/hostedtoolcache/Python/3.12.12/x64/lib/python3.12/site-packages/pywasm/core.py\", line 1724, in invocate\n    self.evaluate()\n  File \"/opt/hostedtoolcache/Python/3.12.12/x64/lib/python3.12/site-packages/pywasm/core.py\", line 1888, in evaluate\n    self.evaluate_call(addr)\n  File \"/opt/hostedtoolcache/Python/3.12.12/x64/lib/python3.12/site-packages/pywasm/core.py\", line 1788, in evaluate_call\n    rets = func.hostcode(self, [e.into_all() for e in args])\n           ^^^^^^^^^^^^^^^^^^^^^^^^^^^^^^^^^^^^^^^^^^^^^^^^^\n  File \"/opt/hostedtoolcache/Python/3.12.12/x64/lib/python3.12/site-packages/pywasm/wasi.py\", line 490, in args_get\n    mems.put(argv_buf, bytearray(e.encode()))\n                                 ^^^^^^^^\nAttributeError: 'list' object has no attribute 'encode'\n"]}, {"name": "remove_directory_trailing_slashes", "executed": true, "duration_s": 0.19307923316955566, "failures": ["Wait(exit_code=0) failed: expected 0, got 1\n\n==STDERR==\nTraceback (most recent call last):\n  File \"/home/runner/work/wasi-testsuite/wasi-testsuite/tools/run-pywasm\", line 28, in <module>\n    exit = wasi.main(runtime, instance)\n           ^^^^^^^^^^^^^^^^^^^^^^^^^^^^\n  File \"/opt/hostedtoolcache/Python/3.12.12/x64/lib/python3.12/site-packages/pywasm/wasi.py\", line 1032, in main\n    raise e\n  File \"/opt/hostedtoolcache/Python/3.12.12/x64/lib/python3.12/site-packages/pywasm/wasi.py\", line 1025, in main\n    runtime.invocate(module, '_start', [])\n  File \"/opt/hostedtoolcache/Python/3.12.12/x64/lib/python3.12/site-packages/pywasm/core.py\", line 4190, in invocate\n    func_rets = self.machine.invocate(func_addr, func_args)\n                ^^^^^^^^^^^^^^^^^^^^^^^^^^^^^^^^^^^^^^^^^^^\n  File \"/opt/hostedtoolcache/Python/3.12.12/x64/lib/python3.12/site-packages/pywasm/core.py\", line 1724, in invocate\n    self.evaluate()\n  File \"/opt/hostedtoolcache/Python/3.12.12/x64/lib/python3.12/site-packages/pywasm/core.py\", line 1888, in evaluate\n    self.evaluate_call(addr)\n  File \"/opt/hostedtoolcache/Python/3.12.12/x64/lib/python3.12/site-packages/pywasm/core.py\", line 1788, in evaluate_call\n    rets = func.hostcode(self, [e.into_all() for e in args])\n           ^^^^^^^^^^^^^^^^^^^^^^^^^^^^^^^^^^^^^^^^^^^^^^^^^\n  File \"/opt/hostedtoolcache/Python/3.12.12/x64/lib/python3.12/site-packages/pywasm/wasi.py\", line 490, in args_get\n    mems.put(argv_buf, bytearray(e.encode()))\n                                 ^^^^^^^^\nAttributeError: 'list' object has no attribute 'encode'\n"]}, {"name": "remove_nonempty_directory", "executed": true, "duration_s": 0.1673586368560791, "failures": ["Wait(exit_code=0) failed: expected 0, got 1\n\n==STDERR==\nTraceback (most recent call last):\n  File \"/home/runner/work/wasi-testsuite/wasi-testsuite/tools/run-pywasm\", line 28, in <module>\n    exit = wasi.main(runtime, instance)\n           ^^^^^^^^^^^^^^^^^^^^^^^^^^^^\n  File \"/opt/hostedtoolcache/Python/3.12.12/x64/lib/python3.12/site-packages/pywasm/wasi.py\", line 1032, in main\n    raise e\n  File \"/opt/hostedtoolcache/Python/3.12.12/x64/lib/python3.12/site-packages/pywasm/wasi.py\", line 1025, in main\n    runtime.invocate(module, '_start', [])\n  File \"/opt/hostedtoolcache/Python/3.12.12/x64/lib/python3.12/site-packages/pywasm/core.py\", line 4190, in invocate\n    func_rets = self.machine.invocate(func_addr, func_args)\n                ^^^^^^^^^^^^^^^^^^^^^^^^^^^^^^^^^^^^^^^^^^^\n  File \"/opt/hostedtoolcache/Python/3.12.12/x64/lib/python3.12/site-packages/pywasm/core.py\", line 1724, in invocate\n    self.evaluate()\n  File \"/opt/hostedtoolcache/Python/3.12.12/x64/lib/python3.12/site-packages/pywasm/core.py\", line 1888, in evaluate\n    self.evaluate_call(addr)\n  File \"/opt/hostedtoolcache/Python/3.12.12/x64/lib/python3.12/site-packages/pywasm/core.py\", line 1788, in evaluate_call\n    rets = func.hostcode(self, [e.into_all() for e in args])\n           ^^^^^^^^^^^^^^^^^^^^^^^^^^^^^^^^^^^^^^^^^^^^^^^^^\n  File \"/opt/hostedtoolcache/Python/3.12.12/x64/lib/python3.12/site-packages/pywasm/wasi.py\", line 490, in args_get\n    mems.put(argv_buf, bytearray(e.encode()))\n                                 ^^^^^^^^\nAttributeError: 'list' object has no attribute 'encode'\n"]}, {"name": "dir_fd_op_failures", "executed": true, "duration_s": 0.20839762687683105, "failures": ["Wait(exit_code=0) failed: expected 0, got 1\n\n==STDERR==\nTraceback (most recent call last):\n  File \"/home/runner/work/wasi-testsuite/wasi-testsuite/tools/run-pywasm\", line 28, in <module>\n    exit = wasi.main(runtime, instance)\n           ^^^^^^^^^^^^^^^^^^^^^^^^^^^^\n  File \"/opt/hostedtoolcache/Python/3.12.12/x64/lib/python3.12/site-packages/pywasm/wasi.py\", line 1032, in main\n    raise e\n  File \"/opt/hostedtoolcache/Python/3.12.12/x64/lib/python3.12/site-packages/pywasm/wasi.py\", line 1025, in main\n    runtime.invocate(module, '_start', [])\n  File \"/opt/hostedtoolcache/Python/3.12.12/x64/lib/python3.12/site-packages/pywasm/core.py\", line 4190, in invocate\n    func_rets = self.machine.invocate(func_addr, func_args)\n                ^^^^^^^^^^^^^^^^^^^^^^^^^^^^^^^^^^^^^^^^^^^\n  File \"/opt/hostedtoolcache/Python/3.12.12/x64/lib/python3.12/site-packages/pywasm/core.py\", line 1724, in invocate\n    self.evaluate()\n  File \"/opt/hostedtoolcache/Python/3.12.12/x64/lib/python3.12/site-packages/pywasm/core.py\", line 1888, in evaluate\n    self.evaluate_call(addr)\n  File \"/opt/hostedtoolcache/Python/3.12.12/x64/lib/python3.12/site-packages/pywasm/core.py\", line 1788, in evaluate_call\n    rets = func.hostcode(self, [e.into_all() for e in args])\n           ^^^^^^^^^^^^^^^^^^^^^^^^^^^^^^^^^^^^^^^^^^^^^^^^^\n  File \"/opt/hostedtoolcache/Python/3.12.12/x64/lib/python3.12/site-packages/pywasm/wasi.py\", line 490, in args_get\n    mems.put(argv_buf, bytearray(e.encode()))\n                                 ^^^^^^^^\nAttributeError: 'list' object has no attribute 'encode'\n"]}, {"name": "isatty", "executed": true, "duration_s": 0.164872407913208, "failures": ["Wait(exit_code=0) failed: expected 0, got 1\n\n==STDERR==\nTraceback (most recent call last):\n  File \"/home/runner/work/wasi-testsuite/wasi-testsuite/tools/run-pywasm\", line 28, in <module>\n    exit = wasi.main(runtime, instance)\n           ^^^^^^^^^^^^^^^^^^^^^^^^^^^^\n  File \"/opt/hostedtoolcache/Python/3.12.12/x64/lib/python3.12/site-packages/pywasm/wasi.py\", line 1032, in main\n    raise e\n  File \"/opt/hostedtoolcache/Python/3.12.12/x64/lib/python3.12/site-packages/pywasm/wasi.py\", line 1025, in main\n    runtime.invocate(module, '_start', [])\n  File \"/opt/hostedtoolcache/Python/3.12.12/x64/lib/python3.12/site-packages/pywasm/core.py\", line 4190, in invocate\n    func_rets = self.machine.invocate(func_addr, func_args)\n                ^^^^^^^^^^^^^^^^^^^^^^^^^^^^^^^^^^^^^^^^^^^\n  File \"/opt/hostedtoolcache/Python/3.12.12/x64/lib/python3.12/site-packages/pywasm/core.py\", line 1724, in invocate\n    self.evaluate()\n  File \"/opt/hostedtoolcache/Python/3.12.12/x64/lib/python3.12/site-packages/pywasm/core.py\", line 1888, in evaluate\n    self.evaluate_call(addr)\n  File \"/opt/hostedtoolcache/Python/3.12.12/x64/lib/python3.12/site-packages/pywasm/core.py\", line 1788, in evaluate_call\n    rets = func.hostcode(self, [e.into_all() for e in args])\n           ^^^^^^^^^^^^^^^^^^^^^^^^^^^^^^^^^^^^^^^^^^^^^^^^^\n  File \"/opt/hostedtoolcache/Python/3.12.12/x64/lib/python3.12/site-packages/pywasm/wasi.py\", line 490, in args_get\n    mems.put(argv_buf, bytearray(e.encode()))\n                                 ^^^^^^^^\nAttributeError: 'list' object has no attribute 'encode'\n"]}, {"name": "symlink_loop", "executed": true, "duration_s": 0.18038368225097656, "failures": ["Wait(exit_code=0) failed: expected 0, got 1\n\n==STDERR==\nTraceback (most recent call last):\n  File \"/home/runner/work/wasi-testsuite/wasi-testsuite/tools/run-pywasm\", line 28, in <module>\n    exit = wasi.main(runtime, instance)\n           ^^^^^^^^^^^^^^^^^^^^^^^^^^^^\n  File \"/opt/hostedtoolcache/Python/3.12.12/x64/lib/python3.12/site-packages/pywasm/wasi.py\", line 1032, in main\n    raise e\n  File \"/opt/hostedtoolcache/Python/3.12.12/x64/lib/python3.12/site-packages/pywasm/wasi.py\", line 1025, in main\n    runtime.invocate(module, '_start', [])\n  File \"/opt/hostedtoolcache/Python/3.12.12/x64/lib/python3.12/site-packages/pywasm/core.py\", line 4190, in invocate\n    func_rets = self.machine.invocate(func_addr, func_args)\n                ^^^^^^^^^^^^^^^^^^^^^^^^^^^^^^^^^^^^^^^^^^^\n  File \"/opt/hostedtoolcache/Python/3.12.12/x64/lib/python3.12/site-packages/pywasm/core.py\", line 1724, in invocate\n    self.evaluate()\n  File \"/opt/hostedtoolcache/Python/3.12.12/x64/lib/python3.12/site-packages/pywasm/core.py\", line 1888, in evaluate\n    self.evaluate_call(addr)\n  File \"/opt/hostedtoolcache/Python/3.12.12/x64/lib/python3.12/site-packages/pywasm/core.py\", line 1788, in evaluate_call\n    rets = func.hostcode(self, [e.into_all() for e in args])\n           ^^^^^^^^^^^^^^^^^^^^^^^^^^^^^^^^^^^^^^^^^^^^^^^^^\n  File \"/opt/hostedtoolcache/Python/3.12.12/x64/lib/python3.12/site-packages/pywasm/wasi.py\", line 490, in args_get\n    mems.put(argv_buf, bytearray(e.encode()))\n                                 ^^^^^^^^\nAttributeError: 'list' object has no attribute 'encode'\n"]}]}, {"name": "WASI Rust tests [wasm32-wasip3]", "runtime": {"name": "pywasm", "version": "2.2.1"}, "duration_s": 0.002862, "failed": 0, "skipped": 17, "passed": 0, "tests": [{"name": "http-response", "executed": false, "duration_s": 0, "failures": []}, {"name": "filesystem-rename", "executed": false, "duration_s": 0, "failures": []}, {"name": "filesystem-flags-and-type", "executed": false, "duration_s": 0, "failures": []}, {"name": "filesystem-io", "executed": false, "duration_s": 0, "failures": []}, {"name": "wall-clock", "executed": false, "duration_s": 0, "failures": []}, {"name": "filesystem-hard-links", "executed": false, "duration_s": 0, "failures": []}, {"name": "filesystem-advise", "executed": false, "duration_s": 0, "failures": []}, {"name": "filesystem-is-same-object", "executed": false, "duration_s": 0, "failures": []}, {"name": "multi-clock-wait", "executed": false, "duration_s": 0, "failures": []}, {"name": "filesystem-dotdot", "executed": false, "duration_s": 0, "failures": []}, {"name": "filesystem-read-directory", "executed": false, "duration_s": 0, "failures": []}, {"name": "filesystem-metadata-hash", "executed": false, "duration_s": 0, "failures": []}, {"name": "filesystem-open-errors", "executed": false, "duration_s": 0, "failures": []}, {"name": "filesystem-stat", "executed": false, "duration_s": 0, "failures": []}, {"name": "filesystem-set-size", "executed": false, "duration_s": 0, "failures": []}, {"name": "sockets-echo", "executed": false, "duration_s": 0, "failures": []}, {"name": "monotonic-clock", "executed": false, "duration_s": 0, "failures": []}]}, {"name": "WASI Assemblyscript  tests [wasm32-wasip1]", "runtime": {"name": "pywasm", "version": "2.2.1"}, "duration_s": 0.839951, "failed": 2, "skipped": 0, "passed": 10, "tests": [{"name": "proc_exit-success", "executed": true, "duration_s": 0.05616164207458496, "failures": []}, {"name": "random_get-zero-length", "executed": true, "duration_s": 0.09003853797912598, "failures": []}, {"name": "args_sizes_get-multiple-arguments", "executed": true, "duration_s": 0.06158018112182617, "failures": ["Wait(exit_code=0) failed: expected 0, got 255\n\n==STDERR==\nabort:  in src/args_sizes_get-multiple-arguments.ts(9:1)\n"]}, {"name": "random_get-non-zero-length", "executed": true, "duration_s": 0.05873847007751465, "failures": []}, {"name": "environ_sizes_get-multiple-variables", "executed": true, "duration_s": 0.05762791633605957, "failures": []}, {"name": "environ_get-multiple-variables", "executed": true, "duration_s": 0.12111234664916992, "failures": []}, {"name": "proc_exit-failure", "executed": true, "duration_s": 0.0556943416595459, "failures": []}, {"name": "args_get-multiple-arguments", "executed": true, "duration_s": 0.06978821754455566, "failures": ["Wait(exit_code=0) failed: expected 0, got 255\n\n==STDERR==\nabort:  in src/args_get-multiple-arguments.ts(9:1)\n"]}, {"name": "fd_write-to-stdout", "executed": true, "duration_s": 0.0926828384399414, "failures": []}, {"name": "args_sizes_get-no-arguments", "executed": true, "duration_s": 0.0583653450012207, "failures": []}, {"name": "fd_write-to-invalid-fd", "executed": true, "duration_s": 0.05750393867492676, "failures": []}, {"name": "environ_sizes_get-no-variables", "executed": true, "duration_s": 0.058539390563964844, "failures": []}]}, {"name": "WASI C tests [wasm32-wasip1]", "runtime": {"name": "pywasm", "version": "2.2.1"}, "duration_s": 1.317966, "failed": 3, "skipped": 0, "passed": 11, "tests": [{"name": "pwrite-with-access", "executed": true, "duration_s": 0.10332584381103516, "failures": ["Wait(exit_code=0) failed: expected 0, got 1\n\n==STDERR==\nTraceback (most recent call last):\n  File \"/home/runner/work/wasi-testsuite/wasi-testsuite/tools/run-pywasm\", line 28, in <module>\n    exit = wasi.main(runtime, instance)\n           ^^^^^^^^^^^^^^^^^^^^^^^^^^^^\n  File \"/opt/hostedtoolcache/Python/3.12.12/x64/lib/python3.12/site-packages/pywasm/wasi.py\", line 1032, in main\n    raise e\n  File \"/opt/hostedtoolcache/Python/3.12.12/x64/lib/python3.12/site-packages/pywasm/wasi.py\", line 1025, in main\n    runtime.invocate(module, '_start', [])\n  File \"/opt/hostedtoolcache/Python/3.12.12/x64/lib/python3.12/site-packages/pywasm/core.py\", line 4190, in invocate\n    func_rets = self.machine.invocate(func_addr, func_args)\n                ^^^^^^^^^^^^^^^^^^^^^^^^^^^^^^^^^^^^^^^^^^^\n  File \"/opt/hostedtoolcache/Python/3.12.12/x64/lib/python3.12/site-packages/pywasm/core.py\", line 1724, in invocate\n    self.evaluate()\n  File \"/opt/hostedtoolcache/Python/3.12.12/x64/lib/python3.12/site-packages/pywasm/core.py\", line 1888, in evaluate\n    self.evaluate_call(addr)\n  File \"/opt/hostedtoolcache/Python/3.12.12/x64/lib/python3.12/site-packages/pywasm/core.py\", line 1788, in evaluate_call\n    rets = func.hostcode(self, [e.into_all() for e in args])\n           ^^^^^^^^^^^^^^^^^^^^^^^^^^^^^^^^^^^^^^^^^^^^^^^^^\n  File \"/opt/hostedtoolcache/Python/3.12.12/x64/lib/python3.12/site-packages/pywasm/wasi.py\", line 490, in args_get\n    mems.put(argv_buf, bytearray(e.encode()))\n                                 ^^^^^^^^\nAttributeError: 'list' object has no attribute 'encode'\n"]}, {"name": "clock_getres-realtime", "executed": true, "duration_s": 0.08075904846191406, "failures": []}, {"name": "fopen-with-access", "executed": true, "duration_s": 0.10530853271484375, "failures": []}, {"name": "stat-dev-ino", "executed": true, "duration_s": 0.10425519943237305, "failures": []}, {"name": "clock_gettime-realtime", "executed": true, "duration_s": 0.08093070983886719, "failures": []}, {"name": "pread-with-access", "executed": true, "duration_s": 0.09964179992675781, "failures": ["Wait(exit_code=0) failed: expected 0, got 1\n\n==STDERR==\nTraceback (most recent call last):\n  File \"/home/runner/work/wasi-testsuite/wasi-testsuite/tools/run-pywasm\", line 28, in <module>\n    exit = wasi.main(runtime, instance)\n           ^^^^^^^^^^^^^^^^^^^^^^^^^^^^\n  File \"/opt/hostedtoolcache/Python/3.12.12/x64/lib/python3.12/site-packages/pywasm/wasi.py\", line 1032, in main\n    raise e\n  File \"/opt/hostedtoolcache/Python/3.12.12/x64/lib/python3.12/site-packages/pywasm/wasi.py\", line 1025, in main\n    runtime.invocate(module, '_start', [])\n  File \"/opt/hostedtoolcache/Python/3.12.12/x64/lib/python3.12/site-packages/pywasm/core.py\", line 4190, in invocate\n    func_rets = self.machine.invocate(func_addr, func_args)\n                ^^^^^^^^^^^^^^^^^^^^^^^^^^^^^^^^^^^^^^^^^^^\n  File \"/opt/hostedtoolcache/Python/3.12.12/x64/lib/python3.12/site-packages/pywasm/core.py\", line 1724, in invocate\n    self.evaluate()\n  File \"/opt/hostedtoolcache/Python/3.12.12/x64/lib/python3.12/site-packages/pywasm/core.py\", line 1888, in evaluate\n    self.evaluate_call(addr)\n  File \"/opt/hostedtoolcache/Python/3.12.12/x64/lib/python3.12/site-packages/pywasm/core.py\", line 1788, in evaluate_call\n    rets = func.hostcode(self, [e.into_all() for e in args])\n           ^^^^^^^^^^^^^^^^^^^^^^^^^^^^^^^^^^^^^^^^^^^^^^^^^\n  File \"/opt/hostedtoolcache/Python/3.12.12/x64/lib/python3.12/site-packages/pywasm/wasi.py\", line 490, in args_get\n    mems.put(argv_buf, bytearray(e.encode()))\n                                 ^^^^^^^^\nAttributeError: 'list' object has no attribute 'encode'\n"]}, {"name": "fdopendir-with-access", "executed": true, "duration_s": 0.10787367820739746, "failures": ["Wait(exit_code=0) failed: expected 0, got 1\n\n==STDERR==\nTraceback (most recent call last):\n  File \"/home/runner/work/wasi-testsuite/wasi-testsuite/tools/run-pywasm\", line 28, in <module>\n    exit = wasi.main(runtime, instance)\n           ^^^^^^^^^^^^^^^^^^^^^^^^^^^^\n  File \"/opt/hostedtoolcache/Python/3.12.12/x64/lib/python3.12/site-packages/pywasm/wasi.py\", line 1032, in main\n    raise e\n  File \"/opt/hostedtoolcache/Python/3.12.12/x64/lib/python3.12/site-packages/pywasm/wasi.py\", line 1025, in main\n    runtime.invocate(module, '_start', [])\n  File \"/opt/hostedtoolcache/Python/3.12.12/x64/lib/python3.12/site-packages/pywasm/core.py\", line 4190, in invocate\n    func_rets = self.machine.invocate(func_addr, func_args)\n                ^^^^^^^^^^^^^^^^^^^^^^^^^^^^^^^^^^^^^^^^^^^\n  File \"/opt/hostedtoolcache/Python/3.12.12/x64/lib/python3.12/site-packages/pywasm/core.py\", line 1724, in invocate\n    self.evaluate()\n  File \"/opt/hostedtoolcache/Python/3.12.12/x64/lib/python3.12/site-packages/pywasm/core.py\", line 1888, in evaluate\n    self.evaluate_call(addr)\n  File \"/opt/hostedtoolcache/Python/3.12.12/x64/lib/python3.12/site-packages/pywasm/core.py\", line 1788, in evaluate_call\n    rets = func.hostcode(self, [e.into_all() for e in args])\n           ^^^^^^^^^^^^^^^^^^^^^^^^^^^^^^^^^^^^^^^^^^^^^^^^^\n  File \"/opt/hostedtoolcache/Python/3.12.12/x64/lib/python3.12/site-packages/pywasm/wasi.py\", line 490, in args_get\n    mems.put(argv_buf, bytearray(e.encode()))\n                                 ^^^^^^^^\nAttributeError: 'list' object has no attribute 'encode'\n"]}, {"name": "clock_gettime-monotonic", "executed": true, "duration_s": 0.07934975624084473, "failures": []}, {"name": "fopen-with-no-access", "executed": true, "duration_s": 0.09849238395690918, "failures": []}, {"name": "clock_getres-monotonic", "executed": true, "duration_s": 0.08074402809143066, "failures": []}, {"name": "pwrite-with-append", "executed": true, "duration_s": 0.104034423828125, "failures": []}, {"name": "lseek", "executed": true, "duration_s": 0.11226487159729004, "failures": []}, {"name": "sock_shutdown-invalid_fd", "executed": true, "duration_s": 0.07915472984313965, "failures": []}, {"name": "sock_shutdown-not_sock", "executed": true, "duration_s": 0.07875609397888184, "failures": []}]}]}