{"execution": {"start_timestamp": "2026-02-24T00:29:40.496Z", "finish_timestamp": "2026-02-24T00:29:51.368Z"}, "results": [{"name": "WASI Rust tests", "runtime": {"name": "pywasm", "version": "2.2.1"}, "duration_s": 0.000685, "failed": 0, "skipped": 0, "passed": 0, "tests": []}, {"name": "WASI Rust tests [wasm32-wasip1]", "runtime": {"name": "pywasm", "version": "2.2.1"}, "duration_s": 8.590868, "failed": 42, "skipped": 0, "passed": 4, "tests": [{"name": "path_open_preopen", "executed": true, "duration_s": 0.21688294410705566, "failures": ["Wait(exit_code=0) failed: expected 0, got 1\n\n==STDERR==\nTraceback (most recent call last):\n  File \"/home/runner/work/wasi-testsuite/wasi-testsuite/tools/run-pywasm\", line 28, in <module>\n    exit = wasi.main(runtime, instance)\n           ^^^^^^^^^^^^^^^^^^^^^^^^^^^^\n  File \"/opt/hostedtoolcache/Python/3.12.12/x64/lib/python3.12/site-packages/pywasm/wasi.py\", line 1032, in main\n    raise e\n  File \"/opt/hostedtoolcache/Python/3.12.12/x64/lib/python3.12/site-packages/pywasm/wasi.py\", line 1025, in main\n    runtime.invocate(module, '_start', [])\n  File \"/opt/hostedtoolcache/Python/3.12.12/x64/lib/python3.12/site-packages/pywasm/core.py\", line 4190, in invocate\n    func_rets = self.machine.invocate(func_addr, func_args)\n                ^^^^^^^^^^^^^^^^^^^^^^^^^^^^^^^^^^^^^^^^^^^\n  File \"/opt/hostedtoolcache/Python/3.12.12/x64/lib/python3.12/site-packages/pywasm/core.py\", line 1724, in invocate\n    self.evaluate()\n  File \"/opt/hostedtoolcache/Python/3.12.12/x64/lib/python3.12/site-packages/pywasm/core.py\", line 1888, in evaluate\n    self.evaluate_call(addr)\n  File \"/opt/hostedtoolcache/Python/3.12.12/x64/lib/python3.12/site-packages/pywasm/core.py\", line 1788, in evaluate_call\n    rets = func.hostcode(self, [e.into_all() for e in args])\n           ^^^^^^^^^^^^^^^^^^^^^^^^^^^^^^^^^^^^^^^^^^^^^^^^^\n  File \"/opt/hostedtoolcache/Python/3.12.12/x64/lib/python3.12/site-packages/pywasm/wasi.py\", line 490, in args_get\n    mems.put(argv_buf, bytearray(e.encode()))\n                                 ^^^^^^^^\nAttributeError: 'list' object has no attribute 'encode'\n"]}, {"name": "directory_seek", "executed": true, "duration_s": 0.17379093170166016, "failures": ["Wait(exit_code=0) failed: expected 0, got 1\n\n==STDERR==\nTraceback (most recent call last):\n  File \"/home/runner/work/wasi-testsuite/wasi-testsuite/tools/run-pywasm\", line 28, in <module>\n    exit = wasi.main(runtime, instance)\n           ^^^^^^^^^^^^^^^^^^^^^^^^^^^^\n  File \"/opt/hostedtoolcache/Python/3.12.12/x64/lib/python3.12/site-packages/pywasm/wasi.py\", line 1032, in main\n    raise e\n  File \"/opt/hostedtoolcache/Python/3.12.12/x64/lib/python3.12/site-packages/pywasm/wasi.py\", line 1025, in main\n    runtime.invocate(module, '_start', [])\n  File \"/opt/hostedtoolcache/Python/3.12.12/x64/lib/python3.12/site-packages/pywasm/core.py\", line 4190, in invocate\n    func_rets = self.machine.invocate(func_addr, func_args)\n                ^^^^^^^^^^^^^^^^^^^^^^^^^^^^^^^^^^^^^^^^^^^\n  File \"/opt/hostedtoolcache/Python/3.12.12/x64/lib/python3.12/site-packages/pywasm/core.py\", line 1724, in invocate\n    self.evaluate()\n  File \"/opt/hostedtoolcache/Python/3.12.12/x64/lib/python3.12/site-packages/pywasm/core.py\", line 1888, in evaluate\n    self.evaluate_call(addr)\n  File \"/opt/hostedtoolcache/Python/3.12.12/x64/lib/python3.12/site-packages/pywasm/core.py\", line 1788, in evaluate_call\n    rets = func.hostcode(self, [e.into_all() for e in args])\n           ^^^^^^^^^^^^^^^^^^^^^^^^^^^^^^^^^^^^^^^^^^^^^^^^^\n  File \"/opt/hostedtoolcache/Python/3.12.12/x64/lib/python3.12/site-packages/pywasm/wasi.py\", line 490, in args_get\n    mems.put(argv_buf, bytearray(e.encode()))\n                                 ^^^^^^^^\nAttributeError: 'list' object has no attribute 'encode'\n"]}, {"name": "file_seek_tell", "executed": true, "duration_s": 0.18168854713439941, "failures": ["Wait(exit_code=0) failed: expected 0, got 1\n\n==STDERR==\nTraceback (most recent call last):\n  File \"/home/runner/work/wasi-testsuite/wasi-testsuite/tools/run-pywasm\", line 28, in <module>\n    exit = wasi.main(runtime, instance)\n           ^^^^^^^^^^^^^^^^^^^^^^^^^^^^\n  File \"/opt/hostedtoolcache/Python/3.12.12/x64/lib/python3.12/site-packages/pywasm/wasi.py\", line 1032, in main\n    raise e\n  File \"/opt/hostedtoolcache/Python/3.12.12/x64/lib/python3.12/site-packages/pywasm/wasi.py\", line 1025, in main\n    runtime.invocate(module, '_start', [])\n  File \"/opt/hostedtoolcache/Python/3.12.12/x64/lib/python3.12/site-packages/pywasm/core.py\", line 4190, in invocate\n    func_rets = self.machine.invocate(func_addr, func_args)\n                ^^^^^^^^^^^^^^^^^^^^^^^^^^^^^^^^^^^^^^^^^^^\n  File \"/opt/hostedtoolcache/Python/3.12.12/x64/lib/python3.12/site-packages/pywasm/core.py\", line 1724, in invocate\n    self.evaluate()\n  File \"/opt/hostedtoolcache/Python/3.12.12/x64/lib/python3.12/site-packages/pywasm/core.py\", line 1888, in evaluate\n    self.evaluate_call(addr)\n  File \"/opt/hostedtoolcache/Python/3.12.12/x64/lib/python3.12/site-packages/pywasm/core.py\", line 1788, in evaluate_call\n    rets = func.hostcode(self, [e.into_all() for e in args])\n           ^^^^^^^^^^^^^^^^^^^^^^^^^^^^^^^^^^^^^^^^^^^^^^^^^\n  File \"/opt/hostedtoolcache/Python/3.12.12/x64/lib/python3.12/site-packages/pywasm/wasi.py\", line 490, in args_get\n    mems.put(argv_buf, bytearray(e.encode()))\n                                 ^^^^^^^^\nAttributeError: 'list' object has no attribute 'encode'\n"]}, {"name": "path_open_read_write", "executed": true, "duration_s": 0.18956875801086426, "failures": ["Wait(exit_code=0) failed: expected 0, got 1\n\n==STDERR==\nTraceback (most recent call last):\n  File \"/home/runner/work/wasi-testsuite/wasi-testsuite/tools/run-pywasm\", line 28, in <module>\n    exit = wasi.main(runtime, instance)\n           ^^^^^^^^^^^^^^^^^^^^^^^^^^^^\n  File \"/opt/hostedtoolcache/Python/3.12.12/x64/lib/python3.12/site-packages/pywasm/wasi.py\", line 1032, in main\n    raise e\n  File \"/opt/hostedtoolcache/Python/3.12.12/x64/lib/python3.12/site-packages/pywasm/wasi.py\", line 1025, in main\n    runtime.invocate(module, '_start', [])\n  File \"/opt/hostedtoolcache/Python/3.12.12/x64/lib/python3.12/site-packages/pywasm/core.py\", line 4190, in invocate\n    func_rets = self.machine.invocate(func_addr, func_args)\n                ^^^^^^^^^^^^^^^^^^^^^^^^^^^^^^^^^^^^^^^^^^^\n  File \"/opt/hostedtoolcache/Python/3.12.12/x64/lib/python3.12/site-packages/pywasm/core.py\", line 1724, in invocate\n    self.evaluate()\n  File \"/opt/hostedtoolcache/Python/3.12.12/x64/lib/python3.12/site-packages/pywasm/core.py\", line 1888, in evaluate\n    self.evaluate_call(addr)\n  File \"/opt/hostedtoolcache/Python/3.12.12/x64/lib/python3.12/site-packages/pywasm/core.py\", line 1788, in evaluate_call\n    rets = func.hostcode(self, [e.into_all() for e in args])\n           ^^^^^^^^^^^^^^^^^^^^^^^^^^^^^^^^^^^^^^^^^^^^^^^^^\n  File \"/opt/hostedtoolcache/Python/3.12.12/x64/lib/python3.12/site-packages/pywasm/wasi.py\", line 490, in args_get\n    mems.put(argv_buf, bytearray(e.encode()))\n                                 ^^^^^^^^\nAttributeError: 'list' object has no attribute 'encode'\n"]}, {"name": "overwrite_preopen", "executed": true, "duration_s": 0.17575430870056152, "failures": ["Wait(exit_code=0) failed: expected 0, got 1\n\n==STDERR==\nTraceback (most recent call last):\n  File \"/home/runner/work/wasi-testsuite/wasi-testsuite/tools/run-pywasm\", line 28, in <module>\n    exit = wasi.main(runtime, instance)\n           ^^^^^^^^^^^^^^^^^^^^^^^^^^^^\n  File \"/opt/hostedtoolcache/Python/3.12.12/x64/lib/python3.12/site-packages/pywasm/wasi.py\", line 1032, in main\n    raise e\n  File \"/opt/hostedtoolcache/Python/3.12.12/x64/lib/python3.12/site-packages/pywasm/wasi.py\", line 1025, in main\n    runtime.invocate(module, '_start', [])\n  File \"/opt/hostedtoolcache/Python/3.12.12/x64/lib/python3.12/site-packages/pywasm/core.py\", line 4190, in invocate\n    func_rets = self.machine.invocate(func_addr, func_args)\n                ^^^^^^^^^^^^^^^^^^^^^^^^^^^^^^^^^^^^^^^^^^^\n  File \"/opt/hostedtoolcache/Python/3.12.12/x64/lib/python3.12/site-packages/pywasm/core.py\", line 1724, in invocate\n    self.evaluate()\n  File \"/opt/hostedtoolcache/Python/3.12.12/x64/lib/python3.12/site-packages/pywasm/core.py\", line 1888, in evaluate\n    self.evaluate_call(addr)\n  File \"/opt/hostedtoolcache/Python/3.12.12/x64/lib/python3.12/site-packages/pywasm/core.py\", line 1788, in evaluate_call\n    rets = func.hostcode(self, [e.into_all() for e in args])\n           ^^^^^^^^^^^^^^^^^^^^^^^^^^^^^^^^^^^^^^^^^^^^^^^^^\n  File \"/opt/hostedtoolcache/Python/3.12.12/x64/lib/python3.12/site-packages/pywasm/wasi.py\", line 490, in args_get\n    mems.put(argv_buf, bytearray(e.encode()))\n                                 ^^^^^^^^\nAttributeError: 'list' object has no attribute 'encode'\n"]}, {"name": "symlink_filestat", "executed": true, "duration_s": 0.17460274696350098, "failures": ["Wait(exit_code=0) failed: expected 0, got 1\n\n==STDERR==\nTraceback (most recent call last):\n  File \"/home/runner/work/wasi-testsuite/wasi-testsuite/tools/run-pywasm\", line 28, in <module>\n    exit = wasi.main(runtime, instance)\n           ^^^^^^^^^^^^^^^^^^^^^^^^^^^^\n  File \"/opt/hostedtoolcache/Python/3.12.12/x64/lib/python3.12/site-packages/pywasm/wasi.py\", line 1032, in main\n    raise e\n  File \"/opt/hostedtoolcache/Python/3.12.12/x64/lib/python3.12/site-packages/pywasm/wasi.py\", line 1025, in main\n    runtime.invocate(module, '_start', [])\n  File \"/opt/hostedtoolcache/Python/3.12.12/x64/lib/python3.12/site-packages/pywasm/core.py\", line 4190, in invocate\n    func_rets = self.machine.invocate(func_addr, func_args)\n                ^^^^^^^^^^^^^^^^^^^^^^^^^^^^^^^^^^^^^^^^^^^\n  File \"/opt/hostedtoolcache/Python/3.12.12/x64/lib/python3.12/site-packages/pywasm/core.py\", line 1724, in invocate\n    self.evaluate()\n  File \"/opt/hostedtoolcache/Python/3.12.12/x64/lib/python3.12/site-packages/pywasm/core.py\", line 1888, in evaluate\n    self.evaluate_call(addr)\n  File \"/opt/hostedtoolcache/Python/3.12.12/x64/lib/python3.12/site-packages/pywasm/core.py\", line 1788, in evaluate_call\n    rets = func.hostcode(self, [e.into_all() for e in args])\n           ^^^^^^^^^^^^^^^^^^^^^^^^^^^^^^^^^^^^^^^^^^^^^^^^^\n  File \"/opt/hostedtoolcache/Python/3.12.12/x64/lib/python3.12/site-packages/pywasm/wasi.py\", line 490, in args_get\n    mems.put(argv_buf, bytearray(e.encode()))\n                                 ^^^^^^^^\nAttributeError: 'list' object has no attribute 'encode'\n"]}, {"name": "readlink", "executed": true, "duration_s": 0.1774272918701172, "failures": ["Wait(exit_code=0) failed: expected 0, got 1\n\n==STDERR==\nTraceback (most recent call last):\n  File \"/home/runner/work/wasi-testsuite/wasi-testsuite/tools/run-pywasm\", line 28, in <module>\n    exit = wasi.main(runtime, instance)\n           ^^^^^^^^^^^^^^^^^^^^^^^^^^^^\n  File \"/opt/hostedtoolcache/Python/3.12.12/x64/lib/python3.12/site-packages/pywasm/wasi.py\", line 1032, in main\n    raise e\n  File \"/opt/hostedtoolcache/Python/3.12.12/x64/lib/python3.12/site-packages/pywasm/wasi.py\", line 1025, in main\n    runtime.invocate(module, '_start', [])\n  File \"/opt/hostedtoolcache/Python/3.12.12/x64/lib/python3.12/site-packages/pywasm/core.py\", line 4190, in invocate\n    func_rets = self.machine.invocate(func_addr, func_args)\n                ^^^^^^^^^^^^^^^^^^^^^^^^^^^^^^^^^^^^^^^^^^^\n  File \"/opt/hostedtoolcache/Python/3.12.12/x64/lib/python3.12/site-packages/pywasm/core.py\", line 1724, in invocate\n    self.evaluate()\n  File \"/opt/hostedtoolcache/Python/3.12.12/x64/lib/python3.12/site-packages/pywasm/core.py\", line 1888, in evaluate\n    self.evaluate_call(addr)\n  File \"/opt/hostedtoolcache/Python/3.12.12/x64/lib/python3.12/site-packages/pywasm/core.py\", line 1788, in evaluate_call\n    rets = func.hostcode(self, [e.into_all() for e in args])\n           ^^^^^^^^^^^^^^^^^^^^^^^^^^^^^^^^^^^^^^^^^^^^^^^^^\n  File \"/opt/hostedtoolcache/Python/3.12.12/x64/lib/python3.12/site-packages/pywasm/wasi.py\", line 490, in args_get\n    mems.put(argv_buf, bytearray(e.encode()))\n                                 ^^^^^^^^\nAttributeError: 'list' object has no attribute 'encode'\n"]}, {"name": "path_open_create_existing", "executed": true, "duration_s": 0.17294764518737793, "failures": ["Wait(exit_code=0) failed: expected 0, got 1\n\n==STDERR==\nTraceback (most recent call last):\n  File \"/home/runner/work/wasi-testsuite/wasi-testsuite/tools/run-pywasm\", line 28, in <module>\n    exit = wasi.main(runtime, instance)\n           ^^^^^^^^^^^^^^^^^^^^^^^^^^^^\n  File \"/opt/hostedtoolcache/Python/3.12.12/x64/lib/python3.12/site-packages/pywasm/wasi.py\", line 1032, in main\n    raise e\n  File \"/opt/hostedtoolcache/Python/3.12.12/x64/lib/python3.12/site-packages/pywasm/wasi.py\", line 1025, in main\n    runtime.invocate(module, '_start', [])\n  File \"/opt/hostedtoolcache/Python/3.12.12/x64/lib/python3.12/site-packages/pywasm/core.py\", line 4190, in invocate\n    func_rets = self.machine.invocate(func_addr, func_args)\n                ^^^^^^^^^^^^^^^^^^^^^^^^^^^^^^^^^^^^^^^^^^^\n  File \"/opt/hostedtoolcache/Python/3.12.12/x64/lib/python3.12/site-packages/pywasm/core.py\", line 1724, in invocate\n    self.evaluate()\n  File \"/opt/hostedtoolcache/Python/3.12.12/x64/lib/python3.12/site-packages/pywasm/core.py\", line 1888, in evaluate\n    self.evaluate_call(addr)\n  File \"/opt/hostedtoolcache/Python/3.12.12/x64/lib/python3.12/site-packages/pywasm/core.py\", line 1788, in evaluate_call\n    rets = func.hostcode(self, [e.into_all() for e in args])\n           ^^^^^^^^^^^^^^^^^^^^^^^^^^^^^^^^^^^^^^^^^^^^^^^^^\n  File \"/opt/hostedtoolcache/Python/3.12.12/x64/lib/python3.12/site-packages/pywasm/wasi.py\", line 490, in args_get\n    mems.put(argv_buf, bytearray(e.encode()))\n                                 ^^^^^^^^\nAttributeError: 'list' object has no attribute 'encode'\n"]}, {"name": "poll_oneoff_stdio", "executed": true, "duration_s": 0.2943723201751709, "failures": []}, {"name": "path_rename_dir_trailing_slashes", "executed": true, "duration_s": 0.16797280311584473, "failures": ["Wait(exit_code=0) failed: expected 0, got 1\n\n==STDERR==\nTraceback (most recent call last):\n  File \"/home/runner/work/wasi-testsuite/wasi-testsuite/tools/run-pywasm\", line 28, in <module>\n    exit = wasi.main(runtime, instance)\n           ^^^^^^^^^^^^^^^^^^^^^^^^^^^^\n  File \"/opt/hostedtoolcache/Python/3.12.12/x64/lib/python3.12/site-packages/pywasm/wasi.py\", line 1032, in main\n    raise e\n  File \"/opt/hostedtoolcache/Python/3.12.12/x64/lib/python3.12/site-packages/pywasm/wasi.py\", line 1025, in main\n    runtime.invocate(module, '_start', [])\n  File \"/opt/hostedtoolcache/Python/3.12.12/x64/lib/python3.12/site-packages/pywasm/core.py\", line 4190, in invocate\n    func_rets = self.machine.invocate(func_addr, func_args)\n                ^^^^^^^^^^^^^^^^^^^^^^^^^^^^^^^^^^^^^^^^^^^\n  File \"/opt/hostedtoolcache/Python/3.12.12/x64/lib/python3.12/site-packages/pywasm/core.py\", line 1724, in invocate\n    self.evaluate()\n  File \"/opt/hostedtoolcache/Python/3.12.12/x64/lib/python3.12/site-packages/pywasm/core.py\", line 1888, in evaluate\n    self.evaluate_call(addr)\n  File \"/opt/hostedtoolcache/Python/3.12.12/x64/lib/python3.12/site-packages/pywasm/core.py\", line 1788, in evaluate_call\n    rets = func.hostcode(self, [e.into_all() for e in args])\n           ^^^^^^^^^^^^^^^^^^^^^^^^^^^^^^^^^^^^^^^^^^^^^^^^^\n  File \"/opt/hostedtoolcache/Python/3.12.12/x64/lib/python3.12/site-packages/pywasm/wasi.py\", line 490, in args_get\n    mems.put(argv_buf, bytearray(e.encode()))\n                                 ^^^^^^^^\nAttributeError: 'list' object has no attribute 'encode'\n"]}, {"name": "fd_fdstat_set_rights", "executed": true, "duration_s": 0.18167519569396973, "failures": ["Wait(exit_code=0) failed: expected 0, got 1\n\n==STDERR==\nTraceback (most recent call last):\n  File \"/home/runner/work/wasi-testsuite/wasi-testsuite/tools/run-pywasm\", line 28, in <module>\n    exit = wasi.main(runtime, instance)\n           ^^^^^^^^^^^^^^^^^^^^^^^^^^^^\n  File \"/opt/hostedtoolcache/Python/3.12.12/x64/lib/python3.12/site-packages/pywasm/wasi.py\", line 1032, in main\n    raise e\n  File \"/opt/hostedtoolcache/Python/3.12.12/x64/lib/python3.12/site-packages/pywasm/wasi.py\", line 1025, in main\n    runtime.invocate(module, '_start', [])\n  File \"/opt/hostedtoolcache/Python/3.12.12/x64/lib/python3.12/site-packages/pywasm/core.py\", line 4190, in invocate\n    func_rets = self.machine.invocate(func_addr, func_args)\n                ^^^^^^^^^^^^^^^^^^^^^^^^^^^^^^^^^^^^^^^^^^^\n  File \"/opt/hostedtoolcache/Python/3.12.12/x64/lib/python3.12/site-packages/pywasm/core.py\", line 1724, in invocate\n    self.evaluate()\n  File \"/opt/hostedtoolcache/Python/3.12.12/x64/lib/python3.12/site-packages/pywasm/core.py\", line 1888, in evaluate\n    self.evaluate_call(addr)\n  File \"/opt/hostedtoolcache/Python/3.12.12/x64/lib/python3.12/site-packages/pywasm/core.py\", line 1788, in evaluate_call\n    rets = func.hostcode(self, [e.into_all() for e in args])\n           ^^^^^^^^^^^^^^^^^^^^^^^^^^^^^^^^^^^^^^^^^^^^^^^^^\n  File \"/opt/hostedtoolcache/Python/3.12.12/x64/lib/python3.12/site-packages/pywasm/wasi.py\", line 490, in args_get\n    mems.put(argv_buf, bytearray(e.encode()))\n                                 ^^^^^^^^\nAttributeError: 'list' object has no attribute 'encode'\n"]}, {"name": "path_open_missing", "executed": true, "duration_s": 0.1733999252319336, "failures": ["Wait(exit_code=0) failed: expected 0, got 1\n\n==STDERR==\nTraceback (most recent call last):\n  File \"/home/runner/work/wasi-testsuite/wasi-testsuite/tools/run-pywasm\", line 28, in <module>\n    exit = wasi.main(runtime, instance)\n           ^^^^^^^^^^^^^^^^^^^^^^^^^^^^\n  File \"/opt/hostedtoolcache/Python/3.12.12/x64/lib/python3.12/site-packages/pywasm/wasi.py\", line 1032, in main\n    raise e\n  File \"/opt/hostedtoolcache/Python/3.12.12/x64/lib/python3.12/site-packages/pywasm/wasi.py\", line 1025, in main\n    runtime.invocate(module, '_start', [])\n  File \"/opt/hostedtoolcache/Python/3.12.12/x64/lib/python3.12/site-packages/pywasm/core.py\", line 4190, in invocate\n    func_rets = self.machine.invocate(func_addr, func_args)\n                ^^^^^^^^^^^^^^^^^^^^^^^^^^^^^^^^^^^^^^^^^^^\n  File \"/opt/hostedtoolcache/Python/3.12.12/x64/lib/python3.12/site-packages/pywasm/core.py\", line 1724, in invocate\n    self.evaluate()\n  File \"/opt/hostedtoolcache/Python/3.12.12/x64/lib/python3.12/site-packages/pywasm/core.py\", line 1888, in evaluate\n    self.evaluate_call(addr)\n  File \"/opt/hostedtoolcache/Python/3.12.12/x64/lib/python3.12/site-packages/pywasm/core.py\", line 1788, in evaluate_call\n    rets = func.hostcode(self, [e.into_all() for e in args])\n           ^^^^^^^^^^^^^^^^^^^^^^^^^^^^^^^^^^^^^^^^^^^^^^^^^\n  File \"/opt/hostedtoolcache/Python/3.12.12/x64/lib/python3.12/site-packages/pywasm/wasi.py\", line 490, in args_get\n    mems.put(argv_buf, bytearray(e.encode()))\n                                 ^^^^^^^^\nAttributeError: 'list' object has no attribute 'encode'\n"]}, {"name": "path_open_dirfd_not_dir", "executed": true, "duration_s": 0.17028117179870605, "failures": ["Wait(exit_code=0) failed: expected 0, got 1\n\n==STDERR==\nTraceback (most recent call last):\n  File \"/home/runner/work/wasi-testsuite/wasi-testsuite/tools/run-pywasm\", line 28, in <module>\n    exit = wasi.main(runtime, instance)\n           ^^^^^^^^^^^^^^^^^^^^^^^^^^^^\n  File \"/opt/hostedtoolcache/Python/3.12.12/x64/lib/python3.12/site-packages/pywasm/wasi.py\", line 1032, in main\n    raise e\n  File \"/opt/hostedtoolcache/Python/3.12.12/x64/lib/python3.12/site-packages/pywasm/wasi.py\", line 1025, in main\n    runtime.invocate(module, '_start', [])\n  File \"/opt/hostedtoolcache/Python/3.12.12/x64/lib/python3.12/site-packages/pywasm/core.py\", line 4190, in invocate\n    func_rets = self.machine.invocate(func_addr, func_args)\n                ^^^^^^^^^^^^^^^^^^^^^^^^^^^^^^^^^^^^^^^^^^^\n  File \"/opt/hostedtoolcache/Python/3.12.12/x64/lib/python3.12/site-packages/pywasm/core.py\", line 1724, in invocate\n    self.evaluate()\n  File \"/opt/hostedtoolcache/Python/3.12.12/x64/lib/python3.12/site-packages/pywasm/core.py\", line 1888, in evaluate\n    self.evaluate_call(addr)\n  File \"/opt/hostedtoolcache/Python/3.12.12/x64/lib/python3.12/site-packages/pywasm/core.py\", line 1788, in evaluate_call\n    rets = func.hostcode(self, [e.into_all() for e in args])\n           ^^^^^^^^^^^^^^^^^^^^^^^^^^^^^^^^^^^^^^^^^^^^^^^^^\n  File \"/opt/hostedtoolcache/Python/3.12.12/x64/lib/python3.12/site-packages/pywasm/wasi.py\", line 490, in args_get\n    mems.put(argv_buf, bytearray(e.encode()))\n                                 ^^^^^^^^\nAttributeError: 'list' object has no attribute 'encode'\n"]}, {"name": "file_unbuffered_write", "executed": true, "duration_s": 0.17177987098693848, "failures": ["Wait(exit_code=0) failed: expected 0, got 1\n\n==STDERR==\nTraceback (most recent call last):\n  File \"/home/runner/work/wasi-testsuite/wasi-testsuite/tools/run-pywasm\", line 28, in <module>\n    exit = wasi.main(runtime, instance)\n           ^^^^^^^^^^^^^^^^^^^^^^^^^^^^\n  File \"/opt/hostedtoolcache/Python/3.12.12/x64/lib/python3.12/site-packages/pywasm/wasi.py\", line 1032, in main\n    raise e\n  File \"/opt/hostedtoolcache/Python/3.12.12/x64/lib/python3.12/site-packages/pywasm/wasi.py\", line 1025, in main\n    runtime.invocate(module, '_start', [])\n  File \"/opt/hostedtoolcache/Python/3.12.12/x64/lib/python3.12/site-packages/pywasm/core.py\", line 4190, in invocate\n    func_rets = self.machine.invocate(func_addr, func_args)\n                ^^^^^^^^^^^^^^^^^^^^^^^^^^^^^^^^^^^^^^^^^^^\n  File \"/opt/hostedtoolcache/Python/3.12.12/x64/lib/python3.12/site-packages/pywasm/core.py\", line 1724, in invocate\n    self.evaluate()\n  File \"/opt/hostedtoolcache/Python/3.12.12/x64/lib/python3.12/site-packages/pywasm/core.py\", line 1888, in evaluate\n    self.evaluate_call(addr)\n  File \"/opt/hostedtoolcache/Python/3.12.12/x64/lib/python3.12/site-packages/pywasm/core.py\", line 1788, in evaluate_call\n    rets = func.hostcode(self, [e.into_all() for e in args])\n           ^^^^^^^^^^^^^^^^^^^^^^^^^^^^^^^^^^^^^^^^^^^^^^^^^\n  File \"/opt/hostedtoolcache/Python/3.12.12/x64/lib/python3.12/site-packages/pywasm/wasi.py\", line 490, in args_get\n    mems.put(argv_buf, bytearray(e.encode()))\n                                 ^^^^^^^^\nAttributeError: 'list' object has no attribute 'encode'\n"]}, {"name": "interesting_paths", "executed": true, "duration_s": 0.18161964416503906, "failures": ["Wait(exit_code=0) failed: expected 0, got 1\n\n==STDERR==\nTraceback (most recent call last):\n  File \"/home/runner/work/wasi-testsuite/wasi-testsuite/tools/run-pywasm\", line 28, in <module>\n    exit = wasi.main(runtime, instance)\n           ^^^^^^^^^^^^^^^^^^^^^^^^^^^^\n  File \"/opt/hostedtoolcache/Python/3.12.12/x64/lib/python3.12/site-packages/pywasm/wasi.py\", line 1032, in main\n    raise e\n  File \"/opt/hostedtoolcache/Python/3.12.12/x64/lib/python3.12/site-packages/pywasm/wasi.py\", line 1025, in main\n    runtime.invocate(module, '_start', [])\n  File \"/opt/hostedtoolcache/Python/3.12.12/x64/lib/python3.12/site-packages/pywasm/core.py\", line 4190, in invocate\n    func_rets = self.machine.invocate(func_addr, func_args)\n                ^^^^^^^^^^^^^^^^^^^^^^^^^^^^^^^^^^^^^^^^^^^\n  File \"/opt/hostedtoolcache/Python/3.12.12/x64/lib/python3.12/site-packages/pywasm/core.py\", line 1724, in invocate\n    self.evaluate()\n  File \"/opt/hostedtoolcache/Python/3.12.12/x64/lib/python3.12/site-packages/pywasm/core.py\", line 1888, in evaluate\n    self.evaluate_call(addr)\n  File \"/opt/hostedtoolcache/Python/3.12.12/x64/lib/python3.12/site-packages/pywasm/core.py\", line 1788, in evaluate_call\n    rets = func.hostcode(self, [e.into_all() for e in args])\n           ^^^^^^^^^^^^^^^^^^^^^^^^^^^^^^^^^^^^^^^^^^^^^^^^^\n  File \"/opt/hostedtoolcache/Python/3.12.12/x64/lib/python3.12/site-packages/pywasm/wasi.py\", line 490, in args_get\n    mems.put(argv_buf, bytearray(e.encode()))\n                                 ^^^^^^^^\nAttributeError: 'list' object has no attribute 'encode'\n"]}, {"name": "path_link", "executed": true, "duration_s": 0.2216050624847412, "failures": ["Wait(exit_code=0) failed: expected 0, got 1\n\n==STDERR==\nTraceback (most recent call last):\n  File \"/home/runner/work/wasi-testsuite/wasi-testsuite/tools/run-pywasm\", line 28, in <module>\n    exit = wasi.main(runtime, instance)\n           ^^^^^^^^^^^^^^^^^^^^^^^^^^^^\n  File \"/opt/hostedtoolcache/Python/3.12.12/x64/lib/python3.12/site-packages/pywasm/wasi.py\", line 1032, in main\n    raise e\n  File \"/opt/hostedtoolcache/Python/3.12.12/x64/lib/python3.12/site-packages/pywasm/wasi.py\", line 1025, in main\n    runtime.invocate(module, '_start', [])\n  File \"/opt/hostedtoolcache/Python/3.12.12/x64/lib/python3.12/site-packages/pywasm/core.py\", line 4190, in invocate\n    func_rets = self.machine.invocate(func_addr, func_args)\n                ^^^^^^^^^^^^^^^^^^^^^^^^^^^^^^^^^^^^^^^^^^^\n  File \"/opt/hostedtoolcache/Python/3.12.12/x64/lib/python3.12/site-packages/pywasm/core.py\", line 1724, in invocate\n    self.evaluate()\n  File \"/opt/hostedtoolcache/Python/3.12.12/x64/lib/python3.12/site-packages/pywasm/core.py\", line 1888, in evaluate\n    self.evaluate_call(addr)\n  File \"/opt/hostedtoolcache/Python/3.12.12/x64/lib/python3.12/site-packages/pywasm/core.py\", line 1788, in evaluate_call\n    rets = func.hostcode(self, [e.into_all() for e in args])\n           ^^^^^^^^^^^^^^^^^^^^^^^^^^^^^^^^^^^^^^^^^^^^^^^^^\n  File \"/opt/hostedtoolcache/Python/3.12.12/x64/lib/python3.12/site-packages/pywasm/wasi.py\", line 490, in args_get\n    mems.put(argv_buf, bytearray(e.encode()))\n                                 ^^^^^^^^\nAttributeError: 'list' object has no attribute 'encode'\n"]}, {"name": "path_open_nonblock", "executed": true, "duration_s": 0.16668033599853516, "failures": ["Wait(exit_code=0) failed: expected 0, got 1\n\n==STDERR==\nTraceback (most recent call last):\n  File \"/home/runner/work/wasi-testsuite/wasi-testsuite/tools/run-pywasm\", line 28, in <module>\n    exit = wasi.main(runtime, instance)\n           ^^^^^^^^^^^^^^^^^^^^^^^^^^^^\n  File \"/opt/hostedtoolcache/Python/3.12.12/x64/lib/python3.12/site-packages/pywasm/wasi.py\", line 1032, in main\n    raise e\n  File \"/opt/hostedtoolcache/Python/3.12.12/x64/lib/python3.12/site-packages/pywasm/wasi.py\", line 1025, in main\n    runtime.invocate(module, '_start', [])\n  File \"/opt/hostedtoolcache/Python/3.12.12/x64/lib/python3.12/site-packages/pywasm/core.py\", line 4190, in invocate\n    func_rets = self.machine.invocate(func_addr, func_args)\n                ^^^^^^^^^^^^^^^^^^^^^^^^^^^^^^^^^^^^^^^^^^^\n  File \"/opt/hostedtoolcache/Python/3.12.12/x64/lib/python3.12/site-packages/pywasm/core.py\", line 1724, in invocate\n    self.evaluate()\n  File \"/opt/hostedtoolcache/Python/3.12.12/x64/lib/python3.12/site-packages/pywasm/core.py\", line 1888, in evaluate\n    self.evaluate_call(addr)\n  File \"/opt/hostedtoolcache/Python/3.12.12/x64/lib/python3.12/site-packages/pywasm/core.py\", line 1788, in evaluate_call\n    rets = func.hostcode(self, [e.into_all() for e in args])\n           ^^^^^^^^^^^^^^^^^^^^^^^^^^^^^^^^^^^^^^^^^^^^^^^^^\n  File \"/opt/hostedtoolcache/Python/3.12.12/x64/lib/python3.12/site-packages/pywasm/wasi.py\", line 490, in args_get\n    mems.put(argv_buf, bytearray(e.encode()))\n                                 ^^^^^^^^\nAttributeError: 'list' object has no attribute 'encode'\n"]}, {"name": "path_rename", "executed": true, "duration_s": 0.21453189849853516, "failures": ["Wait(exit_code=0) failed: expected 0, got 1\n\n==STDERR==\nTraceback (most recent call last):\n  File \"/home/runner/work/wasi-testsuite/wasi-testsuite/tools/run-pywasm\", line 28, in <module>\n    exit = wasi.main(runtime, instance)\n           ^^^^^^^^^^^^^^^^^^^^^^^^^^^^\n  File \"/opt/hostedtoolcache/Python/3.12.12/x64/lib/python3.12/site-packages/pywasm/wasi.py\", line 1032, in main\n    raise e\n  File \"/opt/hostedtoolcache/Python/3.12.12/x64/lib/python3.12/site-packages/pywasm/wasi.py\", line 1025, in main\n    runtime.invocate(module, '_start', [])\n  File \"/opt/hostedtoolcache/Python/3.12.12/x64/lib/python3.12/site-packages/pywasm/core.py\", line 4190, in invocate\n    func_rets = self.machine.invocate(func_addr, func_args)\n                ^^^^^^^^^^^^^^^^^^^^^^^^^^^^^^^^^^^^^^^^^^^\n  File \"/opt/hostedtoolcache/Python/3.12.12/x64/lib/python3.12/site-packages/pywasm/core.py\", line 1724, in invocate\n    self.evaluate()\n  File \"/opt/hostedtoolcache/Python/3.12.12/x64/lib/python3.12/site-packages/pywasm/core.py\", line 1888, in evaluate\n    self.evaluate_call(addr)\n  File \"/opt/hostedtoolcache/Python/3.12.12/x64/lib/python3.12/site-packages/pywasm/core.py\", line 1788, in evaluate_call\n    rets = func.hostcode(self, [e.into_all() for e in args])\n           ^^^^^^^^^^^^^^^^^^^^^^^^^^^^^^^^^^^^^^^^^^^^^^^^^\n  File \"/opt/hostedtoolcache/Python/3.12.12/x64/lib/python3.12/site-packages/pywasm/wasi.py\", line 490, in args_get\n    mems.put(argv_buf, bytearray(e.encode()))\n                                 ^^^^^^^^\nAttributeError: 'list' object has no attribute 'encode'\n"]}, {"name": "fd_advise", "executed": true, "duration_s": 0.17025351524353027, "failures": ["Wait(exit_code=0) failed: expected 0, got 1\n\n==STDERR==\nTraceback (most recent call last):\n  File \"/home/runner/work/wasi-testsuite/wasi-testsuite/tools/run-pywasm\", line 28, in <module>\n    exit = wasi.main(runtime, instance)\n           ^^^^^^^^^^^^^^^^^^^^^^^^^^^^\n  File \"/opt/hostedtoolcache/Python/3.12.12/x64/lib/python3.12/site-packages/pywasm/wasi.py\", line 1032, in main\n    raise e\n  File \"/opt/hostedtoolcache/Python/3.12.12/x64/lib/python3.12/site-packages/pywasm/wasi.py\", line 1025, in main\n    runtime.invocate(module, '_start', [])\n  File \"/opt/hostedtoolcache/Python/3.12.12/x64/lib/python3.12/site-packages/pywasm/core.py\", line 4190, in invocate\n    func_rets = self.machine.invocate(func_addr, func_args)\n                ^^^^^^^^^^^^^^^^^^^^^^^^^^^^^^^^^^^^^^^^^^^\n  File \"/opt/hostedtoolcache/Python/3.12.12/x64/lib/python3.12/site-packages/pywasm/core.py\", line 1724, in invocate\n    self.evaluate()\n  File \"/opt/hostedtoolcache/Python/3.12.12/x64/lib/python3.12/site-packages/pywasm/core.py\", line 1888, in evaluate\n    self.evaluate_call(addr)\n  File \"/opt/hostedtoolcache/Python/3.12.12/x64/lib/python3.12/site-packages/pywasm/core.py\", line 1788, in evaluate_call\n    rets = func.hostcode(self, [e.into_all() for e in args])\n           ^^^^^^^^^^^^^^^^^^^^^^^^^^^^^^^^^^^^^^^^^^^^^^^^^\n  File \"/opt/hostedtoolcache/Python/3.12.12/x64/lib/python3.12/site-packages/pywasm/wasi.py\", line 490, in args_get\n    mems.put(argv_buf, bytearray(e.encode()))\n                                 ^^^^^^^^\nAttributeError: 'list' object has no attribute 'encode'\n"]}, {"name": "fd_filestat_set", "executed": true, "duration_s": 0.16861605644226074, "failures": ["Wait(exit_code=0) failed: expected 0, got 1\n\n==STDERR==\nTraceback (most recent call last):\n  File \"/home/runner/work/wasi-testsuite/wasi-testsuite/tools/run-pywasm\", line 28, in <module>\n    exit = wasi.main(runtime, instance)\n           ^^^^^^^^^^^^^^^^^^^^^^^^^^^^\n  File \"/opt/hostedtoolcache/Python/3.12.12/x64/lib/python3.12/site-packages/pywasm/wasi.py\", line 1032, in main\n    raise e\n  File \"/opt/hostedtoolcache/Python/3.12.12/x64/lib/python3.12/site-packages/pywasm/wasi.py\", line 1025, in main\n    runtime.invocate(module, '_start', [])\n  File \"/opt/hostedtoolcache/Python/3.12.12/x64/lib/python3.12/site-packages/pywasm/core.py\", line 4190, in invocate\n    func_rets = self.machine.invocate(func_addr, func_args)\n                ^^^^^^^^^^^^^^^^^^^^^^^^^^^^^^^^^^^^^^^^^^^\n  File \"/opt/hostedtoolcache/Python/3.12.12/x64/lib/python3.12/site-packages/pywasm/core.py\", line 1724, in invocate\n    self.evaluate()\n  File \"/opt/hostedtoolcache/Python/3.12.12/x64/lib/python3.12/site-packages/pywasm/core.py\", line 1888, in evaluate\n    self.evaluate_call(addr)\n  File \"/opt/hostedtoolcache/Python/3.12.12/x64/lib/python3.12/site-packages/pywasm/core.py\", line 1788, in evaluate_call\n    rets = func.hostcode(self, [e.into_all() for e in args])\n           ^^^^^^^^^^^^^^^^^^^^^^^^^^^^^^^^^^^^^^^^^^^^^^^^^\n  File \"/opt/hostedtoolcache/Python/3.12.12/x64/lib/python3.12/site-packages/pywasm/wasi.py\", line 490, in args_get\n    mems.put(argv_buf, bytearray(e.encode()))\n                                 ^^^^^^^^\nAttributeError: 'list' object has no attribute 'encode'\n"]}, {"name": "fd_flags_set", "executed": true, "duration_s": 0.17609453201293945, "failures": ["Wait(exit_code=0) failed: expected 0, got 1\n\n==STDERR==\nTraceback (most recent call last):\n  File \"/home/runner/work/wasi-testsuite/wasi-testsuite/tools/run-pywasm\", line 28, in <module>\n    exit = wasi.main(runtime, instance)\n           ^^^^^^^^^^^^^^^^^^^^^^^^^^^^\n  File \"/opt/hostedtoolcache/Python/3.12.12/x64/lib/python3.12/site-packages/pywasm/wasi.py\", line 1032, in main\n    raise e\n  File \"/opt/hostedtoolcache/Python/3.12.12/x64/lib/python3.12/site-packages/pywasm/wasi.py\", line 1025, in main\n    runtime.invocate(module, '_start', [])\n  File \"/opt/hostedtoolcache/Python/3.12.12/x64/lib/python3.12/site-packages/pywasm/core.py\", line 4190, in invocate\n    func_rets = self.machine.invocate(func_addr, func_args)\n                ^^^^^^^^^^^^^^^^^^^^^^^^^^^^^^^^^^^^^^^^^^^\n  File \"/opt/hostedtoolcache/Python/3.12.12/x64/lib/python3.12/site-packages/pywasm/core.py\", line 1724, in invocate\n    self.evaluate()\n  File \"/opt/hostedtoolcache/Python/3.12.12/x64/lib/python3.12/site-packages/pywasm/core.py\", line 1888, in evaluate\n    self.evaluate_call(addr)\n  File \"/opt/hostedtoolcache/Python/3.12.12/x64/lib/python3.12/site-packages/pywasm/core.py\", line 1788, in evaluate_call\n    rets = func.hostcode(self, [e.into_all() for e in args])\n           ^^^^^^^^^^^^^^^^^^^^^^^^^^^^^^^^^^^^^^^^^^^^^^^^^\n  File \"/opt/hostedtoolcache/Python/3.12.12/x64/lib/python3.12/site-packages/pywasm/wasi.py\", line 490, in args_get\n    mems.put(argv_buf, bytearray(e.encode()))\n                                 ^^^^^^^^\nAttributeError: 'list' object has no attribute 'encode'\n"]}, {"name": "sched_yield", "executed": true, "duration_s": 0.13507580757141113, "failures": []}, {"name": "clock_time_get", "executed": true, "duration_s": 0.13550949096679688, "failures": []}, {"name": "nofollow_errors", "executed": true, "duration_s": 0.1813793182373047, "failures": ["Wait(exit_code=0) failed: expected 0, got 1\n\n==STDERR==\nTraceback (most recent call last):\n  File \"/home/runner/work/wasi-testsuite/wasi-testsuite/tools/run-pywasm\", line 28, in <module>\n    exit = wasi.main(runtime, instance)\n           ^^^^^^^^^^^^^^^^^^^^^^^^^^^^\n  File \"/opt/hostedtoolcache/Python/3.12.12/x64/lib/python3.12/site-packages/pywasm/wasi.py\", line 1032, in main\n    raise e\n  File \"/opt/hostedtoolcache/Python/3.12.12/x64/lib/python3.12/site-packages/pywasm/wasi.py\", line 1025, in main\n    runtime.invocate(module, '_start', [])\n  File \"/opt/hostedtoolcache/Python/3.12.12/x64/lib/python3.12/site-packages/pywasm/core.py\", line 4190, in invocate\n    func_rets = self.machine.invocate(func_addr, func_args)\n                ^^^^^^^^^^^^^^^^^^^^^^^^^^^^^^^^^^^^^^^^^^^\n  File \"/opt/hostedtoolcache/Python/3.12.12/x64/lib/python3.12/site-packages/pywasm/core.py\", line 1724, in invocate\n    self.evaluate()\n  File \"/opt/hostedtoolcache/Python/3.12.12/x64/lib/python3.12/site-packages/pywasm/core.py\", line 1888, in evaluate\n    self.evaluate_call(addr)\n  File \"/opt/hostedtoolcache/Python/3.12.12/x64/lib/python3.12/site-packages/pywasm/core.py\", line 1788, in evaluate_call\n    rets = func.hostcode(self, [e.into_all() for e in args])\n           ^^^^^^^^^^^^^^^^^^^^^^^^^^^^^^^^^^^^^^^^^^^^^^^^^\n  File \"/opt/hostedtoolcache/Python/3.12.12/x64/lib/python3.12/site-packages/pywasm/wasi.py\", line 490, in args_get\n    mems.put(argv_buf, bytearray(e.encode()))\n                                 ^^^^^^^^\nAttributeError: 'list' object has no attribute 'encode'\n"]}, {"name": "file_truncation", "executed": true, "duration_s": 0.18654489517211914, "failures": ["Wait(exit_code=0) failed: expected 0, got 1\n\n==STDERR==\nTraceback (most recent call last):\n  File \"/home/runner/work/wasi-testsuite/wasi-testsuite/tools/run-pywasm\", line 28, in <module>\n    exit = wasi.main(runtime, instance)\n           ^^^^^^^^^^^^^^^^^^^^^^^^^^^^\n  File \"/opt/hostedtoolcache/Python/3.12.12/x64/lib/python3.12/site-packages/pywasm/wasi.py\", line 1032, in main\n    raise e\n  File \"/opt/hostedtoolcache/Python/3.12.12/x64/lib/python3.12/site-packages/pywasm/wasi.py\", line 1025, in main\n    runtime.invocate(module, '_start', [])\n  File \"/opt/hostedtoolcache/Python/3.12.12/x64/lib/python3.12/site-packages/pywasm/core.py\", line 4190, in invocate\n    func_rets = self.machine.invocate(func_addr, func_args)\n                ^^^^^^^^^^^^^^^^^^^^^^^^^^^^^^^^^^^^^^^^^^^\n  File \"/opt/hostedtoolcache/Python/3.12.12/x64/lib/python3.12/site-packages/pywasm/core.py\", line 1724, in invocate\n    self.evaluate()\n  File \"/opt/hostedtoolcache/Python/3.12.12/x64/lib/python3.12/site-packages/pywasm/core.py\", line 1888, in evaluate\n    self.evaluate_call(addr)\n  File \"/opt/hostedtoolcache/Python/3.12.12/x64/lib/python3.12/site-packages/pywasm/core.py\", line 1788, in evaluate_call\n    rets = func.hostcode(self, [e.into_all() for e in args])\n           ^^^^^^^^^^^^^^^^^^^^^^^^^^^^^^^^^^^^^^^^^^^^^^^^^\n  File \"/opt/hostedtoolcache/Python/3.12.12/x64/lib/python3.12/site-packages/pywasm/wasi.py\", line 490, in args_get\n    mems.put(argv_buf, bytearray(e.encode()))\n                                 ^^^^^^^^\nAttributeError: 'list' object has no attribute 'encode'\n"]}, {"name": "big_random_buf", "executed": true, "duration_s": 0.3053889274597168, "failures": []}, {"name": "dangling_fd", "executed": true, "duration_s": 0.18295717239379883, "failures": ["Wait(exit_code=0) failed: expected 0, got 1\n\n==STDERR==\nTraceback (most recent call last):\n  File \"/home/runner/work/wasi-testsuite/wasi-testsuite/tools/run-pywasm\", line 28, in <module>\n    exit = wasi.main(runtime, instance)\n           ^^^^^^^^^^^^^^^^^^^^^^^^^^^^\n  File \"/opt/hostedtoolcache/Python/3.12.12/x64/lib/python3.12/site-packages/pywasm/wasi.py\", line 1032, in main\n    raise e\n  File \"/opt/hostedtoolcache/Python/3.12.12/x64/lib/python3.12/site-packages/pywasm/wasi.py\", line 1025, in main\n    runtime.invocate(module, '_start', [])\n  File \"/opt/hostedtoolcache/Python/3.12.12/x64/lib/python3.12/site-packages/pywasm/core.py\", line 4190, in invocate\n    func_rets = self.machine.invocate(func_addr, func_args)\n                ^^^^^^^^^^^^^^^^^^^^^^^^^^^^^^^^^^^^^^^^^^^\n  File \"/opt/hostedtoolcache/Python/3.12.12/x64/lib/python3.12/site-packages/pywasm/core.py\", line 1724, in invocate\n    self.evaluate()\n  File \"/opt/hostedtoolcache/Python/3.12.12/x64/lib/python3.12/site-packages/pywasm/core.py\", line 1888, in evaluate\n    self.evaluate_call(addr)\n  File \"/opt/hostedtoolcache/Python/3.12.12/x64/lib/python3.12/site-packages/pywasm/core.py\", line 1788, in evaluate_call\n    rets = func.hostcode(self, [e.into_all() for e in args])\n           ^^^^^^^^^^^^^^^^^^^^^^^^^^^^^^^^^^^^^^^^^^^^^^^^^\n  File \"/opt/hostedtoolcache/Python/3.12.12/x64/lib/python3.12/site-packages/pywasm/wasi.py\", line 490, in args_get\n    mems.put(argv_buf, bytearray(e.encode()))\n                                 ^^^^^^^^\nAttributeError: 'list' object has no attribute 'encode'\n"]}, {"name": "fstflags_validate", "executed": true, "duration_s": 0.16775751113891602, "failures": ["Wait(exit_code=0) failed: expected 0, got 1\n\n==STDERR==\nTraceback (most recent call last):\n  File \"/home/runner/work/wasi-testsuite/wasi-testsuite/tools/run-pywasm\", line 28, in <module>\n    exit = wasi.main(runtime, instance)\n           ^^^^^^^^^^^^^^^^^^^^^^^^^^^^\n  File \"/opt/hostedtoolcache/Python/3.12.12/x64/lib/python3.12/site-packages/pywasm/wasi.py\", line 1032, in main\n    raise e\n  File \"/opt/hostedtoolcache/Python/3.12.12/x64/lib/python3.12/site-packages/pywasm/wasi.py\", line 1025, in main\n    runtime.invocate(module, '_start', [])\n  File \"/opt/hostedtoolcache/Python/3.12.12/x64/lib/python3.12/site-packages/pywasm/core.py\", line 4190, in invocate\n    func_rets = self.machine.invocate(func_addr, func_args)\n                ^^^^^^^^^^^^^^^^^^^^^^^^^^^^^^^^^^^^^^^^^^^\n  File \"/opt/hostedtoolcache/Python/3.12.12/x64/lib/python3.12/site-packages/pywasm/core.py\", line 1724, in invocate\n    self.evaluate()\n  File \"/opt/hostedtoolcache/Python/3.12.12/x64/lib/python3.12/site-packages/pywasm/core.py\", line 1888, in evaluate\n    self.evaluate_call(addr)\n  File \"/opt/hostedtoolcache/Python/3.12.12/x64/lib/python3.12/site-packages/pywasm/core.py\", line 1788, in evaluate_call\n    rets = func.hostcode(self, [e.into_all() for e in args])\n           ^^^^^^^^^^^^^^^^^^^^^^^^^^^^^^^^^^^^^^^^^^^^^^^^^\n  File \"/opt/hostedtoolcache/Python/3.12.12/x64/lib/python3.12/site-packages/pywasm/wasi.py\", line 490, in args_get\n    mems.put(argv_buf, bytearray(e.encode()))\n                                 ^^^^^^^^\nAttributeError: 'list' object has no attribute 'encode'\n"]}, {"name": "dangling_symlink", "executed": true, "duration_s": 0.19154834747314453, "failures": ["Wait(exit_code=0) failed: expected 0, got 1\n\n==STDERR==\nTraceback (most recent call last):\n  File \"/home/runner/work/wasi-testsuite/wasi-testsuite/tools/run-pywasm\", line 28, in <module>\n    exit = wasi.main(runtime, instance)\n           ^^^^^^^^^^^^^^^^^^^^^^^^^^^^\n  File \"/opt/hostedtoolcache/Python/3.12.12/x64/lib/python3.12/site-packages/pywasm/wasi.py\", line 1032, in main\n    raise e\n  File \"/opt/hostedtoolcache/Python/3.12.12/x64/lib/python3.12/site-packages/pywasm/wasi.py\", line 1025, in main\n    runtime.invocate(module, '_start', [])\n  File \"/opt/hostedtoolcache/Python/3.12.12/x64/lib/python3.12/site-packages/pywasm/core.py\", line 4190, in invocate\n    func_rets = self.machine.invocate(func_addr, func_args)\n                ^^^^^^^^^^^^^^^^^^^^^^^^^^^^^^^^^^^^^^^^^^^\n  File \"/opt/hostedtoolcache/Python/3.12.12/x64/lib/python3.12/site-packages/pywasm/core.py\", line 1724, in invocate\n    self.evaluate()\n  File \"/opt/hostedtoolcache/Python/3.12.12/x64/lib/python3.12/site-packages/pywasm/core.py\", line 1888, in evaluate\n    self.evaluate_call(addr)\n  File \"/opt/hostedtoolcache/Python/3.12.12/x64/lib/python3.12/site-packages/pywasm/core.py\", line 1788, in evaluate_call\n    rets = func.hostcode(self, [e.into_all() for e in args])\n           ^^^^^^^^^^^^^^^^^^^^^^^^^^^^^^^^^^^^^^^^^^^^^^^^^\n  File \"/opt/hostedtoolcache/Python/3.12.12/x64/lib/python3.12/site-packages/pywasm/wasi.py\", line 490, in args_get\n    mems.put(argv_buf, bytearray(e.encode()))\n                                 ^^^^^^^^\nAttributeError: 'list' object has no attribute 'encode'\n"]}, {"name": "path_symlink_trailing_slashes", "executed": true, "duration_s": 0.21780729293823242, "failures": ["Wait(exit_code=0) failed: expected 0, got 1\n\n==STDERR==\nTraceback (most recent call last):\n  File \"/home/runner/work/wasi-testsuite/wasi-testsuite/tools/run-pywasm\", line 28, in <module>\n    exit = wasi.main(runtime, instance)\n           ^^^^^^^^^^^^^^^^^^^^^^^^^^^^\n  File \"/opt/hostedtoolcache/Python/3.12.12/x64/lib/python3.12/site-packages/pywasm/wasi.py\", line 1032, in main\n    raise e\n  File \"/opt/hostedtoolcache/Python/3.12.12/x64/lib/python3.12/site-packages/pywasm/wasi.py\", line 1025, in main\n    runtime.invocate(module, '_start', [])\n  File \"/opt/hostedtoolcache/Python/3.12.12/x64/lib/python3.12/site-packages/pywasm/core.py\", line 4190, in invocate\n    func_rets = self.machine.invocate(func_addr, func_args)\n                ^^^^^^^^^^^^^^^^^^^^^^^^^^^^^^^^^^^^^^^^^^^\n  File \"/opt/hostedtoolcache/Python/3.12.12/x64/lib/python3.12/site-packages/pywasm/core.py\", line 1724, in invocate\n    self.evaluate()\n  File \"/opt/hostedtoolcache/Python/3.12.12/x64/lib/python3.12/site-packages/pywasm/core.py\", line 1888, in evaluate\n    self.evaluate_call(addr)\n  File \"/opt/hostedtoolcache/Python/3.12.12/x64/lib/python3.12/site-packages/pywasm/core.py\", line 1788, in evaluate_call\n    rets = func.hostcode(self, [e.into_all() for e in args])\n           ^^^^^^^^^^^^^^^^^^^^^^^^^^^^^^^^^^^^^^^^^^^^^^^^^\n  File \"/opt/hostedtoolcache/Python/3.12.12/x64/lib/python3.12/site-packages/pywasm/wasi.py\", line 490, in args_get\n    mems.put(argv_buf, bytearray(e.encode()))\n                                 ^^^^^^^^\nAttributeError: 'list' object has no attribute 'encode'\n"]}, {"name": "path_exists", "executed": true, "duration_s": 0.17079401016235352, "failures": ["Wait(exit_code=0) failed: expected 0, got 1\n\n==STDERR==\nTraceback (most recent call last):\n  File \"/home/runner/work/wasi-testsuite/wasi-testsuite/tools/run-pywasm\", line 28, in <module>\n    exit = wasi.main(runtime, instance)\n           ^^^^^^^^^^^^^^^^^^^^^^^^^^^^\n  File \"/opt/hostedtoolcache/Python/3.12.12/x64/lib/python3.12/site-packages/pywasm/wasi.py\", line 1032, in main\n    raise e\n  File \"/opt/hostedtoolcache/Python/3.12.12/x64/lib/python3.12/site-packages/pywasm/wasi.py\", line 1025, in main\n    runtime.invocate(module, '_start', [])\n  File \"/opt/hostedtoolcache/Python/3.12.12/x64/lib/python3.12/site-packages/pywasm/core.py\", line 4190, in invocate\n    func_rets = self.machine.invocate(func_addr, func_args)\n                ^^^^^^^^^^^^^^^^^^^^^^^^^^^^^^^^^^^^^^^^^^^\n  File \"/opt/hostedtoolcache/Python/3.12.12/x64/lib/python3.12/site-packages/pywasm/core.py\", line 1724, in invocate\n    self.evaluate()\n  File \"/opt/hostedtoolcache/Python/3.12.12/x64/lib/python3.12/site-packages/pywasm/core.py\", line 1888, in evaluate\n    self.evaluate_call(addr)\n  File \"/opt/hostedtoolcache/Python/3.12.12/x64/lib/python3.12/site-packages/pywasm/core.py\", line 1788, in evaluate_call\n    rets = func.hostcode(self, [e.into_all() for e in args])\n           ^^^^^^^^^^^^^^^^^^^^^^^^^^^^^^^^^^^^^^^^^^^^^^^^^\n  File \"/opt/hostedtoolcache/Python/3.12.12/x64/lib/python3.12/site-packages/pywasm/wasi.py\", line 490, in args_get\n    mems.put(argv_buf, bytearray(e.encode()))\n                                 ^^^^^^^^\nAttributeError: 'list' object has no attribute 'encode'\n"]}, {"name": "file_allocate", "executed": true, "duration_s": 0.17283320426940918, "failures": ["Wait(exit_code=0) failed: expected 0, got 1\n\n==STDERR==\nTraceback (most recent call last):\n  File \"/home/runner/work/wasi-testsuite/wasi-testsuite/tools/run-pywasm\", line 28, in <module>\n    exit = wasi.main(runtime, instance)\n           ^^^^^^^^^^^^^^^^^^^^^^^^^^^^\n  File \"/opt/hostedtoolcache/Python/3.12.12/x64/lib/python3.12/site-packages/pywasm/wasi.py\", line 1032, in main\n    raise e\n  File \"/opt/hostedtoolcache/Python/3.12.12/x64/lib/python3.12/site-packages/pywasm/wasi.py\", line 1025, in main\n    runtime.invocate(module, '_start', [])\n  File \"/opt/hostedtoolcache/Python/3.12.12/x64/lib/python3.12/site-packages/pywasm/core.py\", line 4190, in invocate\n    func_rets = self.machine.invocate(func_addr, func_args)\n                ^^^^^^^^^^^^^^^^^^^^^^^^^^^^^^^^^^^^^^^^^^^\n  File \"/opt/hostedtoolcache/Python/3.12.12/x64/lib/python3.12/site-packages/pywasm/core.py\", line 1724, in invocate\n    self.evaluate()\n  File \"/opt/hostedtoolcache/Python/3.12.12/x64/lib/python3.12/site-packages/pywasm/core.py\", line 1888, in evaluate\n    self.evaluate_call(addr)\n  File \"/opt/hostedtoolcache/Python/3.12.12/x64/lib/python3.12/site-packages/pywasm/core.py\", line 1788, in evaluate_call\n    rets = func.hostcode(self, [e.into_all() for e in args])\n           ^^^^^^^^^^^^^^^^^^^^^^^^^^^^^^^^^^^^^^^^^^^^^^^^^\n  File \"/opt/hostedtoolcache/Python/3.12.12/x64/lib/python3.12/site-packages/pywasm/wasi.py\", line 490, in args_get\n    mems.put(argv_buf, bytearray(e.encode()))\n                                 ^^^^^^^^\nAttributeError: 'list' object has no attribute 'encode'\n"]}, {"name": "fd_readdir", "executed": true, "duration_s": 0.24368572235107422, "failures": ["Wait(exit_code=0) failed: expected 0, got 1\n\n==STDERR==\nTraceback (most recent call last):\n  File \"/home/runner/work/wasi-testsuite/wasi-testsuite/tools/run-pywasm\", line 28, in <module>\n    exit = wasi.main(runtime, instance)\n           ^^^^^^^^^^^^^^^^^^^^^^^^^^^^\n  File \"/opt/hostedtoolcache/Python/3.12.12/x64/lib/python3.12/site-packages/pywasm/wasi.py\", line 1032, in main\n    raise e\n  File \"/opt/hostedtoolcache/Python/3.12.12/x64/lib/python3.12/site-packages/pywasm/wasi.py\", line 1025, in main\n    runtime.invocate(module, '_start', [])\n  File \"/opt/hostedtoolcache/Python/3.12.12/x64/lib/python3.12/site-packages/pywasm/core.py\", line 4190, in invocate\n    func_rets = self.machine.invocate(func_addr, func_args)\n                ^^^^^^^^^^^^^^^^^^^^^^^^^^^^^^^^^^^^^^^^^^^\n  File \"/opt/hostedtoolcache/Python/3.12.12/x64/lib/python3.12/site-packages/pywasm/core.py\", line 1724, in invocate\n    self.evaluate()\n  File \"/opt/hostedtoolcache/Python/3.12.12/x64/lib/python3.12/site-packages/pywasm/core.py\", line 1888, in evaluate\n    self.evaluate_call(addr)\n  File \"/opt/hostedtoolcache/Python/3.12.12/x64/lib/python3.12/site-packages/pywasm/core.py\", line 1788, in evaluate_call\n    rets = func.hostcode(self, [e.into_all() for e in args])\n           ^^^^^^^^^^^^^^^^^^^^^^^^^^^^^^^^^^^^^^^^^^^^^^^^^\n  File \"/opt/hostedtoolcache/Python/3.12.12/x64/lib/python3.12/site-packages/pywasm/wasi.py\", line 490, in args_get\n    mems.put(argv_buf, bytearray(e.encode()))\n                                 ^^^^^^^^\nAttributeError: 'list' object has no attribute 'encode'\n"]}, {"name": "symlink_create", "executed": true, "duration_s": 0.1712632179260254, "failures": ["Wait(exit_code=0) failed: expected 0, got 1\n\n==STDERR==\nTraceback (most recent call last):\n  File \"/home/runner/work/wasi-testsuite/wasi-testsuite/tools/run-pywasm\", line 28, in <module>\n    exit = wasi.main(runtime, instance)\n           ^^^^^^^^^^^^^^^^^^^^^^^^^^^^\n  File \"/opt/hostedtoolcache/Python/3.12.12/x64/lib/python3.12/site-packages/pywasm/wasi.py\", line 1032, in main\n    raise e\n  File \"/opt/hostedtoolcache/Python/3.12.12/x64/lib/python3.12/site-packages/pywasm/wasi.py\", line 1025, in main\n    runtime.invocate(module, '_start', [])\n  File \"/opt/hostedtoolcache/Python/3.12.12/x64/lib/python3.12/site-packages/pywasm/core.py\", line 4190, in invocate\n    func_rets = self.machine.invocate(func_addr, func_args)\n                ^^^^^^^^^^^^^^^^^^^^^^^^^^^^^^^^^^^^^^^^^^^\n  File \"/opt/hostedtoolcache/Python/3.12.12/x64/lib/python3.12/site-packages/pywasm/core.py\", line 1724, in invocate\n    self.evaluate()\n  File \"/opt/hostedtoolcache/Python/3.12.12/x64/lib/python3.12/site-packages/pywasm/core.py\", line 1888, in evaluate\n    self.evaluate_call(addr)\n  File \"/opt/hostedtoolcache/Python/3.12.12/x64/lib/python3.12/site-packages/pywasm/core.py\", line 1788, in evaluate_call\n    rets = func.hostcode(self, [e.into_all() for e in args])\n           ^^^^^^^^^^^^^^^^^^^^^^^^^^^^^^^^^^^^^^^^^^^^^^^^^\n  File \"/opt/hostedtoolcache/Python/3.12.12/x64/lib/python3.12/site-packages/pywasm/wasi.py\", line 490, in args_get\n    mems.put(argv_buf, bytearray(e.encode()))\n                                 ^^^^^^^^\nAttributeError: 'list' object has no attribute 'encode'\n"]}, {"name": "unlink_file_trailing_slashes", "executed": true, "duration_s": 0.21204805374145508, "failures": ["Wait(exit_code=0) failed: expected 0, got 1\n\n==STDERR==\nTraceback (most recent call last):\n  File \"/home/runner/work/wasi-testsuite/wasi-testsuite/tools/run-pywasm\", line 28, in <module>\n    exit = wasi.main(runtime, instance)\n           ^^^^^^^^^^^^^^^^^^^^^^^^^^^^\n  File \"/opt/hostedtoolcache/Python/3.12.12/x64/lib/python3.12/site-packages/pywasm/wasi.py\", line 1032, in main\n    raise e\n  File \"/opt/hostedtoolcache/Python/3.12.12/x64/lib/python3.12/site-packages/pywasm/wasi.py\", line 1025, in main\n    runtime.invocate(module, '_start', [])\n  File \"/opt/hostedtoolcache/Python/3.12.12/x64/lib/python3.12/site-packages/pywasm/core.py\", line 4190, in invocate\n    func_rets = self.machine.invocate(func_addr, func_args)\n                ^^^^^^^^^^^^^^^^^^^^^^^^^^^^^^^^^^^^^^^^^^^\n  File \"/opt/hostedtoolcache/Python/3.12.12/x64/lib/python3.12/site-packages/pywasm/core.py\", line 1724, in invocate\n    self.evaluate()\n  File \"/opt/hostedtoolcache/Python/3.12.12/x64/lib/python3.12/site-packages/pywasm/core.py\", line 1888, in evaluate\n    self.evaluate_call(addr)\n  File \"/opt/hostedtoolcache/Python/3.12.12/x64/lib/python3.12/site-packages/pywasm/core.py\", line 1788, in evaluate_call\n    rets = func.hostcode(self, [e.into_all() for e in args])\n           ^^^^^^^^^^^^^^^^^^^^^^^^^^^^^^^^^^^^^^^^^^^^^^^^^\n  File \"/opt/hostedtoolcache/Python/3.12.12/x64/lib/python3.12/site-packages/pywasm/wasi.py\", line 490, in args_get\n    mems.put(argv_buf, bytearray(e.encode()))\n                                 ^^^^^^^^\nAttributeError: 'list' object has no attribute 'encode'\n"]}, {"name": "close_preopen", "executed": true, "duration_s": 0.17256808280944824, "failures": ["Wait(exit_code=0) failed: expected 0, got 1\n\n==STDERR==\nTraceback (most recent call last):\n  File \"/home/runner/work/wasi-testsuite/wasi-testsuite/tools/run-pywasm\", line 28, in <module>\n    exit = wasi.main(runtime, instance)\n           ^^^^^^^^^^^^^^^^^^^^^^^^^^^^\n  File \"/opt/hostedtoolcache/Python/3.12.12/x64/lib/python3.12/site-packages/pywasm/wasi.py\", line 1032, in main\n    raise e\n  File \"/opt/hostedtoolcache/Python/3.12.12/x64/lib/python3.12/site-packages/pywasm/wasi.py\", line 1025, in main\n    runtime.invocate(module, '_start', [])\n  File \"/opt/hostedtoolcache/Python/3.12.12/x64/lib/python3.12/site-packages/pywasm/core.py\", line 4190, in invocate\n    func_rets = self.machine.invocate(func_addr, func_args)\n                ^^^^^^^^^^^^^^^^^^^^^^^^^^^^^^^^^^^^^^^^^^^\n  File \"/opt/hostedtoolcache/Python/3.12.12/x64/lib/python3.12/site-packages/pywasm/core.py\", line 1724, in invocate\n    self.evaluate()\n  File \"/opt/hostedtoolcache/Python/3.12.12/x64/lib/python3.12/site-packages/pywasm/core.py\", line 1888, in evaluate\n    self.evaluate_call(addr)\n  File \"/opt/hostedtoolcache/Python/3.12.12/x64/lib/python3.12/site-packages/pywasm/core.py\", line 1788, in evaluate_call\n    rets = func.hostcode(self, [e.into_all() for e in args])\n           ^^^^^^^^^^^^^^^^^^^^^^^^^^^^^^^^^^^^^^^^^^^^^^^^^\n  File \"/opt/hostedtoolcache/Python/3.12.12/x64/lib/python3.12/site-packages/pywasm/wasi.py\", line 490, in args_get\n    mems.put(argv_buf, bytearray(e.encode()))\n                                 ^^^^^^^^\nAttributeError: 'list' object has no attribute 'encode'\n"]}, {"name": "path_filestat", "executed": true, "duration_s": 0.17846035957336426, "failures": ["Wait(exit_code=0) failed: expected 0, got 1\n\n==STDERR==\nTraceback (most recent call last):\n  File \"/home/runner/work/wasi-testsuite/wasi-testsuite/tools/run-pywasm\", line 28, in <module>\n    exit = wasi.main(runtime, instance)\n           ^^^^^^^^^^^^^^^^^^^^^^^^^^^^\n  File \"/opt/hostedtoolcache/Python/3.12.12/x64/lib/python3.12/site-packages/pywasm/wasi.py\", line 1032, in main\n    raise e\n  File \"/opt/hostedtoolcache/Python/3.12.12/x64/lib/python3.12/site-packages/pywasm/wasi.py\", line 1025, in main\n    runtime.invocate(module, '_start', [])\n  File \"/opt/hostedtoolcache/Python/3.12.12/x64/lib/python3.12/site-packages/pywasm/core.py\", line 4190, in invocate\n    func_rets = self.machine.invocate(func_addr, func_args)\n                ^^^^^^^^^^^^^^^^^^^^^^^^^^^^^^^^^^^^^^^^^^^\n  File \"/opt/hostedtoolcache/Python/3.12.12/x64/lib/python3.12/site-packages/pywasm/core.py\", line 1724, in invocate\n    self.evaluate()\n  File \"/opt/hostedtoolcache/Python/3.12.12/x64/lib/python3.12/site-packages/pywasm/core.py\", line 1888, in evaluate\n    self.evaluate_call(addr)\n  File \"/opt/hostedtoolcache/Python/3.12.12/x64/lib/python3.12/site-packages/pywasm/core.py\", line 1788, in evaluate_call\n    rets = func.hostcode(self, [e.into_all() for e in args])\n           ^^^^^^^^^^^^^^^^^^^^^^^^^^^^^^^^^^^^^^^^^^^^^^^^^\n  File \"/opt/hostedtoolcache/Python/3.12.12/x64/lib/python3.12/site-packages/pywasm/wasi.py\", line 490, in args_get\n    mems.put(argv_buf, bytearray(e.encode()))\n                                 ^^^^^^^^\nAttributeError: 'list' object has no attribute 'encode'\n"]}, {"name": "stdio", "executed": true, "duration_s": 0.17002081871032715, "failures": ["Wait(exit_code=0) failed: expected 0, got 1\n\n==STDERR==\nTraceback (most recent call last):\n  File \"/home/runner/work/wasi-testsuite/wasi-testsuite/tools/run-pywasm\", line 28, in <module>\n    exit = wasi.main(runtime, instance)\n           ^^^^^^^^^^^^^^^^^^^^^^^^^^^^\n  File \"/opt/hostedtoolcache/Python/3.12.12/x64/lib/python3.12/site-packages/pywasm/wasi.py\", line 1032, in main\n    raise e\n  File \"/opt/hostedtoolcache/Python/3.12.12/x64/lib/python3.12/site-packages/pywasm/wasi.py\", line 1025, in main\n    runtime.invocate(module, '_start', [])\n  File \"/opt/hostedtoolcache/Python/3.12.12/x64/lib/python3.12/site-packages/pywasm/core.py\", line 4190, in invocate\n    func_rets = self.machine.invocate(func_addr, func_args)\n                ^^^^^^^^^^^^^^^^^^^^^^^^^^^^^^^^^^^^^^^^^^^\n  File \"/opt/hostedtoolcache/Python/3.12.12/x64/lib/python3.12/site-packages/pywasm/core.py\", line 1724, in invocate\n    self.evaluate()\n  File \"/opt/hostedtoolcache/Python/3.12.12/x64/lib/python3.12/site-packages/pywasm/core.py\", line 1888, in evaluate\n    self.evaluate_call(addr)\n  File \"/opt/hostedtoolcache/Python/3.12.12/x64/lib/python3.12/site-packages/pywasm/core.py\", line 1788, in evaluate_call\n    rets = func.hostcode(self, [e.into_all() for e in args])\n           ^^^^^^^^^^^^^^^^^^^^^^^^^^^^^^^^^^^^^^^^^^^^^^^^^\n  File \"/opt/hostedtoolcache/Python/3.12.12/x64/lib/python3.12/site-packages/pywasm/wasi.py\", line 490, in args_get\n    mems.put(argv_buf, bytearray(e.encode()))\n                                 ^^^^^^^^\nAttributeError: 'list' object has no attribute 'encode'\n"]}, {"name": "truncation_rights", "executed": true, "duration_s": 0.17617177963256836, "failures": ["Wait(exit_code=0) failed: expected 0, got 1\n\n==STDERR==\nTraceback (most recent call last):\n  File \"/home/runner/work/wasi-testsuite/wasi-testsuite/tools/run-pywasm\", line 28, in <module>\n    exit = wasi.main(runtime, instance)\n           ^^^^^^^^^^^^^^^^^^^^^^^^^^^^\n  File \"/opt/hostedtoolcache/Python/3.12.12/x64/lib/python3.12/site-packages/pywasm/wasi.py\", line 1032, in main\n    raise e\n  File \"/opt/hostedtoolcache/Python/3.12.12/x64/lib/python3.12/site-packages/pywasm/wasi.py\", line 1025, in main\n    runtime.invocate(module, '_start', [])\n  File \"/opt/hostedtoolcache/Python/3.12.12/x64/lib/python3.12/site-packages/pywasm/core.py\", line 4190, in invocate\n    func_rets = self.machine.invocate(func_addr, func_args)\n                ^^^^^^^^^^^^^^^^^^^^^^^^^^^^^^^^^^^^^^^^^^^\n  File \"/opt/hostedtoolcache/Python/3.12.12/x64/lib/python3.12/site-packages/pywasm/core.py\", line 1724, in invocate\n    self.evaluate()\n  File \"/opt/hostedtoolcache/Python/3.12.12/x64/lib/python3.12/site-packages/pywasm/core.py\", line 1888, in evaluate\n    self.evaluate_call(addr)\n  File \"/opt/hostedtoolcache/Python/3.12.12/x64/lib/python3.12/site-packages/pywasm/core.py\", line 1788, in evaluate_call\n    rets = func.hostcode(self, [e.into_all() for e in args])\n           ^^^^^^^^^^^^^^^^^^^^^^^^^^^^^^^^^^^^^^^^^^^^^^^^^\n  File \"/opt/hostedtoolcache/Python/3.12.12/x64/lib/python3.12/site-packages/pywasm/wasi.py\", line 490, in args_get\n    mems.put(argv_buf, bytearray(e.encode()))\n                                 ^^^^^^^^\nAttributeError: 'list' object has no attribute 'encode'\n"]}, {"name": "renumber", "executed": true, "duration_s": 0.17461347579956055, "failures": ["Wait(exit_code=0) failed: expected 0, got 1\n\n==STDERR==\nTraceback (most recent call last):\n  File \"/home/runner/work/wasi-testsuite/wasi-testsuite/tools/run-pywasm\", line 28, in <module>\n    exit = wasi.main(runtime, instance)\n           ^^^^^^^^^^^^^^^^^^^^^^^^^^^^\n  File \"/opt/hostedtoolcache/Python/3.12.12/x64/lib/python3.12/site-packages/pywasm/wasi.py\", line 1032, in main\n    raise e\n  File \"/opt/hostedtoolcache/Python/3.12.12/x64/lib/python3.12/site-packages/pywasm/wasi.py\", line 1025, in main\n    runtime.invocate(module, '_start', [])\n  File \"/opt/hostedtoolcache/Python/3.12.12/x64/lib/python3.12/site-packages/pywasm/core.py\", line 4190, in invocate\n    func_rets = self.machine.invocate(func_addr, func_args)\n                ^^^^^^^^^^^^^^^^^^^^^^^^^^^^^^^^^^^^^^^^^^^\n  File \"/opt/hostedtoolcache/Python/3.12.12/x64/lib/python3.12/site-packages/pywasm/core.py\", line 1724, in invocate\n    self.evaluate()\n  File \"/opt/hostedtoolcache/Python/3.12.12/x64/lib/python3.12/site-packages/pywasm/core.py\", line 1888, in evaluate\n    self.evaluate_call(addr)\n  File \"/opt/hostedtoolcache/Python/3.12.12/x64/lib/python3.12/site-packages/pywasm/core.py\", line 1788, in evaluate_call\n    rets = func.hostcode(self, [e.into_all() for e in args])\n           ^^^^^^^^^^^^^^^^^^^^^^^^^^^^^^^^^^^^^^^^^^^^^^^^^\n  File \"/opt/hostedtoolcache/Python/3.12.12/x64/lib/python3.12/site-packages/pywasm/wasi.py\", line 490, in args_get\n    mems.put(argv_buf, bytearray(e.encode()))\n                                 ^^^^^^^^\nAttributeError: 'list' object has no attribute 'encode'\n"]}, {"name": "file_pread_pwrite", "executed": true, "duration_s": 0.17953228950500488, "failures": ["Wait(exit_code=0) failed: expected 0, got 1\n\n==STDERR==\nTraceback (most recent call last):\n  File \"/home/runner/work/wasi-testsuite/wasi-testsuite/tools/run-pywasm\", line 28, in <module>\n    exit = wasi.main(runtime, instance)\n           ^^^^^^^^^^^^^^^^^^^^^^^^^^^^\n  File \"/opt/hostedtoolcache/Python/3.12.12/x64/lib/python3.12/site-packages/pywasm/wasi.py\", line 1032, in main\n    raise e\n  File \"/opt/hostedtoolcache/Python/3.12.12/x64/lib/python3.12/site-packages/pywasm/wasi.py\", line 1025, in main\n    runtime.invocate(module, '_start', [])\n  File \"/opt/hostedtoolcache/Python/3.12.12/x64/lib/python3.12/site-packages/pywasm/core.py\", line 4190, in invocate\n    func_rets = self.machine.invocate(func_addr, func_args)\n                ^^^^^^^^^^^^^^^^^^^^^^^^^^^^^^^^^^^^^^^^^^^\n  File \"/opt/hostedtoolcache/Python/3.12.12/x64/lib/python3.12/site-packages/pywasm/core.py\", line 1724, in invocate\n    self.evaluate()\n  File \"/opt/hostedtoolcache/Python/3.12.12/x64/lib/python3.12/site-packages/pywasm/core.py\", line 1888, in evaluate\n    self.evaluate_call(addr)\n  File \"/opt/hostedtoolcache/Python/3.12.12/x64/lib/python3.12/site-packages/pywasm/core.py\", line 1788, in evaluate_call\n    rets = func.hostcode(self, [e.into_all() for e in args])\n           ^^^^^^^^^^^^^^^^^^^^^^^^^^^^^^^^^^^^^^^^^^^^^^^^^\n  File \"/opt/hostedtoolcache/Python/3.12.12/x64/lib/python3.12/site-packages/pywasm/wasi.py\", line 490, in args_get\n    mems.put(argv_buf, bytearray(e.encode()))\n                                 ^^^^^^^^\nAttributeError: 'list' object has no attribute 'encode'\n"]}, {"name": "remove_directory_trailing_slashes", "executed": true, "duration_s": 0.18781471252441406, "failures": ["Wait(exit_code=0) failed: expected 0, got 1\n\n==STDERR==\nTraceback (most recent call last):\n  File \"/home/runner/work/wasi-testsuite/wasi-testsuite/tools/run-pywasm\", line 28, in <module>\n    exit = wasi.main(runtime, instance)\n           ^^^^^^^^^^^^^^^^^^^^^^^^^^^^\n  File \"/opt/hostedtoolcache/Python/3.12.12/x64/lib/python3.12/site-packages/pywasm/wasi.py\", line 1032, in main\n    raise e\n  File \"/opt/hostedtoolcache/Python/3.12.12/x64/lib/python3.12/site-packages/pywasm/wasi.py\", line 1025, in main\n    runtime.invocate(module, '_start', [])\n  File \"/opt/hostedtoolcache/Python/3.12.12/x64/lib/python3.12/site-packages/pywasm/core.py\", line 4190, in invocate\n    func_rets = self.machine.invocate(func_addr, func_args)\n                ^^^^^^^^^^^^^^^^^^^^^^^^^^^^^^^^^^^^^^^^^^^\n  File \"/opt/hostedtoolcache/Python/3.12.12/x64/lib/python3.12/site-packages/pywasm/core.py\", line 1724, in invocate\n    self.evaluate()\n  File \"/opt/hostedtoolcache/Python/3.12.12/x64/lib/python3.12/site-packages/pywasm/core.py\", line 1888, in evaluate\n    self.evaluate_call(addr)\n  File \"/opt/hostedtoolcache/Python/3.12.12/x64/lib/python3.12/site-packages/pywasm/core.py\", line 1788, in evaluate_call\n    rets = func.hostcode(self, [e.into_all() for e in args])\n           ^^^^^^^^^^^^^^^^^^^^^^^^^^^^^^^^^^^^^^^^^^^^^^^^^\n  File \"/opt/hostedtoolcache/Python/3.12.12/x64/lib/python3.12/site-packages/pywasm/wasi.py\", line 490, in args_get\n    mems.put(argv_buf, bytearray(e.encode()))\n                                 ^^^^^^^^\nAttributeError: 'list' object has no attribute 'encode'\n"]}, {"name": "remove_nonempty_directory", "executed": true, "duration_s": 0.17226028442382812, "failures": ["Wait(exit_code=0) failed: expected 0, got 1\n\n==STDERR==\nTraceback (most recent call last):\n  File \"/home/runner/work/wasi-testsuite/wasi-testsuite/tools/run-pywasm\", line 28, in <module>\n    exit = wasi.main(runtime, instance)\n           ^^^^^^^^^^^^^^^^^^^^^^^^^^^^\n  File \"/opt/hostedtoolcache/Python/3.12.12/x64/lib/python3.12/site-packages/pywasm/wasi.py\", line 1032, in main\n    raise e\n  File \"/opt/hostedtoolcache/Python/3.12.12/x64/lib/python3.12/site-packages/pywasm/wasi.py\", line 1025, in main\n    runtime.invocate(module, '_start', [])\n  File \"/opt/hostedtoolcache/Python/3.12.12/x64/lib/python3.12/site-packages/pywasm/core.py\", line 4190, in invocate\n    func_rets = self.machine.invocate(func_addr, func_args)\n                ^^^^^^^^^^^^^^^^^^^^^^^^^^^^^^^^^^^^^^^^^^^\n  File \"/opt/hostedtoolcache/Python/3.12.12/x64/lib/python3.12/site-packages/pywasm/core.py\", line 1724, in invocate\n    self.evaluate()\n  File \"/opt/hostedtoolcache/Python/3.12.12/x64/lib/python3.12/site-packages/pywasm/core.py\", line 1888, in evaluate\n    self.evaluate_call(addr)\n  File \"/opt/hostedtoolcache/Python/3.12.12/x64/lib/python3.12/site-packages/pywasm/core.py\", line 1788, in evaluate_call\n    rets = func.hostcode(self, [e.into_all() for e in args])\n           ^^^^^^^^^^^^^^^^^^^^^^^^^^^^^^^^^^^^^^^^^^^^^^^^^\n  File \"/opt/hostedtoolcache/Python/3.12.12/x64/lib/python3.12/site-packages/pywasm/wasi.py\", line 490, in args_get\n    mems.put(argv_buf, bytearray(e.encode()))\n                                 ^^^^^^^^\nAttributeError: 'list' object has no attribute 'encode'\n"]}, {"name": "dir_fd_op_failures", "executed": true, "duration_s": 0.21251559257507324, "failures": ["Wait(exit_code=0) failed: expected 0, got 1\n\n==STDERR==\nTraceback (most recent call last):\n  File \"/home/runner/work/wasi-testsuite/wasi-testsuite/tools/run-pywasm\", line 28, in <module>\n    exit = wasi.main(runtime, instance)\n           ^^^^^^^^^^^^^^^^^^^^^^^^^^^^\n  File \"/opt/hostedtoolcache/Python/3.12.12/x64/lib/python3.12/site-packages/pywasm/wasi.py\", line 1032, in main\n    raise e\n  File \"/opt/hostedtoolcache/Python/3.12.12/x64/lib/python3.12/site-packages/pywasm/wasi.py\", line 1025, in main\n    runtime.invocate(module, '_start', [])\n  File \"/opt/hostedtoolcache/Python/3.12.12/x64/lib/python3.12/site-packages/pywasm/core.py\", line 4190, in invocate\n    func_rets = self.machine.invocate(func_addr, func_args)\n                ^^^^^^^^^^^^^^^^^^^^^^^^^^^^^^^^^^^^^^^^^^^\n  File \"/opt/hostedtoolcache/Python/3.12.12/x64/lib/python3.12/site-packages/pywasm/core.py\", line 1724, in invocate\n    self.evaluate()\n  File \"/opt/hostedtoolcache/Python/3.12.12/x64/lib/python3.12/site-packages/pywasm/core.py\", line 1888, in evaluate\n    self.evaluate_call(addr)\n  File \"/opt/hostedtoolcache/Python/3.12.12/x64/lib/python3.12/site-packages/pywasm/core.py\", line 1788, in evaluate_call\n    rets = func.hostcode(self, [e.into_all() for e in args])\n           ^^^^^^^^^^^^^^^^^^^^^^^^^^^^^^^^^^^^^^^^^^^^^^^^^\n  File \"/opt/hostedtoolcache/Python/3.12.12/x64/lib/python3.12/site-packages/pywasm/wasi.py\", line 490, in args_get\n    mems.put(argv_buf, bytearray(e.encode()))\n                                 ^^^^^^^^\nAttributeError: 'list' object has no attribute 'encode'\n"]}, {"name": "isatty", "executed": true, "duration_s": 0.16905570030212402, "failures": ["Wait(exit_code=0) failed: expected 0, got 1\n\n==STDERR==\nTraceback (most recent call last):\n  File \"/home/runner/work/wasi-testsuite/wasi-testsuite/tools/run-pywasm\", line 28, in <module>\n    exit = wasi.main(runtime, instance)\n           ^^^^^^^^^^^^^^^^^^^^^^^^^^^^\n  File \"/opt/hostedtoolcache/Python/3.12.12/x64/lib/python3.12/site-packages/pywasm/wasi.py\", line 1032, in main\n    raise e\n  File \"/opt/hostedtoolcache/Python/3.12.12/x64/lib/python3.12/site-packages/pywasm/wasi.py\", line 1025, in main\n    runtime.invocate(module, '_start', [])\n  File \"/opt/hostedtoolcache/Python/3.12.12/x64/lib/python3.12/site-packages/pywasm/core.py\", line 4190, in invocate\n    func_rets = self.machine.invocate(func_addr, func_args)\n                ^^^^^^^^^^^^^^^^^^^^^^^^^^^^^^^^^^^^^^^^^^^\n  File \"/opt/hostedtoolcache/Python/3.12.12/x64/lib/python3.12/site-packages/pywasm/core.py\", line 1724, in invocate\n    self.evaluate()\n  File \"/opt/hostedtoolcache/Python/3.12.12/x64/lib/python3.12/site-packages/pywasm/core.py\", line 1888, in evaluate\n    self.evaluate_call(addr)\n  File \"/opt/hostedtoolcache/Python/3.12.12/x64/lib/python3.12/site-packages/pywasm/core.py\", line 1788, in evaluate_call\n    rets = func.hostcode(self, [e.into_all() for e in args])\n           ^^^^^^^^^^^^^^^^^^^^^^^^^^^^^^^^^^^^^^^^^^^^^^^^^\n  File \"/opt/hostedtoolcache/Python/3.12.12/x64/lib/python3.12/site-packages/pywasm/wasi.py\", line 490, in args_get\n    mems.put(argv_buf, bytearray(e.encode()))\n                                 ^^^^^^^^\nAttributeError: 'list' object has no attribute 'encode'\n"]}, {"name": "symlink_loop", "executed": true, "duration_s": 0.18566370010375977, "failures": ["Wait(exit_code=0) failed: expected 0, got 1\n\n==STDERR==\nTraceback (most recent call last):\n  File \"/home/runner/work/wasi-testsuite/wasi-testsuite/tools/run-pywasm\", line 28, in <module>\n    exit = wasi.main(runtime, instance)\n           ^^^^^^^^^^^^^^^^^^^^^^^^^^^^\n  File \"/opt/hostedtoolcache/Python/3.12.12/x64/lib/python3.12/site-packages/pywasm/wasi.py\", line 1032, in main\n    raise e\n  File \"/opt/hostedtoolcache/Python/3.12.12/x64/lib/python3.12/site-packages/pywasm/wasi.py\", line 1025, in main\n    runtime.invocate(module, '_start', [])\n  File \"/opt/hostedtoolcache/Python/3.12.12/x64/lib/python3.12/site-packages/pywasm/core.py\", line 4190, in invocate\n    func_rets = self.machine.invocate(func_addr, func_args)\n                ^^^^^^^^^^^^^^^^^^^^^^^^^^^^^^^^^^^^^^^^^^^\n  File \"/opt/hostedtoolcache/Python/3.12.12/x64/lib/python3.12/site-packages/pywasm/core.py\", line 1724, in invocate\n    self.evaluate()\n  File \"/opt/hostedtoolcache/Python/3.12.12/x64/lib/python3.12/site-packages/pywasm/core.py\", line 1888, in evaluate\n    self.evaluate_call(addr)\n  File \"/opt/hostedtoolcache/Python/3.12.12/x64/lib/python3.12/site-packages/pywasm/core.py\", line 1788, in evaluate_call\n    rets = func.hostcode(self, [e.into_all() for e in args])\n           ^^^^^^^^^^^^^^^^^^^^^^^^^^^^^^^^^^^^^^^^^^^^^^^^^\n  File \"/opt/hostedtoolcache/Python/3.12.12/x64/lib/python3.12/site-packages/pywasm/wasi.py\", line 490, in args_get\n    mems.put(argv_buf, bytearray(e.encode()))\n                                 ^^^^^^^^\nAttributeError: 'list' object has no attribute 'encode'\n"]}]}, {"name": "WASI Rust tests [wasm32-wasip3]", "runtime": {"name": "pywasm", "version": "2.2.1"}, "duration_s": 0.005281, "failed": 0, "skipped": 37, "passed": 0, "tests": [{"name": "cli-env", "executed": false, "duration_s": 0, "failures": []}, {"name": "sockets-tcp-listen", "executed": false, "duration_s": 0, "failures": []}, {"name": "sockets-udp-bind", "executed": false, "duration_s": 0, "failures": []}, {"name": "sockets-udp-properties", "executed": false, "duration_s": 0, "failures": []}, {"name": "http-response", "executed": false, "duration_s": 0, "failures": []}, {"name": "filesystem-rename", "executed": false, "duration_s": 0, "failures": []}, {"name": "filesystem-flags-and-type", "executed": false, "duration_s": 0, "failures": []}, {"name": "sockets-tcp-connect", "executed": false, "duration_s": 0, "failures": []}, {"name": "http-fields", "executed": false, "duration_s": 0, "failures": []}, {"name": "cli-stdio", "executed": false, "duration_s": 0, "failures": []}, {"name": "random", "executed": false, "duration_s": 0, "failures": []}, {"name": "filesystem-io", "executed": false, "duration_s": 0, "failures": []}, {"name": "wall-clock", "executed": false, "duration_s": 0, "failures": []}, {"name": "sockets-udp-connect", "executed": false, "duration_s": 0, "failures": []}, {"name": "filesystem-hard-links", "executed": false, "duration_s": 0, "failures": []}, {"name": "http-request", "executed": false, "duration_s": 0, "failures": []}, {"name": "filesystem-advise", "executed": false, "duration_s": 0, "failures": []}, {"name": "run-with-err", "executed": false, "duration_s": 0, "failures": []}, {"name": "filesystem-is-same-object", "executed": false, "duration_s": 0, "failures": []}, {"name": "multi-clock-wait", "executed": false, "duration_s": 0, "failures": []}, {"name": "sockets-tcp-properties", "executed": false, "duration_s": 0, "failures": []}, {"name": "filesystem-dotdot", "executed": false, "duration_s": 0, "failures": []}, {"name": "sockets-udp-send", "executed": false, "duration_s": 0, "failures": []}, {"name": "sockets-tcp-send", "executed": false, "duration_s": 0, "failures": []}, {"name": "filesystem-read-directory", "executed": false, "duration_s": 0, "failures": []}, {"name": "filesystem-metadata-hash", "executed": false, "duration_s": 0, "failures": []}, {"name": "filesystem-open-errors", "executed": false, "duration_s": 0, "failures": []}, {"name": "cli-terminal", "executed": false, "duration_s": 0, "failures": []}, {"name": "filesystem-stat", "executed": false, "duration_s": 0, "failures": []}, {"name": "cli-stdio-roundtrip", "executed": false, "duration_s": 0, "failures": []}, {"name": "sockets-tcp-bind", "executed": false, "duration_s": 0, "failures": []}, {"name": "cli-exit", "executed": false, "duration_s": 0, "failures": []}, {"name": "sockets-tcp-receive", "executed": false, "duration_s": 0, "failures": []}, {"name": "sockets-udp-receive", "executed": false, "duration_s": 0, "failures": []}, {"name": "filesystem-set-size", "executed": false, "duration_s": 0, "failures": []}, {"name": "sockets-echo", "executed": false, "duration_s": 0, "failures": []}, {"name": "monotonic-clock", "executed": false, "duration_s": 0, "failures": []}]}, {"name": "WASI Assemblyscript  tests [wasm32-wasip1]", "runtime": {"name": "pywasm", "version": "2.2.1"}, "duration_s": 0.898233, "failed": 2, "skipped": 0, "passed": 10, "tests": [{"name": "proc_exit-success", "executed": true, "duration_s": 0.05946660041809082, "failures": []}, {"name": "random_get-zero-length", "executed": true, "duration_s": 0.09400343894958496, "failures": []}, {"name": "args_sizes_get-multiple-arguments", "executed": true, "duration_s": 0.06531190872192383, "failures": ["Wait(exit_code=0) failed: expected 0, got 255\n\n==STDERR==\nabort:  in src/args_sizes_get-multiple-arguments.ts(9:1)\n"]}, {"name": "random_get-non-zero-length", "executed": true, "duration_s": 0.06600618362426758, "failures": []}, {"name": "environ_sizes_get-multiple-variables", "executed": true, "duration_s": 0.06273555755615234, "failures": []}, {"name": "environ_get-multiple-variables", "executed": true, "duration_s": 0.12689495086669922, "failures": []}, {"name": "proc_exit-failure", "executed": true, "duration_s": 0.06137204170227051, "failures": []}, {"name": "args_get-multiple-arguments", "executed": true, "duration_s": 0.07643628120422363, "failures": ["Wait(exit_code=0) failed: expected 0, got 255\n\n==STDERR==\nabort:  in src/args_get-multiple-arguments.ts(9:1)\n"]}, {"name": "fd_write-to-stdout", "executed": true, "duration_s": 0.09890985488891602, "failures": []}, {"name": "args_sizes_get-no-arguments", "executed": true, "duration_s": 0.06105947494506836, "failures": []}, {"name": "fd_write-to-invalid-fd", "executed": true, "duration_s": 0.06001687049865723, "failures": []}, {"name": "environ_sizes_get-no-variables", "executed": true, "duration_s": 0.06323504447937012, "failures": []}]}, {"name": "WASI C tests [wasm32-wasip1]", "runtime": {"name": "pywasm", "version": "2.2.1"}, "duration_s": 1.374792, "failed": 3, "skipped": 0, "passed": 11, "tests": [{"name": "pwrite-with-access", "executed": true, "duration_s": 0.11009669303894043, "failures": ["Wait(exit_code=0) failed: expected 0, got 1\n\n==STDERR==\nTraceback (most recent call last):\n  File \"/home/runner/work/wasi-testsuite/wasi-testsuite/tools/run-pywasm\", line 28, in <module>\n    exit = wasi.main(runtime, instance)\n           ^^^^^^^^^^^^^^^^^^^^^^^^^^^^\n  File \"/opt/hostedtoolcache/Python/3.12.12/x64/lib/python3.12/site-packages/pywasm/wasi.py\", line 1032, in main\n    raise e\n  File \"/opt/hostedtoolcache/Python/3.12.12/x64/lib/python3.12/site-packages/pywasm/wasi.py\", line 1025, in main\n    runtime.invocate(module, '_start', [])\n  File \"/opt/hostedtoolcache/Python/3.12.12/x64/lib/python3.12/site-packages/pywasm/core.py\", line 4190, in invocate\n    func_rets = self.machine.invocate(func_addr, func_args)\n                ^^^^^^^^^^^^^^^^^^^^^^^^^^^^^^^^^^^^^^^^^^^\n  File \"/opt/hostedtoolcache/Python/3.12.12/x64/lib/python3.12/site-packages/pywasm/core.py\", line 1724, in invocate\n    self.evaluate()\n  File \"/opt/hostedtoolcache/Python/3.12.12/x64/lib/python3.12/site-packages/pywasm/core.py\", line 1888, in evaluate\n    self.evaluate_call(addr)\n  File \"/opt/hostedtoolcache/Python/3.12.12/x64/lib/python3.12/site-packages/pywasm/core.py\", line 1788, in evaluate_call\n    rets = func.hostcode(self, [e.into_all() for e in args])\n           ^^^^^^^^^^^^^^^^^^^^^^^^^^^^^^^^^^^^^^^^^^^^^^^^^\n  File \"/opt/hostedtoolcache/Python/3.12.12/x64/lib/python3.12/site-packages/pywasm/wasi.py\", line 490, in args_get\n    mems.put(argv_buf, bytearray(e.encode()))\n                                 ^^^^^^^^\nAttributeError: 'list' object has no attribute 'encode'\n"]}, {"name": "clock_getres-realtime", "executed": true, "duration_s": 0.08176493644714355, "failures": []}, {"name": "fopen-with-access", "executed": true, "duration_s": 0.11156272888183594, "failures": []}, {"name": "stat-dev-ino", "executed": true, "duration_s": 0.1091620922088623, "failures": []}, {"name": "clock_gettime-realtime", "executed": true, "duration_s": 0.08201837539672852, "failures": []}, {"name": "pread-with-access", "executed": true, "duration_s": 0.1079416275024414, "failures": ["Wait(exit_code=0) failed: expected 0, got 1\n\n==STDERR==\nTraceback (most recent call last):\n  File \"/home/runner/work/wasi-testsuite/wasi-testsuite/tools/run-pywasm\", line 28, in <module>\n    exit = wasi.main(runtime, instance)\n           ^^^^^^^^^^^^^^^^^^^^^^^^^^^^\n  File \"/opt/hostedtoolcache/Python/3.12.12/x64/lib/python3.12/site-packages/pywasm/wasi.py\", line 1032, in main\n    raise e\n  File \"/opt/hostedtoolcache/Python/3.12.12/x64/lib/python3.12/site-packages/pywasm/wasi.py\", line 1025, in main\n    runtime.invocate(module, '_start', [])\n  File \"/opt/hostedtoolcache/Python/3.12.12/x64/lib/python3.12/site-packages/pywasm/core.py\", line 4190, in invocate\n    func_rets = self.machine.invocate(func_addr, func_args)\n                ^^^^^^^^^^^^^^^^^^^^^^^^^^^^^^^^^^^^^^^^^^^\n  File \"/opt/hostedtoolcache/Python/3.12.12/x64/lib/python3.12/site-packages/pywasm/core.py\", line 1724, in invocate\n    self.evaluate()\n  File \"/opt/hostedtoolcache/Python/3.12.12/x64/lib/python3.12/site-packages/pywasm/core.py\", line 1888, in evaluate\n    self.evaluate_call(addr)\n  File \"/opt/hostedtoolcache/Python/3.12.12/x64/lib/python3.12/site-packages/pywasm/core.py\", line 1788, in evaluate_call\n    rets = func.hostcode(self, [e.into_all() for e in args])\n           ^^^^^^^^^^^^^^^^^^^^^^^^^^^^^^^^^^^^^^^^^^^^^^^^^\n  File \"/opt/hostedtoolcache/Python/3.12.12/x64/lib/python3.12/site-packages/pywasm/wasi.py\", line 490, in args_get\n    mems.put(argv_buf, bytearray(e.encode()))\n                                 ^^^^^^^^\nAttributeError: 'list' object has no attribute 'encode'\n"]}, {"name": "fdopendir-with-access", "executed": true, "duration_s": 0.10964059829711914, "failures": ["Wait(exit_code=0) failed: expected 0, got 1\n\n==STDERR==\nTraceback (most recent call last):\n  File \"/home/runner/work/wasi-testsuite/wasi-testsuite/tools/run-pywasm\", line 28, in <module>\n    exit = wasi.main(runtime, instance)\n           ^^^^^^^^^^^^^^^^^^^^^^^^^^^^\n  File \"/opt/hostedtoolcache/Python/3.12.12/x64/lib/python3.12/site-packages/pywasm/wasi.py\", line 1032, in main\n    raise e\n  File \"/opt/hostedtoolcache/Python/3.12.12/x64/lib/python3.12/site-packages/pywasm/wasi.py\", line 1025, in main\n    runtime.invocate(module, '_start', [])\n  File \"/opt/hostedtoolcache/Python/3.12.12/x64/lib/python3.12/site-packages/pywasm/core.py\", line 4190, in invocate\n    func_rets = self.machine.invocate(func_addr, func_args)\n                ^^^^^^^^^^^^^^^^^^^^^^^^^^^^^^^^^^^^^^^^^^^\n  File \"/opt/hostedtoolcache/Python/3.12.12/x64/lib/python3.12/site-packages/pywasm/core.py\", line 1724, in invocate\n    self.evaluate()\n  File \"/opt/hostedtoolcache/Python/3.12.12/x64/lib/python3.12/site-packages/pywasm/core.py\", line 1888, in evaluate\n    self.evaluate_call(addr)\n  File \"/opt/hostedtoolcache/Python/3.12.12/x64/lib/python3.12/site-packages/pywasm/core.py\", line 1788, in evaluate_call\n    rets = func.hostcode(self, [e.into_all() for e in args])\n           ^^^^^^^^^^^^^^^^^^^^^^^^^^^^^^^^^^^^^^^^^^^^^^^^^\n  File \"/opt/hostedtoolcache/Python/3.12.12/x64/lib/python3.12/site-packages/pywasm/wasi.py\", line 490, in args_get\n    mems.put(argv_buf, bytearray(e.encode()))\n                                 ^^^^^^^^\nAttributeError: 'list' object has no attribute 'encode'\n"]}, {"name": "clock_gettime-monotonic", "executed": true, "duration_s": 0.08146309852600098, "failures": []}, {"name": "fopen-with-no-access", "executed": true, "duration_s": 0.10198211669921875, "failures": []}, {"name": "clock_getres-monotonic", "executed": true, "duration_s": 0.08393526077270508, "failures": []}, {"name": "pwrite-with-append", "executed": true, "duration_s": 0.11187434196472168, "failures": []}, {"name": "lseek", "executed": true, "duration_s": 0.11521220207214355, "failures": []}, {"name": "sock_shutdown-invalid_fd", "executed": true, "duration_s": 0.08101892471313477, "failures": []}, {"name": "sock_shutdown-not_sock", "executed": true, "duration_s": 0.08333277702331543, "failures": []}]}]}