{"execution": {"start_timestamp": "2026-02-21T00:07:36.482Z", "finish_timestamp": "2026-02-21T00:07:47.106Z"}, "results": [{"name": "WASI Rust tests", "runtime": {"name": "pywasm", "version": "2.2.1"}, "duration_s": 0.000532, "failed": 0, "skipped": 0, "passed": 0, "tests": []}, {"name": "WASI Rust tests [wasm32-wasip1]", "runtime": {"name": "pywasm", "version": "2.2.1"}, "duration_s": 8.425415, "failed": 42, "skipped": 0, "passed": 4, "tests": [{"name": "path_open_preopen", "executed": true, "duration_s": 0.21314620971679688, "failures": ["Wait(exit_code=0) failed: expected 0, got 1\n\n==STDERR==\nTraceback (most recent call last):\n  File \"/home/runner/work/wasi-testsuite/wasi-testsuite/tools/run-pywasm\", line 28, in <module>\n    exit = wasi.main(runtime, instance)\n           ^^^^^^^^^^^^^^^^^^^^^^^^^^^^\n  File \"/opt/hostedtoolcache/Python/3.12.12/x64/lib/python3.12/site-packages/pywasm/wasi.py\", line 1032, in main\n    raise e\n  File \"/opt/hostedtoolcache/Python/3.12.12/x64/lib/python3.12/site-packages/pywasm/wasi.py\", line 1025, in main\n    runtime.invocate(module, '_start', [])\n  File \"/opt/hostedtoolcache/Python/3.12.12/x64/lib/python3.12/site-packages/pywasm/core.py\", line 4190, in invocate\n    func_rets = self.machine.invocate(func_addr, func_args)\n                ^^^^^^^^^^^^^^^^^^^^^^^^^^^^^^^^^^^^^^^^^^^\n  File \"/opt/hostedtoolcache/Python/3.12.12/x64/lib/python3.12/site-packages/pywasm/core.py\", line 1724, in invocate\n    self.evaluate()\n  File \"/opt/hostedtoolcache/Python/3.12.12/x64/lib/python3.12/site-packages/pywasm/core.py\", line 1888, in evaluate\n    self.evaluate_call(addr)\n  File \"/opt/hostedtoolcache/Python/3.12.12/x64/lib/python3.12/site-packages/pywasm/core.py\", line 1788, in evaluate_call\n    rets = func.hostcode(self, [e.into_all() for e in args])\n           ^^^^^^^^^^^^^^^^^^^^^^^^^^^^^^^^^^^^^^^^^^^^^^^^^\n  File \"/opt/hostedtoolcache/Python/3.12.12/x64/lib/python3.12/site-packages/pywasm/wasi.py\", line 490, in args_get\n    mems.put(argv_buf, bytearray(e.encode()))\n                                 ^^^^^^^^\nAttributeError: 'list' object has no attribute 'encode'\n"]}, {"name": "directory_seek", "executed": true, "duration_s": 0.17413043975830078, "failures": ["Wait(exit_code=0) failed: expected 0, got 1\n\n==STDERR==\nTraceback (most recent call last):\n  File \"/home/runner/work/wasi-testsuite/wasi-testsuite/tools/run-pywasm\", line 28, in <module>\n    exit = wasi.main(runtime, instance)\n           ^^^^^^^^^^^^^^^^^^^^^^^^^^^^\n  File \"/opt/hostedtoolcache/Python/3.12.12/x64/lib/python3.12/site-packages/pywasm/wasi.py\", line 1032, in main\n    raise e\n  File \"/opt/hostedtoolcache/Python/3.12.12/x64/lib/python3.12/site-packages/pywasm/wasi.py\", line 1025, in main\n    runtime.invocate(module, '_start', [])\n  File \"/opt/hostedtoolcache/Python/3.12.12/x64/lib/python3.12/site-packages/pywasm/core.py\", line 4190, in invocate\n    func_rets = self.machine.invocate(func_addr, func_args)\n                ^^^^^^^^^^^^^^^^^^^^^^^^^^^^^^^^^^^^^^^^^^^\n  File \"/opt/hostedtoolcache/Python/3.12.12/x64/lib/python3.12/site-packages/pywasm/core.py\", line 1724, in invocate\n    self.evaluate()\n  File \"/opt/hostedtoolcache/Python/3.12.12/x64/lib/python3.12/site-packages/pywasm/core.py\", line 1888, in evaluate\n    self.evaluate_call(addr)\n  File \"/opt/hostedtoolcache/Python/3.12.12/x64/lib/python3.12/site-packages/pywasm/core.py\", line 1788, in evaluate_call\n    rets = func.hostcode(self, [e.into_all() for e in args])\n           ^^^^^^^^^^^^^^^^^^^^^^^^^^^^^^^^^^^^^^^^^^^^^^^^^\n  File \"/opt/hostedtoolcache/Python/3.12.12/x64/lib/python3.12/site-packages/pywasm/wasi.py\", line 490, in args_get\n    mems.put(argv_buf, bytearray(e.encode()))\n                                 ^^^^^^^^\nAttributeError: 'list' object has no attribute 'encode'\n"]}, {"name": "file_seek_tell", "executed": true, "duration_s": 0.1760556697845459, "failures": ["Wait(exit_code=0) failed: expected 0, got 1\n\n==STDERR==\nTraceback (most recent call last):\n  File \"/home/runner/work/wasi-testsuite/wasi-testsuite/tools/run-pywasm\", line 28, in <module>\n    exit = wasi.main(runtime, instance)\n           ^^^^^^^^^^^^^^^^^^^^^^^^^^^^\n  File \"/opt/hostedtoolcache/Python/3.12.12/x64/lib/python3.12/site-packages/pywasm/wasi.py\", line 1032, in main\n    raise e\n  File \"/opt/hostedtoolcache/Python/3.12.12/x64/lib/python3.12/site-packages/pywasm/wasi.py\", line 1025, in main\n    runtime.invocate(module, '_start', [])\n  File \"/opt/hostedtoolcache/Python/3.12.12/x64/lib/python3.12/site-packages/pywasm/core.py\", line 4190, in invocate\n    func_rets = self.machine.invocate(func_addr, func_args)\n                ^^^^^^^^^^^^^^^^^^^^^^^^^^^^^^^^^^^^^^^^^^^\n  File \"/opt/hostedtoolcache/Python/3.12.12/x64/lib/python3.12/site-packages/pywasm/core.py\", line 1724, in invocate\n    self.evaluate()\n  File \"/opt/hostedtoolcache/Python/3.12.12/x64/lib/python3.12/site-packages/pywasm/core.py\", line 1888, in evaluate\n    self.evaluate_call(addr)\n  File \"/opt/hostedtoolcache/Python/3.12.12/x64/lib/python3.12/site-packages/pywasm/core.py\", line 1788, in evaluate_call\n    rets = func.hostcode(self, [e.into_all() for e in args])\n           ^^^^^^^^^^^^^^^^^^^^^^^^^^^^^^^^^^^^^^^^^^^^^^^^^\n  File \"/opt/hostedtoolcache/Python/3.12.12/x64/lib/python3.12/site-packages/pywasm/wasi.py\", line 490, in args_get\n    mems.put(argv_buf, bytearray(e.encode()))\n                                 ^^^^^^^^\nAttributeError: 'list' object has no attribute 'encode'\n"]}, {"name": "path_open_read_write", "executed": true, "duration_s": 0.17717576026916504, "failures": ["Wait(exit_code=0) failed: expected 0, got 1\n\n==STDERR==\nTraceback (most recent call last):\n  File \"/home/runner/work/wasi-testsuite/wasi-testsuite/tools/run-pywasm\", line 28, in <module>\n    exit = wasi.main(runtime, instance)\n           ^^^^^^^^^^^^^^^^^^^^^^^^^^^^\n  File \"/opt/hostedtoolcache/Python/3.12.12/x64/lib/python3.12/site-packages/pywasm/wasi.py\", line 1032, in main\n    raise e\n  File \"/opt/hostedtoolcache/Python/3.12.12/x64/lib/python3.12/site-packages/pywasm/wasi.py\", line 1025, in main\n    runtime.invocate(module, '_start', [])\n  File \"/opt/hostedtoolcache/Python/3.12.12/x64/lib/python3.12/site-packages/pywasm/core.py\", line 4190, in invocate\n    func_rets = self.machine.invocate(func_addr, func_args)\n                ^^^^^^^^^^^^^^^^^^^^^^^^^^^^^^^^^^^^^^^^^^^\n  File \"/opt/hostedtoolcache/Python/3.12.12/x64/lib/python3.12/site-packages/pywasm/core.py\", line 1724, in invocate\n    self.evaluate()\n  File \"/opt/hostedtoolcache/Python/3.12.12/x64/lib/python3.12/site-packages/pywasm/core.py\", line 1888, in evaluate\n    self.evaluate_call(addr)\n  File \"/opt/hostedtoolcache/Python/3.12.12/x64/lib/python3.12/site-packages/pywasm/core.py\", line 1788, in evaluate_call\n    rets = func.hostcode(self, [e.into_all() for e in args])\n           ^^^^^^^^^^^^^^^^^^^^^^^^^^^^^^^^^^^^^^^^^^^^^^^^^\n  File \"/opt/hostedtoolcache/Python/3.12.12/x64/lib/python3.12/site-packages/pywasm/wasi.py\", line 490, in args_get\n    mems.put(argv_buf, bytearray(e.encode()))\n                                 ^^^^^^^^\nAttributeError: 'list' object has no attribute 'encode'\n"]}, {"name": "overwrite_preopen", "executed": true, "duration_s": 0.18132424354553223, "failures": ["Wait(exit_code=0) failed: expected 0, got 1\n\n==STDERR==\nTraceback (most recent call last):\n  File \"/home/runner/work/wasi-testsuite/wasi-testsuite/tools/run-pywasm\", line 28, in <module>\n    exit = wasi.main(runtime, instance)\n           ^^^^^^^^^^^^^^^^^^^^^^^^^^^^\n  File \"/opt/hostedtoolcache/Python/3.12.12/x64/lib/python3.12/site-packages/pywasm/wasi.py\", line 1032, in main\n    raise e\n  File \"/opt/hostedtoolcache/Python/3.12.12/x64/lib/python3.12/site-packages/pywasm/wasi.py\", line 1025, in main\n    runtime.invocate(module, '_start', [])\n  File \"/opt/hostedtoolcache/Python/3.12.12/x64/lib/python3.12/site-packages/pywasm/core.py\", line 4190, in invocate\n    func_rets = self.machine.invocate(func_addr, func_args)\n                ^^^^^^^^^^^^^^^^^^^^^^^^^^^^^^^^^^^^^^^^^^^\n  File \"/opt/hostedtoolcache/Python/3.12.12/x64/lib/python3.12/site-packages/pywasm/core.py\", line 1724, in invocate\n    self.evaluate()\n  File \"/opt/hostedtoolcache/Python/3.12.12/x64/lib/python3.12/site-packages/pywasm/core.py\", line 1888, in evaluate\n    self.evaluate_call(addr)\n  File \"/opt/hostedtoolcache/Python/3.12.12/x64/lib/python3.12/site-packages/pywasm/core.py\", line 1788, in evaluate_call\n    rets = func.hostcode(self, [e.into_all() for e in args])\n           ^^^^^^^^^^^^^^^^^^^^^^^^^^^^^^^^^^^^^^^^^^^^^^^^^\n  File \"/opt/hostedtoolcache/Python/3.12.12/x64/lib/python3.12/site-packages/pywasm/wasi.py\", line 490, in args_get\n    mems.put(argv_buf, bytearray(e.encode()))\n                                 ^^^^^^^^\nAttributeError: 'list' object has no attribute 'encode'\n"]}, {"name": "symlink_filestat", "executed": true, "duration_s": 0.16837668418884277, "failures": ["Wait(exit_code=0) failed: expected 0, got 1\n\n==STDERR==\nTraceback (most recent call last):\n  File \"/home/runner/work/wasi-testsuite/wasi-testsuite/tools/run-pywasm\", line 28, in <module>\n    exit = wasi.main(runtime, instance)\n           ^^^^^^^^^^^^^^^^^^^^^^^^^^^^\n  File \"/opt/hostedtoolcache/Python/3.12.12/x64/lib/python3.12/site-packages/pywasm/wasi.py\", line 1032, in main\n    raise e\n  File \"/opt/hostedtoolcache/Python/3.12.12/x64/lib/python3.12/site-packages/pywasm/wasi.py\", line 1025, in main\n    runtime.invocate(module, '_start', [])\n  File \"/opt/hostedtoolcache/Python/3.12.12/x64/lib/python3.12/site-packages/pywasm/core.py\", line 4190, in invocate\n    func_rets = self.machine.invocate(func_addr, func_args)\n                ^^^^^^^^^^^^^^^^^^^^^^^^^^^^^^^^^^^^^^^^^^^\n  File \"/opt/hostedtoolcache/Python/3.12.12/x64/lib/python3.12/site-packages/pywasm/core.py\", line 1724, in invocate\n    self.evaluate()\n  File \"/opt/hostedtoolcache/Python/3.12.12/x64/lib/python3.12/site-packages/pywasm/core.py\", line 1888, in evaluate\n    self.evaluate_call(addr)\n  File \"/opt/hostedtoolcache/Python/3.12.12/x64/lib/python3.12/site-packages/pywasm/core.py\", line 1788, in evaluate_call\n    rets = func.hostcode(self, [e.into_all() for e in args])\n           ^^^^^^^^^^^^^^^^^^^^^^^^^^^^^^^^^^^^^^^^^^^^^^^^^\n  File \"/opt/hostedtoolcache/Python/3.12.12/x64/lib/python3.12/site-packages/pywasm/wasi.py\", line 490, in args_get\n    mems.put(argv_buf, bytearray(e.encode()))\n                                 ^^^^^^^^\nAttributeError: 'list' object has no attribute 'encode'\n"]}, {"name": "readlink", "executed": true, "duration_s": 0.17102694511413574, "failures": ["Wait(exit_code=0) failed: expected 0, got 1\n\n==STDERR==\nTraceback (most recent call last):\n  File \"/home/runner/work/wasi-testsuite/wasi-testsuite/tools/run-pywasm\", line 28, in <module>\n    exit = wasi.main(runtime, instance)\n           ^^^^^^^^^^^^^^^^^^^^^^^^^^^^\n  File \"/opt/hostedtoolcache/Python/3.12.12/x64/lib/python3.12/site-packages/pywasm/wasi.py\", line 1032, in main\n    raise e\n  File \"/opt/hostedtoolcache/Python/3.12.12/x64/lib/python3.12/site-packages/pywasm/wasi.py\", line 1025, in main\n    runtime.invocate(module, '_start', [])\n  File \"/opt/hostedtoolcache/Python/3.12.12/x64/lib/python3.12/site-packages/pywasm/core.py\", line 4190, in invocate\n    func_rets = self.machine.invocate(func_addr, func_args)\n                ^^^^^^^^^^^^^^^^^^^^^^^^^^^^^^^^^^^^^^^^^^^\n  File \"/opt/hostedtoolcache/Python/3.12.12/x64/lib/python3.12/site-packages/pywasm/core.py\", line 1724, in invocate\n    self.evaluate()\n  File \"/opt/hostedtoolcache/Python/3.12.12/x64/lib/python3.12/site-packages/pywasm/core.py\", line 1888, in evaluate\n    self.evaluate_call(addr)\n  File \"/opt/hostedtoolcache/Python/3.12.12/x64/lib/python3.12/site-packages/pywasm/core.py\", line 1788, in evaluate_call\n    rets = func.hostcode(self, [e.into_all() for e in args])\n           ^^^^^^^^^^^^^^^^^^^^^^^^^^^^^^^^^^^^^^^^^^^^^^^^^\n  File \"/opt/hostedtoolcache/Python/3.12.12/x64/lib/python3.12/site-packages/pywasm/wasi.py\", line 490, in args_get\n    mems.put(argv_buf, bytearray(e.encode()))\n                                 ^^^^^^^^\nAttributeError: 'list' object has no attribute 'encode'\n"]}, {"name": "path_open_create_existing", "executed": true, "duration_s": 0.1683335304260254, "failures": ["Wait(exit_code=0) failed: expected 0, got 1\n\n==STDERR==\nTraceback (most recent call last):\n  File \"/home/runner/work/wasi-testsuite/wasi-testsuite/tools/run-pywasm\", line 28, in <module>\n    exit = wasi.main(runtime, instance)\n           ^^^^^^^^^^^^^^^^^^^^^^^^^^^^\n  File \"/opt/hostedtoolcache/Python/3.12.12/x64/lib/python3.12/site-packages/pywasm/wasi.py\", line 1032, in main\n    raise e\n  File \"/opt/hostedtoolcache/Python/3.12.12/x64/lib/python3.12/site-packages/pywasm/wasi.py\", line 1025, in main\n    runtime.invocate(module, '_start', [])\n  File \"/opt/hostedtoolcache/Python/3.12.12/x64/lib/python3.12/site-packages/pywasm/core.py\", line 4190, in invocate\n    func_rets = self.machine.invocate(func_addr, func_args)\n                ^^^^^^^^^^^^^^^^^^^^^^^^^^^^^^^^^^^^^^^^^^^\n  File \"/opt/hostedtoolcache/Python/3.12.12/x64/lib/python3.12/site-packages/pywasm/core.py\", line 1724, in invocate\n    self.evaluate()\n  File \"/opt/hostedtoolcache/Python/3.12.12/x64/lib/python3.12/site-packages/pywasm/core.py\", line 1888, in evaluate\n    self.evaluate_call(addr)\n  File \"/opt/hostedtoolcache/Python/3.12.12/x64/lib/python3.12/site-packages/pywasm/core.py\", line 1788, in evaluate_call\n    rets = func.hostcode(self, [e.into_all() for e in args])\n           ^^^^^^^^^^^^^^^^^^^^^^^^^^^^^^^^^^^^^^^^^^^^^^^^^\n  File \"/opt/hostedtoolcache/Python/3.12.12/x64/lib/python3.12/site-packages/pywasm/wasi.py\", line 490, in args_get\n    mems.put(argv_buf, bytearray(e.encode()))\n                                 ^^^^^^^^\nAttributeError: 'list' object has no attribute 'encode'\n"]}, {"name": "poll_oneoff_stdio", "executed": true, "duration_s": 0.2908909320831299, "failures": []}, {"name": "path_rename_dir_trailing_slashes", "executed": true, "duration_s": 0.16644644737243652, "failures": ["Wait(exit_code=0) failed: expected 0, got 1\n\n==STDERR==\nTraceback (most recent call last):\n  File \"/home/runner/work/wasi-testsuite/wasi-testsuite/tools/run-pywasm\", line 28, in <module>\n    exit = wasi.main(runtime, instance)\n           ^^^^^^^^^^^^^^^^^^^^^^^^^^^^\n  File \"/opt/hostedtoolcache/Python/3.12.12/x64/lib/python3.12/site-packages/pywasm/wasi.py\", line 1032, in main\n    raise e\n  File \"/opt/hostedtoolcache/Python/3.12.12/x64/lib/python3.12/site-packages/pywasm/wasi.py\", line 1025, in main\n    runtime.invocate(module, '_start', [])\n  File \"/opt/hostedtoolcache/Python/3.12.12/x64/lib/python3.12/site-packages/pywasm/core.py\", line 4190, in invocate\n    func_rets = self.machine.invocate(func_addr, func_args)\n                ^^^^^^^^^^^^^^^^^^^^^^^^^^^^^^^^^^^^^^^^^^^\n  File \"/opt/hostedtoolcache/Python/3.12.12/x64/lib/python3.12/site-packages/pywasm/core.py\", line 1724, in invocate\n    self.evaluate()\n  File \"/opt/hostedtoolcache/Python/3.12.12/x64/lib/python3.12/site-packages/pywasm/core.py\", line 1888, in evaluate\n    self.evaluate_call(addr)\n  File \"/opt/hostedtoolcache/Python/3.12.12/x64/lib/python3.12/site-packages/pywasm/core.py\", line 1788, in evaluate_call\n    rets = func.hostcode(self, [e.into_all() for e in args])\n           ^^^^^^^^^^^^^^^^^^^^^^^^^^^^^^^^^^^^^^^^^^^^^^^^^\n  File \"/opt/hostedtoolcache/Python/3.12.12/x64/lib/python3.12/site-packages/pywasm/wasi.py\", line 490, in args_get\n    mems.put(argv_buf, bytearray(e.encode()))\n                                 ^^^^^^^^\nAttributeError: 'list' object has no attribute 'encode'\n"]}, {"name": "fd_fdstat_set_rights", "executed": true, "duration_s": 0.17589759826660156, "failures": ["Wait(exit_code=0) failed: expected 0, got 1\n\n==STDERR==\nTraceback (most recent call last):\n  File \"/home/runner/work/wasi-testsuite/wasi-testsuite/tools/run-pywasm\", line 28, in <module>\n    exit = wasi.main(runtime, instance)\n           ^^^^^^^^^^^^^^^^^^^^^^^^^^^^\n  File \"/opt/hostedtoolcache/Python/3.12.12/x64/lib/python3.12/site-packages/pywasm/wasi.py\", line 1032, in main\n    raise e\n  File \"/opt/hostedtoolcache/Python/3.12.12/x64/lib/python3.12/site-packages/pywasm/wasi.py\", line 1025, in main\n    runtime.invocate(module, '_start', [])\n  File \"/opt/hostedtoolcache/Python/3.12.12/x64/lib/python3.12/site-packages/pywasm/core.py\", line 4190, in invocate\n    func_rets = self.machine.invocate(func_addr, func_args)\n                ^^^^^^^^^^^^^^^^^^^^^^^^^^^^^^^^^^^^^^^^^^^\n  File \"/opt/hostedtoolcache/Python/3.12.12/x64/lib/python3.12/site-packages/pywasm/core.py\", line 1724, in invocate\n    self.evaluate()\n  File \"/opt/hostedtoolcache/Python/3.12.12/x64/lib/python3.12/site-packages/pywasm/core.py\", line 1888, in evaluate\n    self.evaluate_call(addr)\n  File \"/opt/hostedtoolcache/Python/3.12.12/x64/lib/python3.12/site-packages/pywasm/core.py\", line 1788, in evaluate_call\n    rets = func.hostcode(self, [e.into_all() for e in args])\n           ^^^^^^^^^^^^^^^^^^^^^^^^^^^^^^^^^^^^^^^^^^^^^^^^^\n  File \"/opt/hostedtoolcache/Python/3.12.12/x64/lib/python3.12/site-packages/pywasm/wasi.py\", line 490, in args_get\n    mems.put(argv_buf, bytearray(e.encode()))\n                                 ^^^^^^^^\nAttributeError: 'list' object has no attribute 'encode'\n"]}, {"name": "path_open_missing", "executed": true, "duration_s": 0.1698741912841797, "failures": ["Wait(exit_code=0) failed: expected 0, got 1\n\n==STDERR==\nTraceback (most recent call last):\n  File \"/home/runner/work/wasi-testsuite/wasi-testsuite/tools/run-pywasm\", line 28, in <module>\n    exit = wasi.main(runtime, instance)\n           ^^^^^^^^^^^^^^^^^^^^^^^^^^^^\n  File \"/opt/hostedtoolcache/Python/3.12.12/x64/lib/python3.12/site-packages/pywasm/wasi.py\", line 1032, in main\n    raise e\n  File \"/opt/hostedtoolcache/Python/3.12.12/x64/lib/python3.12/site-packages/pywasm/wasi.py\", line 1025, in main\n    runtime.invocate(module, '_start', [])\n  File \"/opt/hostedtoolcache/Python/3.12.12/x64/lib/python3.12/site-packages/pywasm/core.py\", line 4190, in invocate\n    func_rets = self.machine.invocate(func_addr, func_args)\n                ^^^^^^^^^^^^^^^^^^^^^^^^^^^^^^^^^^^^^^^^^^^\n  File \"/opt/hostedtoolcache/Python/3.12.12/x64/lib/python3.12/site-packages/pywasm/core.py\", line 1724, in invocate\n    self.evaluate()\n  File \"/opt/hostedtoolcache/Python/3.12.12/x64/lib/python3.12/site-packages/pywasm/core.py\", line 1888, in evaluate\n    self.evaluate_call(addr)\n  File \"/opt/hostedtoolcache/Python/3.12.12/x64/lib/python3.12/site-packages/pywasm/core.py\", line 1788, in evaluate_call\n    rets = func.hostcode(self, [e.into_all() for e in args])\n           ^^^^^^^^^^^^^^^^^^^^^^^^^^^^^^^^^^^^^^^^^^^^^^^^^\n  File \"/opt/hostedtoolcache/Python/3.12.12/x64/lib/python3.12/site-packages/pywasm/wasi.py\", line 490, in args_get\n    mems.put(argv_buf, bytearray(e.encode()))\n                                 ^^^^^^^^\nAttributeError: 'list' object has no attribute 'encode'\n"]}, {"name": "path_open_dirfd_not_dir", "executed": true, "duration_s": 0.16926002502441406, "failures": ["Wait(exit_code=0) failed: expected 0, got 1\n\n==STDERR==\nTraceback (most recent call last):\n  File \"/home/runner/work/wasi-testsuite/wasi-testsuite/tools/run-pywasm\", line 28, in <module>\n    exit = wasi.main(runtime, instance)\n           ^^^^^^^^^^^^^^^^^^^^^^^^^^^^\n  File \"/opt/hostedtoolcache/Python/3.12.12/x64/lib/python3.12/site-packages/pywasm/wasi.py\", line 1032, in main\n    raise e\n  File \"/opt/hostedtoolcache/Python/3.12.12/x64/lib/python3.12/site-packages/pywasm/wasi.py\", line 1025, in main\n    runtime.invocate(module, '_start', [])\n  File \"/opt/hostedtoolcache/Python/3.12.12/x64/lib/python3.12/site-packages/pywasm/core.py\", line 4190, in invocate\n    func_rets = self.machine.invocate(func_addr, func_args)\n                ^^^^^^^^^^^^^^^^^^^^^^^^^^^^^^^^^^^^^^^^^^^\n  File \"/opt/hostedtoolcache/Python/3.12.12/x64/lib/python3.12/site-packages/pywasm/core.py\", line 1724, in invocate\n    self.evaluate()\n  File \"/opt/hostedtoolcache/Python/3.12.12/x64/lib/python3.12/site-packages/pywasm/core.py\", line 1888, in evaluate\n    self.evaluate_call(addr)\n  File \"/opt/hostedtoolcache/Python/3.12.12/x64/lib/python3.12/site-packages/pywasm/core.py\", line 1788, in evaluate_call\n    rets = func.hostcode(self, [e.into_all() for e in args])\n           ^^^^^^^^^^^^^^^^^^^^^^^^^^^^^^^^^^^^^^^^^^^^^^^^^\n  File \"/opt/hostedtoolcache/Python/3.12.12/x64/lib/python3.12/site-packages/pywasm/wasi.py\", line 490, in args_get\n    mems.put(argv_buf, bytearray(e.encode()))\n                                 ^^^^^^^^\nAttributeError: 'list' object has no attribute 'encode'\n"]}, {"name": "file_unbuffered_write", "executed": true, "duration_s": 0.1668391227722168, "failures": ["Wait(exit_code=0) failed: expected 0, got 1\n\n==STDERR==\nTraceback (most recent call last):\n  File \"/home/runner/work/wasi-testsuite/wasi-testsuite/tools/run-pywasm\", line 28, in <module>\n    exit = wasi.main(runtime, instance)\n           ^^^^^^^^^^^^^^^^^^^^^^^^^^^^\n  File \"/opt/hostedtoolcache/Python/3.12.12/x64/lib/python3.12/site-packages/pywasm/wasi.py\", line 1032, in main\n    raise e\n  File \"/opt/hostedtoolcache/Python/3.12.12/x64/lib/python3.12/site-packages/pywasm/wasi.py\", line 1025, in main\n    runtime.invocate(module, '_start', [])\n  File \"/opt/hostedtoolcache/Python/3.12.12/x64/lib/python3.12/site-packages/pywasm/core.py\", line 4190, in invocate\n    func_rets = self.machine.invocate(func_addr, func_args)\n                ^^^^^^^^^^^^^^^^^^^^^^^^^^^^^^^^^^^^^^^^^^^\n  File \"/opt/hostedtoolcache/Python/3.12.12/x64/lib/python3.12/site-packages/pywasm/core.py\", line 1724, in invocate\n    self.evaluate()\n  File \"/opt/hostedtoolcache/Python/3.12.12/x64/lib/python3.12/site-packages/pywasm/core.py\", line 1888, in evaluate\n    self.evaluate_call(addr)\n  File \"/opt/hostedtoolcache/Python/3.12.12/x64/lib/python3.12/site-packages/pywasm/core.py\", line 1788, in evaluate_call\n    rets = func.hostcode(self, [e.into_all() for e in args])\n           ^^^^^^^^^^^^^^^^^^^^^^^^^^^^^^^^^^^^^^^^^^^^^^^^^\n  File \"/opt/hostedtoolcache/Python/3.12.12/x64/lib/python3.12/site-packages/pywasm/wasi.py\", line 490, in args_get\n    mems.put(argv_buf, bytearray(e.encode()))\n                                 ^^^^^^^^\nAttributeError: 'list' object has no attribute 'encode'\n"]}, {"name": "interesting_paths", "executed": true, "duration_s": 0.17614269256591797, "failures": ["Wait(exit_code=0) failed: expected 0, got 1\n\n==STDERR==\nTraceback (most recent call last):\n  File \"/home/runner/work/wasi-testsuite/wasi-testsuite/tools/run-pywasm\", line 28, in <module>\n    exit = wasi.main(runtime, instance)\n           ^^^^^^^^^^^^^^^^^^^^^^^^^^^^\n  File \"/opt/hostedtoolcache/Python/3.12.12/x64/lib/python3.12/site-packages/pywasm/wasi.py\", line 1032, in main\n    raise e\n  File \"/opt/hostedtoolcache/Python/3.12.12/x64/lib/python3.12/site-packages/pywasm/wasi.py\", line 1025, in main\n    runtime.invocate(module, '_start', [])\n  File \"/opt/hostedtoolcache/Python/3.12.12/x64/lib/python3.12/site-packages/pywasm/core.py\", line 4190, in invocate\n    func_rets = self.machine.invocate(func_addr, func_args)\n                ^^^^^^^^^^^^^^^^^^^^^^^^^^^^^^^^^^^^^^^^^^^\n  File \"/opt/hostedtoolcache/Python/3.12.12/x64/lib/python3.12/site-packages/pywasm/core.py\", line 1724, in invocate\n    self.evaluate()\n  File \"/opt/hostedtoolcache/Python/3.12.12/x64/lib/python3.12/site-packages/pywasm/core.py\", line 1888, in evaluate\n    self.evaluate_call(addr)\n  File \"/opt/hostedtoolcache/Python/3.12.12/x64/lib/python3.12/site-packages/pywasm/core.py\", line 1788, in evaluate_call\n    rets = func.hostcode(self, [e.into_all() for e in args])\n           ^^^^^^^^^^^^^^^^^^^^^^^^^^^^^^^^^^^^^^^^^^^^^^^^^\n  File \"/opt/hostedtoolcache/Python/3.12.12/x64/lib/python3.12/site-packages/pywasm/wasi.py\", line 490, in args_get\n    mems.put(argv_buf, bytearray(e.encode()))\n                                 ^^^^^^^^\nAttributeError: 'list' object has no attribute 'encode'\n"]}, {"name": "path_link", "executed": true, "duration_s": 0.21463799476623535, "failures": ["Wait(exit_code=0) failed: expected 0, got 1\n\n==STDERR==\nTraceback (most recent call last):\n  File \"/home/runner/work/wasi-testsuite/wasi-testsuite/tools/run-pywasm\", line 28, in <module>\n    exit = wasi.main(runtime, instance)\n           ^^^^^^^^^^^^^^^^^^^^^^^^^^^^\n  File \"/opt/hostedtoolcache/Python/3.12.12/x64/lib/python3.12/site-packages/pywasm/wasi.py\", line 1032, in main\n    raise e\n  File \"/opt/hostedtoolcache/Python/3.12.12/x64/lib/python3.12/site-packages/pywasm/wasi.py\", line 1025, in main\n    runtime.invocate(module, '_start', [])\n  File \"/opt/hostedtoolcache/Python/3.12.12/x64/lib/python3.12/site-packages/pywasm/core.py\", line 4190, in invocate\n    func_rets = self.machine.invocate(func_addr, func_args)\n                ^^^^^^^^^^^^^^^^^^^^^^^^^^^^^^^^^^^^^^^^^^^\n  File \"/opt/hostedtoolcache/Python/3.12.12/x64/lib/python3.12/site-packages/pywasm/core.py\", line 1724, in invocate\n    self.evaluate()\n  File \"/opt/hostedtoolcache/Python/3.12.12/x64/lib/python3.12/site-packages/pywasm/core.py\", line 1888, in evaluate\n    self.evaluate_call(addr)\n  File \"/opt/hostedtoolcache/Python/3.12.12/x64/lib/python3.12/site-packages/pywasm/core.py\", line 1788, in evaluate_call\n    rets = func.hostcode(self, [e.into_all() for e in args])\n           ^^^^^^^^^^^^^^^^^^^^^^^^^^^^^^^^^^^^^^^^^^^^^^^^^\n  File \"/opt/hostedtoolcache/Python/3.12.12/x64/lib/python3.12/site-packages/pywasm/wasi.py\", line 490, in args_get\n    mems.put(argv_buf, bytearray(e.encode()))\n                                 ^^^^^^^^\nAttributeError: 'list' object has no attribute 'encode'\n"]}, {"name": "path_open_nonblock", "executed": true, "duration_s": 0.1620626449584961, "failures": ["Wait(exit_code=0) failed: expected 0, got 1\n\n==STDERR==\nTraceback (most recent call last):\n  File \"/home/runner/work/wasi-testsuite/wasi-testsuite/tools/run-pywasm\", line 28, in <module>\n    exit = wasi.main(runtime, instance)\n           ^^^^^^^^^^^^^^^^^^^^^^^^^^^^\n  File \"/opt/hostedtoolcache/Python/3.12.12/x64/lib/python3.12/site-packages/pywasm/wasi.py\", line 1032, in main\n    raise e\n  File \"/opt/hostedtoolcache/Python/3.12.12/x64/lib/python3.12/site-packages/pywasm/wasi.py\", line 1025, in main\n    runtime.invocate(module, '_start', [])\n  File \"/opt/hostedtoolcache/Python/3.12.12/x64/lib/python3.12/site-packages/pywasm/core.py\", line 4190, in invocate\n    func_rets = self.machine.invocate(func_addr, func_args)\n                ^^^^^^^^^^^^^^^^^^^^^^^^^^^^^^^^^^^^^^^^^^^\n  File \"/opt/hostedtoolcache/Python/3.12.12/x64/lib/python3.12/site-packages/pywasm/core.py\", line 1724, in invocate\n    self.evaluate()\n  File \"/opt/hostedtoolcache/Python/3.12.12/x64/lib/python3.12/site-packages/pywasm/core.py\", line 1888, in evaluate\n    self.evaluate_call(addr)\n  File \"/opt/hostedtoolcache/Python/3.12.12/x64/lib/python3.12/site-packages/pywasm/core.py\", line 1788, in evaluate_call\n    rets = func.hostcode(self, [e.into_all() for e in args])\n           ^^^^^^^^^^^^^^^^^^^^^^^^^^^^^^^^^^^^^^^^^^^^^^^^^\n  File \"/opt/hostedtoolcache/Python/3.12.12/x64/lib/python3.12/site-packages/pywasm/wasi.py\", line 490, in args_get\n    mems.put(argv_buf, bytearray(e.encode()))\n                                 ^^^^^^^^\nAttributeError: 'list' object has no attribute 'encode'\n"]}, {"name": "path_rename", "executed": true, "duration_s": 0.21343111991882324, "failures": ["Wait(exit_code=0) failed: expected 0, got 1\n\n==STDERR==\nTraceback (most recent call last):\n  File \"/home/runner/work/wasi-testsuite/wasi-testsuite/tools/run-pywasm\", line 28, in <module>\n    exit = wasi.main(runtime, instance)\n           ^^^^^^^^^^^^^^^^^^^^^^^^^^^^\n  File \"/opt/hostedtoolcache/Python/3.12.12/x64/lib/python3.12/site-packages/pywasm/wasi.py\", line 1032, in main\n    raise e\n  File \"/opt/hostedtoolcache/Python/3.12.12/x64/lib/python3.12/site-packages/pywasm/wasi.py\", line 1025, in main\n    runtime.invocate(module, '_start', [])\n  File \"/opt/hostedtoolcache/Python/3.12.12/x64/lib/python3.12/site-packages/pywasm/core.py\", line 4190, in invocate\n    func_rets = self.machine.invocate(func_addr, func_args)\n                ^^^^^^^^^^^^^^^^^^^^^^^^^^^^^^^^^^^^^^^^^^^\n  File \"/opt/hostedtoolcache/Python/3.12.12/x64/lib/python3.12/site-packages/pywasm/core.py\", line 1724, in invocate\n    self.evaluate()\n  File \"/opt/hostedtoolcache/Python/3.12.12/x64/lib/python3.12/site-packages/pywasm/core.py\", line 1888, in evaluate\n    self.evaluate_call(addr)\n  File \"/opt/hostedtoolcache/Python/3.12.12/x64/lib/python3.12/site-packages/pywasm/core.py\", line 1788, in evaluate_call\n    rets = func.hostcode(self, [e.into_all() for e in args])\n           ^^^^^^^^^^^^^^^^^^^^^^^^^^^^^^^^^^^^^^^^^^^^^^^^^\n  File \"/opt/hostedtoolcache/Python/3.12.12/x64/lib/python3.12/site-packages/pywasm/wasi.py\", line 490, in args_get\n    mems.put(argv_buf, bytearray(e.encode()))\n                                 ^^^^^^^^\nAttributeError: 'list' object has no attribute 'encode'\n"]}, {"name": "fd_advise", "executed": true, "duration_s": 0.1688847541809082, "failures": ["Wait(exit_code=0) failed: expected 0, got 1\n\n==STDERR==\nTraceback (most recent call last):\n  File \"/home/runner/work/wasi-testsuite/wasi-testsuite/tools/run-pywasm\", line 28, in <module>\n    exit = wasi.main(runtime, instance)\n           ^^^^^^^^^^^^^^^^^^^^^^^^^^^^\n  File \"/opt/hostedtoolcache/Python/3.12.12/x64/lib/python3.12/site-packages/pywasm/wasi.py\", line 1032, in main\n    raise e\n  File \"/opt/hostedtoolcache/Python/3.12.12/x64/lib/python3.12/site-packages/pywasm/wasi.py\", line 1025, in main\n    runtime.invocate(module, '_start', [])\n  File \"/opt/hostedtoolcache/Python/3.12.12/x64/lib/python3.12/site-packages/pywasm/core.py\", line 4190, in invocate\n    func_rets = self.machine.invocate(func_addr, func_args)\n                ^^^^^^^^^^^^^^^^^^^^^^^^^^^^^^^^^^^^^^^^^^^\n  File \"/opt/hostedtoolcache/Python/3.12.12/x64/lib/python3.12/site-packages/pywasm/core.py\", line 1724, in invocate\n    self.evaluate()\n  File \"/opt/hostedtoolcache/Python/3.12.12/x64/lib/python3.12/site-packages/pywasm/core.py\", line 1888, in evaluate\n    self.evaluate_call(addr)\n  File \"/opt/hostedtoolcache/Python/3.12.12/x64/lib/python3.12/site-packages/pywasm/core.py\", line 1788, in evaluate_call\n    rets = func.hostcode(self, [e.into_all() for e in args])\n           ^^^^^^^^^^^^^^^^^^^^^^^^^^^^^^^^^^^^^^^^^^^^^^^^^\n  File \"/opt/hostedtoolcache/Python/3.12.12/x64/lib/python3.12/site-packages/pywasm/wasi.py\", line 490, in args_get\n    mems.put(argv_buf, bytearray(e.encode()))\n                                 ^^^^^^^^\nAttributeError: 'list' object has no attribute 'encode'\n"]}, {"name": "fd_filestat_set", "executed": true, "duration_s": 0.16721630096435547, "failures": ["Wait(exit_code=0) failed: expected 0, got 1\n\n==STDERR==\nTraceback (most recent call last):\n  File \"/home/runner/work/wasi-testsuite/wasi-testsuite/tools/run-pywasm\", line 28, in <module>\n    exit = wasi.main(runtime, instance)\n           ^^^^^^^^^^^^^^^^^^^^^^^^^^^^\n  File \"/opt/hostedtoolcache/Python/3.12.12/x64/lib/python3.12/site-packages/pywasm/wasi.py\", line 1032, in main\n    raise e\n  File \"/opt/hostedtoolcache/Python/3.12.12/x64/lib/python3.12/site-packages/pywasm/wasi.py\", line 1025, in main\n    runtime.invocate(module, '_start', [])\n  File \"/opt/hostedtoolcache/Python/3.12.12/x64/lib/python3.12/site-packages/pywasm/core.py\", line 4190, in invocate\n    func_rets = self.machine.invocate(func_addr, func_args)\n                ^^^^^^^^^^^^^^^^^^^^^^^^^^^^^^^^^^^^^^^^^^^\n  File \"/opt/hostedtoolcache/Python/3.12.12/x64/lib/python3.12/site-packages/pywasm/core.py\", line 1724, in invocate\n    self.evaluate()\n  File \"/opt/hostedtoolcache/Python/3.12.12/x64/lib/python3.12/site-packages/pywasm/core.py\", line 1888, in evaluate\n    self.evaluate_call(addr)\n  File \"/opt/hostedtoolcache/Python/3.12.12/x64/lib/python3.12/site-packages/pywasm/core.py\", line 1788, in evaluate_call\n    rets = func.hostcode(self, [e.into_all() for e in args])\n           ^^^^^^^^^^^^^^^^^^^^^^^^^^^^^^^^^^^^^^^^^^^^^^^^^\n  File \"/opt/hostedtoolcache/Python/3.12.12/x64/lib/python3.12/site-packages/pywasm/wasi.py\", line 490, in args_get\n    mems.put(argv_buf, bytearray(e.encode()))\n                                 ^^^^^^^^\nAttributeError: 'list' object has no attribute 'encode'\n"]}, {"name": "fd_flags_set", "executed": true, "duration_s": 0.17230939865112305, "failures": ["Wait(exit_code=0) failed: expected 0, got 1\n\n==STDERR==\nTraceback (most recent call last):\n  File \"/home/runner/work/wasi-testsuite/wasi-testsuite/tools/run-pywasm\", line 28, in <module>\n    exit = wasi.main(runtime, instance)\n           ^^^^^^^^^^^^^^^^^^^^^^^^^^^^\n  File \"/opt/hostedtoolcache/Python/3.12.12/x64/lib/python3.12/site-packages/pywasm/wasi.py\", line 1032, in main\n    raise e\n  File \"/opt/hostedtoolcache/Python/3.12.12/x64/lib/python3.12/site-packages/pywasm/wasi.py\", line 1025, in main\n    runtime.invocate(module, '_start', [])\n  File \"/opt/hostedtoolcache/Python/3.12.12/x64/lib/python3.12/site-packages/pywasm/core.py\", line 4190, in invocate\n    func_rets = self.machine.invocate(func_addr, func_args)\n                ^^^^^^^^^^^^^^^^^^^^^^^^^^^^^^^^^^^^^^^^^^^\n  File \"/opt/hostedtoolcache/Python/3.12.12/x64/lib/python3.12/site-packages/pywasm/core.py\", line 1724, in invocate\n    self.evaluate()\n  File \"/opt/hostedtoolcache/Python/3.12.12/x64/lib/python3.12/site-packages/pywasm/core.py\", line 1888, in evaluate\n    self.evaluate_call(addr)\n  File \"/opt/hostedtoolcache/Python/3.12.12/x64/lib/python3.12/site-packages/pywasm/core.py\", line 1788, in evaluate_call\n    rets = func.hostcode(self, [e.into_all() for e in args])\n           ^^^^^^^^^^^^^^^^^^^^^^^^^^^^^^^^^^^^^^^^^^^^^^^^^\n  File \"/opt/hostedtoolcache/Python/3.12.12/x64/lib/python3.12/site-packages/pywasm/wasi.py\", line 490, in args_get\n    mems.put(argv_buf, bytearray(e.encode()))\n                                 ^^^^^^^^\nAttributeError: 'list' object has no attribute 'encode'\n"]}, {"name": "sched_yield", "executed": true, "duration_s": 0.1332082748413086, "failures": []}, {"name": "clock_time_get", "executed": true, "duration_s": 0.13228225708007812, "failures": []}, {"name": "nofollow_errors", "executed": true, "duration_s": 0.17715668678283691, "failures": ["Wait(exit_code=0) failed: expected 0, got 1\n\n==STDERR==\nTraceback (most recent call last):\n  File \"/home/runner/work/wasi-testsuite/wasi-testsuite/tools/run-pywasm\", line 28, in <module>\n    exit = wasi.main(runtime, instance)\n           ^^^^^^^^^^^^^^^^^^^^^^^^^^^^\n  File \"/opt/hostedtoolcache/Python/3.12.12/x64/lib/python3.12/site-packages/pywasm/wasi.py\", line 1032, in main\n    raise e\n  File \"/opt/hostedtoolcache/Python/3.12.12/x64/lib/python3.12/site-packages/pywasm/wasi.py\", line 1025, in main\n    runtime.invocate(module, '_start', [])\n  File \"/opt/hostedtoolcache/Python/3.12.12/x64/lib/python3.12/site-packages/pywasm/core.py\", line 4190, in invocate\n    func_rets = self.machine.invocate(func_addr, func_args)\n                ^^^^^^^^^^^^^^^^^^^^^^^^^^^^^^^^^^^^^^^^^^^\n  File \"/opt/hostedtoolcache/Python/3.12.12/x64/lib/python3.12/site-packages/pywasm/core.py\", line 1724, in invocate\n    self.evaluate()\n  File \"/opt/hostedtoolcache/Python/3.12.12/x64/lib/python3.12/site-packages/pywasm/core.py\", line 1888, in evaluate\n    self.evaluate_call(addr)\n  File \"/opt/hostedtoolcache/Python/3.12.12/x64/lib/python3.12/site-packages/pywasm/core.py\", line 1788, in evaluate_call\n    rets = func.hostcode(self, [e.into_all() for e in args])\n           ^^^^^^^^^^^^^^^^^^^^^^^^^^^^^^^^^^^^^^^^^^^^^^^^^\n  File \"/opt/hostedtoolcache/Python/3.12.12/x64/lib/python3.12/site-packages/pywasm/wasi.py\", line 490, in args_get\n    mems.put(argv_buf, bytearray(e.encode()))\n                                 ^^^^^^^^\nAttributeError: 'list' object has no attribute 'encode'\n"]}, {"name": "file_truncation", "executed": true, "duration_s": 0.1744070053100586, "failures": ["Wait(exit_code=0) failed: expected 0, got 1\n\n==STDERR==\nTraceback (most recent call last):\n  File \"/home/runner/work/wasi-testsuite/wasi-testsuite/tools/run-pywasm\", line 28, in <module>\n    exit = wasi.main(runtime, instance)\n           ^^^^^^^^^^^^^^^^^^^^^^^^^^^^\n  File \"/opt/hostedtoolcache/Python/3.12.12/x64/lib/python3.12/site-packages/pywasm/wasi.py\", line 1032, in main\n    raise e\n  File \"/opt/hostedtoolcache/Python/3.12.12/x64/lib/python3.12/site-packages/pywasm/wasi.py\", line 1025, in main\n    runtime.invocate(module, '_start', [])\n  File \"/opt/hostedtoolcache/Python/3.12.12/x64/lib/python3.12/site-packages/pywasm/core.py\", line 4190, in invocate\n    func_rets = self.machine.invocate(func_addr, func_args)\n                ^^^^^^^^^^^^^^^^^^^^^^^^^^^^^^^^^^^^^^^^^^^\n  File \"/opt/hostedtoolcache/Python/3.12.12/x64/lib/python3.12/site-packages/pywasm/core.py\", line 1724, in invocate\n    self.evaluate()\n  File \"/opt/hostedtoolcache/Python/3.12.12/x64/lib/python3.12/site-packages/pywasm/core.py\", line 1888, in evaluate\n    self.evaluate_call(addr)\n  File \"/opt/hostedtoolcache/Python/3.12.12/x64/lib/python3.12/site-packages/pywasm/core.py\", line 1788, in evaluate_call\n    rets = func.hostcode(self, [e.into_all() for e in args])\n           ^^^^^^^^^^^^^^^^^^^^^^^^^^^^^^^^^^^^^^^^^^^^^^^^^\n  File \"/opt/hostedtoolcache/Python/3.12.12/x64/lib/python3.12/site-packages/pywasm/wasi.py\", line 490, in args_get\n    mems.put(argv_buf, bytearray(e.encode()))\n                                 ^^^^^^^^\nAttributeError: 'list' object has no attribute 'encode'\n"]}, {"name": "big_random_buf", "executed": true, "duration_s": 0.29587554931640625, "failures": []}, {"name": "dangling_fd", "executed": true, "duration_s": 0.18079042434692383, "failures": ["Wait(exit_code=0) failed: expected 0, got 1\n\n==STDERR==\nTraceback (most recent call last):\n  File \"/home/runner/work/wasi-testsuite/wasi-testsuite/tools/run-pywasm\", line 28, in <module>\n    exit = wasi.main(runtime, instance)\n           ^^^^^^^^^^^^^^^^^^^^^^^^^^^^\n  File \"/opt/hostedtoolcache/Python/3.12.12/x64/lib/python3.12/site-packages/pywasm/wasi.py\", line 1032, in main\n    raise e\n  File \"/opt/hostedtoolcache/Python/3.12.12/x64/lib/python3.12/site-packages/pywasm/wasi.py\", line 1025, in main\n    runtime.invocate(module, '_start', [])\n  File \"/opt/hostedtoolcache/Python/3.12.12/x64/lib/python3.12/site-packages/pywasm/core.py\", line 4190, in invocate\n    func_rets = self.machine.invocate(func_addr, func_args)\n                ^^^^^^^^^^^^^^^^^^^^^^^^^^^^^^^^^^^^^^^^^^^\n  File \"/opt/hostedtoolcache/Python/3.12.12/x64/lib/python3.12/site-packages/pywasm/core.py\", line 1724, in invocate\n    self.evaluate()\n  File \"/opt/hostedtoolcache/Python/3.12.12/x64/lib/python3.12/site-packages/pywasm/core.py\", line 1888, in evaluate\n    self.evaluate_call(addr)\n  File \"/opt/hostedtoolcache/Python/3.12.12/x64/lib/python3.12/site-packages/pywasm/core.py\", line 1788, in evaluate_call\n    rets = func.hostcode(self, [e.into_all() for e in args])\n           ^^^^^^^^^^^^^^^^^^^^^^^^^^^^^^^^^^^^^^^^^^^^^^^^^\n  File \"/opt/hostedtoolcache/Python/3.12.12/x64/lib/python3.12/site-packages/pywasm/wasi.py\", line 490, in args_get\n    mems.put(argv_buf, bytearray(e.encode()))\n                                 ^^^^^^^^\nAttributeError: 'list' object has no attribute 'encode'\n"]}, {"name": "fstflags_validate", "executed": true, "duration_s": 0.16606616973876953, "failures": ["Wait(exit_code=0) failed: expected 0, got 1\n\n==STDERR==\nTraceback (most recent call last):\n  File \"/home/runner/work/wasi-testsuite/wasi-testsuite/tools/run-pywasm\", line 28, in <module>\n    exit = wasi.main(runtime, instance)\n           ^^^^^^^^^^^^^^^^^^^^^^^^^^^^\n  File \"/opt/hostedtoolcache/Python/3.12.12/x64/lib/python3.12/site-packages/pywasm/wasi.py\", line 1032, in main\n    raise e\n  File \"/opt/hostedtoolcache/Python/3.12.12/x64/lib/python3.12/site-packages/pywasm/wasi.py\", line 1025, in main\n    runtime.invocate(module, '_start', [])\n  File \"/opt/hostedtoolcache/Python/3.12.12/x64/lib/python3.12/site-packages/pywasm/core.py\", line 4190, in invocate\n    func_rets = self.machine.invocate(func_addr, func_args)\n                ^^^^^^^^^^^^^^^^^^^^^^^^^^^^^^^^^^^^^^^^^^^\n  File \"/opt/hostedtoolcache/Python/3.12.12/x64/lib/python3.12/site-packages/pywasm/core.py\", line 1724, in invocate\n    self.evaluate()\n  File \"/opt/hostedtoolcache/Python/3.12.12/x64/lib/python3.12/site-packages/pywasm/core.py\", line 1888, in evaluate\n    self.evaluate_call(addr)\n  File \"/opt/hostedtoolcache/Python/3.12.12/x64/lib/python3.12/site-packages/pywasm/core.py\", line 1788, in evaluate_call\n    rets = func.hostcode(self, [e.into_all() for e in args])\n           ^^^^^^^^^^^^^^^^^^^^^^^^^^^^^^^^^^^^^^^^^^^^^^^^^\n  File \"/opt/hostedtoolcache/Python/3.12.12/x64/lib/python3.12/site-packages/pywasm/wasi.py\", line 490, in args_get\n    mems.put(argv_buf, bytearray(e.encode()))\n                                 ^^^^^^^^\nAttributeError: 'list' object has no attribute 'encode'\n"]}, {"name": "dangling_symlink", "executed": true, "duration_s": 0.18386554718017578, "failures": ["Wait(exit_code=0) failed: expected 0, got 1\n\n==STDERR==\nTraceback (most recent call last):\n  File \"/home/runner/work/wasi-testsuite/wasi-testsuite/tools/run-pywasm\", line 28, in <module>\n    exit = wasi.main(runtime, instance)\n           ^^^^^^^^^^^^^^^^^^^^^^^^^^^^\n  File \"/opt/hostedtoolcache/Python/3.12.12/x64/lib/python3.12/site-packages/pywasm/wasi.py\", line 1032, in main\n    raise e\n  File \"/opt/hostedtoolcache/Python/3.12.12/x64/lib/python3.12/site-packages/pywasm/wasi.py\", line 1025, in main\n    runtime.invocate(module, '_start', [])\n  File \"/opt/hostedtoolcache/Python/3.12.12/x64/lib/python3.12/site-packages/pywasm/core.py\", line 4190, in invocate\n    func_rets = self.machine.invocate(func_addr, func_args)\n                ^^^^^^^^^^^^^^^^^^^^^^^^^^^^^^^^^^^^^^^^^^^\n  File \"/opt/hostedtoolcache/Python/3.12.12/x64/lib/python3.12/site-packages/pywasm/core.py\", line 1724, in invocate\n    self.evaluate()\n  File \"/opt/hostedtoolcache/Python/3.12.12/x64/lib/python3.12/site-packages/pywasm/core.py\", line 1888, in evaluate\n    self.evaluate_call(addr)\n  File \"/opt/hostedtoolcache/Python/3.12.12/x64/lib/python3.12/site-packages/pywasm/core.py\", line 1788, in evaluate_call\n    rets = func.hostcode(self, [e.into_all() for e in args])\n           ^^^^^^^^^^^^^^^^^^^^^^^^^^^^^^^^^^^^^^^^^^^^^^^^^\n  File \"/opt/hostedtoolcache/Python/3.12.12/x64/lib/python3.12/site-packages/pywasm/wasi.py\", line 490, in args_get\n    mems.put(argv_buf, bytearray(e.encode()))\n                                 ^^^^^^^^\nAttributeError: 'list' object has no attribute 'encode'\n"]}, {"name": "path_symlink_trailing_slashes", "executed": true, "duration_s": 0.2102506160736084, "failures": ["Wait(exit_code=0) failed: expected 0, got 1\n\n==STDERR==\nTraceback (most recent call last):\n  File \"/home/runner/work/wasi-testsuite/wasi-testsuite/tools/run-pywasm\", line 28, in <module>\n    exit = wasi.main(runtime, instance)\n           ^^^^^^^^^^^^^^^^^^^^^^^^^^^^\n  File \"/opt/hostedtoolcache/Python/3.12.12/x64/lib/python3.12/site-packages/pywasm/wasi.py\", line 1032, in main\n    raise e\n  File \"/opt/hostedtoolcache/Python/3.12.12/x64/lib/python3.12/site-packages/pywasm/wasi.py\", line 1025, in main\n    runtime.invocate(module, '_start', [])\n  File \"/opt/hostedtoolcache/Python/3.12.12/x64/lib/python3.12/site-packages/pywasm/core.py\", line 4190, in invocate\n    func_rets = self.machine.invocate(func_addr, func_args)\n                ^^^^^^^^^^^^^^^^^^^^^^^^^^^^^^^^^^^^^^^^^^^\n  File \"/opt/hostedtoolcache/Python/3.12.12/x64/lib/python3.12/site-packages/pywasm/core.py\", line 1724, in invocate\n    self.evaluate()\n  File \"/opt/hostedtoolcache/Python/3.12.12/x64/lib/python3.12/site-packages/pywasm/core.py\", line 1888, in evaluate\n    self.evaluate_call(addr)\n  File \"/opt/hostedtoolcache/Python/3.12.12/x64/lib/python3.12/site-packages/pywasm/core.py\", line 1788, in evaluate_call\n    rets = func.hostcode(self, [e.into_all() for e in args])\n           ^^^^^^^^^^^^^^^^^^^^^^^^^^^^^^^^^^^^^^^^^^^^^^^^^\n  File \"/opt/hostedtoolcache/Python/3.12.12/x64/lib/python3.12/site-packages/pywasm/wasi.py\", line 490, in args_get\n    mems.put(argv_buf, bytearray(e.encode()))\n                                 ^^^^^^^^\nAttributeError: 'list' object has no attribute 'encode'\n"]}, {"name": "path_exists", "executed": true, "duration_s": 0.16900277137756348, "failures": ["Wait(exit_code=0) failed: expected 0, got 1\n\n==STDERR==\nTraceback (most recent call last):\n  File \"/home/runner/work/wasi-testsuite/wasi-testsuite/tools/run-pywasm\", line 28, in <module>\n    exit = wasi.main(runtime, instance)\n           ^^^^^^^^^^^^^^^^^^^^^^^^^^^^\n  File \"/opt/hostedtoolcache/Python/3.12.12/x64/lib/python3.12/site-packages/pywasm/wasi.py\", line 1032, in main\n    raise e\n  File \"/opt/hostedtoolcache/Python/3.12.12/x64/lib/python3.12/site-packages/pywasm/wasi.py\", line 1025, in main\n    runtime.invocate(module, '_start', [])\n  File \"/opt/hostedtoolcache/Python/3.12.12/x64/lib/python3.12/site-packages/pywasm/core.py\", line 4190, in invocate\n    func_rets = self.machine.invocate(func_addr, func_args)\n                ^^^^^^^^^^^^^^^^^^^^^^^^^^^^^^^^^^^^^^^^^^^\n  File \"/opt/hostedtoolcache/Python/3.12.12/x64/lib/python3.12/site-packages/pywasm/core.py\", line 1724, in invocate\n    self.evaluate()\n  File \"/opt/hostedtoolcache/Python/3.12.12/x64/lib/python3.12/site-packages/pywasm/core.py\", line 1888, in evaluate\n    self.evaluate_call(addr)\n  File \"/opt/hostedtoolcache/Python/3.12.12/x64/lib/python3.12/site-packages/pywasm/core.py\", line 1788, in evaluate_call\n    rets = func.hostcode(self, [e.into_all() for e in args])\n           ^^^^^^^^^^^^^^^^^^^^^^^^^^^^^^^^^^^^^^^^^^^^^^^^^\n  File \"/opt/hostedtoolcache/Python/3.12.12/x64/lib/python3.12/site-packages/pywasm/wasi.py\", line 490, in args_get\n    mems.put(argv_buf, bytearray(e.encode()))\n                                 ^^^^^^^^\nAttributeError: 'list' object has no attribute 'encode'\n"]}, {"name": "file_allocate", "executed": true, "duration_s": 0.1686396598815918, "failures": ["Wait(exit_code=0) failed: expected 0, got 1\n\n==STDERR==\nTraceback (most recent call last):\n  File \"/home/runner/work/wasi-testsuite/wasi-testsuite/tools/run-pywasm\", line 28, in <module>\n    exit = wasi.main(runtime, instance)\n           ^^^^^^^^^^^^^^^^^^^^^^^^^^^^\n  File \"/opt/hostedtoolcache/Python/3.12.12/x64/lib/python3.12/site-packages/pywasm/wasi.py\", line 1032, in main\n    raise e\n  File \"/opt/hostedtoolcache/Python/3.12.12/x64/lib/python3.12/site-packages/pywasm/wasi.py\", line 1025, in main\n    runtime.invocate(module, '_start', [])\n  File \"/opt/hostedtoolcache/Python/3.12.12/x64/lib/python3.12/site-packages/pywasm/core.py\", line 4190, in invocate\n    func_rets = self.machine.invocate(func_addr, func_args)\n                ^^^^^^^^^^^^^^^^^^^^^^^^^^^^^^^^^^^^^^^^^^^\n  File \"/opt/hostedtoolcache/Python/3.12.12/x64/lib/python3.12/site-packages/pywasm/core.py\", line 1724, in invocate\n    self.evaluate()\n  File \"/opt/hostedtoolcache/Python/3.12.12/x64/lib/python3.12/site-packages/pywasm/core.py\", line 1888, in evaluate\n    self.evaluate_call(addr)\n  File \"/opt/hostedtoolcache/Python/3.12.12/x64/lib/python3.12/site-packages/pywasm/core.py\", line 1788, in evaluate_call\n    rets = func.hostcode(self, [e.into_all() for e in args])\n           ^^^^^^^^^^^^^^^^^^^^^^^^^^^^^^^^^^^^^^^^^^^^^^^^^\n  File \"/opt/hostedtoolcache/Python/3.12.12/x64/lib/python3.12/site-packages/pywasm/wasi.py\", line 490, in args_get\n    mems.put(argv_buf, bytearray(e.encode()))\n                                 ^^^^^^^^\nAttributeError: 'list' object has no attribute 'encode'\n"]}, {"name": "fd_readdir", "executed": true, "duration_s": 0.23989248275756836, "failures": ["Wait(exit_code=0) failed: expected 0, got 1\n\n==STDERR==\nTraceback (most recent call last):\n  File \"/home/runner/work/wasi-testsuite/wasi-testsuite/tools/run-pywasm\", line 28, in <module>\n    exit = wasi.main(runtime, instance)\n           ^^^^^^^^^^^^^^^^^^^^^^^^^^^^\n  File \"/opt/hostedtoolcache/Python/3.12.12/x64/lib/python3.12/site-packages/pywasm/wasi.py\", line 1032, in main\n    raise e\n  File \"/opt/hostedtoolcache/Python/3.12.12/x64/lib/python3.12/site-packages/pywasm/wasi.py\", line 1025, in main\n    runtime.invocate(module, '_start', [])\n  File \"/opt/hostedtoolcache/Python/3.12.12/x64/lib/python3.12/site-packages/pywasm/core.py\", line 4190, in invocate\n    func_rets = self.machine.invocate(func_addr, func_args)\n                ^^^^^^^^^^^^^^^^^^^^^^^^^^^^^^^^^^^^^^^^^^^\n  File \"/opt/hostedtoolcache/Python/3.12.12/x64/lib/python3.12/site-packages/pywasm/core.py\", line 1724, in invocate\n    self.evaluate()\n  File \"/opt/hostedtoolcache/Python/3.12.12/x64/lib/python3.12/site-packages/pywasm/core.py\", line 1888, in evaluate\n    self.evaluate_call(addr)\n  File \"/opt/hostedtoolcache/Python/3.12.12/x64/lib/python3.12/site-packages/pywasm/core.py\", line 1788, in evaluate_call\n    rets = func.hostcode(self, [e.into_all() for e in args])\n           ^^^^^^^^^^^^^^^^^^^^^^^^^^^^^^^^^^^^^^^^^^^^^^^^^\n  File \"/opt/hostedtoolcache/Python/3.12.12/x64/lib/python3.12/site-packages/pywasm/wasi.py\", line 490, in args_get\n    mems.put(argv_buf, bytearray(e.encode()))\n                                 ^^^^^^^^\nAttributeError: 'list' object has no attribute 'encode'\n"]}, {"name": "symlink_create", "executed": true, "duration_s": 0.1720106601715088, "failures": ["Wait(exit_code=0) failed: expected 0, got 1\n\n==STDERR==\nTraceback (most recent call last):\n  File \"/home/runner/work/wasi-testsuite/wasi-testsuite/tools/run-pywasm\", line 28, in <module>\n    exit = wasi.main(runtime, instance)\n           ^^^^^^^^^^^^^^^^^^^^^^^^^^^^\n  File \"/opt/hostedtoolcache/Python/3.12.12/x64/lib/python3.12/site-packages/pywasm/wasi.py\", line 1032, in main\n    raise e\n  File \"/opt/hostedtoolcache/Python/3.12.12/x64/lib/python3.12/site-packages/pywasm/wasi.py\", line 1025, in main\n    runtime.invocate(module, '_start', [])\n  File \"/opt/hostedtoolcache/Python/3.12.12/x64/lib/python3.12/site-packages/pywasm/core.py\", line 4190, in invocate\n    func_rets = self.machine.invocate(func_addr, func_args)\n                ^^^^^^^^^^^^^^^^^^^^^^^^^^^^^^^^^^^^^^^^^^^\n  File \"/opt/hostedtoolcache/Python/3.12.12/x64/lib/python3.12/site-packages/pywasm/core.py\", line 1724, in invocate\n    self.evaluate()\n  File \"/opt/hostedtoolcache/Python/3.12.12/x64/lib/python3.12/site-packages/pywasm/core.py\", line 1888, in evaluate\n    self.evaluate_call(addr)\n  File \"/opt/hostedtoolcache/Python/3.12.12/x64/lib/python3.12/site-packages/pywasm/core.py\", line 1788, in evaluate_call\n    rets = func.hostcode(self, [e.into_all() for e in args])\n           ^^^^^^^^^^^^^^^^^^^^^^^^^^^^^^^^^^^^^^^^^^^^^^^^^\n  File \"/opt/hostedtoolcache/Python/3.12.12/x64/lib/python3.12/site-packages/pywasm/wasi.py\", line 490, in args_get\n    mems.put(argv_buf, bytearray(e.encode()))\n                                 ^^^^^^^^\nAttributeError: 'list' object has no attribute 'encode'\n"]}, {"name": "unlink_file_trailing_slashes", "executed": true, "duration_s": 0.20672249794006348, "failures": ["Wait(exit_code=0) failed: expected 0, got 1\n\n==STDERR==\nTraceback (most recent call last):\n  File \"/home/runner/work/wasi-testsuite/wasi-testsuite/tools/run-pywasm\", line 28, in <module>\n    exit = wasi.main(runtime, instance)\n           ^^^^^^^^^^^^^^^^^^^^^^^^^^^^\n  File \"/opt/hostedtoolcache/Python/3.12.12/x64/lib/python3.12/site-packages/pywasm/wasi.py\", line 1032, in main\n    raise e\n  File \"/opt/hostedtoolcache/Python/3.12.12/x64/lib/python3.12/site-packages/pywasm/wasi.py\", line 1025, in main\n    runtime.invocate(module, '_start', [])\n  File \"/opt/hostedtoolcache/Python/3.12.12/x64/lib/python3.12/site-packages/pywasm/core.py\", line 4190, in invocate\n    func_rets = self.machine.invocate(func_addr, func_args)\n                ^^^^^^^^^^^^^^^^^^^^^^^^^^^^^^^^^^^^^^^^^^^\n  File \"/opt/hostedtoolcache/Python/3.12.12/x64/lib/python3.12/site-packages/pywasm/core.py\", line 1724, in invocate\n    self.evaluate()\n  File \"/opt/hostedtoolcache/Python/3.12.12/x64/lib/python3.12/site-packages/pywasm/core.py\", line 1888, in evaluate\n    self.evaluate_call(addr)\n  File \"/opt/hostedtoolcache/Python/3.12.12/x64/lib/python3.12/site-packages/pywasm/core.py\", line 1788, in evaluate_call\n    rets = func.hostcode(self, [e.into_all() for e in args])\n           ^^^^^^^^^^^^^^^^^^^^^^^^^^^^^^^^^^^^^^^^^^^^^^^^^\n  File \"/opt/hostedtoolcache/Python/3.12.12/x64/lib/python3.12/site-packages/pywasm/wasi.py\", line 490, in args_get\n    mems.put(argv_buf, bytearray(e.encode()))\n                                 ^^^^^^^^\nAttributeError: 'list' object has no attribute 'encode'\n"]}, {"name": "close_preopen", "executed": true, "duration_s": 0.16939067840576172, "failures": ["Wait(exit_code=0) failed: expected 0, got 1\n\n==STDERR==\nTraceback (most recent call last):\n  File \"/home/runner/work/wasi-testsuite/wasi-testsuite/tools/run-pywasm\", line 28, in <module>\n    exit = wasi.main(runtime, instance)\n           ^^^^^^^^^^^^^^^^^^^^^^^^^^^^\n  File \"/opt/hostedtoolcache/Python/3.12.12/x64/lib/python3.12/site-packages/pywasm/wasi.py\", line 1032, in main\n    raise e\n  File \"/opt/hostedtoolcache/Python/3.12.12/x64/lib/python3.12/site-packages/pywasm/wasi.py\", line 1025, in main\n    runtime.invocate(module, '_start', [])\n  File \"/opt/hostedtoolcache/Python/3.12.12/x64/lib/python3.12/site-packages/pywasm/core.py\", line 4190, in invocate\n    func_rets = self.machine.invocate(func_addr, func_args)\n                ^^^^^^^^^^^^^^^^^^^^^^^^^^^^^^^^^^^^^^^^^^^\n  File \"/opt/hostedtoolcache/Python/3.12.12/x64/lib/python3.12/site-packages/pywasm/core.py\", line 1724, in invocate\n    self.evaluate()\n  File \"/opt/hostedtoolcache/Python/3.12.12/x64/lib/python3.12/site-packages/pywasm/core.py\", line 1888, in evaluate\n    self.evaluate_call(addr)\n  File \"/opt/hostedtoolcache/Python/3.12.12/x64/lib/python3.12/site-packages/pywasm/core.py\", line 1788, in evaluate_call\n    rets = func.hostcode(self, [e.into_all() for e in args])\n           ^^^^^^^^^^^^^^^^^^^^^^^^^^^^^^^^^^^^^^^^^^^^^^^^^\n  File \"/opt/hostedtoolcache/Python/3.12.12/x64/lib/python3.12/site-packages/pywasm/wasi.py\", line 490, in args_get\n    mems.put(argv_buf, bytearray(e.encode()))\n                                 ^^^^^^^^\nAttributeError: 'list' object has no attribute 'encode'\n"]}, {"name": "path_filestat", "executed": true, "duration_s": 0.17438864707946777, "failures": ["Wait(exit_code=0) failed: expected 0, got 1\n\n==STDERR==\nTraceback (most recent call last):\n  File \"/home/runner/work/wasi-testsuite/wasi-testsuite/tools/run-pywasm\", line 28, in <module>\n    exit = wasi.main(runtime, instance)\n           ^^^^^^^^^^^^^^^^^^^^^^^^^^^^\n  File \"/opt/hostedtoolcache/Python/3.12.12/x64/lib/python3.12/site-packages/pywasm/wasi.py\", line 1032, in main\n    raise e\n  File \"/opt/hostedtoolcache/Python/3.12.12/x64/lib/python3.12/site-packages/pywasm/wasi.py\", line 1025, in main\n    runtime.invocate(module, '_start', [])\n  File \"/opt/hostedtoolcache/Python/3.12.12/x64/lib/python3.12/site-packages/pywasm/core.py\", line 4190, in invocate\n    func_rets = self.machine.invocate(func_addr, func_args)\n                ^^^^^^^^^^^^^^^^^^^^^^^^^^^^^^^^^^^^^^^^^^^\n  File \"/opt/hostedtoolcache/Python/3.12.12/x64/lib/python3.12/site-packages/pywasm/core.py\", line 1724, in invocate\n    self.evaluate()\n  File \"/opt/hostedtoolcache/Python/3.12.12/x64/lib/python3.12/site-packages/pywasm/core.py\", line 1888, in evaluate\n    self.evaluate_call(addr)\n  File \"/opt/hostedtoolcache/Python/3.12.12/x64/lib/python3.12/site-packages/pywasm/core.py\", line 1788, in evaluate_call\n    rets = func.hostcode(self, [e.into_all() for e in args])\n           ^^^^^^^^^^^^^^^^^^^^^^^^^^^^^^^^^^^^^^^^^^^^^^^^^\n  File \"/opt/hostedtoolcache/Python/3.12.12/x64/lib/python3.12/site-packages/pywasm/wasi.py\", line 490, in args_get\n    mems.put(argv_buf, bytearray(e.encode()))\n                                 ^^^^^^^^\nAttributeError: 'list' object has no attribute 'encode'\n"]}, {"name": "stdio", "executed": true, "duration_s": 0.16913223266601562, "failures": ["Wait(exit_code=0) failed: expected 0, got 1\n\n==STDERR==\nTraceback (most recent call last):\n  File \"/home/runner/work/wasi-testsuite/wasi-testsuite/tools/run-pywasm\", line 28, in <module>\n    exit = wasi.main(runtime, instance)\n           ^^^^^^^^^^^^^^^^^^^^^^^^^^^^\n  File \"/opt/hostedtoolcache/Python/3.12.12/x64/lib/python3.12/site-packages/pywasm/wasi.py\", line 1032, in main\n    raise e\n  File \"/opt/hostedtoolcache/Python/3.12.12/x64/lib/python3.12/site-packages/pywasm/wasi.py\", line 1025, in main\n    runtime.invocate(module, '_start', [])\n  File \"/opt/hostedtoolcache/Python/3.12.12/x64/lib/python3.12/site-packages/pywasm/core.py\", line 4190, in invocate\n    func_rets = self.machine.invocate(func_addr, func_args)\n                ^^^^^^^^^^^^^^^^^^^^^^^^^^^^^^^^^^^^^^^^^^^\n  File \"/opt/hostedtoolcache/Python/3.12.12/x64/lib/python3.12/site-packages/pywasm/core.py\", line 1724, in invocate\n    self.evaluate()\n  File \"/opt/hostedtoolcache/Python/3.12.12/x64/lib/python3.12/site-packages/pywasm/core.py\", line 1888, in evaluate\n    self.evaluate_call(addr)\n  File \"/opt/hostedtoolcache/Python/3.12.12/x64/lib/python3.12/site-packages/pywasm/core.py\", line 1788, in evaluate_call\n    rets = func.hostcode(self, [e.into_all() for e in args])\n           ^^^^^^^^^^^^^^^^^^^^^^^^^^^^^^^^^^^^^^^^^^^^^^^^^\n  File \"/opt/hostedtoolcache/Python/3.12.12/x64/lib/python3.12/site-packages/pywasm/wasi.py\", line 490, in args_get\n    mems.put(argv_buf, bytearray(e.encode()))\n                                 ^^^^^^^^\nAttributeError: 'list' object has no attribute 'encode'\n"]}, {"name": "truncation_rights", "executed": true, "duration_s": 0.17314410209655762, "failures": ["Wait(exit_code=0) failed: expected 0, got 1\n\n==STDERR==\nTraceback (most recent call last):\n  File \"/home/runner/work/wasi-testsuite/wasi-testsuite/tools/run-pywasm\", line 28, in <module>\n    exit = wasi.main(runtime, instance)\n           ^^^^^^^^^^^^^^^^^^^^^^^^^^^^\n  File \"/opt/hostedtoolcache/Python/3.12.12/x64/lib/python3.12/site-packages/pywasm/wasi.py\", line 1032, in main\n    raise e\n  File \"/opt/hostedtoolcache/Python/3.12.12/x64/lib/python3.12/site-packages/pywasm/wasi.py\", line 1025, in main\n    runtime.invocate(module, '_start', [])\n  File \"/opt/hostedtoolcache/Python/3.12.12/x64/lib/python3.12/site-packages/pywasm/core.py\", line 4190, in invocate\n    func_rets = self.machine.invocate(func_addr, func_args)\n                ^^^^^^^^^^^^^^^^^^^^^^^^^^^^^^^^^^^^^^^^^^^\n  File \"/opt/hostedtoolcache/Python/3.12.12/x64/lib/python3.12/site-packages/pywasm/core.py\", line 1724, in invocate\n    self.evaluate()\n  File \"/opt/hostedtoolcache/Python/3.12.12/x64/lib/python3.12/site-packages/pywasm/core.py\", line 1888, in evaluate\n    self.evaluate_call(addr)\n  File \"/opt/hostedtoolcache/Python/3.12.12/x64/lib/python3.12/site-packages/pywasm/core.py\", line 1788, in evaluate_call\n    rets = func.hostcode(self, [e.into_all() for e in args])\n           ^^^^^^^^^^^^^^^^^^^^^^^^^^^^^^^^^^^^^^^^^^^^^^^^^\n  File \"/opt/hostedtoolcache/Python/3.12.12/x64/lib/python3.12/site-packages/pywasm/wasi.py\", line 490, in args_get\n    mems.put(argv_buf, bytearray(e.encode()))\n                                 ^^^^^^^^\nAttributeError: 'list' object has no attribute 'encode'\n"]}, {"name": "renumber", "executed": true, "duration_s": 0.1730799674987793, "failures": ["Wait(exit_code=0) failed: expected 0, got 1\n\n==STDERR==\nTraceback (most recent call last):\n  File \"/home/runner/work/wasi-testsuite/wasi-testsuite/tools/run-pywasm\", line 28, in <module>\n    exit = wasi.main(runtime, instance)\n           ^^^^^^^^^^^^^^^^^^^^^^^^^^^^\n  File \"/opt/hostedtoolcache/Python/3.12.12/x64/lib/python3.12/site-packages/pywasm/wasi.py\", line 1032, in main\n    raise e\n  File \"/opt/hostedtoolcache/Python/3.12.12/x64/lib/python3.12/site-packages/pywasm/wasi.py\", line 1025, in main\n    runtime.invocate(module, '_start', [])\n  File \"/opt/hostedtoolcache/Python/3.12.12/x64/lib/python3.12/site-packages/pywasm/core.py\", line 4190, in invocate\n    func_rets = self.machine.invocate(func_addr, func_args)\n                ^^^^^^^^^^^^^^^^^^^^^^^^^^^^^^^^^^^^^^^^^^^\n  File \"/opt/hostedtoolcache/Python/3.12.12/x64/lib/python3.12/site-packages/pywasm/core.py\", line 1724, in invocate\n    self.evaluate()\n  File \"/opt/hostedtoolcache/Python/3.12.12/x64/lib/python3.12/site-packages/pywasm/core.py\", line 1888, in evaluate\n    self.evaluate_call(addr)\n  File \"/opt/hostedtoolcache/Python/3.12.12/x64/lib/python3.12/site-packages/pywasm/core.py\", line 1788, in evaluate_call\n    rets = func.hostcode(self, [e.into_all() for e in args])\n           ^^^^^^^^^^^^^^^^^^^^^^^^^^^^^^^^^^^^^^^^^^^^^^^^^\n  File \"/opt/hostedtoolcache/Python/3.12.12/x64/lib/python3.12/site-packages/pywasm/wasi.py\", line 490, in args_get\n    mems.put(argv_buf, bytearray(e.encode()))\n                                 ^^^^^^^^\nAttributeError: 'list' object has no attribute 'encode'\n"]}, {"name": "file_pread_pwrite", "executed": true, "duration_s": 0.18009090423583984, "failures": ["Wait(exit_code=0) failed: expected 0, got 1\n\n==STDERR==\nTraceback (most recent call last):\n  File \"/home/runner/work/wasi-testsuite/wasi-testsuite/tools/run-pywasm\", line 28, in <module>\n    exit = wasi.main(runtime, instance)\n           ^^^^^^^^^^^^^^^^^^^^^^^^^^^^\n  File \"/opt/hostedtoolcache/Python/3.12.12/x64/lib/python3.12/site-packages/pywasm/wasi.py\", line 1032, in main\n    raise e\n  File \"/opt/hostedtoolcache/Python/3.12.12/x64/lib/python3.12/site-packages/pywasm/wasi.py\", line 1025, in main\n    runtime.invocate(module, '_start', [])\n  File \"/opt/hostedtoolcache/Python/3.12.12/x64/lib/python3.12/site-packages/pywasm/core.py\", line 4190, in invocate\n    func_rets = self.machine.invocate(func_addr, func_args)\n                ^^^^^^^^^^^^^^^^^^^^^^^^^^^^^^^^^^^^^^^^^^^\n  File \"/opt/hostedtoolcache/Python/3.12.12/x64/lib/python3.12/site-packages/pywasm/core.py\", line 1724, in invocate\n    self.evaluate()\n  File \"/opt/hostedtoolcache/Python/3.12.12/x64/lib/python3.12/site-packages/pywasm/core.py\", line 1888, in evaluate\n    self.evaluate_call(addr)\n  File \"/opt/hostedtoolcache/Python/3.12.12/x64/lib/python3.12/site-packages/pywasm/core.py\", line 1788, in evaluate_call\n    rets = func.hostcode(self, [e.into_all() for e in args])\n           ^^^^^^^^^^^^^^^^^^^^^^^^^^^^^^^^^^^^^^^^^^^^^^^^^\n  File \"/opt/hostedtoolcache/Python/3.12.12/x64/lib/python3.12/site-packages/pywasm/wasi.py\", line 490, in args_get\n    mems.put(argv_buf, bytearray(e.encode()))\n                                 ^^^^^^^^\nAttributeError: 'list' object has no attribute 'encode'\n"]}, {"name": "remove_directory_trailing_slashes", "executed": true, "duration_s": 0.1885991096496582, "failures": ["Wait(exit_code=0) failed: expected 0, got 1\n\n==STDERR==\nTraceback (most recent call last):\n  File \"/home/runner/work/wasi-testsuite/wasi-testsuite/tools/run-pywasm\", line 28, in <module>\n    exit = wasi.main(runtime, instance)\n           ^^^^^^^^^^^^^^^^^^^^^^^^^^^^\n  File \"/opt/hostedtoolcache/Python/3.12.12/x64/lib/python3.12/site-packages/pywasm/wasi.py\", line 1032, in main\n    raise e\n  File \"/opt/hostedtoolcache/Python/3.12.12/x64/lib/python3.12/site-packages/pywasm/wasi.py\", line 1025, in main\n    runtime.invocate(module, '_start', [])\n  File \"/opt/hostedtoolcache/Python/3.12.12/x64/lib/python3.12/site-packages/pywasm/core.py\", line 4190, in invocate\n    func_rets = self.machine.invocate(func_addr, func_args)\n                ^^^^^^^^^^^^^^^^^^^^^^^^^^^^^^^^^^^^^^^^^^^\n  File \"/opt/hostedtoolcache/Python/3.12.12/x64/lib/python3.12/site-packages/pywasm/core.py\", line 1724, in invocate\n    self.evaluate()\n  File \"/opt/hostedtoolcache/Python/3.12.12/x64/lib/python3.12/site-packages/pywasm/core.py\", line 1888, in evaluate\n    self.evaluate_call(addr)\n  File \"/opt/hostedtoolcache/Python/3.12.12/x64/lib/python3.12/site-packages/pywasm/core.py\", line 1788, in evaluate_call\n    rets = func.hostcode(self, [e.into_all() for e in args])\n           ^^^^^^^^^^^^^^^^^^^^^^^^^^^^^^^^^^^^^^^^^^^^^^^^^\n  File \"/opt/hostedtoolcache/Python/3.12.12/x64/lib/python3.12/site-packages/pywasm/wasi.py\", line 490, in args_get\n    mems.put(argv_buf, bytearray(e.encode()))\n                                 ^^^^^^^^\nAttributeError: 'list' object has no attribute 'encode'\n"]}, {"name": "remove_nonempty_directory", "executed": true, "duration_s": 0.16803288459777832, "failures": ["Wait(exit_code=0) failed: expected 0, got 1\n\n==STDERR==\nTraceback (most recent call last):\n  File \"/home/runner/work/wasi-testsuite/wasi-testsuite/tools/run-pywasm\", line 28, in <module>\n    exit = wasi.main(runtime, instance)\n           ^^^^^^^^^^^^^^^^^^^^^^^^^^^^\n  File \"/opt/hostedtoolcache/Python/3.12.12/x64/lib/python3.12/site-packages/pywasm/wasi.py\", line 1032, in main\n    raise e\n  File \"/opt/hostedtoolcache/Python/3.12.12/x64/lib/python3.12/site-packages/pywasm/wasi.py\", line 1025, in main\n    runtime.invocate(module, '_start', [])\n  File \"/opt/hostedtoolcache/Python/3.12.12/x64/lib/python3.12/site-packages/pywasm/core.py\", line 4190, in invocate\n    func_rets = self.machine.invocate(func_addr, func_args)\n                ^^^^^^^^^^^^^^^^^^^^^^^^^^^^^^^^^^^^^^^^^^^\n  File \"/opt/hostedtoolcache/Python/3.12.12/x64/lib/python3.12/site-packages/pywasm/core.py\", line 1724, in invocate\n    self.evaluate()\n  File \"/opt/hostedtoolcache/Python/3.12.12/x64/lib/python3.12/site-packages/pywasm/core.py\", line 1888, in evaluate\n    self.evaluate_call(addr)\n  File \"/opt/hostedtoolcache/Python/3.12.12/x64/lib/python3.12/site-packages/pywasm/core.py\", line 1788, in evaluate_call\n    rets = func.hostcode(self, [e.into_all() for e in args])\n           ^^^^^^^^^^^^^^^^^^^^^^^^^^^^^^^^^^^^^^^^^^^^^^^^^\n  File \"/opt/hostedtoolcache/Python/3.12.12/x64/lib/python3.12/site-packages/pywasm/wasi.py\", line 490, in args_get\n    mems.put(argv_buf, bytearray(e.encode()))\n                                 ^^^^^^^^\nAttributeError: 'list' object has no attribute 'encode'\n"]}, {"name": "dir_fd_op_failures", "executed": true, "duration_s": 0.20795869827270508, "failures": ["Wait(exit_code=0) failed: expected 0, got 1\n\n==STDERR==\nTraceback (most recent call last):\n  File \"/home/runner/work/wasi-testsuite/wasi-testsuite/tools/run-pywasm\", line 28, in <module>\n    exit = wasi.main(runtime, instance)\n           ^^^^^^^^^^^^^^^^^^^^^^^^^^^^\n  File \"/opt/hostedtoolcache/Python/3.12.12/x64/lib/python3.12/site-packages/pywasm/wasi.py\", line 1032, in main\n    raise e\n  File \"/opt/hostedtoolcache/Python/3.12.12/x64/lib/python3.12/site-packages/pywasm/wasi.py\", line 1025, in main\n    runtime.invocate(module, '_start', [])\n  File \"/opt/hostedtoolcache/Python/3.12.12/x64/lib/python3.12/site-packages/pywasm/core.py\", line 4190, in invocate\n    func_rets = self.machine.invocate(func_addr, func_args)\n                ^^^^^^^^^^^^^^^^^^^^^^^^^^^^^^^^^^^^^^^^^^^\n  File \"/opt/hostedtoolcache/Python/3.12.12/x64/lib/python3.12/site-packages/pywasm/core.py\", line 1724, in invocate\n    self.evaluate()\n  File \"/opt/hostedtoolcache/Python/3.12.12/x64/lib/python3.12/site-packages/pywasm/core.py\", line 1888, in evaluate\n    self.evaluate_call(addr)\n  File \"/opt/hostedtoolcache/Python/3.12.12/x64/lib/python3.12/site-packages/pywasm/core.py\", line 1788, in evaluate_call\n    rets = func.hostcode(self, [e.into_all() for e in args])\n           ^^^^^^^^^^^^^^^^^^^^^^^^^^^^^^^^^^^^^^^^^^^^^^^^^\n  File \"/opt/hostedtoolcache/Python/3.12.12/x64/lib/python3.12/site-packages/pywasm/wasi.py\", line 490, in args_get\n    mems.put(argv_buf, bytearray(e.encode()))\n                                 ^^^^^^^^\nAttributeError: 'list' object has no attribute 'encode'\n"]}, {"name": "isatty", "executed": true, "duration_s": 0.16719269752502441, "failures": ["Wait(exit_code=0) failed: expected 0, got 1\n\n==STDERR==\nTraceback (most recent call last):\n  File \"/home/runner/work/wasi-testsuite/wasi-testsuite/tools/run-pywasm\", line 28, in <module>\n    exit = wasi.main(runtime, instance)\n           ^^^^^^^^^^^^^^^^^^^^^^^^^^^^\n  File \"/opt/hostedtoolcache/Python/3.12.12/x64/lib/python3.12/site-packages/pywasm/wasi.py\", line 1032, in main\n    raise e\n  File \"/opt/hostedtoolcache/Python/3.12.12/x64/lib/python3.12/site-packages/pywasm/wasi.py\", line 1025, in main\n    runtime.invocate(module, '_start', [])\n  File \"/opt/hostedtoolcache/Python/3.12.12/x64/lib/python3.12/site-packages/pywasm/core.py\", line 4190, in invocate\n    func_rets = self.machine.invocate(func_addr, func_args)\n                ^^^^^^^^^^^^^^^^^^^^^^^^^^^^^^^^^^^^^^^^^^^\n  File \"/opt/hostedtoolcache/Python/3.12.12/x64/lib/python3.12/site-packages/pywasm/core.py\", line 1724, in invocate\n    self.evaluate()\n  File \"/opt/hostedtoolcache/Python/3.12.12/x64/lib/python3.12/site-packages/pywasm/core.py\", line 1888, in evaluate\n    self.evaluate_call(addr)\n  File \"/opt/hostedtoolcache/Python/3.12.12/x64/lib/python3.12/site-packages/pywasm/core.py\", line 1788, in evaluate_call\n    rets = func.hostcode(self, [e.into_all() for e in args])\n           ^^^^^^^^^^^^^^^^^^^^^^^^^^^^^^^^^^^^^^^^^^^^^^^^^\n  File \"/opt/hostedtoolcache/Python/3.12.12/x64/lib/python3.12/site-packages/pywasm/wasi.py\", line 490, in args_get\n    mems.put(argv_buf, bytearray(e.encode()))\n                                 ^^^^^^^^\nAttributeError: 'list' object has no attribute 'encode'\n"]}, {"name": "symlink_loop", "executed": true, "duration_s": 0.18433046340942383, "failures": ["Wait(exit_code=0) failed: expected 0, got 1\n\n==STDERR==\nTraceback (most recent call last):\n  File \"/home/runner/work/wasi-testsuite/wasi-testsuite/tools/run-pywasm\", line 28, in <module>\n    exit = wasi.main(runtime, instance)\n           ^^^^^^^^^^^^^^^^^^^^^^^^^^^^\n  File \"/opt/hostedtoolcache/Python/3.12.12/x64/lib/python3.12/site-packages/pywasm/wasi.py\", line 1032, in main\n    raise e\n  File \"/opt/hostedtoolcache/Python/3.12.12/x64/lib/python3.12/site-packages/pywasm/wasi.py\", line 1025, in main\n    runtime.invocate(module, '_start', [])\n  File \"/opt/hostedtoolcache/Python/3.12.12/x64/lib/python3.12/site-packages/pywasm/core.py\", line 4190, in invocate\n    func_rets = self.machine.invocate(func_addr, func_args)\n                ^^^^^^^^^^^^^^^^^^^^^^^^^^^^^^^^^^^^^^^^^^^\n  File \"/opt/hostedtoolcache/Python/3.12.12/x64/lib/python3.12/site-packages/pywasm/core.py\", line 1724, in invocate\n    self.evaluate()\n  File \"/opt/hostedtoolcache/Python/3.12.12/x64/lib/python3.12/site-packages/pywasm/core.py\", line 1888, in evaluate\n    self.evaluate_call(addr)\n  File \"/opt/hostedtoolcache/Python/3.12.12/x64/lib/python3.12/site-packages/pywasm/core.py\", line 1788, in evaluate_call\n    rets = func.hostcode(self, [e.into_all() for e in args])\n           ^^^^^^^^^^^^^^^^^^^^^^^^^^^^^^^^^^^^^^^^^^^^^^^^^\n  File \"/opt/hostedtoolcache/Python/3.12.12/x64/lib/python3.12/site-packages/pywasm/wasi.py\", line 490, in args_get\n    mems.put(argv_buf, bytearray(e.encode()))\n                                 ^^^^^^^^\nAttributeError: 'list' object has no attribute 'encode'\n"]}]}, {"name": "WASI Rust tests [wasm32-wasip3]", "runtime": {"name": "pywasm", "version": "2.2.1"}, "duration_s": 0.005291, "failed": 0, "skipped": 37, "passed": 0, "tests": [{"name": "cli-env", "executed": false, "duration_s": 0, "failures": []}, {"name": "sockets-tcp-listen", "executed": false, "duration_s": 0, "failures": []}, {"name": "sockets-udp-bind", "executed": false, "duration_s": 0, "failures": []}, {"name": "sockets-udp-properties", "executed": false, "duration_s": 0, "failures": []}, {"name": "http-response", "executed": false, "duration_s": 0, "failures": []}, {"name": "filesystem-rename", "executed": false, "duration_s": 0, "failures": []}, {"name": "filesystem-flags-and-type", "executed": false, "duration_s": 0, "failures": []}, {"name": "sockets-tcp-connect", "executed": false, "duration_s": 0, "failures": []}, {"name": "http-fields", "executed": false, "duration_s": 0, "failures": []}, {"name": "cli-stdio", "executed": false, "duration_s": 0, "failures": []}, {"name": "random", "executed": false, "duration_s": 0, "failures": []}, {"name": "filesystem-io", "executed": false, "duration_s": 0, "failures": []}, {"name": "wall-clock", "executed": false, "duration_s": 0, "failures": []}, {"name": "sockets-udp-connect", "executed": false, "duration_s": 0, "failures": []}, {"name": "filesystem-hard-links", "executed": false, "duration_s": 0, "failures": []}, {"name": "http-request", "executed": false, "duration_s": 0, "failures": []}, {"name": "filesystem-advise", "executed": false, "duration_s": 0, "failures": []}, {"name": "run-with-err", "executed": false, "duration_s": 0, "failures": []}, {"name": "filesystem-is-same-object", "executed": false, "duration_s": 0, "failures": []}, {"name": "multi-clock-wait", "executed": false, "duration_s": 0, "failures": []}, {"name": "sockets-tcp-properties", "executed": false, "duration_s": 0, "failures": []}, {"name": "filesystem-dotdot", "executed": false, "duration_s": 0, "failures": []}, {"name": "sockets-udp-send", "executed": false, "duration_s": 0, "failures": []}, {"name": "sockets-tcp-send", "executed": false, "duration_s": 0, "failures": []}, {"name": "filesystem-read-directory", "executed": false, "duration_s": 0, "failures": []}, {"name": "filesystem-metadata-hash", "executed": false, "duration_s": 0, "failures": []}, {"name": "filesystem-open-errors", "executed": false, "duration_s": 0, "failures": []}, {"name": "cli-terminal", "executed": false, "duration_s": 0, "failures": []}, {"name": "filesystem-stat", "executed": false, "duration_s": 0, "failures": []}, {"name": "cli-stdio-roundtrip", "executed": false, "duration_s": 0, "failures": []}, {"name": "sockets-tcp-bind", "executed": false, "duration_s": 0, "failures": []}, {"name": "cli-exit", "executed": false, "duration_s": 0, "failures": []}, {"name": "sockets-tcp-receive", "executed": false, "duration_s": 0, "failures": []}, {"name": "sockets-udp-receive", "executed": false, "duration_s": 0, "failures": []}, {"name": "filesystem-set-size", "executed": false, "duration_s": 0, "failures": []}, {"name": "sockets-echo", "executed": false, "duration_s": 0, "failures": []}, {"name": "monotonic-clock", "executed": false, "duration_s": 0, "failures": []}]}, {"name": "WASI Assemblyscript  tests [wasm32-wasip1]", "runtime": {"name": "pywasm", "version": "2.2.1"}, "duration_s": 0.854338, "failed": 2, "skipped": 0, "passed": 10, "tests": [{"name": "proc_exit-success", "executed": true, "duration_s": 0.05619025230407715, "failures": []}, {"name": "random_get-zero-length", "executed": true, "duration_s": 0.09287261962890625, "failures": []}, {"name": "args_sizes_get-multiple-arguments", "executed": true, "duration_s": 0.06260132789611816, "failures": ["Wait(exit_code=0) failed: expected 0, got 255\n\n==STDERR==\nabort:  in src/args_sizes_get-multiple-arguments.ts(9:1)\n"]}, {"name": "random_get-non-zero-length", "executed": true, "duration_s": 0.05823659896850586, "failures": []}, {"name": "environ_sizes_get-multiple-variables", "executed": true, "duration_s": 0.05900979042053223, "failures": []}, {"name": "environ_get-multiple-variables", "executed": true, "duration_s": 0.12345600128173828, "failures": []}, {"name": "proc_exit-failure", "executed": true, "duration_s": 0.05625152587890625, "failures": []}, {"name": "args_get-multiple-arguments", "executed": true, "duration_s": 0.0715482234954834, "failures": ["Wait(exit_code=0) failed: expected 0, got 255\n\n==STDERR==\nabort:  in src/args_get-multiple-arguments.ts(9:1)\n"]}, {"name": "fd_write-to-stdout", "executed": true, "duration_s": 0.09517979621887207, "failures": []}, {"name": "args_sizes_get-no-arguments", "executed": true, "duration_s": 0.05834221839904785, "failures": []}, {"name": "fd_write-to-invalid-fd", "executed": true, "duration_s": 0.058304786682128906, "failures": []}, {"name": "environ_sizes_get-no-variables", "executed": true, "duration_s": 0.05978798866271973, "failures": []}]}, {"name": "WASI C tests [wasm32-wasip1]", "runtime": {"name": "pywasm", "version": "2.2.1"}, "duration_s": 1.335928, "failed": 3, "skipped": 0, "passed": 11, "tests": [{"name": "pwrite-with-access", "executed": true, "duration_s": 0.10630083084106445, "failures": ["Wait(exit_code=0) failed: expected 0, got 1\n\n==STDERR==\nTraceback (most recent call last):\n  File \"/home/runner/work/wasi-testsuite/wasi-testsuite/tools/run-pywasm\", line 28, in <module>\n    exit = wasi.main(runtime, instance)\n           ^^^^^^^^^^^^^^^^^^^^^^^^^^^^\n  File \"/opt/hostedtoolcache/Python/3.12.12/x64/lib/python3.12/site-packages/pywasm/wasi.py\", line 1032, in main\n    raise e\n  File \"/opt/hostedtoolcache/Python/3.12.12/x64/lib/python3.12/site-packages/pywasm/wasi.py\", line 1025, in main\n    runtime.invocate(module, '_start', [])\n  File \"/opt/hostedtoolcache/Python/3.12.12/x64/lib/python3.12/site-packages/pywasm/core.py\", line 4190, in invocate\n    func_rets = self.machine.invocate(func_addr, func_args)\n                ^^^^^^^^^^^^^^^^^^^^^^^^^^^^^^^^^^^^^^^^^^^\n  File \"/opt/hostedtoolcache/Python/3.12.12/x64/lib/python3.12/site-packages/pywasm/core.py\", line 1724, in invocate\n    self.evaluate()\n  File \"/opt/hostedtoolcache/Python/3.12.12/x64/lib/python3.12/site-packages/pywasm/core.py\", line 1888, in evaluate\n    self.evaluate_call(addr)\n  File \"/opt/hostedtoolcache/Python/3.12.12/x64/lib/python3.12/site-packages/pywasm/core.py\", line 1788, in evaluate_call\n    rets = func.hostcode(self, [e.into_all() for e in args])\n           ^^^^^^^^^^^^^^^^^^^^^^^^^^^^^^^^^^^^^^^^^^^^^^^^^\n  File \"/opt/hostedtoolcache/Python/3.12.12/x64/lib/python3.12/site-packages/pywasm/wasi.py\", line 490, in args_get\n    mems.put(argv_buf, bytearray(e.encode()))\n                                 ^^^^^^^^\nAttributeError: 'list' object has no attribute 'encode'\n"]}, {"name": "clock_getres-realtime", "executed": true, "duration_s": 0.0795431137084961, "failures": []}, {"name": "fopen-with-access", "executed": true, "duration_s": 0.10737037658691406, "failures": []}, {"name": "stat-dev-ino", "executed": true, "duration_s": 0.104827880859375, "failures": []}, {"name": "clock_gettime-realtime", "executed": true, "duration_s": 0.07923603057861328, "failures": []}, {"name": "pread-with-access", "executed": true, "duration_s": 0.1008138656616211, "failures": ["Wait(exit_code=0) failed: expected 0, got 1\n\n==STDERR==\nTraceback (most recent call last):\n  File \"/home/runner/work/wasi-testsuite/wasi-testsuite/tools/run-pywasm\", line 28, in <module>\n    exit = wasi.main(runtime, instance)\n           ^^^^^^^^^^^^^^^^^^^^^^^^^^^^\n  File \"/opt/hostedtoolcache/Python/3.12.12/x64/lib/python3.12/site-packages/pywasm/wasi.py\", line 1032, in main\n    raise e\n  File \"/opt/hostedtoolcache/Python/3.12.12/x64/lib/python3.12/site-packages/pywasm/wasi.py\", line 1025, in main\n    runtime.invocate(module, '_start', [])\n  File \"/opt/hostedtoolcache/Python/3.12.12/x64/lib/python3.12/site-packages/pywasm/core.py\", line 4190, in invocate\n    func_rets = self.machine.invocate(func_addr, func_args)\n                ^^^^^^^^^^^^^^^^^^^^^^^^^^^^^^^^^^^^^^^^^^^\n  File \"/opt/hostedtoolcache/Python/3.12.12/x64/lib/python3.12/site-packages/pywasm/core.py\", line 1724, in invocate\n    self.evaluate()\n  File \"/opt/hostedtoolcache/Python/3.12.12/x64/lib/python3.12/site-packages/pywasm/core.py\", line 1888, in evaluate\n    self.evaluate_call(addr)\n  File \"/opt/hostedtoolcache/Python/3.12.12/x64/lib/python3.12/site-packages/pywasm/core.py\", line 1788, in evaluate_call\n    rets = func.hostcode(self, [e.into_all() for e in args])\n           ^^^^^^^^^^^^^^^^^^^^^^^^^^^^^^^^^^^^^^^^^^^^^^^^^\n  File \"/opt/hostedtoolcache/Python/3.12.12/x64/lib/python3.12/site-packages/pywasm/wasi.py\", line 490, in args_get\n    mems.put(argv_buf, bytearray(e.encode()))\n                                 ^^^^^^^^\nAttributeError: 'list' object has no attribute 'encode'\n"]}, {"name": "fdopendir-with-access", "executed": true, "duration_s": 0.1086578369140625, "failures": ["Wait(exit_code=0) failed: expected 0, got 1\n\n==STDERR==\nTraceback (most recent call last):\n  File \"/home/runner/work/wasi-testsuite/wasi-testsuite/tools/run-pywasm\", line 28, in <module>\n    exit = wasi.main(runtime, instance)\n           ^^^^^^^^^^^^^^^^^^^^^^^^^^^^\n  File \"/opt/hostedtoolcache/Python/3.12.12/x64/lib/python3.12/site-packages/pywasm/wasi.py\", line 1032, in main\n    raise e\n  File \"/opt/hostedtoolcache/Python/3.12.12/x64/lib/python3.12/site-packages/pywasm/wasi.py\", line 1025, in main\n    runtime.invocate(module, '_start', [])\n  File \"/opt/hostedtoolcache/Python/3.12.12/x64/lib/python3.12/site-packages/pywasm/core.py\", line 4190, in invocate\n    func_rets = self.machine.invocate(func_addr, func_args)\n                ^^^^^^^^^^^^^^^^^^^^^^^^^^^^^^^^^^^^^^^^^^^\n  File \"/opt/hostedtoolcache/Python/3.12.12/x64/lib/python3.12/site-packages/pywasm/core.py\", line 1724, in invocate\n    self.evaluate()\n  File \"/opt/hostedtoolcache/Python/3.12.12/x64/lib/python3.12/site-packages/pywasm/core.py\", line 1888, in evaluate\n    self.evaluate_call(addr)\n  File \"/opt/hostedtoolcache/Python/3.12.12/x64/lib/python3.12/site-packages/pywasm/core.py\", line 1788, in evaluate_call\n    rets = func.hostcode(self, [e.into_all() for e in args])\n           ^^^^^^^^^^^^^^^^^^^^^^^^^^^^^^^^^^^^^^^^^^^^^^^^^\n  File \"/opt/hostedtoolcache/Python/3.12.12/x64/lib/python3.12/site-packages/pywasm/wasi.py\", line 490, in args_get\n    mems.put(argv_buf, bytearray(e.encode()))\n                                 ^^^^^^^^\nAttributeError: 'list' object has no attribute 'encode'\n"]}, {"name": "clock_gettime-monotonic", "executed": true, "duration_s": 0.08003759384155273, "failures": []}, {"name": "fopen-with-no-access", "executed": true, "duration_s": 0.10257792472839355, "failures": []}, {"name": "clock_getres-monotonic", "executed": true, "duration_s": 0.08074402809143066, "failures": []}, {"name": "pwrite-with-append", "executed": true, "duration_s": 0.10791897773742676, "failures": []}, {"name": "lseek", "executed": true, "duration_s": 0.11392807960510254, "failures": []}, {"name": "sock_shutdown-invalid_fd", "executed": true, "duration_s": 0.0800013542175293, "failures": []}, {"name": "sock_shutdown-not_sock", "executed": true, "duration_s": 0.08019638061523438, "failures": []}]}]}