{"execution": {"start_timestamp": "2026-02-07T00:07:07.644Z", "finish_timestamp": "2026-02-07T00:07:18.569Z"}, "results": [{"name": "WASI Rust tests", "runtime": {"name": "pywasm", "version": "2.2.1"}, "duration_s": 0.000461, "failed": 0, "skipped": 0, "passed": 0, "tests": []}, {"name": "WASI Rust tests [wasm32-wasip1]", "runtime": {"name": "pywasm", "version": "2.2.1"}, "duration_s": 8.646991, "failed": 42, "skipped": 0, "passed": 4, "tests": [{"name": "path_open_preopen", "executed": true, "duration_s": 0.2129356861114502, "failures": ["Wait(exit_code=0) failed: expected 0, got 1\n\n==STDERR==\nTraceback (most recent call last):\n  File \"/home/runner/work/wasi-testsuite/wasi-testsuite/tools/run-pywasm\", line 28, in <module>\n    exit = wasi.main(runtime, instance)\n           ^^^^^^^^^^^^^^^^^^^^^^^^^^^^\n  File \"/opt/hostedtoolcache/Python/3.12.12/x64/lib/python3.12/site-packages/pywasm/wasi.py\", line 1032, in main\n    raise e\n  File \"/opt/hostedtoolcache/Python/3.12.12/x64/lib/python3.12/site-packages/pywasm/wasi.py\", line 1025, in main\n    runtime.invocate(module, '_start', [])\n  File \"/opt/hostedtoolcache/Python/3.12.12/x64/lib/python3.12/site-packages/pywasm/core.py\", line 4190, in invocate\n    func_rets = self.machine.invocate(func_addr, func_args)\n                ^^^^^^^^^^^^^^^^^^^^^^^^^^^^^^^^^^^^^^^^^^^\n  File \"/opt/hostedtoolcache/Python/3.12.12/x64/lib/python3.12/site-packages/pywasm/core.py\", line 1724, in invocate\n    self.evaluate()\n  File \"/opt/hostedtoolcache/Python/3.12.12/x64/lib/python3.12/site-packages/pywasm/core.py\", line 1888, in evaluate\n    self.evaluate_call(addr)\n  File \"/opt/hostedtoolcache/Python/3.12.12/x64/lib/python3.12/site-packages/pywasm/core.py\", line 1788, in evaluate_call\n    rets = func.hostcode(self, [e.into_all() for e in args])\n           ^^^^^^^^^^^^^^^^^^^^^^^^^^^^^^^^^^^^^^^^^^^^^^^^^\n  File \"/opt/hostedtoolcache/Python/3.12.12/x64/lib/python3.12/site-packages/pywasm/wasi.py\", line 490, in args_get\n    mems.put(argv_buf, bytearray(e.encode()))\n                                 ^^^^^^^^\nAttributeError: 'list' object has no attribute 'encode'\n"]}, {"name": "directory_seek", "executed": true, "duration_s": 0.1763310432434082, "failures": ["Wait(exit_code=0) failed: expected 0, got 1\n\n==STDERR==\nTraceback (most recent call last):\n  File \"/home/runner/work/wasi-testsuite/wasi-testsuite/tools/run-pywasm\", line 28, in <module>\n    exit = wasi.main(runtime, instance)\n           ^^^^^^^^^^^^^^^^^^^^^^^^^^^^\n  File \"/opt/hostedtoolcache/Python/3.12.12/x64/lib/python3.12/site-packages/pywasm/wasi.py\", line 1032, in main\n    raise e\n  File \"/opt/hostedtoolcache/Python/3.12.12/x64/lib/python3.12/site-packages/pywasm/wasi.py\", line 1025, in main\n    runtime.invocate(module, '_start', [])\n  File \"/opt/hostedtoolcache/Python/3.12.12/x64/lib/python3.12/site-packages/pywasm/core.py\", line 4190, in invocate\n    func_rets = self.machine.invocate(func_addr, func_args)\n                ^^^^^^^^^^^^^^^^^^^^^^^^^^^^^^^^^^^^^^^^^^^\n  File \"/opt/hostedtoolcache/Python/3.12.12/x64/lib/python3.12/site-packages/pywasm/core.py\", line 1724, in invocate\n    self.evaluate()\n  File \"/opt/hostedtoolcache/Python/3.12.12/x64/lib/python3.12/site-packages/pywasm/core.py\", line 1888, in evaluate\n    self.evaluate_call(addr)\n  File \"/opt/hostedtoolcache/Python/3.12.12/x64/lib/python3.12/site-packages/pywasm/core.py\", line 1788, in evaluate_call\n    rets = func.hostcode(self, [e.into_all() for e in args])\n           ^^^^^^^^^^^^^^^^^^^^^^^^^^^^^^^^^^^^^^^^^^^^^^^^^\n  File \"/opt/hostedtoolcache/Python/3.12.12/x64/lib/python3.12/site-packages/pywasm/wasi.py\", line 490, in args_get\n    mems.put(argv_buf, bytearray(e.encode()))\n                                 ^^^^^^^^\nAttributeError: 'list' object has no attribute 'encode'\n"]}, {"name": "file_seek_tell", "executed": true, "duration_s": 0.17528319358825684, "failures": ["Wait(exit_code=0) failed: expected 0, got 1\n\n==STDERR==\nTraceback (most recent call last):\n  File \"/home/runner/work/wasi-testsuite/wasi-testsuite/tools/run-pywasm\", line 28, in <module>\n    exit = wasi.main(runtime, instance)\n           ^^^^^^^^^^^^^^^^^^^^^^^^^^^^\n  File \"/opt/hostedtoolcache/Python/3.12.12/x64/lib/python3.12/site-packages/pywasm/wasi.py\", line 1032, in main\n    raise e\n  File \"/opt/hostedtoolcache/Python/3.12.12/x64/lib/python3.12/site-packages/pywasm/wasi.py\", line 1025, in main\n    runtime.invocate(module, '_start', [])\n  File \"/opt/hostedtoolcache/Python/3.12.12/x64/lib/python3.12/site-packages/pywasm/core.py\", line 4190, in invocate\n    func_rets = self.machine.invocate(func_addr, func_args)\n                ^^^^^^^^^^^^^^^^^^^^^^^^^^^^^^^^^^^^^^^^^^^\n  File \"/opt/hostedtoolcache/Python/3.12.12/x64/lib/python3.12/site-packages/pywasm/core.py\", line 1724, in invocate\n    self.evaluate()\n  File \"/opt/hostedtoolcache/Python/3.12.12/x64/lib/python3.12/site-packages/pywasm/core.py\", line 1888, in evaluate\n    self.evaluate_call(addr)\n  File \"/opt/hostedtoolcache/Python/3.12.12/x64/lib/python3.12/site-packages/pywasm/core.py\", line 1788, in evaluate_call\n    rets = func.hostcode(self, [e.into_all() for e in args])\n           ^^^^^^^^^^^^^^^^^^^^^^^^^^^^^^^^^^^^^^^^^^^^^^^^^\n  File \"/opt/hostedtoolcache/Python/3.12.12/x64/lib/python3.12/site-packages/pywasm/wasi.py\", line 490, in args_get\n    mems.put(argv_buf, bytearray(e.encode()))\n                                 ^^^^^^^^\nAttributeError: 'list' object has no attribute 'encode'\n"]}, {"name": "path_open_read_write", "executed": true, "duration_s": 0.1763899326324463, "failures": ["Wait(exit_code=0) failed: expected 0, got 1\n\n==STDERR==\nTraceback (most recent call last):\n  File \"/home/runner/work/wasi-testsuite/wasi-testsuite/tools/run-pywasm\", line 28, in <module>\n    exit = wasi.main(runtime, instance)\n           ^^^^^^^^^^^^^^^^^^^^^^^^^^^^\n  File \"/opt/hostedtoolcache/Python/3.12.12/x64/lib/python3.12/site-packages/pywasm/wasi.py\", line 1032, in main\n    raise e\n  File \"/opt/hostedtoolcache/Python/3.12.12/x64/lib/python3.12/site-packages/pywasm/wasi.py\", line 1025, in main\n    runtime.invocate(module, '_start', [])\n  File \"/opt/hostedtoolcache/Python/3.12.12/x64/lib/python3.12/site-packages/pywasm/core.py\", line 4190, in invocate\n    func_rets = self.machine.invocate(func_addr, func_args)\n                ^^^^^^^^^^^^^^^^^^^^^^^^^^^^^^^^^^^^^^^^^^^\n  File \"/opt/hostedtoolcache/Python/3.12.12/x64/lib/python3.12/site-packages/pywasm/core.py\", line 1724, in invocate\n    self.evaluate()\n  File \"/opt/hostedtoolcache/Python/3.12.12/x64/lib/python3.12/site-packages/pywasm/core.py\", line 1888, in evaluate\n    self.evaluate_call(addr)\n  File \"/opt/hostedtoolcache/Python/3.12.12/x64/lib/python3.12/site-packages/pywasm/core.py\", line 1788, in evaluate_call\n    rets = func.hostcode(self, [e.into_all() for e in args])\n           ^^^^^^^^^^^^^^^^^^^^^^^^^^^^^^^^^^^^^^^^^^^^^^^^^\n  File \"/opt/hostedtoolcache/Python/3.12.12/x64/lib/python3.12/site-packages/pywasm/wasi.py\", line 490, in args_get\n    mems.put(argv_buf, bytearray(e.encode()))\n                                 ^^^^^^^^\nAttributeError: 'list' object has no attribute 'encode'\n"]}, {"name": "overwrite_preopen", "executed": true, "duration_s": 0.18640565872192383, "failures": ["Wait(exit_code=0) failed: expected 0, got 1\n\n==STDERR==\nTraceback (most recent call last):\n  File \"/home/runner/work/wasi-testsuite/wasi-testsuite/tools/run-pywasm\", line 28, in <module>\n    exit = wasi.main(runtime, instance)\n           ^^^^^^^^^^^^^^^^^^^^^^^^^^^^\n  File \"/opt/hostedtoolcache/Python/3.12.12/x64/lib/python3.12/site-packages/pywasm/wasi.py\", line 1032, in main\n    raise e\n  File \"/opt/hostedtoolcache/Python/3.12.12/x64/lib/python3.12/site-packages/pywasm/wasi.py\", line 1025, in main\n    runtime.invocate(module, '_start', [])\n  File \"/opt/hostedtoolcache/Python/3.12.12/x64/lib/python3.12/site-packages/pywasm/core.py\", line 4190, in invocate\n    func_rets = self.machine.invocate(func_addr, func_args)\n                ^^^^^^^^^^^^^^^^^^^^^^^^^^^^^^^^^^^^^^^^^^^\n  File \"/opt/hostedtoolcache/Python/3.12.12/x64/lib/python3.12/site-packages/pywasm/core.py\", line 1724, in invocate\n    self.evaluate()\n  File \"/opt/hostedtoolcache/Python/3.12.12/x64/lib/python3.12/site-packages/pywasm/core.py\", line 1888, in evaluate\n    self.evaluate_call(addr)\n  File \"/opt/hostedtoolcache/Python/3.12.12/x64/lib/python3.12/site-packages/pywasm/core.py\", line 1788, in evaluate_call\n    rets = func.hostcode(self, [e.into_all() for e in args])\n           ^^^^^^^^^^^^^^^^^^^^^^^^^^^^^^^^^^^^^^^^^^^^^^^^^\n  File \"/opt/hostedtoolcache/Python/3.12.12/x64/lib/python3.12/site-packages/pywasm/wasi.py\", line 490, in args_get\n    mems.put(argv_buf, bytearray(e.encode()))\n                                 ^^^^^^^^\nAttributeError: 'list' object has no attribute 'encode'\n"]}, {"name": "symlink_filestat", "executed": true, "duration_s": 0.17279577255249023, "failures": ["Wait(exit_code=0) failed: expected 0, got 1\n\n==STDERR==\nTraceback (most recent call last):\n  File \"/home/runner/work/wasi-testsuite/wasi-testsuite/tools/run-pywasm\", line 28, in <module>\n    exit = wasi.main(runtime, instance)\n           ^^^^^^^^^^^^^^^^^^^^^^^^^^^^\n  File \"/opt/hostedtoolcache/Python/3.12.12/x64/lib/python3.12/site-packages/pywasm/wasi.py\", line 1032, in main\n    raise e\n  File \"/opt/hostedtoolcache/Python/3.12.12/x64/lib/python3.12/site-packages/pywasm/wasi.py\", line 1025, in main\n    runtime.invocate(module, '_start', [])\n  File \"/opt/hostedtoolcache/Python/3.12.12/x64/lib/python3.12/site-packages/pywasm/core.py\", line 4190, in invocate\n    func_rets = self.machine.invocate(func_addr, func_args)\n                ^^^^^^^^^^^^^^^^^^^^^^^^^^^^^^^^^^^^^^^^^^^\n  File \"/opt/hostedtoolcache/Python/3.12.12/x64/lib/python3.12/site-packages/pywasm/core.py\", line 1724, in invocate\n    self.evaluate()\n  File \"/opt/hostedtoolcache/Python/3.12.12/x64/lib/python3.12/site-packages/pywasm/core.py\", line 1888, in evaluate\n    self.evaluate_call(addr)\n  File \"/opt/hostedtoolcache/Python/3.12.12/x64/lib/python3.12/site-packages/pywasm/core.py\", line 1788, in evaluate_call\n    rets = func.hostcode(self, [e.into_all() for e in args])\n           ^^^^^^^^^^^^^^^^^^^^^^^^^^^^^^^^^^^^^^^^^^^^^^^^^\n  File \"/opt/hostedtoolcache/Python/3.12.12/x64/lib/python3.12/site-packages/pywasm/wasi.py\", line 490, in args_get\n    mems.put(argv_buf, bytearray(e.encode()))\n                                 ^^^^^^^^\nAttributeError: 'list' object has no attribute 'encode'\n"]}, {"name": "readlink", "executed": true, "duration_s": 0.17520928382873535, "failures": ["Wait(exit_code=0) failed: expected 0, got 1\n\n==STDERR==\nTraceback (most recent call last):\n  File \"/home/runner/work/wasi-testsuite/wasi-testsuite/tools/run-pywasm\", line 28, in <module>\n    exit = wasi.main(runtime, instance)\n           ^^^^^^^^^^^^^^^^^^^^^^^^^^^^\n  File \"/opt/hostedtoolcache/Python/3.12.12/x64/lib/python3.12/site-packages/pywasm/wasi.py\", line 1032, in main\n    raise e\n  File \"/opt/hostedtoolcache/Python/3.12.12/x64/lib/python3.12/site-packages/pywasm/wasi.py\", line 1025, in main\n    runtime.invocate(module, '_start', [])\n  File \"/opt/hostedtoolcache/Python/3.12.12/x64/lib/python3.12/site-packages/pywasm/core.py\", line 4190, in invocate\n    func_rets = self.machine.invocate(func_addr, func_args)\n                ^^^^^^^^^^^^^^^^^^^^^^^^^^^^^^^^^^^^^^^^^^^\n  File \"/opt/hostedtoolcache/Python/3.12.12/x64/lib/python3.12/site-packages/pywasm/core.py\", line 1724, in invocate\n    self.evaluate()\n  File \"/opt/hostedtoolcache/Python/3.12.12/x64/lib/python3.12/site-packages/pywasm/core.py\", line 1888, in evaluate\n    self.evaluate_call(addr)\n  File \"/opt/hostedtoolcache/Python/3.12.12/x64/lib/python3.12/site-packages/pywasm/core.py\", line 1788, in evaluate_call\n    rets = func.hostcode(self, [e.into_all() for e in args])\n           ^^^^^^^^^^^^^^^^^^^^^^^^^^^^^^^^^^^^^^^^^^^^^^^^^\n  File \"/opt/hostedtoolcache/Python/3.12.12/x64/lib/python3.12/site-packages/pywasm/wasi.py\", line 490, in args_get\n    mems.put(argv_buf, bytearray(e.encode()))\n                                 ^^^^^^^^\nAttributeError: 'list' object has no attribute 'encode'\n"]}, {"name": "path_open_create_existing", "executed": true, "duration_s": 0.17762184143066406, "failures": ["Wait(exit_code=0) failed: expected 0, got 1\n\n==STDERR==\nTraceback (most recent call last):\n  File \"/home/runner/work/wasi-testsuite/wasi-testsuite/tools/run-pywasm\", line 28, in <module>\n    exit = wasi.main(runtime, instance)\n           ^^^^^^^^^^^^^^^^^^^^^^^^^^^^\n  File \"/opt/hostedtoolcache/Python/3.12.12/x64/lib/python3.12/site-packages/pywasm/wasi.py\", line 1032, in main\n    raise e\n  File \"/opt/hostedtoolcache/Python/3.12.12/x64/lib/python3.12/site-packages/pywasm/wasi.py\", line 1025, in main\n    runtime.invocate(module, '_start', [])\n  File \"/opt/hostedtoolcache/Python/3.12.12/x64/lib/python3.12/site-packages/pywasm/core.py\", line 4190, in invocate\n    func_rets = self.machine.invocate(func_addr, func_args)\n                ^^^^^^^^^^^^^^^^^^^^^^^^^^^^^^^^^^^^^^^^^^^\n  File \"/opt/hostedtoolcache/Python/3.12.12/x64/lib/python3.12/site-packages/pywasm/core.py\", line 1724, in invocate\n    self.evaluate()\n  File \"/opt/hostedtoolcache/Python/3.12.12/x64/lib/python3.12/site-packages/pywasm/core.py\", line 1888, in evaluate\n    self.evaluate_call(addr)\n  File \"/opt/hostedtoolcache/Python/3.12.12/x64/lib/python3.12/site-packages/pywasm/core.py\", line 1788, in evaluate_call\n    rets = func.hostcode(self, [e.into_all() for e in args])\n           ^^^^^^^^^^^^^^^^^^^^^^^^^^^^^^^^^^^^^^^^^^^^^^^^^\n  File \"/opt/hostedtoolcache/Python/3.12.12/x64/lib/python3.12/site-packages/pywasm/wasi.py\", line 490, in args_get\n    mems.put(argv_buf, bytearray(e.encode()))\n                                 ^^^^^^^^\nAttributeError: 'list' object has no attribute 'encode'\n"]}, {"name": "poll_oneoff_stdio", "executed": true, "duration_s": 0.3059420585632324, "failures": []}, {"name": "path_rename_dir_trailing_slashes", "executed": true, "duration_s": 0.17381691932678223, "failures": ["Wait(exit_code=0) failed: expected 0, got 1\n\n==STDERR==\nTraceback (most recent call last):\n  File \"/home/runner/work/wasi-testsuite/wasi-testsuite/tools/run-pywasm\", line 28, in <module>\n    exit = wasi.main(runtime, instance)\n           ^^^^^^^^^^^^^^^^^^^^^^^^^^^^\n  File \"/opt/hostedtoolcache/Python/3.12.12/x64/lib/python3.12/site-packages/pywasm/wasi.py\", line 1032, in main\n    raise e\n  File \"/opt/hostedtoolcache/Python/3.12.12/x64/lib/python3.12/site-packages/pywasm/wasi.py\", line 1025, in main\n    runtime.invocate(module, '_start', [])\n  File \"/opt/hostedtoolcache/Python/3.12.12/x64/lib/python3.12/site-packages/pywasm/core.py\", line 4190, in invocate\n    func_rets = self.machine.invocate(func_addr, func_args)\n                ^^^^^^^^^^^^^^^^^^^^^^^^^^^^^^^^^^^^^^^^^^^\n  File \"/opt/hostedtoolcache/Python/3.12.12/x64/lib/python3.12/site-packages/pywasm/core.py\", line 1724, in invocate\n    self.evaluate()\n  File \"/opt/hostedtoolcache/Python/3.12.12/x64/lib/python3.12/site-packages/pywasm/core.py\", line 1888, in evaluate\n    self.evaluate_call(addr)\n  File \"/opt/hostedtoolcache/Python/3.12.12/x64/lib/python3.12/site-packages/pywasm/core.py\", line 1788, in evaluate_call\n    rets = func.hostcode(self, [e.into_all() for e in args])\n           ^^^^^^^^^^^^^^^^^^^^^^^^^^^^^^^^^^^^^^^^^^^^^^^^^\n  File \"/opt/hostedtoolcache/Python/3.12.12/x64/lib/python3.12/site-packages/pywasm/wasi.py\", line 490, in args_get\n    mems.put(argv_buf, bytearray(e.encode()))\n                                 ^^^^^^^^\nAttributeError: 'list' object has no attribute 'encode'\n"]}, {"name": "fd_fdstat_set_rights", "executed": true, "duration_s": 0.18440461158752441, "failures": ["Wait(exit_code=0) failed: expected 0, got 1\n\n==STDERR==\nTraceback (most recent call last):\n  File \"/home/runner/work/wasi-testsuite/wasi-testsuite/tools/run-pywasm\", line 28, in <module>\n    exit = wasi.main(runtime, instance)\n           ^^^^^^^^^^^^^^^^^^^^^^^^^^^^\n  File \"/opt/hostedtoolcache/Python/3.12.12/x64/lib/python3.12/site-packages/pywasm/wasi.py\", line 1032, in main\n    raise e\n  File \"/opt/hostedtoolcache/Python/3.12.12/x64/lib/python3.12/site-packages/pywasm/wasi.py\", line 1025, in main\n    runtime.invocate(module, '_start', [])\n  File \"/opt/hostedtoolcache/Python/3.12.12/x64/lib/python3.12/site-packages/pywasm/core.py\", line 4190, in invocate\n    func_rets = self.machine.invocate(func_addr, func_args)\n                ^^^^^^^^^^^^^^^^^^^^^^^^^^^^^^^^^^^^^^^^^^^\n  File \"/opt/hostedtoolcache/Python/3.12.12/x64/lib/python3.12/site-packages/pywasm/core.py\", line 1724, in invocate\n    self.evaluate()\n  File \"/opt/hostedtoolcache/Python/3.12.12/x64/lib/python3.12/site-packages/pywasm/core.py\", line 1888, in evaluate\n    self.evaluate_call(addr)\n  File \"/opt/hostedtoolcache/Python/3.12.12/x64/lib/python3.12/site-packages/pywasm/core.py\", line 1788, in evaluate_call\n    rets = func.hostcode(self, [e.into_all() for e in args])\n           ^^^^^^^^^^^^^^^^^^^^^^^^^^^^^^^^^^^^^^^^^^^^^^^^^\n  File \"/opt/hostedtoolcache/Python/3.12.12/x64/lib/python3.12/site-packages/pywasm/wasi.py\", line 490, in args_get\n    mems.put(argv_buf, bytearray(e.encode()))\n                                 ^^^^^^^^\nAttributeError: 'list' object has no attribute 'encode'\n"]}, {"name": "path_open_missing", "executed": true, "duration_s": 0.17462873458862305, "failures": ["Wait(exit_code=0) failed: expected 0, got 1\n\n==STDERR==\nTraceback (most recent call last):\n  File \"/home/runner/work/wasi-testsuite/wasi-testsuite/tools/run-pywasm\", line 28, in <module>\n    exit = wasi.main(runtime, instance)\n           ^^^^^^^^^^^^^^^^^^^^^^^^^^^^\n  File \"/opt/hostedtoolcache/Python/3.12.12/x64/lib/python3.12/site-packages/pywasm/wasi.py\", line 1032, in main\n    raise e\n  File \"/opt/hostedtoolcache/Python/3.12.12/x64/lib/python3.12/site-packages/pywasm/wasi.py\", line 1025, in main\n    runtime.invocate(module, '_start', [])\n  File \"/opt/hostedtoolcache/Python/3.12.12/x64/lib/python3.12/site-packages/pywasm/core.py\", line 4190, in invocate\n    func_rets = self.machine.invocate(func_addr, func_args)\n                ^^^^^^^^^^^^^^^^^^^^^^^^^^^^^^^^^^^^^^^^^^^\n  File \"/opt/hostedtoolcache/Python/3.12.12/x64/lib/python3.12/site-packages/pywasm/core.py\", line 1724, in invocate\n    self.evaluate()\n  File \"/opt/hostedtoolcache/Python/3.12.12/x64/lib/python3.12/site-packages/pywasm/core.py\", line 1888, in evaluate\n    self.evaluate_call(addr)\n  File \"/opt/hostedtoolcache/Python/3.12.12/x64/lib/python3.12/site-packages/pywasm/core.py\", line 1788, in evaluate_call\n    rets = func.hostcode(self, [e.into_all() for e in args])\n           ^^^^^^^^^^^^^^^^^^^^^^^^^^^^^^^^^^^^^^^^^^^^^^^^^\n  File \"/opt/hostedtoolcache/Python/3.12.12/x64/lib/python3.12/site-packages/pywasm/wasi.py\", line 490, in args_get\n    mems.put(argv_buf, bytearray(e.encode()))\n                                 ^^^^^^^^\nAttributeError: 'list' object has no attribute 'encode'\n"]}, {"name": "path_open_dirfd_not_dir", "executed": true, "duration_s": 0.1749119758605957, "failures": ["Wait(exit_code=0) failed: expected 0, got 1\n\n==STDERR==\nTraceback (most recent call last):\n  File \"/home/runner/work/wasi-testsuite/wasi-testsuite/tools/run-pywasm\", line 28, in <module>\n    exit = wasi.main(runtime, instance)\n           ^^^^^^^^^^^^^^^^^^^^^^^^^^^^\n  File \"/opt/hostedtoolcache/Python/3.12.12/x64/lib/python3.12/site-packages/pywasm/wasi.py\", line 1032, in main\n    raise e\n  File \"/opt/hostedtoolcache/Python/3.12.12/x64/lib/python3.12/site-packages/pywasm/wasi.py\", line 1025, in main\n    runtime.invocate(module, '_start', [])\n  File \"/opt/hostedtoolcache/Python/3.12.12/x64/lib/python3.12/site-packages/pywasm/core.py\", line 4190, in invocate\n    func_rets = self.machine.invocate(func_addr, func_args)\n                ^^^^^^^^^^^^^^^^^^^^^^^^^^^^^^^^^^^^^^^^^^^\n  File \"/opt/hostedtoolcache/Python/3.12.12/x64/lib/python3.12/site-packages/pywasm/core.py\", line 1724, in invocate\n    self.evaluate()\n  File \"/opt/hostedtoolcache/Python/3.12.12/x64/lib/python3.12/site-packages/pywasm/core.py\", line 1888, in evaluate\n    self.evaluate_call(addr)\n  File \"/opt/hostedtoolcache/Python/3.12.12/x64/lib/python3.12/site-packages/pywasm/core.py\", line 1788, in evaluate_call\n    rets = func.hostcode(self, [e.into_all() for e in args])\n           ^^^^^^^^^^^^^^^^^^^^^^^^^^^^^^^^^^^^^^^^^^^^^^^^^\n  File \"/opt/hostedtoolcache/Python/3.12.12/x64/lib/python3.12/site-packages/pywasm/wasi.py\", line 490, in args_get\n    mems.put(argv_buf, bytearray(e.encode()))\n                                 ^^^^^^^^\nAttributeError: 'list' object has no attribute 'encode'\n"]}, {"name": "file_unbuffered_write", "executed": true, "duration_s": 0.17334842681884766, "failures": ["Wait(exit_code=0) failed: expected 0, got 1\n\n==STDERR==\nTraceback (most recent call last):\n  File \"/home/runner/work/wasi-testsuite/wasi-testsuite/tools/run-pywasm\", line 28, in <module>\n    exit = wasi.main(runtime, instance)\n           ^^^^^^^^^^^^^^^^^^^^^^^^^^^^\n  File \"/opt/hostedtoolcache/Python/3.12.12/x64/lib/python3.12/site-packages/pywasm/wasi.py\", line 1032, in main\n    raise e\n  File \"/opt/hostedtoolcache/Python/3.12.12/x64/lib/python3.12/site-packages/pywasm/wasi.py\", line 1025, in main\n    runtime.invocate(module, '_start', [])\n  File \"/opt/hostedtoolcache/Python/3.12.12/x64/lib/python3.12/site-packages/pywasm/core.py\", line 4190, in invocate\n    func_rets = self.machine.invocate(func_addr, func_args)\n                ^^^^^^^^^^^^^^^^^^^^^^^^^^^^^^^^^^^^^^^^^^^\n  File \"/opt/hostedtoolcache/Python/3.12.12/x64/lib/python3.12/site-packages/pywasm/core.py\", line 1724, in invocate\n    self.evaluate()\n  File \"/opt/hostedtoolcache/Python/3.12.12/x64/lib/python3.12/site-packages/pywasm/core.py\", line 1888, in evaluate\n    self.evaluate_call(addr)\n  File \"/opt/hostedtoolcache/Python/3.12.12/x64/lib/python3.12/site-packages/pywasm/core.py\", line 1788, in evaluate_call\n    rets = func.hostcode(self, [e.into_all() for e in args])\n           ^^^^^^^^^^^^^^^^^^^^^^^^^^^^^^^^^^^^^^^^^^^^^^^^^\n  File \"/opt/hostedtoolcache/Python/3.12.12/x64/lib/python3.12/site-packages/pywasm/wasi.py\", line 490, in args_get\n    mems.put(argv_buf, bytearray(e.encode()))\n                                 ^^^^^^^^\nAttributeError: 'list' object has no attribute 'encode'\n"]}, {"name": "interesting_paths", "executed": true, "duration_s": 0.18334102630615234, "failures": ["Wait(exit_code=0) failed: expected 0, got 1\n\n==STDERR==\nTraceback (most recent call last):\n  File \"/home/runner/work/wasi-testsuite/wasi-testsuite/tools/run-pywasm\", line 28, in <module>\n    exit = wasi.main(runtime, instance)\n           ^^^^^^^^^^^^^^^^^^^^^^^^^^^^\n  File \"/opt/hostedtoolcache/Python/3.12.12/x64/lib/python3.12/site-packages/pywasm/wasi.py\", line 1032, in main\n    raise e\n  File \"/opt/hostedtoolcache/Python/3.12.12/x64/lib/python3.12/site-packages/pywasm/wasi.py\", line 1025, in main\n    runtime.invocate(module, '_start', [])\n  File \"/opt/hostedtoolcache/Python/3.12.12/x64/lib/python3.12/site-packages/pywasm/core.py\", line 4190, in invocate\n    func_rets = self.machine.invocate(func_addr, func_args)\n                ^^^^^^^^^^^^^^^^^^^^^^^^^^^^^^^^^^^^^^^^^^^\n  File \"/opt/hostedtoolcache/Python/3.12.12/x64/lib/python3.12/site-packages/pywasm/core.py\", line 1724, in invocate\n    self.evaluate()\n  File \"/opt/hostedtoolcache/Python/3.12.12/x64/lib/python3.12/site-packages/pywasm/core.py\", line 1888, in evaluate\n    self.evaluate_call(addr)\n  File \"/opt/hostedtoolcache/Python/3.12.12/x64/lib/python3.12/site-packages/pywasm/core.py\", line 1788, in evaluate_call\n    rets = func.hostcode(self, [e.into_all() for e in args])\n           ^^^^^^^^^^^^^^^^^^^^^^^^^^^^^^^^^^^^^^^^^^^^^^^^^\n  File \"/opt/hostedtoolcache/Python/3.12.12/x64/lib/python3.12/site-packages/pywasm/wasi.py\", line 490, in args_get\n    mems.put(argv_buf, bytearray(e.encode()))\n                                 ^^^^^^^^\nAttributeError: 'list' object has no attribute 'encode'\n"]}, {"name": "path_link", "executed": true, "duration_s": 0.21665096282958984, "failures": ["Wait(exit_code=0) failed: expected 0, got 1\n\n==STDERR==\nTraceback (most recent call last):\n  File \"/home/runner/work/wasi-testsuite/wasi-testsuite/tools/run-pywasm\", line 28, in <module>\n    exit = wasi.main(runtime, instance)\n           ^^^^^^^^^^^^^^^^^^^^^^^^^^^^\n  File \"/opt/hostedtoolcache/Python/3.12.12/x64/lib/python3.12/site-packages/pywasm/wasi.py\", line 1032, in main\n    raise e\n  File \"/opt/hostedtoolcache/Python/3.12.12/x64/lib/python3.12/site-packages/pywasm/wasi.py\", line 1025, in main\n    runtime.invocate(module, '_start', [])\n  File \"/opt/hostedtoolcache/Python/3.12.12/x64/lib/python3.12/site-packages/pywasm/core.py\", line 4190, in invocate\n    func_rets = self.machine.invocate(func_addr, func_args)\n                ^^^^^^^^^^^^^^^^^^^^^^^^^^^^^^^^^^^^^^^^^^^\n  File \"/opt/hostedtoolcache/Python/3.12.12/x64/lib/python3.12/site-packages/pywasm/core.py\", line 1724, in invocate\n    self.evaluate()\n  File \"/opt/hostedtoolcache/Python/3.12.12/x64/lib/python3.12/site-packages/pywasm/core.py\", line 1888, in evaluate\n    self.evaluate_call(addr)\n  File \"/opt/hostedtoolcache/Python/3.12.12/x64/lib/python3.12/site-packages/pywasm/core.py\", line 1788, in evaluate_call\n    rets = func.hostcode(self, [e.into_all() for e in args])\n           ^^^^^^^^^^^^^^^^^^^^^^^^^^^^^^^^^^^^^^^^^^^^^^^^^\n  File \"/opt/hostedtoolcache/Python/3.12.12/x64/lib/python3.12/site-packages/pywasm/wasi.py\", line 490, in args_get\n    mems.put(argv_buf, bytearray(e.encode()))\n                                 ^^^^^^^^\nAttributeError: 'list' object has no attribute 'encode'\n"]}, {"name": "path_open_nonblock", "executed": true, "duration_s": 0.16780781745910645, "failures": ["Wait(exit_code=0) failed: expected 0, got 1\n\n==STDERR==\nTraceback (most recent call last):\n  File \"/home/runner/work/wasi-testsuite/wasi-testsuite/tools/run-pywasm\", line 28, in <module>\n    exit = wasi.main(runtime, instance)\n           ^^^^^^^^^^^^^^^^^^^^^^^^^^^^\n  File \"/opt/hostedtoolcache/Python/3.12.12/x64/lib/python3.12/site-packages/pywasm/wasi.py\", line 1032, in main\n    raise e\n  File \"/opt/hostedtoolcache/Python/3.12.12/x64/lib/python3.12/site-packages/pywasm/wasi.py\", line 1025, in main\n    runtime.invocate(module, '_start', [])\n  File \"/opt/hostedtoolcache/Python/3.12.12/x64/lib/python3.12/site-packages/pywasm/core.py\", line 4190, in invocate\n    func_rets = self.machine.invocate(func_addr, func_args)\n                ^^^^^^^^^^^^^^^^^^^^^^^^^^^^^^^^^^^^^^^^^^^\n  File \"/opt/hostedtoolcache/Python/3.12.12/x64/lib/python3.12/site-packages/pywasm/core.py\", line 1724, in invocate\n    self.evaluate()\n  File \"/opt/hostedtoolcache/Python/3.12.12/x64/lib/python3.12/site-packages/pywasm/core.py\", line 1888, in evaluate\n    self.evaluate_call(addr)\n  File \"/opt/hostedtoolcache/Python/3.12.12/x64/lib/python3.12/site-packages/pywasm/core.py\", line 1788, in evaluate_call\n    rets = func.hostcode(self, [e.into_all() for e in args])\n           ^^^^^^^^^^^^^^^^^^^^^^^^^^^^^^^^^^^^^^^^^^^^^^^^^\n  File \"/opt/hostedtoolcache/Python/3.12.12/x64/lib/python3.12/site-packages/pywasm/wasi.py\", line 490, in args_get\n    mems.put(argv_buf, bytearray(e.encode()))\n                                 ^^^^^^^^\nAttributeError: 'list' object has no attribute 'encode'\n"]}, {"name": "path_rename", "executed": true, "duration_s": 0.2166152000427246, "failures": ["Wait(exit_code=0) failed: expected 0, got 1\n\n==STDERR==\nTraceback (most recent call last):\n  File \"/home/runner/work/wasi-testsuite/wasi-testsuite/tools/run-pywasm\", line 28, in <module>\n    exit = wasi.main(runtime, instance)\n           ^^^^^^^^^^^^^^^^^^^^^^^^^^^^\n  File \"/opt/hostedtoolcache/Python/3.12.12/x64/lib/python3.12/site-packages/pywasm/wasi.py\", line 1032, in main\n    raise e\n  File \"/opt/hostedtoolcache/Python/3.12.12/x64/lib/python3.12/site-packages/pywasm/wasi.py\", line 1025, in main\n    runtime.invocate(module, '_start', [])\n  File \"/opt/hostedtoolcache/Python/3.12.12/x64/lib/python3.12/site-packages/pywasm/core.py\", line 4190, in invocate\n    func_rets = self.machine.invocate(func_addr, func_args)\n                ^^^^^^^^^^^^^^^^^^^^^^^^^^^^^^^^^^^^^^^^^^^\n  File \"/opt/hostedtoolcache/Python/3.12.12/x64/lib/python3.12/site-packages/pywasm/core.py\", line 1724, in invocate\n    self.evaluate()\n  File \"/opt/hostedtoolcache/Python/3.12.12/x64/lib/python3.12/site-packages/pywasm/core.py\", line 1888, in evaluate\n    self.evaluate_call(addr)\n  File \"/opt/hostedtoolcache/Python/3.12.12/x64/lib/python3.12/site-packages/pywasm/core.py\", line 1788, in evaluate_call\n    rets = func.hostcode(self, [e.into_all() for e in args])\n           ^^^^^^^^^^^^^^^^^^^^^^^^^^^^^^^^^^^^^^^^^^^^^^^^^\n  File \"/opt/hostedtoolcache/Python/3.12.12/x64/lib/python3.12/site-packages/pywasm/wasi.py\", line 490, in args_get\n    mems.put(argv_buf, bytearray(e.encode()))\n                                 ^^^^^^^^\nAttributeError: 'list' object has no attribute 'encode'\n"]}, {"name": "fd_advise", "executed": true, "duration_s": 0.17171812057495117, "failures": ["Wait(exit_code=0) failed: expected 0, got 1\n\n==STDERR==\nTraceback (most recent call last):\n  File \"/home/runner/work/wasi-testsuite/wasi-testsuite/tools/run-pywasm\", line 28, in <module>\n    exit = wasi.main(runtime, instance)\n           ^^^^^^^^^^^^^^^^^^^^^^^^^^^^\n  File \"/opt/hostedtoolcache/Python/3.12.12/x64/lib/python3.12/site-packages/pywasm/wasi.py\", line 1032, in main\n    raise e\n  File \"/opt/hostedtoolcache/Python/3.12.12/x64/lib/python3.12/site-packages/pywasm/wasi.py\", line 1025, in main\n    runtime.invocate(module, '_start', [])\n  File \"/opt/hostedtoolcache/Python/3.12.12/x64/lib/python3.12/site-packages/pywasm/core.py\", line 4190, in invocate\n    func_rets = self.machine.invocate(func_addr, func_args)\n                ^^^^^^^^^^^^^^^^^^^^^^^^^^^^^^^^^^^^^^^^^^^\n  File \"/opt/hostedtoolcache/Python/3.12.12/x64/lib/python3.12/site-packages/pywasm/core.py\", line 1724, in invocate\n    self.evaluate()\n  File \"/opt/hostedtoolcache/Python/3.12.12/x64/lib/python3.12/site-packages/pywasm/core.py\", line 1888, in evaluate\n    self.evaluate_call(addr)\n  File \"/opt/hostedtoolcache/Python/3.12.12/x64/lib/python3.12/site-packages/pywasm/core.py\", line 1788, in evaluate_call\n    rets = func.hostcode(self, [e.into_all() for e in args])\n           ^^^^^^^^^^^^^^^^^^^^^^^^^^^^^^^^^^^^^^^^^^^^^^^^^\n  File \"/opt/hostedtoolcache/Python/3.12.12/x64/lib/python3.12/site-packages/pywasm/wasi.py\", line 490, in args_get\n    mems.put(argv_buf, bytearray(e.encode()))\n                                 ^^^^^^^^\nAttributeError: 'list' object has no attribute 'encode'\n"]}, {"name": "fd_filestat_set", "executed": true, "duration_s": 0.1722104549407959, "failures": ["Wait(exit_code=0) failed: expected 0, got 1\n\n==STDERR==\nTraceback (most recent call last):\n  File \"/home/runner/work/wasi-testsuite/wasi-testsuite/tools/run-pywasm\", line 28, in <module>\n    exit = wasi.main(runtime, instance)\n           ^^^^^^^^^^^^^^^^^^^^^^^^^^^^\n  File \"/opt/hostedtoolcache/Python/3.12.12/x64/lib/python3.12/site-packages/pywasm/wasi.py\", line 1032, in main\n    raise e\n  File \"/opt/hostedtoolcache/Python/3.12.12/x64/lib/python3.12/site-packages/pywasm/wasi.py\", line 1025, in main\n    runtime.invocate(module, '_start', [])\n  File \"/opt/hostedtoolcache/Python/3.12.12/x64/lib/python3.12/site-packages/pywasm/core.py\", line 4190, in invocate\n    func_rets = self.machine.invocate(func_addr, func_args)\n                ^^^^^^^^^^^^^^^^^^^^^^^^^^^^^^^^^^^^^^^^^^^\n  File \"/opt/hostedtoolcache/Python/3.12.12/x64/lib/python3.12/site-packages/pywasm/core.py\", line 1724, in invocate\n    self.evaluate()\n  File \"/opt/hostedtoolcache/Python/3.12.12/x64/lib/python3.12/site-packages/pywasm/core.py\", line 1888, in evaluate\n    self.evaluate_call(addr)\n  File \"/opt/hostedtoolcache/Python/3.12.12/x64/lib/python3.12/site-packages/pywasm/core.py\", line 1788, in evaluate_call\n    rets = func.hostcode(self, [e.into_all() for e in args])\n           ^^^^^^^^^^^^^^^^^^^^^^^^^^^^^^^^^^^^^^^^^^^^^^^^^\n  File \"/opt/hostedtoolcache/Python/3.12.12/x64/lib/python3.12/site-packages/pywasm/wasi.py\", line 490, in args_get\n    mems.put(argv_buf, bytearray(e.encode()))\n                                 ^^^^^^^^\nAttributeError: 'list' object has no attribute 'encode'\n"]}, {"name": "fd_flags_set", "executed": true, "duration_s": 0.17802643775939941, "failures": ["Wait(exit_code=0) failed: expected 0, got 1\n\n==STDERR==\nTraceback (most recent call last):\n  File \"/home/runner/work/wasi-testsuite/wasi-testsuite/tools/run-pywasm\", line 28, in <module>\n    exit = wasi.main(runtime, instance)\n           ^^^^^^^^^^^^^^^^^^^^^^^^^^^^\n  File \"/opt/hostedtoolcache/Python/3.12.12/x64/lib/python3.12/site-packages/pywasm/wasi.py\", line 1032, in main\n    raise e\n  File \"/opt/hostedtoolcache/Python/3.12.12/x64/lib/python3.12/site-packages/pywasm/wasi.py\", line 1025, in main\n    runtime.invocate(module, '_start', [])\n  File \"/opt/hostedtoolcache/Python/3.12.12/x64/lib/python3.12/site-packages/pywasm/core.py\", line 4190, in invocate\n    func_rets = self.machine.invocate(func_addr, func_args)\n                ^^^^^^^^^^^^^^^^^^^^^^^^^^^^^^^^^^^^^^^^^^^\n  File \"/opt/hostedtoolcache/Python/3.12.12/x64/lib/python3.12/site-packages/pywasm/core.py\", line 1724, in invocate\n    self.evaluate()\n  File \"/opt/hostedtoolcache/Python/3.12.12/x64/lib/python3.12/site-packages/pywasm/core.py\", line 1888, in evaluate\n    self.evaluate_call(addr)\n  File \"/opt/hostedtoolcache/Python/3.12.12/x64/lib/python3.12/site-packages/pywasm/core.py\", line 1788, in evaluate_call\n    rets = func.hostcode(self, [e.into_all() for e in args])\n           ^^^^^^^^^^^^^^^^^^^^^^^^^^^^^^^^^^^^^^^^^^^^^^^^^\n  File \"/opt/hostedtoolcache/Python/3.12.12/x64/lib/python3.12/site-packages/pywasm/wasi.py\", line 490, in args_get\n    mems.put(argv_buf, bytearray(e.encode()))\n                                 ^^^^^^^^\nAttributeError: 'list' object has no attribute 'encode'\n"]}, {"name": "sched_yield", "executed": true, "duration_s": 0.1370835304260254, "failures": []}, {"name": "clock_time_get", "executed": true, "duration_s": 0.13747072219848633, "failures": []}, {"name": "nofollow_errors", "executed": true, "duration_s": 0.18700647354125977, "failures": ["Wait(exit_code=0) failed: expected 0, got 1\n\n==STDERR==\nTraceback (most recent call last):\n  File \"/home/runner/work/wasi-testsuite/wasi-testsuite/tools/run-pywasm\", line 28, in <module>\n    exit = wasi.main(runtime, instance)\n           ^^^^^^^^^^^^^^^^^^^^^^^^^^^^\n  File \"/opt/hostedtoolcache/Python/3.12.12/x64/lib/python3.12/site-packages/pywasm/wasi.py\", line 1032, in main\n    raise e\n  File \"/opt/hostedtoolcache/Python/3.12.12/x64/lib/python3.12/site-packages/pywasm/wasi.py\", line 1025, in main\n    runtime.invocate(module, '_start', [])\n  File \"/opt/hostedtoolcache/Python/3.12.12/x64/lib/python3.12/site-packages/pywasm/core.py\", line 4190, in invocate\n    func_rets = self.machine.invocate(func_addr, func_args)\n                ^^^^^^^^^^^^^^^^^^^^^^^^^^^^^^^^^^^^^^^^^^^\n  File \"/opt/hostedtoolcache/Python/3.12.12/x64/lib/python3.12/site-packages/pywasm/core.py\", line 1724, in invocate\n    self.evaluate()\n  File \"/opt/hostedtoolcache/Python/3.12.12/x64/lib/python3.12/site-packages/pywasm/core.py\", line 1888, in evaluate\n    self.evaluate_call(addr)\n  File \"/opt/hostedtoolcache/Python/3.12.12/x64/lib/python3.12/site-packages/pywasm/core.py\", line 1788, in evaluate_call\n    rets = func.hostcode(self, [e.into_all() for e in args])\n           ^^^^^^^^^^^^^^^^^^^^^^^^^^^^^^^^^^^^^^^^^^^^^^^^^\n  File \"/opt/hostedtoolcache/Python/3.12.12/x64/lib/python3.12/site-packages/pywasm/wasi.py\", line 490, in args_get\n    mems.put(argv_buf, bytearray(e.encode()))\n                                 ^^^^^^^^\nAttributeError: 'list' object has no attribute 'encode'\n"]}, {"name": "file_truncation", "executed": true, "duration_s": 0.17047572135925293, "failures": ["Wait(exit_code=0) failed: expected 0, got 1\n\n==STDERR==\nTraceback (most recent call last):\n  File \"/home/runner/work/wasi-testsuite/wasi-testsuite/tools/run-pywasm\", line 28, in <module>\n    exit = wasi.main(runtime, instance)\n           ^^^^^^^^^^^^^^^^^^^^^^^^^^^^\n  File \"/opt/hostedtoolcache/Python/3.12.12/x64/lib/python3.12/site-packages/pywasm/wasi.py\", line 1032, in main\n    raise e\n  File \"/opt/hostedtoolcache/Python/3.12.12/x64/lib/python3.12/site-packages/pywasm/wasi.py\", line 1025, in main\n    runtime.invocate(module, '_start', [])\n  File \"/opt/hostedtoolcache/Python/3.12.12/x64/lib/python3.12/site-packages/pywasm/core.py\", line 4190, in invocate\n    func_rets = self.machine.invocate(func_addr, func_args)\n                ^^^^^^^^^^^^^^^^^^^^^^^^^^^^^^^^^^^^^^^^^^^\n  File \"/opt/hostedtoolcache/Python/3.12.12/x64/lib/python3.12/site-packages/pywasm/core.py\", line 1724, in invocate\n    self.evaluate()\n  File \"/opt/hostedtoolcache/Python/3.12.12/x64/lib/python3.12/site-packages/pywasm/core.py\", line 1888, in evaluate\n    self.evaluate_call(addr)\n  File \"/opt/hostedtoolcache/Python/3.12.12/x64/lib/python3.12/site-packages/pywasm/core.py\", line 1788, in evaluate_call\n    rets = func.hostcode(self, [e.into_all() for e in args])\n           ^^^^^^^^^^^^^^^^^^^^^^^^^^^^^^^^^^^^^^^^^^^^^^^^^\n  File \"/opt/hostedtoolcache/Python/3.12.12/x64/lib/python3.12/site-packages/pywasm/wasi.py\", line 490, in args_get\n    mems.put(argv_buf, bytearray(e.encode()))\n                                 ^^^^^^^^\nAttributeError: 'list' object has no attribute 'encode'\n"]}, {"name": "big_random_buf", "executed": true, "duration_s": 0.29607725143432617, "failures": []}, {"name": "dangling_fd", "executed": true, "duration_s": 0.18621349334716797, "failures": ["Wait(exit_code=0) failed: expected 0, got 1\n\n==STDERR==\nTraceback (most recent call last):\n  File \"/home/runner/work/wasi-testsuite/wasi-testsuite/tools/run-pywasm\", line 28, in <module>\n    exit = wasi.main(runtime, instance)\n           ^^^^^^^^^^^^^^^^^^^^^^^^^^^^\n  File \"/opt/hostedtoolcache/Python/3.12.12/x64/lib/python3.12/site-packages/pywasm/wasi.py\", line 1032, in main\n    raise e\n  File \"/opt/hostedtoolcache/Python/3.12.12/x64/lib/python3.12/site-packages/pywasm/wasi.py\", line 1025, in main\n    runtime.invocate(module, '_start', [])\n  File \"/opt/hostedtoolcache/Python/3.12.12/x64/lib/python3.12/site-packages/pywasm/core.py\", line 4190, in invocate\n    func_rets = self.machine.invocate(func_addr, func_args)\n                ^^^^^^^^^^^^^^^^^^^^^^^^^^^^^^^^^^^^^^^^^^^\n  File \"/opt/hostedtoolcache/Python/3.12.12/x64/lib/python3.12/site-packages/pywasm/core.py\", line 1724, in invocate\n    self.evaluate()\n  File \"/opt/hostedtoolcache/Python/3.12.12/x64/lib/python3.12/site-packages/pywasm/core.py\", line 1888, in evaluate\n    self.evaluate_call(addr)\n  File \"/opt/hostedtoolcache/Python/3.12.12/x64/lib/python3.12/site-packages/pywasm/core.py\", line 1788, in evaluate_call\n    rets = func.hostcode(self, [e.into_all() for e in args])\n           ^^^^^^^^^^^^^^^^^^^^^^^^^^^^^^^^^^^^^^^^^^^^^^^^^\n  File \"/opt/hostedtoolcache/Python/3.12.12/x64/lib/python3.12/site-packages/pywasm/wasi.py\", line 490, in args_get\n    mems.put(argv_buf, bytearray(e.encode()))\n                                 ^^^^^^^^\nAttributeError: 'list' object has no attribute 'encode'\n"]}, {"name": "fstflags_validate", "executed": true, "duration_s": 0.16985130310058594, "failures": ["Wait(exit_code=0) failed: expected 0, got 1\n\n==STDERR==\nTraceback (most recent call last):\n  File \"/home/runner/work/wasi-testsuite/wasi-testsuite/tools/run-pywasm\", line 28, in <module>\n    exit = wasi.main(runtime, instance)\n           ^^^^^^^^^^^^^^^^^^^^^^^^^^^^\n  File \"/opt/hostedtoolcache/Python/3.12.12/x64/lib/python3.12/site-packages/pywasm/wasi.py\", line 1032, in main\n    raise e\n  File \"/opt/hostedtoolcache/Python/3.12.12/x64/lib/python3.12/site-packages/pywasm/wasi.py\", line 1025, in main\n    runtime.invocate(module, '_start', [])\n  File \"/opt/hostedtoolcache/Python/3.12.12/x64/lib/python3.12/site-packages/pywasm/core.py\", line 4190, in invocate\n    func_rets = self.machine.invocate(func_addr, func_args)\n                ^^^^^^^^^^^^^^^^^^^^^^^^^^^^^^^^^^^^^^^^^^^\n  File \"/opt/hostedtoolcache/Python/3.12.12/x64/lib/python3.12/site-packages/pywasm/core.py\", line 1724, in invocate\n    self.evaluate()\n  File \"/opt/hostedtoolcache/Python/3.12.12/x64/lib/python3.12/site-packages/pywasm/core.py\", line 1888, in evaluate\n    self.evaluate_call(addr)\n  File \"/opt/hostedtoolcache/Python/3.12.12/x64/lib/python3.12/site-packages/pywasm/core.py\", line 1788, in evaluate_call\n    rets = func.hostcode(self, [e.into_all() for e in args])\n           ^^^^^^^^^^^^^^^^^^^^^^^^^^^^^^^^^^^^^^^^^^^^^^^^^\n  File \"/opt/hostedtoolcache/Python/3.12.12/x64/lib/python3.12/site-packages/pywasm/wasi.py\", line 490, in args_get\n    mems.put(argv_buf, bytearray(e.encode()))\n                                 ^^^^^^^^\nAttributeError: 'list' object has no attribute 'encode'\n"]}, {"name": "dangling_symlink", "executed": true, "duration_s": 0.1962575912475586, "failures": ["Wait(exit_code=0) failed: expected 0, got 1\n\n==STDERR==\nTraceback (most recent call last):\n  File \"/home/runner/work/wasi-testsuite/wasi-testsuite/tools/run-pywasm\", line 28, in <module>\n    exit = wasi.main(runtime, instance)\n           ^^^^^^^^^^^^^^^^^^^^^^^^^^^^\n  File \"/opt/hostedtoolcache/Python/3.12.12/x64/lib/python3.12/site-packages/pywasm/wasi.py\", line 1032, in main\n    raise e\n  File \"/opt/hostedtoolcache/Python/3.12.12/x64/lib/python3.12/site-packages/pywasm/wasi.py\", line 1025, in main\n    runtime.invocate(module, '_start', [])\n  File \"/opt/hostedtoolcache/Python/3.12.12/x64/lib/python3.12/site-packages/pywasm/core.py\", line 4190, in invocate\n    func_rets = self.machine.invocate(func_addr, func_args)\n                ^^^^^^^^^^^^^^^^^^^^^^^^^^^^^^^^^^^^^^^^^^^\n  File \"/opt/hostedtoolcache/Python/3.12.12/x64/lib/python3.12/site-packages/pywasm/core.py\", line 1724, in invocate\n    self.evaluate()\n  File \"/opt/hostedtoolcache/Python/3.12.12/x64/lib/python3.12/site-packages/pywasm/core.py\", line 1888, in evaluate\n    self.evaluate_call(addr)\n  File \"/opt/hostedtoolcache/Python/3.12.12/x64/lib/python3.12/site-packages/pywasm/core.py\", line 1788, in evaluate_call\n    rets = func.hostcode(self, [e.into_all() for e in args])\n           ^^^^^^^^^^^^^^^^^^^^^^^^^^^^^^^^^^^^^^^^^^^^^^^^^\n  File \"/opt/hostedtoolcache/Python/3.12.12/x64/lib/python3.12/site-packages/pywasm/wasi.py\", line 490, in args_get\n    mems.put(argv_buf, bytearray(e.encode()))\n                                 ^^^^^^^^\nAttributeError: 'list' object has no attribute 'encode'\n"]}, {"name": "path_symlink_trailing_slashes", "executed": true, "duration_s": 0.22287726402282715, "failures": ["Wait(exit_code=0) failed: expected 0, got 1\n\n==STDERR==\nTraceback (most recent call last):\n  File \"/home/runner/work/wasi-testsuite/wasi-testsuite/tools/run-pywasm\", line 28, in <module>\n    exit = wasi.main(runtime, instance)\n           ^^^^^^^^^^^^^^^^^^^^^^^^^^^^\n  File \"/opt/hostedtoolcache/Python/3.12.12/x64/lib/python3.12/site-packages/pywasm/wasi.py\", line 1032, in main\n    raise e\n  File \"/opt/hostedtoolcache/Python/3.12.12/x64/lib/python3.12/site-packages/pywasm/wasi.py\", line 1025, in main\n    runtime.invocate(module, '_start', [])\n  File \"/opt/hostedtoolcache/Python/3.12.12/x64/lib/python3.12/site-packages/pywasm/core.py\", line 4190, in invocate\n    func_rets = self.machine.invocate(func_addr, func_args)\n                ^^^^^^^^^^^^^^^^^^^^^^^^^^^^^^^^^^^^^^^^^^^\n  File \"/opt/hostedtoolcache/Python/3.12.12/x64/lib/python3.12/site-packages/pywasm/core.py\", line 1724, in invocate\n    self.evaluate()\n  File \"/opt/hostedtoolcache/Python/3.12.12/x64/lib/python3.12/site-packages/pywasm/core.py\", line 1888, in evaluate\n    self.evaluate_call(addr)\n  File \"/opt/hostedtoolcache/Python/3.12.12/x64/lib/python3.12/site-packages/pywasm/core.py\", line 1788, in evaluate_call\n    rets = func.hostcode(self, [e.into_all() for e in args])\n           ^^^^^^^^^^^^^^^^^^^^^^^^^^^^^^^^^^^^^^^^^^^^^^^^^\n  File \"/opt/hostedtoolcache/Python/3.12.12/x64/lib/python3.12/site-packages/pywasm/wasi.py\", line 490, in args_get\n    mems.put(argv_buf, bytearray(e.encode()))\n                                 ^^^^^^^^\nAttributeError: 'list' object has no attribute 'encode'\n"]}, {"name": "path_exists", "executed": true, "duration_s": 0.17643308639526367, "failures": ["Wait(exit_code=0) failed: expected 0, got 1\n\n==STDERR==\nTraceback (most recent call last):\n  File \"/home/runner/work/wasi-testsuite/wasi-testsuite/tools/run-pywasm\", line 28, in <module>\n    exit = wasi.main(runtime, instance)\n           ^^^^^^^^^^^^^^^^^^^^^^^^^^^^\n  File \"/opt/hostedtoolcache/Python/3.12.12/x64/lib/python3.12/site-packages/pywasm/wasi.py\", line 1032, in main\n    raise e\n  File \"/opt/hostedtoolcache/Python/3.12.12/x64/lib/python3.12/site-packages/pywasm/wasi.py\", line 1025, in main\n    runtime.invocate(module, '_start', [])\n  File \"/opt/hostedtoolcache/Python/3.12.12/x64/lib/python3.12/site-packages/pywasm/core.py\", line 4190, in invocate\n    func_rets = self.machine.invocate(func_addr, func_args)\n                ^^^^^^^^^^^^^^^^^^^^^^^^^^^^^^^^^^^^^^^^^^^\n  File \"/opt/hostedtoolcache/Python/3.12.12/x64/lib/python3.12/site-packages/pywasm/core.py\", line 1724, in invocate\n    self.evaluate()\n  File \"/opt/hostedtoolcache/Python/3.12.12/x64/lib/python3.12/site-packages/pywasm/core.py\", line 1888, in evaluate\n    self.evaluate_call(addr)\n  File \"/opt/hostedtoolcache/Python/3.12.12/x64/lib/python3.12/site-packages/pywasm/core.py\", line 1788, in evaluate_call\n    rets = func.hostcode(self, [e.into_all() for e in args])\n           ^^^^^^^^^^^^^^^^^^^^^^^^^^^^^^^^^^^^^^^^^^^^^^^^^\n  File \"/opt/hostedtoolcache/Python/3.12.12/x64/lib/python3.12/site-packages/pywasm/wasi.py\", line 490, in args_get\n    mems.put(argv_buf, bytearray(e.encode()))\n                                 ^^^^^^^^\nAttributeError: 'list' object has no attribute 'encode'\n"]}, {"name": "file_allocate", "executed": true, "duration_s": 0.1720564365386963, "failures": ["Wait(exit_code=0) failed: expected 0, got 1\n\n==STDERR==\nTraceback (most recent call last):\n  File \"/home/runner/work/wasi-testsuite/wasi-testsuite/tools/run-pywasm\", line 28, in <module>\n    exit = wasi.main(runtime, instance)\n           ^^^^^^^^^^^^^^^^^^^^^^^^^^^^\n  File \"/opt/hostedtoolcache/Python/3.12.12/x64/lib/python3.12/site-packages/pywasm/wasi.py\", line 1032, in main\n    raise e\n  File \"/opt/hostedtoolcache/Python/3.12.12/x64/lib/python3.12/site-packages/pywasm/wasi.py\", line 1025, in main\n    runtime.invocate(module, '_start', [])\n  File \"/opt/hostedtoolcache/Python/3.12.12/x64/lib/python3.12/site-packages/pywasm/core.py\", line 4190, in invocate\n    func_rets = self.machine.invocate(func_addr, func_args)\n                ^^^^^^^^^^^^^^^^^^^^^^^^^^^^^^^^^^^^^^^^^^^\n  File \"/opt/hostedtoolcache/Python/3.12.12/x64/lib/python3.12/site-packages/pywasm/core.py\", line 1724, in invocate\n    self.evaluate()\n  File \"/opt/hostedtoolcache/Python/3.12.12/x64/lib/python3.12/site-packages/pywasm/core.py\", line 1888, in evaluate\n    self.evaluate_call(addr)\n  File \"/opt/hostedtoolcache/Python/3.12.12/x64/lib/python3.12/site-packages/pywasm/core.py\", line 1788, in evaluate_call\n    rets = func.hostcode(self, [e.into_all() for e in args])\n           ^^^^^^^^^^^^^^^^^^^^^^^^^^^^^^^^^^^^^^^^^^^^^^^^^\n  File \"/opt/hostedtoolcache/Python/3.12.12/x64/lib/python3.12/site-packages/pywasm/wasi.py\", line 490, in args_get\n    mems.put(argv_buf, bytearray(e.encode()))\n                                 ^^^^^^^^\nAttributeError: 'list' object has no attribute 'encode'\n"]}, {"name": "fd_readdir", "executed": true, "duration_s": 0.24465513229370117, "failures": ["Wait(exit_code=0) failed: expected 0, got 1\n\n==STDERR==\nTraceback (most recent call last):\n  File \"/home/runner/work/wasi-testsuite/wasi-testsuite/tools/run-pywasm\", line 28, in <module>\n    exit = wasi.main(runtime, instance)\n           ^^^^^^^^^^^^^^^^^^^^^^^^^^^^\n  File \"/opt/hostedtoolcache/Python/3.12.12/x64/lib/python3.12/site-packages/pywasm/wasi.py\", line 1032, in main\n    raise e\n  File \"/opt/hostedtoolcache/Python/3.12.12/x64/lib/python3.12/site-packages/pywasm/wasi.py\", line 1025, in main\n    runtime.invocate(module, '_start', [])\n  File \"/opt/hostedtoolcache/Python/3.12.12/x64/lib/python3.12/site-packages/pywasm/core.py\", line 4190, in invocate\n    func_rets = self.machine.invocate(func_addr, func_args)\n                ^^^^^^^^^^^^^^^^^^^^^^^^^^^^^^^^^^^^^^^^^^^\n  File \"/opt/hostedtoolcache/Python/3.12.12/x64/lib/python3.12/site-packages/pywasm/core.py\", line 1724, in invocate\n    self.evaluate()\n  File \"/opt/hostedtoolcache/Python/3.12.12/x64/lib/python3.12/site-packages/pywasm/core.py\", line 1888, in evaluate\n    self.evaluate_call(addr)\n  File \"/opt/hostedtoolcache/Python/3.12.12/x64/lib/python3.12/site-packages/pywasm/core.py\", line 1788, in evaluate_call\n    rets = func.hostcode(self, [e.into_all() for e in args])\n           ^^^^^^^^^^^^^^^^^^^^^^^^^^^^^^^^^^^^^^^^^^^^^^^^^\n  File \"/opt/hostedtoolcache/Python/3.12.12/x64/lib/python3.12/site-packages/pywasm/wasi.py\", line 490, in args_get\n    mems.put(argv_buf, bytearray(e.encode()))\n                                 ^^^^^^^^\nAttributeError: 'list' object has no attribute 'encode'\n"]}, {"name": "symlink_create", "executed": true, "duration_s": 0.17093300819396973, "failures": ["Wait(exit_code=0) failed: expected 0, got 1\n\n==STDERR==\nTraceback (most recent call last):\n  File \"/home/runner/work/wasi-testsuite/wasi-testsuite/tools/run-pywasm\", line 28, in <module>\n    exit = wasi.main(runtime, instance)\n           ^^^^^^^^^^^^^^^^^^^^^^^^^^^^\n  File \"/opt/hostedtoolcache/Python/3.12.12/x64/lib/python3.12/site-packages/pywasm/wasi.py\", line 1032, in main\n    raise e\n  File \"/opt/hostedtoolcache/Python/3.12.12/x64/lib/python3.12/site-packages/pywasm/wasi.py\", line 1025, in main\n    runtime.invocate(module, '_start', [])\n  File \"/opt/hostedtoolcache/Python/3.12.12/x64/lib/python3.12/site-packages/pywasm/core.py\", line 4190, in invocate\n    func_rets = self.machine.invocate(func_addr, func_args)\n                ^^^^^^^^^^^^^^^^^^^^^^^^^^^^^^^^^^^^^^^^^^^\n  File \"/opt/hostedtoolcache/Python/3.12.12/x64/lib/python3.12/site-packages/pywasm/core.py\", line 1724, in invocate\n    self.evaluate()\n  File \"/opt/hostedtoolcache/Python/3.12.12/x64/lib/python3.12/site-packages/pywasm/core.py\", line 1888, in evaluate\n    self.evaluate_call(addr)\n  File \"/opt/hostedtoolcache/Python/3.12.12/x64/lib/python3.12/site-packages/pywasm/core.py\", line 1788, in evaluate_call\n    rets = func.hostcode(self, [e.into_all() for e in args])\n           ^^^^^^^^^^^^^^^^^^^^^^^^^^^^^^^^^^^^^^^^^^^^^^^^^\n  File \"/opt/hostedtoolcache/Python/3.12.12/x64/lib/python3.12/site-packages/pywasm/wasi.py\", line 490, in args_get\n    mems.put(argv_buf, bytearray(e.encode()))\n                                 ^^^^^^^^\nAttributeError: 'list' object has no attribute 'encode'\n"]}, {"name": "unlink_file_trailing_slashes", "executed": true, "duration_s": 0.21341466903686523, "failures": ["Wait(exit_code=0) failed: expected 0, got 1\n\n==STDERR==\nTraceback (most recent call last):\n  File \"/home/runner/work/wasi-testsuite/wasi-testsuite/tools/run-pywasm\", line 28, in <module>\n    exit = wasi.main(runtime, instance)\n           ^^^^^^^^^^^^^^^^^^^^^^^^^^^^\n  File \"/opt/hostedtoolcache/Python/3.12.12/x64/lib/python3.12/site-packages/pywasm/wasi.py\", line 1032, in main\n    raise e\n  File \"/opt/hostedtoolcache/Python/3.12.12/x64/lib/python3.12/site-packages/pywasm/wasi.py\", line 1025, in main\n    runtime.invocate(module, '_start', [])\n  File \"/opt/hostedtoolcache/Python/3.12.12/x64/lib/python3.12/site-packages/pywasm/core.py\", line 4190, in invocate\n    func_rets = self.machine.invocate(func_addr, func_args)\n                ^^^^^^^^^^^^^^^^^^^^^^^^^^^^^^^^^^^^^^^^^^^\n  File \"/opt/hostedtoolcache/Python/3.12.12/x64/lib/python3.12/site-packages/pywasm/core.py\", line 1724, in invocate\n    self.evaluate()\n  File \"/opt/hostedtoolcache/Python/3.12.12/x64/lib/python3.12/site-packages/pywasm/core.py\", line 1888, in evaluate\n    self.evaluate_call(addr)\n  File \"/opt/hostedtoolcache/Python/3.12.12/x64/lib/python3.12/site-packages/pywasm/core.py\", line 1788, in evaluate_call\n    rets = func.hostcode(self, [e.into_all() for e in args])\n           ^^^^^^^^^^^^^^^^^^^^^^^^^^^^^^^^^^^^^^^^^^^^^^^^^\n  File \"/opt/hostedtoolcache/Python/3.12.12/x64/lib/python3.12/site-packages/pywasm/wasi.py\", line 490, in args_get\n    mems.put(argv_buf, bytearray(e.encode()))\n                                 ^^^^^^^^\nAttributeError: 'list' object has no attribute 'encode'\n"]}, {"name": "close_preopen", "executed": true, "duration_s": 0.17383503913879395, "failures": ["Wait(exit_code=0) failed: expected 0, got 1\n\n==STDERR==\nTraceback (most recent call last):\n  File \"/home/runner/work/wasi-testsuite/wasi-testsuite/tools/run-pywasm\", line 28, in <module>\n    exit = wasi.main(runtime, instance)\n           ^^^^^^^^^^^^^^^^^^^^^^^^^^^^\n  File \"/opt/hostedtoolcache/Python/3.12.12/x64/lib/python3.12/site-packages/pywasm/wasi.py\", line 1032, in main\n    raise e\n  File \"/opt/hostedtoolcache/Python/3.12.12/x64/lib/python3.12/site-packages/pywasm/wasi.py\", line 1025, in main\n    runtime.invocate(module, '_start', [])\n  File \"/opt/hostedtoolcache/Python/3.12.12/x64/lib/python3.12/site-packages/pywasm/core.py\", line 4190, in invocate\n    func_rets = self.machine.invocate(func_addr, func_args)\n                ^^^^^^^^^^^^^^^^^^^^^^^^^^^^^^^^^^^^^^^^^^^\n  File \"/opt/hostedtoolcache/Python/3.12.12/x64/lib/python3.12/site-packages/pywasm/core.py\", line 1724, in invocate\n    self.evaluate()\n  File \"/opt/hostedtoolcache/Python/3.12.12/x64/lib/python3.12/site-packages/pywasm/core.py\", line 1888, in evaluate\n    self.evaluate_call(addr)\n  File \"/opt/hostedtoolcache/Python/3.12.12/x64/lib/python3.12/site-packages/pywasm/core.py\", line 1788, in evaluate_call\n    rets = func.hostcode(self, [e.into_all() for e in args])\n           ^^^^^^^^^^^^^^^^^^^^^^^^^^^^^^^^^^^^^^^^^^^^^^^^^\n  File \"/opt/hostedtoolcache/Python/3.12.12/x64/lib/python3.12/site-packages/pywasm/wasi.py\", line 490, in args_get\n    mems.put(argv_buf, bytearray(e.encode()))\n                                 ^^^^^^^^\nAttributeError: 'list' object has no attribute 'encode'\n"]}, {"name": "path_filestat", "executed": true, "duration_s": 0.1804218292236328, "failures": ["Wait(exit_code=0) failed: expected 0, got 1\n\n==STDERR==\nTraceback (most recent call last):\n  File \"/home/runner/work/wasi-testsuite/wasi-testsuite/tools/run-pywasm\", line 28, in <module>\n    exit = wasi.main(runtime, instance)\n           ^^^^^^^^^^^^^^^^^^^^^^^^^^^^\n  File \"/opt/hostedtoolcache/Python/3.12.12/x64/lib/python3.12/site-packages/pywasm/wasi.py\", line 1032, in main\n    raise e\n  File \"/opt/hostedtoolcache/Python/3.12.12/x64/lib/python3.12/site-packages/pywasm/wasi.py\", line 1025, in main\n    runtime.invocate(module, '_start', [])\n  File \"/opt/hostedtoolcache/Python/3.12.12/x64/lib/python3.12/site-packages/pywasm/core.py\", line 4190, in invocate\n    func_rets = self.machine.invocate(func_addr, func_args)\n                ^^^^^^^^^^^^^^^^^^^^^^^^^^^^^^^^^^^^^^^^^^^\n  File \"/opt/hostedtoolcache/Python/3.12.12/x64/lib/python3.12/site-packages/pywasm/core.py\", line 1724, in invocate\n    self.evaluate()\n  File \"/opt/hostedtoolcache/Python/3.12.12/x64/lib/python3.12/site-packages/pywasm/core.py\", line 1888, in evaluate\n    self.evaluate_call(addr)\n  File \"/opt/hostedtoolcache/Python/3.12.12/x64/lib/python3.12/site-packages/pywasm/core.py\", line 1788, in evaluate_call\n    rets = func.hostcode(self, [e.into_all() for e in args])\n           ^^^^^^^^^^^^^^^^^^^^^^^^^^^^^^^^^^^^^^^^^^^^^^^^^\n  File \"/opt/hostedtoolcache/Python/3.12.12/x64/lib/python3.12/site-packages/pywasm/wasi.py\", line 490, in args_get\n    mems.put(argv_buf, bytearray(e.encode()))\n                                 ^^^^^^^^\nAttributeError: 'list' object has no attribute 'encode'\n"]}, {"name": "stdio", "executed": true, "duration_s": 0.17214632034301758, "failures": ["Wait(exit_code=0) failed: expected 0, got 1\n\n==STDERR==\nTraceback (most recent call last):\n  File \"/home/runner/work/wasi-testsuite/wasi-testsuite/tools/run-pywasm\", line 28, in <module>\n    exit = wasi.main(runtime, instance)\n           ^^^^^^^^^^^^^^^^^^^^^^^^^^^^\n  File \"/opt/hostedtoolcache/Python/3.12.12/x64/lib/python3.12/site-packages/pywasm/wasi.py\", line 1032, in main\n    raise e\n  File \"/opt/hostedtoolcache/Python/3.12.12/x64/lib/python3.12/site-packages/pywasm/wasi.py\", line 1025, in main\n    runtime.invocate(module, '_start', [])\n  File \"/opt/hostedtoolcache/Python/3.12.12/x64/lib/python3.12/site-packages/pywasm/core.py\", line 4190, in invocate\n    func_rets = self.machine.invocate(func_addr, func_args)\n                ^^^^^^^^^^^^^^^^^^^^^^^^^^^^^^^^^^^^^^^^^^^\n  File \"/opt/hostedtoolcache/Python/3.12.12/x64/lib/python3.12/site-packages/pywasm/core.py\", line 1724, in invocate\n    self.evaluate()\n  File \"/opt/hostedtoolcache/Python/3.12.12/x64/lib/python3.12/site-packages/pywasm/core.py\", line 1888, in evaluate\n    self.evaluate_call(addr)\n  File \"/opt/hostedtoolcache/Python/3.12.12/x64/lib/python3.12/site-packages/pywasm/core.py\", line 1788, in evaluate_call\n    rets = func.hostcode(self, [e.into_all() for e in args])\n           ^^^^^^^^^^^^^^^^^^^^^^^^^^^^^^^^^^^^^^^^^^^^^^^^^\n  File \"/opt/hostedtoolcache/Python/3.12.12/x64/lib/python3.12/site-packages/pywasm/wasi.py\", line 490, in args_get\n    mems.put(argv_buf, bytearray(e.encode()))\n                                 ^^^^^^^^\nAttributeError: 'list' object has no attribute 'encode'\n"]}, {"name": "truncation_rights", "executed": true, "duration_s": 0.17773866653442383, "failures": ["Wait(exit_code=0) failed: expected 0, got 1\n\n==STDERR==\nTraceback (most recent call last):\n  File \"/home/runner/work/wasi-testsuite/wasi-testsuite/tools/run-pywasm\", line 28, in <module>\n    exit = wasi.main(runtime, instance)\n           ^^^^^^^^^^^^^^^^^^^^^^^^^^^^\n  File \"/opt/hostedtoolcache/Python/3.12.12/x64/lib/python3.12/site-packages/pywasm/wasi.py\", line 1032, in main\n    raise e\n  File \"/opt/hostedtoolcache/Python/3.12.12/x64/lib/python3.12/site-packages/pywasm/wasi.py\", line 1025, in main\n    runtime.invocate(module, '_start', [])\n  File \"/opt/hostedtoolcache/Python/3.12.12/x64/lib/python3.12/site-packages/pywasm/core.py\", line 4190, in invocate\n    func_rets = self.machine.invocate(func_addr, func_args)\n                ^^^^^^^^^^^^^^^^^^^^^^^^^^^^^^^^^^^^^^^^^^^\n  File \"/opt/hostedtoolcache/Python/3.12.12/x64/lib/python3.12/site-packages/pywasm/core.py\", line 1724, in invocate\n    self.evaluate()\n  File \"/opt/hostedtoolcache/Python/3.12.12/x64/lib/python3.12/site-packages/pywasm/core.py\", line 1888, in evaluate\n    self.evaluate_call(addr)\n  File \"/opt/hostedtoolcache/Python/3.12.12/x64/lib/python3.12/site-packages/pywasm/core.py\", line 1788, in evaluate_call\n    rets = func.hostcode(self, [e.into_all() for e in args])\n           ^^^^^^^^^^^^^^^^^^^^^^^^^^^^^^^^^^^^^^^^^^^^^^^^^\n  File \"/opt/hostedtoolcache/Python/3.12.12/x64/lib/python3.12/site-packages/pywasm/wasi.py\", line 490, in args_get\n    mems.put(argv_buf, bytearray(e.encode()))\n                                 ^^^^^^^^\nAttributeError: 'list' object has no attribute 'encode'\n"]}, {"name": "renumber", "executed": true, "duration_s": 0.17756009101867676, "failures": ["Wait(exit_code=0) failed: expected 0, got 1\n\n==STDERR==\nTraceback (most recent call last):\n  File \"/home/runner/work/wasi-testsuite/wasi-testsuite/tools/run-pywasm\", line 28, in <module>\n    exit = wasi.main(runtime, instance)\n           ^^^^^^^^^^^^^^^^^^^^^^^^^^^^\n  File \"/opt/hostedtoolcache/Python/3.12.12/x64/lib/python3.12/site-packages/pywasm/wasi.py\", line 1032, in main\n    raise e\n  File \"/opt/hostedtoolcache/Python/3.12.12/x64/lib/python3.12/site-packages/pywasm/wasi.py\", line 1025, in main\n    runtime.invocate(module, '_start', [])\n  File \"/opt/hostedtoolcache/Python/3.12.12/x64/lib/python3.12/site-packages/pywasm/core.py\", line 4190, in invocate\n    func_rets = self.machine.invocate(func_addr, func_args)\n                ^^^^^^^^^^^^^^^^^^^^^^^^^^^^^^^^^^^^^^^^^^^\n  File \"/opt/hostedtoolcache/Python/3.12.12/x64/lib/python3.12/site-packages/pywasm/core.py\", line 1724, in invocate\n    self.evaluate()\n  File \"/opt/hostedtoolcache/Python/3.12.12/x64/lib/python3.12/site-packages/pywasm/core.py\", line 1888, in evaluate\n    self.evaluate_call(addr)\n  File \"/opt/hostedtoolcache/Python/3.12.12/x64/lib/python3.12/site-packages/pywasm/core.py\", line 1788, in evaluate_call\n    rets = func.hostcode(self, [e.into_all() for e in args])\n           ^^^^^^^^^^^^^^^^^^^^^^^^^^^^^^^^^^^^^^^^^^^^^^^^^\n  File \"/opt/hostedtoolcache/Python/3.12.12/x64/lib/python3.12/site-packages/pywasm/wasi.py\", line 490, in args_get\n    mems.put(argv_buf, bytearray(e.encode()))\n                                 ^^^^^^^^\nAttributeError: 'list' object has no attribute 'encode'\n"]}, {"name": "file_pread_pwrite", "executed": true, "duration_s": 0.1818232536315918, "failures": ["Wait(exit_code=0) failed: expected 0, got 1\n\n==STDERR==\nTraceback (most recent call last):\n  File \"/home/runner/work/wasi-testsuite/wasi-testsuite/tools/run-pywasm\", line 28, in <module>\n    exit = wasi.main(runtime, instance)\n           ^^^^^^^^^^^^^^^^^^^^^^^^^^^^\n  File \"/opt/hostedtoolcache/Python/3.12.12/x64/lib/python3.12/site-packages/pywasm/wasi.py\", line 1032, in main\n    raise e\n  File \"/opt/hostedtoolcache/Python/3.12.12/x64/lib/python3.12/site-packages/pywasm/wasi.py\", line 1025, in main\n    runtime.invocate(module, '_start', [])\n  File \"/opt/hostedtoolcache/Python/3.12.12/x64/lib/python3.12/site-packages/pywasm/core.py\", line 4190, in invocate\n    func_rets = self.machine.invocate(func_addr, func_args)\n                ^^^^^^^^^^^^^^^^^^^^^^^^^^^^^^^^^^^^^^^^^^^\n  File \"/opt/hostedtoolcache/Python/3.12.12/x64/lib/python3.12/site-packages/pywasm/core.py\", line 1724, in invocate\n    self.evaluate()\n  File \"/opt/hostedtoolcache/Python/3.12.12/x64/lib/python3.12/site-packages/pywasm/core.py\", line 1888, in evaluate\n    self.evaluate_call(addr)\n  File \"/opt/hostedtoolcache/Python/3.12.12/x64/lib/python3.12/site-packages/pywasm/core.py\", line 1788, in evaluate_call\n    rets = func.hostcode(self, [e.into_all() for e in args])\n           ^^^^^^^^^^^^^^^^^^^^^^^^^^^^^^^^^^^^^^^^^^^^^^^^^\n  File \"/opt/hostedtoolcache/Python/3.12.12/x64/lib/python3.12/site-packages/pywasm/wasi.py\", line 490, in args_get\n    mems.put(argv_buf, bytearray(e.encode()))\n                                 ^^^^^^^^\nAttributeError: 'list' object has no attribute 'encode'\n"]}, {"name": "remove_directory_trailing_slashes", "executed": true, "duration_s": 0.1921994686126709, "failures": ["Wait(exit_code=0) failed: expected 0, got 1\n\n==STDERR==\nTraceback (most recent call last):\n  File \"/home/runner/work/wasi-testsuite/wasi-testsuite/tools/run-pywasm\", line 28, in <module>\n    exit = wasi.main(runtime, instance)\n           ^^^^^^^^^^^^^^^^^^^^^^^^^^^^\n  File \"/opt/hostedtoolcache/Python/3.12.12/x64/lib/python3.12/site-packages/pywasm/wasi.py\", line 1032, in main\n    raise e\n  File \"/opt/hostedtoolcache/Python/3.12.12/x64/lib/python3.12/site-packages/pywasm/wasi.py\", line 1025, in main\n    runtime.invocate(module, '_start', [])\n  File \"/opt/hostedtoolcache/Python/3.12.12/x64/lib/python3.12/site-packages/pywasm/core.py\", line 4190, in invocate\n    func_rets = self.machine.invocate(func_addr, func_args)\n                ^^^^^^^^^^^^^^^^^^^^^^^^^^^^^^^^^^^^^^^^^^^\n  File \"/opt/hostedtoolcache/Python/3.12.12/x64/lib/python3.12/site-packages/pywasm/core.py\", line 1724, in invocate\n    self.evaluate()\n  File \"/opt/hostedtoolcache/Python/3.12.12/x64/lib/python3.12/site-packages/pywasm/core.py\", line 1888, in evaluate\n    self.evaluate_call(addr)\n  File \"/opt/hostedtoolcache/Python/3.12.12/x64/lib/python3.12/site-packages/pywasm/core.py\", line 1788, in evaluate_call\n    rets = func.hostcode(self, [e.into_all() for e in args])\n           ^^^^^^^^^^^^^^^^^^^^^^^^^^^^^^^^^^^^^^^^^^^^^^^^^\n  File \"/opt/hostedtoolcache/Python/3.12.12/x64/lib/python3.12/site-packages/pywasm/wasi.py\", line 490, in args_get\n    mems.put(argv_buf, bytearray(e.encode()))\n                                 ^^^^^^^^\nAttributeError: 'list' object has no attribute 'encode'\n"]}, {"name": "remove_nonempty_directory", "executed": true, "duration_s": 0.1717207431793213, "failures": ["Wait(exit_code=0) failed: expected 0, got 1\n\n==STDERR==\nTraceback (most recent call last):\n  File \"/home/runner/work/wasi-testsuite/wasi-testsuite/tools/run-pywasm\", line 28, in <module>\n    exit = wasi.main(runtime, instance)\n           ^^^^^^^^^^^^^^^^^^^^^^^^^^^^\n  File \"/opt/hostedtoolcache/Python/3.12.12/x64/lib/python3.12/site-packages/pywasm/wasi.py\", line 1032, in main\n    raise e\n  File \"/opt/hostedtoolcache/Python/3.12.12/x64/lib/python3.12/site-packages/pywasm/wasi.py\", line 1025, in main\n    runtime.invocate(module, '_start', [])\n  File \"/opt/hostedtoolcache/Python/3.12.12/x64/lib/python3.12/site-packages/pywasm/core.py\", line 4190, in invocate\n    func_rets = self.machine.invocate(func_addr, func_args)\n                ^^^^^^^^^^^^^^^^^^^^^^^^^^^^^^^^^^^^^^^^^^^\n  File \"/opt/hostedtoolcache/Python/3.12.12/x64/lib/python3.12/site-packages/pywasm/core.py\", line 1724, in invocate\n    self.evaluate()\n  File \"/opt/hostedtoolcache/Python/3.12.12/x64/lib/python3.12/site-packages/pywasm/core.py\", line 1888, in evaluate\n    self.evaluate_call(addr)\n  File \"/opt/hostedtoolcache/Python/3.12.12/x64/lib/python3.12/site-packages/pywasm/core.py\", line 1788, in evaluate_call\n    rets = func.hostcode(self, [e.into_all() for e in args])\n           ^^^^^^^^^^^^^^^^^^^^^^^^^^^^^^^^^^^^^^^^^^^^^^^^^\n  File \"/opt/hostedtoolcache/Python/3.12.12/x64/lib/python3.12/site-packages/pywasm/wasi.py\", line 490, in args_get\n    mems.put(argv_buf, bytearray(e.encode()))\n                                 ^^^^^^^^\nAttributeError: 'list' object has no attribute 'encode'\n"]}, {"name": "dir_fd_op_failures", "executed": true, "duration_s": 0.21567678451538086, "failures": ["Wait(exit_code=0) failed: expected 0, got 1\n\n==STDERR==\nTraceback (most recent call last):\n  File \"/home/runner/work/wasi-testsuite/wasi-testsuite/tools/run-pywasm\", line 28, in <module>\n    exit = wasi.main(runtime, instance)\n           ^^^^^^^^^^^^^^^^^^^^^^^^^^^^\n  File \"/opt/hostedtoolcache/Python/3.12.12/x64/lib/python3.12/site-packages/pywasm/wasi.py\", line 1032, in main\n    raise e\n  File \"/opt/hostedtoolcache/Python/3.12.12/x64/lib/python3.12/site-packages/pywasm/wasi.py\", line 1025, in main\n    runtime.invocate(module, '_start', [])\n  File \"/opt/hostedtoolcache/Python/3.12.12/x64/lib/python3.12/site-packages/pywasm/core.py\", line 4190, in invocate\n    func_rets = self.machine.invocate(func_addr, func_args)\n                ^^^^^^^^^^^^^^^^^^^^^^^^^^^^^^^^^^^^^^^^^^^\n  File \"/opt/hostedtoolcache/Python/3.12.12/x64/lib/python3.12/site-packages/pywasm/core.py\", line 1724, in invocate\n    self.evaluate()\n  File \"/opt/hostedtoolcache/Python/3.12.12/x64/lib/python3.12/site-packages/pywasm/core.py\", line 1888, in evaluate\n    self.evaluate_call(addr)\n  File \"/opt/hostedtoolcache/Python/3.12.12/x64/lib/python3.12/site-packages/pywasm/core.py\", line 1788, in evaluate_call\n    rets = func.hostcode(self, [e.into_all() for e in args])\n           ^^^^^^^^^^^^^^^^^^^^^^^^^^^^^^^^^^^^^^^^^^^^^^^^^\n  File \"/opt/hostedtoolcache/Python/3.12.12/x64/lib/python3.12/site-packages/pywasm/wasi.py\", line 490, in args_get\n    mems.put(argv_buf, bytearray(e.encode()))\n                                 ^^^^^^^^\nAttributeError: 'list' object has no attribute 'encode'\n"]}, {"name": "isatty", "executed": true, "duration_s": 0.17209744453430176, "failures": ["Wait(exit_code=0) failed: expected 0, got 1\n\n==STDERR==\nTraceback (most recent call last):\n  File \"/home/runner/work/wasi-testsuite/wasi-testsuite/tools/run-pywasm\", line 28, in <module>\n    exit = wasi.main(runtime, instance)\n           ^^^^^^^^^^^^^^^^^^^^^^^^^^^^\n  File \"/opt/hostedtoolcache/Python/3.12.12/x64/lib/python3.12/site-packages/pywasm/wasi.py\", line 1032, in main\n    raise e\n  File \"/opt/hostedtoolcache/Python/3.12.12/x64/lib/python3.12/site-packages/pywasm/wasi.py\", line 1025, in main\n    runtime.invocate(module, '_start', [])\n  File \"/opt/hostedtoolcache/Python/3.12.12/x64/lib/python3.12/site-packages/pywasm/core.py\", line 4190, in invocate\n    func_rets = self.machine.invocate(func_addr, func_args)\n                ^^^^^^^^^^^^^^^^^^^^^^^^^^^^^^^^^^^^^^^^^^^\n  File \"/opt/hostedtoolcache/Python/3.12.12/x64/lib/python3.12/site-packages/pywasm/core.py\", line 1724, in invocate\n    self.evaluate()\n  File \"/opt/hostedtoolcache/Python/3.12.12/x64/lib/python3.12/site-packages/pywasm/core.py\", line 1888, in evaluate\n    self.evaluate_call(addr)\n  File \"/opt/hostedtoolcache/Python/3.12.12/x64/lib/python3.12/site-packages/pywasm/core.py\", line 1788, in evaluate_call\n    rets = func.hostcode(self, [e.into_all() for e in args])\n           ^^^^^^^^^^^^^^^^^^^^^^^^^^^^^^^^^^^^^^^^^^^^^^^^^\n  File \"/opt/hostedtoolcache/Python/3.12.12/x64/lib/python3.12/site-packages/pywasm/wasi.py\", line 490, in args_get\n    mems.put(argv_buf, bytearray(e.encode()))\n                                 ^^^^^^^^\nAttributeError: 'list' object has no attribute 'encode'\n"]}, {"name": "symlink_loop", "executed": true, "duration_s": 0.1874103546142578, "failures": ["Wait(exit_code=0) failed: expected 0, got 1\n\n==STDERR==\nTraceback (most recent call last):\n  File \"/home/runner/work/wasi-testsuite/wasi-testsuite/tools/run-pywasm\", line 28, in <module>\n    exit = wasi.main(runtime, instance)\n           ^^^^^^^^^^^^^^^^^^^^^^^^^^^^\n  File \"/opt/hostedtoolcache/Python/3.12.12/x64/lib/python3.12/site-packages/pywasm/wasi.py\", line 1032, in main\n    raise e\n  File \"/opt/hostedtoolcache/Python/3.12.12/x64/lib/python3.12/site-packages/pywasm/wasi.py\", line 1025, in main\n    runtime.invocate(module, '_start', [])\n  File \"/opt/hostedtoolcache/Python/3.12.12/x64/lib/python3.12/site-packages/pywasm/core.py\", line 4190, in invocate\n    func_rets = self.machine.invocate(func_addr, func_args)\n                ^^^^^^^^^^^^^^^^^^^^^^^^^^^^^^^^^^^^^^^^^^^\n  File \"/opt/hostedtoolcache/Python/3.12.12/x64/lib/python3.12/site-packages/pywasm/core.py\", line 1724, in invocate\n    self.evaluate()\n  File \"/opt/hostedtoolcache/Python/3.12.12/x64/lib/python3.12/site-packages/pywasm/core.py\", line 1888, in evaluate\n    self.evaluate_call(addr)\n  File \"/opt/hostedtoolcache/Python/3.12.12/x64/lib/python3.12/site-packages/pywasm/core.py\", line 1788, in evaluate_call\n    rets = func.hostcode(self, [e.into_all() for e in args])\n           ^^^^^^^^^^^^^^^^^^^^^^^^^^^^^^^^^^^^^^^^^^^^^^^^^\n  File \"/opt/hostedtoolcache/Python/3.12.12/x64/lib/python3.12/site-packages/pywasm/wasi.py\", line 490, in args_get\n    mems.put(argv_buf, bytearray(e.encode()))\n                                 ^^^^^^^^\nAttributeError: 'list' object has no attribute 'encode'\n"]}]}, {"name": "WASI Rust tests [wasm32-wasip3]", "runtime": {"name": "pywasm", "version": "2.2.1"}, "duration_s": 0.002704, "failed": 0, "skipped": 17, "passed": 0, "tests": [{"name": "http-response", "executed": false, "duration_s": 0, "failures": []}, {"name": "filesystem-rename", "executed": false, "duration_s": 0, "failures": []}, {"name": "filesystem-flags-and-type", "executed": false, "duration_s": 0, "failures": []}, {"name": "filesystem-io", "executed": false, "duration_s": 0, "failures": []}, {"name": "wall-clock", "executed": false, "duration_s": 0, "failures": []}, {"name": "filesystem-hard-links", "executed": false, "duration_s": 0, "failures": []}, {"name": "filesystem-advise", "executed": false, "duration_s": 0, "failures": []}, {"name": "filesystem-is-same-object", "executed": false, "duration_s": 0, "failures": []}, {"name": "multi-clock-wait", "executed": false, "duration_s": 0, "failures": []}, {"name": "filesystem-dotdot", "executed": false, "duration_s": 0, "failures": []}, {"name": "filesystem-read-directory", "executed": false, "duration_s": 0, "failures": []}, {"name": "filesystem-metadata-hash", "executed": false, "duration_s": 0, "failures": []}, {"name": "filesystem-open-errors", "executed": false, "duration_s": 0, "failures": []}, {"name": "filesystem-stat", "executed": false, "duration_s": 0, "failures": []}, {"name": "filesystem-set-size", "executed": false, "duration_s": 0, "failures": []}, {"name": "sockets-echo", "executed": false, "duration_s": 0, "failures": []}, {"name": "monotonic-clock", "executed": false, "duration_s": 0, "failures": []}]}, {"name": "WASI Assemblyscript  tests [wasm32-wasip1]", "runtime": {"name": "pywasm", "version": "2.2.1"}, "duration_s": 0.890413, "failed": 2, "skipped": 0, "passed": 10, "tests": [{"name": "proc_exit-success", "executed": true, "duration_s": 0.059710025787353516, "failures": []}, {"name": "random_get-zero-length", "executed": true, "duration_s": 0.09530115127563477, "failures": []}, {"name": "args_sizes_get-multiple-arguments", "executed": true, "duration_s": 0.06549286842346191, "failures": ["Wait(exit_code=0) failed: expected 0, got 255\n\n==STDERR==\nabort:  in src/args_sizes_get-multiple-arguments.ts(9:1)\n"]}, {"name": "random_get-non-zero-length", "executed": true, "duration_s": 0.06350374221801758, "failures": []}, {"name": "environ_sizes_get-multiple-variables", "executed": true, "duration_s": 0.06330251693725586, "failures": []}, {"name": "environ_get-multiple-variables", "executed": true, "duration_s": 0.12674832344055176, "failures": []}, {"name": "proc_exit-failure", "executed": true, "duration_s": 0.058840274810791016, "failures": []}, {"name": "args_get-multiple-arguments", "executed": true, "duration_s": 0.07408833503723145, "failures": ["Wait(exit_code=0) failed: expected 0, got 255\n\n==STDERR==\nabort:  in src/args_get-multiple-arguments.ts(9:1)\n"]}, {"name": "fd_write-to-stdout", "executed": true, "duration_s": 0.09608888626098633, "failures": []}, {"name": "args_sizes_get-no-arguments", "executed": true, "duration_s": 0.06117844581604004, "failures": []}, {"name": "fd_write-to-invalid-fd", "executed": true, "duration_s": 0.06189393997192383, "failures": []}, {"name": "environ_sizes_get-no-variables", "executed": true, "duration_s": 0.06139016151428223, "failures": []}]}, {"name": "WASI C tests [wasm32-wasip1]", "runtime": {"name": "pywasm", "version": "2.2.1"}, "duration_s": 1.382257, "failed": 3, "skipped": 0, "passed": 11, "tests": [{"name": "pwrite-with-access", "executed": true, "duration_s": 0.10740208625793457, "failures": ["Wait(exit_code=0) failed: expected 0, got 1\n\n==STDERR==\nTraceback (most recent call last):\n  File \"/home/runner/work/wasi-testsuite/wasi-testsuite/tools/run-pywasm\", line 28, in <module>\n    exit = wasi.main(runtime, instance)\n           ^^^^^^^^^^^^^^^^^^^^^^^^^^^^\n  File \"/opt/hostedtoolcache/Python/3.12.12/x64/lib/python3.12/site-packages/pywasm/wasi.py\", line 1032, in main\n    raise e\n  File \"/opt/hostedtoolcache/Python/3.12.12/x64/lib/python3.12/site-packages/pywasm/wasi.py\", line 1025, in main\n    runtime.invocate(module, '_start', [])\n  File \"/opt/hostedtoolcache/Python/3.12.12/x64/lib/python3.12/site-packages/pywasm/core.py\", line 4190, in invocate\n    func_rets = self.machine.invocate(func_addr, func_args)\n                ^^^^^^^^^^^^^^^^^^^^^^^^^^^^^^^^^^^^^^^^^^^\n  File \"/opt/hostedtoolcache/Python/3.12.12/x64/lib/python3.12/site-packages/pywasm/core.py\", line 1724, in invocate\n    self.evaluate()\n  File \"/opt/hostedtoolcache/Python/3.12.12/x64/lib/python3.12/site-packages/pywasm/core.py\", line 1888, in evaluate\n    self.evaluate_call(addr)\n  File \"/opt/hostedtoolcache/Python/3.12.12/x64/lib/python3.12/site-packages/pywasm/core.py\", line 1788, in evaluate_call\n    rets = func.hostcode(self, [e.into_all() for e in args])\n           ^^^^^^^^^^^^^^^^^^^^^^^^^^^^^^^^^^^^^^^^^^^^^^^^^\n  File \"/opt/hostedtoolcache/Python/3.12.12/x64/lib/python3.12/site-packages/pywasm/wasi.py\", line 490, in args_get\n    mems.put(argv_buf, bytearray(e.encode()))\n                                 ^^^^^^^^\nAttributeError: 'list' object has no attribute 'encode'\n"]}, {"name": "clock_getres-realtime", "executed": true, "duration_s": 0.08423829078674316, "failures": []}, {"name": "fopen-with-access", "executed": true, "duration_s": 0.1099541187286377, "failures": []}, {"name": "stat-dev-ino", "executed": true, "duration_s": 0.10898876190185547, "failures": []}, {"name": "clock_gettime-realtime", "executed": true, "duration_s": 0.08339452743530273, "failures": []}, {"name": "pread-with-access", "executed": true, "duration_s": 0.10495305061340332, "failures": ["Wait(exit_code=0) failed: expected 0, got 1\n\n==STDERR==\nTraceback (most recent call last):\n  File \"/home/runner/work/wasi-testsuite/wasi-testsuite/tools/run-pywasm\", line 28, in <module>\n    exit = wasi.main(runtime, instance)\n           ^^^^^^^^^^^^^^^^^^^^^^^^^^^^\n  File \"/opt/hostedtoolcache/Python/3.12.12/x64/lib/python3.12/site-packages/pywasm/wasi.py\", line 1032, in main\n    raise e\n  File \"/opt/hostedtoolcache/Python/3.12.12/x64/lib/python3.12/site-packages/pywasm/wasi.py\", line 1025, in main\n    runtime.invocate(module, '_start', [])\n  File \"/opt/hostedtoolcache/Python/3.12.12/x64/lib/python3.12/site-packages/pywasm/core.py\", line 4190, in invocate\n    func_rets = self.machine.invocate(func_addr, func_args)\n                ^^^^^^^^^^^^^^^^^^^^^^^^^^^^^^^^^^^^^^^^^^^\n  File \"/opt/hostedtoolcache/Python/3.12.12/x64/lib/python3.12/site-packages/pywasm/core.py\", line 1724, in invocate\n    self.evaluate()\n  File \"/opt/hostedtoolcache/Python/3.12.12/x64/lib/python3.12/site-packages/pywasm/core.py\", line 1888, in evaluate\n    self.evaluate_call(addr)\n  File \"/opt/hostedtoolcache/Python/3.12.12/x64/lib/python3.12/site-packages/pywasm/core.py\", line 1788, in evaluate_call\n    rets = func.hostcode(self, [e.into_all() for e in args])\n           ^^^^^^^^^^^^^^^^^^^^^^^^^^^^^^^^^^^^^^^^^^^^^^^^^\n  File \"/opt/hostedtoolcache/Python/3.12.12/x64/lib/python3.12/site-packages/pywasm/wasi.py\", line 490, in args_get\n    mems.put(argv_buf, bytearray(e.encode()))\n                                 ^^^^^^^^\nAttributeError: 'list' object has no attribute 'encode'\n"]}, {"name": "fdopendir-with-access", "executed": true, "duration_s": 0.11248159408569336, "failures": ["Wait(exit_code=0) failed: expected 0, got 1\n\n==STDERR==\nTraceback (most recent call last):\n  File \"/home/runner/work/wasi-testsuite/wasi-testsuite/tools/run-pywasm\", line 28, in <module>\n    exit = wasi.main(runtime, instance)\n           ^^^^^^^^^^^^^^^^^^^^^^^^^^^^\n  File \"/opt/hostedtoolcache/Python/3.12.12/x64/lib/python3.12/site-packages/pywasm/wasi.py\", line 1032, in main\n    raise e\n  File \"/opt/hostedtoolcache/Python/3.12.12/x64/lib/python3.12/site-packages/pywasm/wasi.py\", line 1025, in main\n    runtime.invocate(module, '_start', [])\n  File \"/opt/hostedtoolcache/Python/3.12.12/x64/lib/python3.12/site-packages/pywasm/core.py\", line 4190, in invocate\n    func_rets = self.machine.invocate(func_addr, func_args)\n                ^^^^^^^^^^^^^^^^^^^^^^^^^^^^^^^^^^^^^^^^^^^\n  File \"/opt/hostedtoolcache/Python/3.12.12/x64/lib/python3.12/site-packages/pywasm/core.py\", line 1724, in invocate\n    self.evaluate()\n  File \"/opt/hostedtoolcache/Python/3.12.12/x64/lib/python3.12/site-packages/pywasm/core.py\", line 1888, in evaluate\n    self.evaluate_call(addr)\n  File \"/opt/hostedtoolcache/Python/3.12.12/x64/lib/python3.12/site-packages/pywasm/core.py\", line 1788, in evaluate_call\n    rets = func.hostcode(self, [e.into_all() for e in args])\n           ^^^^^^^^^^^^^^^^^^^^^^^^^^^^^^^^^^^^^^^^^^^^^^^^^\n  File \"/opt/hostedtoolcache/Python/3.12.12/x64/lib/python3.12/site-packages/pywasm/wasi.py\", line 490, in args_get\n    mems.put(argv_buf, bytearray(e.encode()))\n                                 ^^^^^^^^\nAttributeError: 'list' object has no attribute 'encode'\n"]}, {"name": "clock_gettime-monotonic", "executed": true, "duration_s": 0.08459639549255371, "failures": []}, {"name": "fopen-with-no-access", "executed": true, "duration_s": 0.1029975414276123, "failures": []}, {"name": "clock_getres-monotonic", "executed": true, "duration_s": 0.0842127799987793, "failures": []}, {"name": "pwrite-with-append", "executed": true, "duration_s": 0.11064887046813965, "failures": []}, {"name": "lseek", "executed": true, "duration_s": 0.11609005928039551, "failures": []}, {"name": "sock_shutdown-invalid_fd", "executed": true, "duration_s": 0.08437585830688477, "failures": []}, {"name": "sock_shutdown-not_sock", "executed": true, "duration_s": 0.0839395523071289, "failures": []}]}]}