{"execution": {"start_timestamp": "2026-01-28T00:05:15.122Z", "finish_timestamp": "2026-01-28T00:05:25.809Z"}, "results": [{"name": "WASI Rust tests", "runtime": {"name": "pywasm", "version": "2.2.1"}, "duration_s": 0.000487, "failed": 0, "skipped": 0, "passed": 0, "tests": []}, {"name": "WASI Rust tests [wasm32-wasip1]", "runtime": {"name": "pywasm", "version": "2.2.1"}, "duration_s": 8.471759, "failed": 42, "skipped": 0, "passed": 4, "tests": [{"name": "path_open_preopen", "executed": true, "duration_s": 0.21385765075683594, "failures": ["Wait(exit_code=0) failed: expected 0, got 1\n\n==STDERR==\nTraceback (most recent call last):\n  File \"/home/runner/work/wasi-testsuite/wasi-testsuite/tools/run-pywasm\", line 28, in <module>\n    exit = wasi.main(runtime, instance)\n           ^^^^^^^^^^^^^^^^^^^^^^^^^^^^\n  File \"/opt/hostedtoolcache/Python/3.12.12/x64/lib/python3.12/site-packages/pywasm/wasi.py\", line 1032, in main\n    raise e\n  File \"/opt/hostedtoolcache/Python/3.12.12/x64/lib/python3.12/site-packages/pywasm/wasi.py\", line 1025, in main\n    runtime.invocate(module, '_start', [])\n  File \"/opt/hostedtoolcache/Python/3.12.12/x64/lib/python3.12/site-packages/pywasm/core.py\", line 4190, in invocate\n    func_rets = self.machine.invocate(func_addr, func_args)\n                ^^^^^^^^^^^^^^^^^^^^^^^^^^^^^^^^^^^^^^^^^^^\n  File \"/opt/hostedtoolcache/Python/3.12.12/x64/lib/python3.12/site-packages/pywasm/core.py\", line 1724, in invocate\n    self.evaluate()\n  File \"/opt/hostedtoolcache/Python/3.12.12/x64/lib/python3.12/site-packages/pywasm/core.py\", line 1888, in evaluate\n    self.evaluate_call(addr)\n  File \"/opt/hostedtoolcache/Python/3.12.12/x64/lib/python3.12/site-packages/pywasm/core.py\", line 1788, in evaluate_call\n    rets = func.hostcode(self, [e.into_all() for e in args])\n           ^^^^^^^^^^^^^^^^^^^^^^^^^^^^^^^^^^^^^^^^^^^^^^^^^\n  File \"/opt/hostedtoolcache/Python/3.12.12/x64/lib/python3.12/site-packages/pywasm/wasi.py\", line 490, in args_get\n    mems.put(argv_buf, bytearray(e.encode()))\n                                 ^^^^^^^^\nAttributeError: 'list' object has no attribute 'encode'\n"]}, {"name": "directory_seek", "executed": true, "duration_s": 0.17427897453308105, "failures": ["Wait(exit_code=0) failed: expected 0, got 1\n\n==STDERR==\nTraceback (most recent call last):\n  File \"/home/runner/work/wasi-testsuite/wasi-testsuite/tools/run-pywasm\", line 28, in <module>\n    exit = wasi.main(runtime, instance)\n           ^^^^^^^^^^^^^^^^^^^^^^^^^^^^\n  File \"/opt/hostedtoolcache/Python/3.12.12/x64/lib/python3.12/site-packages/pywasm/wasi.py\", line 1032, in main\n    raise e\n  File \"/opt/hostedtoolcache/Python/3.12.12/x64/lib/python3.12/site-packages/pywasm/wasi.py\", line 1025, in main\n    runtime.invocate(module, '_start', [])\n  File \"/opt/hostedtoolcache/Python/3.12.12/x64/lib/python3.12/site-packages/pywasm/core.py\", line 4190, in invocate\n    func_rets = self.machine.invocate(func_addr, func_args)\n                ^^^^^^^^^^^^^^^^^^^^^^^^^^^^^^^^^^^^^^^^^^^\n  File \"/opt/hostedtoolcache/Python/3.12.12/x64/lib/python3.12/site-packages/pywasm/core.py\", line 1724, in invocate\n    self.evaluate()\n  File \"/opt/hostedtoolcache/Python/3.12.12/x64/lib/python3.12/site-packages/pywasm/core.py\", line 1888, in evaluate\n    self.evaluate_call(addr)\n  File \"/opt/hostedtoolcache/Python/3.12.12/x64/lib/python3.12/site-packages/pywasm/core.py\", line 1788, in evaluate_call\n    rets = func.hostcode(self, [e.into_all() for e in args])\n           ^^^^^^^^^^^^^^^^^^^^^^^^^^^^^^^^^^^^^^^^^^^^^^^^^\n  File \"/opt/hostedtoolcache/Python/3.12.12/x64/lib/python3.12/site-packages/pywasm/wasi.py\", line 490, in args_get\n    mems.put(argv_buf, bytearray(e.encode()))\n                                 ^^^^^^^^\nAttributeError: 'list' object has no attribute 'encode'\n"]}, {"name": "file_seek_tell", "executed": true, "duration_s": 0.17513227462768555, "failures": ["Wait(exit_code=0) failed: expected 0, got 1\n\n==STDERR==\nTraceback (most recent call last):\n  File \"/home/runner/work/wasi-testsuite/wasi-testsuite/tools/run-pywasm\", line 28, in <module>\n    exit = wasi.main(runtime, instance)\n           ^^^^^^^^^^^^^^^^^^^^^^^^^^^^\n  File \"/opt/hostedtoolcache/Python/3.12.12/x64/lib/python3.12/site-packages/pywasm/wasi.py\", line 1032, in main\n    raise e\n  File \"/opt/hostedtoolcache/Python/3.12.12/x64/lib/python3.12/site-packages/pywasm/wasi.py\", line 1025, in main\n    runtime.invocate(module, '_start', [])\n  File \"/opt/hostedtoolcache/Python/3.12.12/x64/lib/python3.12/site-packages/pywasm/core.py\", line 4190, in invocate\n    func_rets = self.machine.invocate(func_addr, func_args)\n                ^^^^^^^^^^^^^^^^^^^^^^^^^^^^^^^^^^^^^^^^^^^\n  File \"/opt/hostedtoolcache/Python/3.12.12/x64/lib/python3.12/site-packages/pywasm/core.py\", line 1724, in invocate\n    self.evaluate()\n  File \"/opt/hostedtoolcache/Python/3.12.12/x64/lib/python3.12/site-packages/pywasm/core.py\", line 1888, in evaluate\n    self.evaluate_call(addr)\n  File \"/opt/hostedtoolcache/Python/3.12.12/x64/lib/python3.12/site-packages/pywasm/core.py\", line 1788, in evaluate_call\n    rets = func.hostcode(self, [e.into_all() for e in args])\n           ^^^^^^^^^^^^^^^^^^^^^^^^^^^^^^^^^^^^^^^^^^^^^^^^^\n  File \"/opt/hostedtoolcache/Python/3.12.12/x64/lib/python3.12/site-packages/pywasm/wasi.py\", line 490, in args_get\n    mems.put(argv_buf, bytearray(e.encode()))\n                                 ^^^^^^^^\nAttributeError: 'list' object has no attribute 'encode'\n"]}, {"name": "path_open_read_write", "executed": true, "duration_s": 0.17726588249206543, "failures": ["Wait(exit_code=0) failed: expected 0, got 1\n\n==STDERR==\nTraceback (most recent call last):\n  File \"/home/runner/work/wasi-testsuite/wasi-testsuite/tools/run-pywasm\", line 28, in <module>\n    exit = wasi.main(runtime, instance)\n           ^^^^^^^^^^^^^^^^^^^^^^^^^^^^\n  File \"/opt/hostedtoolcache/Python/3.12.12/x64/lib/python3.12/site-packages/pywasm/wasi.py\", line 1032, in main\n    raise e\n  File \"/opt/hostedtoolcache/Python/3.12.12/x64/lib/python3.12/site-packages/pywasm/wasi.py\", line 1025, in main\n    runtime.invocate(module, '_start', [])\n  File \"/opt/hostedtoolcache/Python/3.12.12/x64/lib/python3.12/site-packages/pywasm/core.py\", line 4190, in invocate\n    func_rets = self.machine.invocate(func_addr, func_args)\n                ^^^^^^^^^^^^^^^^^^^^^^^^^^^^^^^^^^^^^^^^^^^\n  File \"/opt/hostedtoolcache/Python/3.12.12/x64/lib/python3.12/site-packages/pywasm/core.py\", line 1724, in invocate\n    self.evaluate()\n  File \"/opt/hostedtoolcache/Python/3.12.12/x64/lib/python3.12/site-packages/pywasm/core.py\", line 1888, in evaluate\n    self.evaluate_call(addr)\n  File \"/opt/hostedtoolcache/Python/3.12.12/x64/lib/python3.12/site-packages/pywasm/core.py\", line 1788, in evaluate_call\n    rets = func.hostcode(self, [e.into_all() for e in args])\n           ^^^^^^^^^^^^^^^^^^^^^^^^^^^^^^^^^^^^^^^^^^^^^^^^^\n  File \"/opt/hostedtoolcache/Python/3.12.12/x64/lib/python3.12/site-packages/pywasm/wasi.py\", line 490, in args_get\n    mems.put(argv_buf, bytearray(e.encode()))\n                                 ^^^^^^^^\nAttributeError: 'list' object has no attribute 'encode'\n"]}, {"name": "overwrite_preopen", "executed": true, "duration_s": 0.17395734786987305, "failures": ["Wait(exit_code=0) failed: expected 0, got 1\n\n==STDERR==\nTraceback (most recent call last):\n  File \"/home/runner/work/wasi-testsuite/wasi-testsuite/tools/run-pywasm\", line 28, in <module>\n    exit = wasi.main(runtime, instance)\n           ^^^^^^^^^^^^^^^^^^^^^^^^^^^^\n  File \"/opt/hostedtoolcache/Python/3.12.12/x64/lib/python3.12/site-packages/pywasm/wasi.py\", line 1032, in main\n    raise e\n  File \"/opt/hostedtoolcache/Python/3.12.12/x64/lib/python3.12/site-packages/pywasm/wasi.py\", line 1025, in main\n    runtime.invocate(module, '_start', [])\n  File \"/opt/hostedtoolcache/Python/3.12.12/x64/lib/python3.12/site-packages/pywasm/core.py\", line 4190, in invocate\n    func_rets = self.machine.invocate(func_addr, func_args)\n                ^^^^^^^^^^^^^^^^^^^^^^^^^^^^^^^^^^^^^^^^^^^\n  File \"/opt/hostedtoolcache/Python/3.12.12/x64/lib/python3.12/site-packages/pywasm/core.py\", line 1724, in invocate\n    self.evaluate()\n  File \"/opt/hostedtoolcache/Python/3.12.12/x64/lib/python3.12/site-packages/pywasm/core.py\", line 1888, in evaluate\n    self.evaluate_call(addr)\n  File \"/opt/hostedtoolcache/Python/3.12.12/x64/lib/python3.12/site-packages/pywasm/core.py\", line 1788, in evaluate_call\n    rets = func.hostcode(self, [e.into_all() for e in args])\n           ^^^^^^^^^^^^^^^^^^^^^^^^^^^^^^^^^^^^^^^^^^^^^^^^^\n  File \"/opt/hostedtoolcache/Python/3.12.12/x64/lib/python3.12/site-packages/pywasm/wasi.py\", line 490, in args_get\n    mems.put(argv_buf, bytearray(e.encode()))\n                                 ^^^^^^^^\nAttributeError: 'list' object has no attribute 'encode'\n"]}, {"name": "symlink_filestat", "executed": true, "duration_s": 0.16870999336242676, "failures": ["Wait(exit_code=0) failed: expected 0, got 1\n\n==STDERR==\nTraceback (most recent call last):\n  File \"/home/runner/work/wasi-testsuite/wasi-testsuite/tools/run-pywasm\", line 28, in <module>\n    exit = wasi.main(runtime, instance)\n           ^^^^^^^^^^^^^^^^^^^^^^^^^^^^\n  File \"/opt/hostedtoolcache/Python/3.12.12/x64/lib/python3.12/site-packages/pywasm/wasi.py\", line 1032, in main\n    raise e\n  File \"/opt/hostedtoolcache/Python/3.12.12/x64/lib/python3.12/site-packages/pywasm/wasi.py\", line 1025, in main\n    runtime.invocate(module, '_start', [])\n  File \"/opt/hostedtoolcache/Python/3.12.12/x64/lib/python3.12/site-packages/pywasm/core.py\", line 4190, in invocate\n    func_rets = self.machine.invocate(func_addr, func_args)\n                ^^^^^^^^^^^^^^^^^^^^^^^^^^^^^^^^^^^^^^^^^^^\n  File \"/opt/hostedtoolcache/Python/3.12.12/x64/lib/python3.12/site-packages/pywasm/core.py\", line 1724, in invocate\n    self.evaluate()\n  File \"/opt/hostedtoolcache/Python/3.12.12/x64/lib/python3.12/site-packages/pywasm/core.py\", line 1888, in evaluate\n    self.evaluate_call(addr)\n  File \"/opt/hostedtoolcache/Python/3.12.12/x64/lib/python3.12/site-packages/pywasm/core.py\", line 1788, in evaluate_call\n    rets = func.hostcode(self, [e.into_all() for e in args])\n           ^^^^^^^^^^^^^^^^^^^^^^^^^^^^^^^^^^^^^^^^^^^^^^^^^\n  File \"/opt/hostedtoolcache/Python/3.12.12/x64/lib/python3.12/site-packages/pywasm/wasi.py\", line 490, in args_get\n    mems.put(argv_buf, bytearray(e.encode()))\n                                 ^^^^^^^^\nAttributeError: 'list' object has no attribute 'encode'\n"]}, {"name": "readlink", "executed": true, "duration_s": 0.17202162742614746, "failures": ["Wait(exit_code=0) failed: expected 0, got 1\n\n==STDERR==\nTraceback (most recent call last):\n  File \"/home/runner/work/wasi-testsuite/wasi-testsuite/tools/run-pywasm\", line 28, in <module>\n    exit = wasi.main(runtime, instance)\n           ^^^^^^^^^^^^^^^^^^^^^^^^^^^^\n  File \"/opt/hostedtoolcache/Python/3.12.12/x64/lib/python3.12/site-packages/pywasm/wasi.py\", line 1032, in main\n    raise e\n  File \"/opt/hostedtoolcache/Python/3.12.12/x64/lib/python3.12/site-packages/pywasm/wasi.py\", line 1025, in main\n    runtime.invocate(module, '_start', [])\n  File \"/opt/hostedtoolcache/Python/3.12.12/x64/lib/python3.12/site-packages/pywasm/core.py\", line 4190, in invocate\n    func_rets = self.machine.invocate(func_addr, func_args)\n                ^^^^^^^^^^^^^^^^^^^^^^^^^^^^^^^^^^^^^^^^^^^\n  File \"/opt/hostedtoolcache/Python/3.12.12/x64/lib/python3.12/site-packages/pywasm/core.py\", line 1724, in invocate\n    self.evaluate()\n  File \"/opt/hostedtoolcache/Python/3.12.12/x64/lib/python3.12/site-packages/pywasm/core.py\", line 1888, in evaluate\n    self.evaluate_call(addr)\n  File \"/opt/hostedtoolcache/Python/3.12.12/x64/lib/python3.12/site-packages/pywasm/core.py\", line 1788, in evaluate_call\n    rets = func.hostcode(self, [e.into_all() for e in args])\n           ^^^^^^^^^^^^^^^^^^^^^^^^^^^^^^^^^^^^^^^^^^^^^^^^^\n  File \"/opt/hostedtoolcache/Python/3.12.12/x64/lib/python3.12/site-packages/pywasm/wasi.py\", line 490, in args_get\n    mems.put(argv_buf, bytearray(e.encode()))\n                                 ^^^^^^^^\nAttributeError: 'list' object has no attribute 'encode'\n"]}, {"name": "path_open_create_existing", "executed": true, "duration_s": 0.1689436435699463, "failures": ["Wait(exit_code=0) failed: expected 0, got 1\n\n==STDERR==\nTraceback (most recent call last):\n  File \"/home/runner/work/wasi-testsuite/wasi-testsuite/tools/run-pywasm\", line 28, in <module>\n    exit = wasi.main(runtime, instance)\n           ^^^^^^^^^^^^^^^^^^^^^^^^^^^^\n  File \"/opt/hostedtoolcache/Python/3.12.12/x64/lib/python3.12/site-packages/pywasm/wasi.py\", line 1032, in main\n    raise e\n  File \"/opt/hostedtoolcache/Python/3.12.12/x64/lib/python3.12/site-packages/pywasm/wasi.py\", line 1025, in main\n    runtime.invocate(module, '_start', [])\n  File \"/opt/hostedtoolcache/Python/3.12.12/x64/lib/python3.12/site-packages/pywasm/core.py\", line 4190, in invocate\n    func_rets = self.machine.invocate(func_addr, func_args)\n                ^^^^^^^^^^^^^^^^^^^^^^^^^^^^^^^^^^^^^^^^^^^\n  File \"/opt/hostedtoolcache/Python/3.12.12/x64/lib/python3.12/site-packages/pywasm/core.py\", line 1724, in invocate\n    self.evaluate()\n  File \"/opt/hostedtoolcache/Python/3.12.12/x64/lib/python3.12/site-packages/pywasm/core.py\", line 1888, in evaluate\n    self.evaluate_call(addr)\n  File \"/opt/hostedtoolcache/Python/3.12.12/x64/lib/python3.12/site-packages/pywasm/core.py\", line 1788, in evaluate_call\n    rets = func.hostcode(self, [e.into_all() for e in args])\n           ^^^^^^^^^^^^^^^^^^^^^^^^^^^^^^^^^^^^^^^^^^^^^^^^^\n  File \"/opt/hostedtoolcache/Python/3.12.12/x64/lib/python3.12/site-packages/pywasm/wasi.py\", line 490, in args_get\n    mems.put(argv_buf, bytearray(e.encode()))\n                                 ^^^^^^^^\nAttributeError: 'list' object has no attribute 'encode'\n"]}, {"name": "poll_oneoff_stdio", "executed": true, "duration_s": 0.29419898986816406, "failures": []}, {"name": "path_rename_dir_trailing_slashes", "executed": true, "duration_s": 0.16314005851745605, "failures": ["Wait(exit_code=0) failed: expected 0, got 1\n\n==STDERR==\nTraceback (most recent call last):\n  File \"/home/runner/work/wasi-testsuite/wasi-testsuite/tools/run-pywasm\", line 28, in <module>\n    exit = wasi.main(runtime, instance)\n           ^^^^^^^^^^^^^^^^^^^^^^^^^^^^\n  File \"/opt/hostedtoolcache/Python/3.12.12/x64/lib/python3.12/site-packages/pywasm/wasi.py\", line 1032, in main\n    raise e\n  File \"/opt/hostedtoolcache/Python/3.12.12/x64/lib/python3.12/site-packages/pywasm/wasi.py\", line 1025, in main\n    runtime.invocate(module, '_start', [])\n  File \"/opt/hostedtoolcache/Python/3.12.12/x64/lib/python3.12/site-packages/pywasm/core.py\", line 4190, in invocate\n    func_rets = self.machine.invocate(func_addr, func_args)\n                ^^^^^^^^^^^^^^^^^^^^^^^^^^^^^^^^^^^^^^^^^^^\n  File \"/opt/hostedtoolcache/Python/3.12.12/x64/lib/python3.12/site-packages/pywasm/core.py\", line 1724, in invocate\n    self.evaluate()\n  File \"/opt/hostedtoolcache/Python/3.12.12/x64/lib/python3.12/site-packages/pywasm/core.py\", line 1888, in evaluate\n    self.evaluate_call(addr)\n  File \"/opt/hostedtoolcache/Python/3.12.12/x64/lib/python3.12/site-packages/pywasm/core.py\", line 1788, in evaluate_call\n    rets = func.hostcode(self, [e.into_all() for e in args])\n           ^^^^^^^^^^^^^^^^^^^^^^^^^^^^^^^^^^^^^^^^^^^^^^^^^\n  File \"/opt/hostedtoolcache/Python/3.12.12/x64/lib/python3.12/site-packages/pywasm/wasi.py\", line 490, in args_get\n    mems.put(argv_buf, bytearray(e.encode()))\n                                 ^^^^^^^^\nAttributeError: 'list' object has no attribute 'encode'\n"]}, {"name": "fd_fdstat_set_rights", "executed": true, "duration_s": 0.17753911018371582, "failures": ["Wait(exit_code=0) failed: expected 0, got 1\n\n==STDERR==\nTraceback (most recent call last):\n  File \"/home/runner/work/wasi-testsuite/wasi-testsuite/tools/run-pywasm\", line 28, in <module>\n    exit = wasi.main(runtime, instance)\n           ^^^^^^^^^^^^^^^^^^^^^^^^^^^^\n  File \"/opt/hostedtoolcache/Python/3.12.12/x64/lib/python3.12/site-packages/pywasm/wasi.py\", line 1032, in main\n    raise e\n  File \"/opt/hostedtoolcache/Python/3.12.12/x64/lib/python3.12/site-packages/pywasm/wasi.py\", line 1025, in main\n    runtime.invocate(module, '_start', [])\n  File \"/opt/hostedtoolcache/Python/3.12.12/x64/lib/python3.12/site-packages/pywasm/core.py\", line 4190, in invocate\n    func_rets = self.machine.invocate(func_addr, func_args)\n                ^^^^^^^^^^^^^^^^^^^^^^^^^^^^^^^^^^^^^^^^^^^\n  File \"/opt/hostedtoolcache/Python/3.12.12/x64/lib/python3.12/site-packages/pywasm/core.py\", line 1724, in invocate\n    self.evaluate()\n  File \"/opt/hostedtoolcache/Python/3.12.12/x64/lib/python3.12/site-packages/pywasm/core.py\", line 1888, in evaluate\n    self.evaluate_call(addr)\n  File \"/opt/hostedtoolcache/Python/3.12.12/x64/lib/python3.12/site-packages/pywasm/core.py\", line 1788, in evaluate_call\n    rets = func.hostcode(self, [e.into_all() for e in args])\n           ^^^^^^^^^^^^^^^^^^^^^^^^^^^^^^^^^^^^^^^^^^^^^^^^^\n  File \"/opt/hostedtoolcache/Python/3.12.12/x64/lib/python3.12/site-packages/pywasm/wasi.py\", line 490, in args_get\n    mems.put(argv_buf, bytearray(e.encode()))\n                                 ^^^^^^^^\nAttributeError: 'list' object has no attribute 'encode'\n"]}, {"name": "path_open_missing", "executed": true, "duration_s": 0.16820979118347168, "failures": ["Wait(exit_code=0) failed: expected 0, got 1\n\n==STDERR==\nTraceback (most recent call last):\n  File \"/home/runner/work/wasi-testsuite/wasi-testsuite/tools/run-pywasm\", line 28, in <module>\n    exit = wasi.main(runtime, instance)\n           ^^^^^^^^^^^^^^^^^^^^^^^^^^^^\n  File \"/opt/hostedtoolcache/Python/3.12.12/x64/lib/python3.12/site-packages/pywasm/wasi.py\", line 1032, in main\n    raise e\n  File \"/opt/hostedtoolcache/Python/3.12.12/x64/lib/python3.12/site-packages/pywasm/wasi.py\", line 1025, in main\n    runtime.invocate(module, '_start', [])\n  File \"/opt/hostedtoolcache/Python/3.12.12/x64/lib/python3.12/site-packages/pywasm/core.py\", line 4190, in invocate\n    func_rets = self.machine.invocate(func_addr, func_args)\n                ^^^^^^^^^^^^^^^^^^^^^^^^^^^^^^^^^^^^^^^^^^^\n  File \"/opt/hostedtoolcache/Python/3.12.12/x64/lib/python3.12/site-packages/pywasm/core.py\", line 1724, in invocate\n    self.evaluate()\n  File \"/opt/hostedtoolcache/Python/3.12.12/x64/lib/python3.12/site-packages/pywasm/core.py\", line 1888, in evaluate\n    self.evaluate_call(addr)\n  File \"/opt/hostedtoolcache/Python/3.12.12/x64/lib/python3.12/site-packages/pywasm/core.py\", line 1788, in evaluate_call\n    rets = func.hostcode(self, [e.into_all() for e in args])\n           ^^^^^^^^^^^^^^^^^^^^^^^^^^^^^^^^^^^^^^^^^^^^^^^^^\n  File \"/opt/hostedtoolcache/Python/3.12.12/x64/lib/python3.12/site-packages/pywasm/wasi.py\", line 490, in args_get\n    mems.put(argv_buf, bytearray(e.encode()))\n                                 ^^^^^^^^\nAttributeError: 'list' object has no attribute 'encode'\n"]}, {"name": "path_open_dirfd_not_dir", "executed": true, "duration_s": 0.17163777351379395, "failures": ["Wait(exit_code=0) failed: expected 0, got 1\n\n==STDERR==\nTraceback (most recent call last):\n  File \"/home/runner/work/wasi-testsuite/wasi-testsuite/tools/run-pywasm\", line 28, in <module>\n    exit = wasi.main(runtime, instance)\n           ^^^^^^^^^^^^^^^^^^^^^^^^^^^^\n  File \"/opt/hostedtoolcache/Python/3.12.12/x64/lib/python3.12/site-packages/pywasm/wasi.py\", line 1032, in main\n    raise e\n  File \"/opt/hostedtoolcache/Python/3.12.12/x64/lib/python3.12/site-packages/pywasm/wasi.py\", line 1025, in main\n    runtime.invocate(module, '_start', [])\n  File \"/opt/hostedtoolcache/Python/3.12.12/x64/lib/python3.12/site-packages/pywasm/core.py\", line 4190, in invocate\n    func_rets = self.machine.invocate(func_addr, func_args)\n                ^^^^^^^^^^^^^^^^^^^^^^^^^^^^^^^^^^^^^^^^^^^\n  File \"/opt/hostedtoolcache/Python/3.12.12/x64/lib/python3.12/site-packages/pywasm/core.py\", line 1724, in invocate\n    self.evaluate()\n  File \"/opt/hostedtoolcache/Python/3.12.12/x64/lib/python3.12/site-packages/pywasm/core.py\", line 1888, in evaluate\n    self.evaluate_call(addr)\n  File \"/opt/hostedtoolcache/Python/3.12.12/x64/lib/python3.12/site-packages/pywasm/core.py\", line 1788, in evaluate_call\n    rets = func.hostcode(self, [e.into_all() for e in args])\n           ^^^^^^^^^^^^^^^^^^^^^^^^^^^^^^^^^^^^^^^^^^^^^^^^^\n  File \"/opt/hostedtoolcache/Python/3.12.12/x64/lib/python3.12/site-packages/pywasm/wasi.py\", line 490, in args_get\n    mems.put(argv_buf, bytearray(e.encode()))\n                                 ^^^^^^^^\nAttributeError: 'list' object has no attribute 'encode'\n"]}, {"name": "file_unbuffered_write", "executed": true, "duration_s": 0.1696181297302246, "failures": ["Wait(exit_code=0) failed: expected 0, got 1\n\n==STDERR==\nTraceback (most recent call last):\n  File \"/home/runner/work/wasi-testsuite/wasi-testsuite/tools/run-pywasm\", line 28, in <module>\n    exit = wasi.main(runtime, instance)\n           ^^^^^^^^^^^^^^^^^^^^^^^^^^^^\n  File \"/opt/hostedtoolcache/Python/3.12.12/x64/lib/python3.12/site-packages/pywasm/wasi.py\", line 1032, in main\n    raise e\n  File \"/opt/hostedtoolcache/Python/3.12.12/x64/lib/python3.12/site-packages/pywasm/wasi.py\", line 1025, in main\n    runtime.invocate(module, '_start', [])\n  File \"/opt/hostedtoolcache/Python/3.12.12/x64/lib/python3.12/site-packages/pywasm/core.py\", line 4190, in invocate\n    func_rets = self.machine.invocate(func_addr, func_args)\n                ^^^^^^^^^^^^^^^^^^^^^^^^^^^^^^^^^^^^^^^^^^^\n  File \"/opt/hostedtoolcache/Python/3.12.12/x64/lib/python3.12/site-packages/pywasm/core.py\", line 1724, in invocate\n    self.evaluate()\n  File \"/opt/hostedtoolcache/Python/3.12.12/x64/lib/python3.12/site-packages/pywasm/core.py\", line 1888, in evaluate\n    self.evaluate_call(addr)\n  File \"/opt/hostedtoolcache/Python/3.12.12/x64/lib/python3.12/site-packages/pywasm/core.py\", line 1788, in evaluate_call\n    rets = func.hostcode(self, [e.into_all() for e in args])\n           ^^^^^^^^^^^^^^^^^^^^^^^^^^^^^^^^^^^^^^^^^^^^^^^^^\n  File \"/opt/hostedtoolcache/Python/3.12.12/x64/lib/python3.12/site-packages/pywasm/wasi.py\", line 490, in args_get\n    mems.put(argv_buf, bytearray(e.encode()))\n                                 ^^^^^^^^\nAttributeError: 'list' object has no attribute 'encode'\n"]}, {"name": "interesting_paths", "executed": true, "duration_s": 0.18138980865478516, "failures": ["Wait(exit_code=0) failed: expected 0, got 1\n\n==STDERR==\nTraceback (most recent call last):\n  File \"/home/runner/work/wasi-testsuite/wasi-testsuite/tools/run-pywasm\", line 28, in <module>\n    exit = wasi.main(runtime, instance)\n           ^^^^^^^^^^^^^^^^^^^^^^^^^^^^\n  File \"/opt/hostedtoolcache/Python/3.12.12/x64/lib/python3.12/site-packages/pywasm/wasi.py\", line 1032, in main\n    raise e\n  File \"/opt/hostedtoolcache/Python/3.12.12/x64/lib/python3.12/site-packages/pywasm/wasi.py\", line 1025, in main\n    runtime.invocate(module, '_start', [])\n  File \"/opt/hostedtoolcache/Python/3.12.12/x64/lib/python3.12/site-packages/pywasm/core.py\", line 4190, in invocate\n    func_rets = self.machine.invocate(func_addr, func_args)\n                ^^^^^^^^^^^^^^^^^^^^^^^^^^^^^^^^^^^^^^^^^^^\n  File \"/opt/hostedtoolcache/Python/3.12.12/x64/lib/python3.12/site-packages/pywasm/core.py\", line 1724, in invocate\n    self.evaluate()\n  File \"/opt/hostedtoolcache/Python/3.12.12/x64/lib/python3.12/site-packages/pywasm/core.py\", line 1888, in evaluate\n    self.evaluate_call(addr)\n  File \"/opt/hostedtoolcache/Python/3.12.12/x64/lib/python3.12/site-packages/pywasm/core.py\", line 1788, in evaluate_call\n    rets = func.hostcode(self, [e.into_all() for e in args])\n           ^^^^^^^^^^^^^^^^^^^^^^^^^^^^^^^^^^^^^^^^^^^^^^^^^\n  File \"/opt/hostedtoolcache/Python/3.12.12/x64/lib/python3.12/site-packages/pywasm/wasi.py\", line 490, in args_get\n    mems.put(argv_buf, bytearray(e.encode()))\n                                 ^^^^^^^^\nAttributeError: 'list' object has no attribute 'encode'\n"]}, {"name": "path_link", "executed": true, "duration_s": 0.21388912200927734, "failures": ["Wait(exit_code=0) failed: expected 0, got 1\n\n==STDERR==\nTraceback (most recent call last):\n  File \"/home/runner/work/wasi-testsuite/wasi-testsuite/tools/run-pywasm\", line 28, in <module>\n    exit = wasi.main(runtime, instance)\n           ^^^^^^^^^^^^^^^^^^^^^^^^^^^^\n  File \"/opt/hostedtoolcache/Python/3.12.12/x64/lib/python3.12/site-packages/pywasm/wasi.py\", line 1032, in main\n    raise e\n  File \"/opt/hostedtoolcache/Python/3.12.12/x64/lib/python3.12/site-packages/pywasm/wasi.py\", line 1025, in main\n    runtime.invocate(module, '_start', [])\n  File \"/opt/hostedtoolcache/Python/3.12.12/x64/lib/python3.12/site-packages/pywasm/core.py\", line 4190, in invocate\n    func_rets = self.machine.invocate(func_addr, func_args)\n                ^^^^^^^^^^^^^^^^^^^^^^^^^^^^^^^^^^^^^^^^^^^\n  File \"/opt/hostedtoolcache/Python/3.12.12/x64/lib/python3.12/site-packages/pywasm/core.py\", line 1724, in invocate\n    self.evaluate()\n  File \"/opt/hostedtoolcache/Python/3.12.12/x64/lib/python3.12/site-packages/pywasm/core.py\", line 1888, in evaluate\n    self.evaluate_call(addr)\n  File \"/opt/hostedtoolcache/Python/3.12.12/x64/lib/python3.12/site-packages/pywasm/core.py\", line 1788, in evaluate_call\n    rets = func.hostcode(self, [e.into_all() for e in args])\n           ^^^^^^^^^^^^^^^^^^^^^^^^^^^^^^^^^^^^^^^^^^^^^^^^^\n  File \"/opt/hostedtoolcache/Python/3.12.12/x64/lib/python3.12/site-packages/pywasm/wasi.py\", line 490, in args_get\n    mems.put(argv_buf, bytearray(e.encode()))\n                                 ^^^^^^^^\nAttributeError: 'list' object has no attribute 'encode'\n"]}, {"name": "path_open_nonblock", "executed": true, "duration_s": 0.16560983657836914, "failures": ["Wait(exit_code=0) failed: expected 0, got 1\n\n==STDERR==\nTraceback (most recent call last):\n  File \"/home/runner/work/wasi-testsuite/wasi-testsuite/tools/run-pywasm\", line 28, in <module>\n    exit = wasi.main(runtime, instance)\n           ^^^^^^^^^^^^^^^^^^^^^^^^^^^^\n  File \"/opt/hostedtoolcache/Python/3.12.12/x64/lib/python3.12/site-packages/pywasm/wasi.py\", line 1032, in main\n    raise e\n  File \"/opt/hostedtoolcache/Python/3.12.12/x64/lib/python3.12/site-packages/pywasm/wasi.py\", line 1025, in main\n    runtime.invocate(module, '_start', [])\n  File \"/opt/hostedtoolcache/Python/3.12.12/x64/lib/python3.12/site-packages/pywasm/core.py\", line 4190, in invocate\n    func_rets = self.machine.invocate(func_addr, func_args)\n                ^^^^^^^^^^^^^^^^^^^^^^^^^^^^^^^^^^^^^^^^^^^\n  File \"/opt/hostedtoolcache/Python/3.12.12/x64/lib/python3.12/site-packages/pywasm/core.py\", line 1724, in invocate\n    self.evaluate()\n  File \"/opt/hostedtoolcache/Python/3.12.12/x64/lib/python3.12/site-packages/pywasm/core.py\", line 1888, in evaluate\n    self.evaluate_call(addr)\n  File \"/opt/hostedtoolcache/Python/3.12.12/x64/lib/python3.12/site-packages/pywasm/core.py\", line 1788, in evaluate_call\n    rets = func.hostcode(self, [e.into_all() for e in args])\n           ^^^^^^^^^^^^^^^^^^^^^^^^^^^^^^^^^^^^^^^^^^^^^^^^^\n  File \"/opt/hostedtoolcache/Python/3.12.12/x64/lib/python3.12/site-packages/pywasm/wasi.py\", line 490, in args_get\n    mems.put(argv_buf, bytearray(e.encode()))\n                                 ^^^^^^^^\nAttributeError: 'list' object has no attribute 'encode'\n"]}, {"name": "path_rename", "executed": true, "duration_s": 0.213029146194458, "failures": ["Wait(exit_code=0) failed: expected 0, got 1\n\n==STDERR==\nTraceback (most recent call last):\n  File \"/home/runner/work/wasi-testsuite/wasi-testsuite/tools/run-pywasm\", line 28, in <module>\n    exit = wasi.main(runtime, instance)\n           ^^^^^^^^^^^^^^^^^^^^^^^^^^^^\n  File \"/opt/hostedtoolcache/Python/3.12.12/x64/lib/python3.12/site-packages/pywasm/wasi.py\", line 1032, in main\n    raise e\n  File \"/opt/hostedtoolcache/Python/3.12.12/x64/lib/python3.12/site-packages/pywasm/wasi.py\", line 1025, in main\n    runtime.invocate(module, '_start', [])\n  File \"/opt/hostedtoolcache/Python/3.12.12/x64/lib/python3.12/site-packages/pywasm/core.py\", line 4190, in invocate\n    func_rets = self.machine.invocate(func_addr, func_args)\n                ^^^^^^^^^^^^^^^^^^^^^^^^^^^^^^^^^^^^^^^^^^^\n  File \"/opt/hostedtoolcache/Python/3.12.12/x64/lib/python3.12/site-packages/pywasm/core.py\", line 1724, in invocate\n    self.evaluate()\n  File \"/opt/hostedtoolcache/Python/3.12.12/x64/lib/python3.12/site-packages/pywasm/core.py\", line 1888, in evaluate\n    self.evaluate_call(addr)\n  File \"/opt/hostedtoolcache/Python/3.12.12/x64/lib/python3.12/site-packages/pywasm/core.py\", line 1788, in evaluate_call\n    rets = func.hostcode(self, [e.into_all() for e in args])\n           ^^^^^^^^^^^^^^^^^^^^^^^^^^^^^^^^^^^^^^^^^^^^^^^^^\n  File \"/opt/hostedtoolcache/Python/3.12.12/x64/lib/python3.12/site-packages/pywasm/wasi.py\", line 490, in args_get\n    mems.put(argv_buf, bytearray(e.encode()))\n                                 ^^^^^^^^\nAttributeError: 'list' object has no attribute 'encode'\n"]}, {"name": "fd_advise", "executed": true, "duration_s": 0.1688680648803711, "failures": ["Wait(exit_code=0) failed: expected 0, got 1\n\n==STDERR==\nTraceback (most recent call last):\n  File \"/home/runner/work/wasi-testsuite/wasi-testsuite/tools/run-pywasm\", line 28, in <module>\n    exit = wasi.main(runtime, instance)\n           ^^^^^^^^^^^^^^^^^^^^^^^^^^^^\n  File \"/opt/hostedtoolcache/Python/3.12.12/x64/lib/python3.12/site-packages/pywasm/wasi.py\", line 1032, in main\n    raise e\n  File \"/opt/hostedtoolcache/Python/3.12.12/x64/lib/python3.12/site-packages/pywasm/wasi.py\", line 1025, in main\n    runtime.invocate(module, '_start', [])\n  File \"/opt/hostedtoolcache/Python/3.12.12/x64/lib/python3.12/site-packages/pywasm/core.py\", line 4190, in invocate\n    func_rets = self.machine.invocate(func_addr, func_args)\n                ^^^^^^^^^^^^^^^^^^^^^^^^^^^^^^^^^^^^^^^^^^^\n  File \"/opt/hostedtoolcache/Python/3.12.12/x64/lib/python3.12/site-packages/pywasm/core.py\", line 1724, in invocate\n    self.evaluate()\n  File \"/opt/hostedtoolcache/Python/3.12.12/x64/lib/python3.12/site-packages/pywasm/core.py\", line 1888, in evaluate\n    self.evaluate_call(addr)\n  File \"/opt/hostedtoolcache/Python/3.12.12/x64/lib/python3.12/site-packages/pywasm/core.py\", line 1788, in evaluate_call\n    rets = func.hostcode(self, [e.into_all() for e in args])\n           ^^^^^^^^^^^^^^^^^^^^^^^^^^^^^^^^^^^^^^^^^^^^^^^^^\n  File \"/opt/hostedtoolcache/Python/3.12.12/x64/lib/python3.12/site-packages/pywasm/wasi.py\", line 490, in args_get\n    mems.put(argv_buf, bytearray(e.encode()))\n                                 ^^^^^^^^\nAttributeError: 'list' object has no attribute 'encode'\n"]}, {"name": "fd_filestat_set", "executed": true, "duration_s": 0.16817879676818848, "failures": ["Wait(exit_code=0) failed: expected 0, got 1\n\n==STDERR==\nTraceback (most recent call last):\n  File \"/home/runner/work/wasi-testsuite/wasi-testsuite/tools/run-pywasm\", line 28, in <module>\n    exit = wasi.main(runtime, instance)\n           ^^^^^^^^^^^^^^^^^^^^^^^^^^^^\n  File \"/opt/hostedtoolcache/Python/3.12.12/x64/lib/python3.12/site-packages/pywasm/wasi.py\", line 1032, in main\n    raise e\n  File \"/opt/hostedtoolcache/Python/3.12.12/x64/lib/python3.12/site-packages/pywasm/wasi.py\", line 1025, in main\n    runtime.invocate(module, '_start', [])\n  File \"/opt/hostedtoolcache/Python/3.12.12/x64/lib/python3.12/site-packages/pywasm/core.py\", line 4190, in invocate\n    func_rets = self.machine.invocate(func_addr, func_args)\n                ^^^^^^^^^^^^^^^^^^^^^^^^^^^^^^^^^^^^^^^^^^^\n  File \"/opt/hostedtoolcache/Python/3.12.12/x64/lib/python3.12/site-packages/pywasm/core.py\", line 1724, in invocate\n    self.evaluate()\n  File \"/opt/hostedtoolcache/Python/3.12.12/x64/lib/python3.12/site-packages/pywasm/core.py\", line 1888, in evaluate\n    self.evaluate_call(addr)\n  File \"/opt/hostedtoolcache/Python/3.12.12/x64/lib/python3.12/site-packages/pywasm/core.py\", line 1788, in evaluate_call\n    rets = func.hostcode(self, [e.into_all() for e in args])\n           ^^^^^^^^^^^^^^^^^^^^^^^^^^^^^^^^^^^^^^^^^^^^^^^^^\n  File \"/opt/hostedtoolcache/Python/3.12.12/x64/lib/python3.12/site-packages/pywasm/wasi.py\", line 490, in args_get\n    mems.put(argv_buf, bytearray(e.encode()))\n                                 ^^^^^^^^\nAttributeError: 'list' object has no attribute 'encode'\n"]}, {"name": "fd_flags_set", "executed": true, "duration_s": 0.18230366706848145, "failures": ["Wait(exit_code=0) failed: expected 0, got 1\n\n==STDERR==\nTraceback (most recent call last):\n  File \"/home/runner/work/wasi-testsuite/wasi-testsuite/tools/run-pywasm\", line 28, in <module>\n    exit = wasi.main(runtime, instance)\n           ^^^^^^^^^^^^^^^^^^^^^^^^^^^^\n  File \"/opt/hostedtoolcache/Python/3.12.12/x64/lib/python3.12/site-packages/pywasm/wasi.py\", line 1032, in main\n    raise e\n  File \"/opt/hostedtoolcache/Python/3.12.12/x64/lib/python3.12/site-packages/pywasm/wasi.py\", line 1025, in main\n    runtime.invocate(module, '_start', [])\n  File \"/opt/hostedtoolcache/Python/3.12.12/x64/lib/python3.12/site-packages/pywasm/core.py\", line 4190, in invocate\n    func_rets = self.machine.invocate(func_addr, func_args)\n                ^^^^^^^^^^^^^^^^^^^^^^^^^^^^^^^^^^^^^^^^^^^\n  File \"/opt/hostedtoolcache/Python/3.12.12/x64/lib/python3.12/site-packages/pywasm/core.py\", line 1724, in invocate\n    self.evaluate()\n  File \"/opt/hostedtoolcache/Python/3.12.12/x64/lib/python3.12/site-packages/pywasm/core.py\", line 1888, in evaluate\n    self.evaluate_call(addr)\n  File \"/opt/hostedtoolcache/Python/3.12.12/x64/lib/python3.12/site-packages/pywasm/core.py\", line 1788, in evaluate_call\n    rets = func.hostcode(self, [e.into_all() for e in args])\n           ^^^^^^^^^^^^^^^^^^^^^^^^^^^^^^^^^^^^^^^^^^^^^^^^^\n  File \"/opt/hostedtoolcache/Python/3.12.12/x64/lib/python3.12/site-packages/pywasm/wasi.py\", line 490, in args_get\n    mems.put(argv_buf, bytearray(e.encode()))\n                                 ^^^^^^^^\nAttributeError: 'list' object has no attribute 'encode'\n"]}, {"name": "sched_yield", "executed": true, "duration_s": 0.13359904289245605, "failures": []}, {"name": "clock_time_get", "executed": true, "duration_s": 0.13428282737731934, "failures": []}, {"name": "nofollow_errors", "executed": true, "duration_s": 0.17892837524414062, "failures": ["Wait(exit_code=0) failed: expected 0, got 1\n\n==STDERR==\nTraceback (most recent call last):\n  File \"/home/runner/work/wasi-testsuite/wasi-testsuite/tools/run-pywasm\", line 28, in <module>\n    exit = wasi.main(runtime, instance)\n           ^^^^^^^^^^^^^^^^^^^^^^^^^^^^\n  File \"/opt/hostedtoolcache/Python/3.12.12/x64/lib/python3.12/site-packages/pywasm/wasi.py\", line 1032, in main\n    raise e\n  File \"/opt/hostedtoolcache/Python/3.12.12/x64/lib/python3.12/site-packages/pywasm/wasi.py\", line 1025, in main\n    runtime.invocate(module, '_start', [])\n  File \"/opt/hostedtoolcache/Python/3.12.12/x64/lib/python3.12/site-packages/pywasm/core.py\", line 4190, in invocate\n    func_rets = self.machine.invocate(func_addr, func_args)\n                ^^^^^^^^^^^^^^^^^^^^^^^^^^^^^^^^^^^^^^^^^^^\n  File \"/opt/hostedtoolcache/Python/3.12.12/x64/lib/python3.12/site-packages/pywasm/core.py\", line 1724, in invocate\n    self.evaluate()\n  File \"/opt/hostedtoolcache/Python/3.12.12/x64/lib/python3.12/site-packages/pywasm/core.py\", line 1888, in evaluate\n    self.evaluate_call(addr)\n  File \"/opt/hostedtoolcache/Python/3.12.12/x64/lib/python3.12/site-packages/pywasm/core.py\", line 1788, in evaluate_call\n    rets = func.hostcode(self, [e.into_all() for e in args])\n           ^^^^^^^^^^^^^^^^^^^^^^^^^^^^^^^^^^^^^^^^^^^^^^^^^\n  File \"/opt/hostedtoolcache/Python/3.12.12/x64/lib/python3.12/site-packages/pywasm/wasi.py\", line 490, in args_get\n    mems.put(argv_buf, bytearray(e.encode()))\n                                 ^^^^^^^^\nAttributeError: 'list' object has no attribute 'encode'\n"]}, {"name": "file_truncation", "executed": true, "duration_s": 0.16713190078735352, "failures": ["Wait(exit_code=0) failed: expected 0, got 1\n\n==STDERR==\nTraceback (most recent call last):\n  File \"/home/runner/work/wasi-testsuite/wasi-testsuite/tools/run-pywasm\", line 28, in <module>\n    exit = wasi.main(runtime, instance)\n           ^^^^^^^^^^^^^^^^^^^^^^^^^^^^\n  File \"/opt/hostedtoolcache/Python/3.12.12/x64/lib/python3.12/site-packages/pywasm/wasi.py\", line 1032, in main\n    raise e\n  File \"/opt/hostedtoolcache/Python/3.12.12/x64/lib/python3.12/site-packages/pywasm/wasi.py\", line 1025, in main\n    runtime.invocate(module, '_start', [])\n  File \"/opt/hostedtoolcache/Python/3.12.12/x64/lib/python3.12/site-packages/pywasm/core.py\", line 4190, in invocate\n    func_rets = self.machine.invocate(func_addr, func_args)\n                ^^^^^^^^^^^^^^^^^^^^^^^^^^^^^^^^^^^^^^^^^^^\n  File \"/opt/hostedtoolcache/Python/3.12.12/x64/lib/python3.12/site-packages/pywasm/core.py\", line 1724, in invocate\n    self.evaluate()\n  File \"/opt/hostedtoolcache/Python/3.12.12/x64/lib/python3.12/site-packages/pywasm/core.py\", line 1888, in evaluate\n    self.evaluate_call(addr)\n  File \"/opt/hostedtoolcache/Python/3.12.12/x64/lib/python3.12/site-packages/pywasm/core.py\", line 1788, in evaluate_call\n    rets = func.hostcode(self, [e.into_all() for e in args])\n           ^^^^^^^^^^^^^^^^^^^^^^^^^^^^^^^^^^^^^^^^^^^^^^^^^\n  File \"/opt/hostedtoolcache/Python/3.12.12/x64/lib/python3.12/site-packages/pywasm/wasi.py\", line 490, in args_get\n    mems.put(argv_buf, bytearray(e.encode()))\n                                 ^^^^^^^^\nAttributeError: 'list' object has no attribute 'encode'\n"]}, {"name": "big_random_buf", "executed": true, "duration_s": 0.2937757968902588, "failures": []}, {"name": "dangling_fd", "executed": true, "duration_s": 0.18220925331115723, "failures": ["Wait(exit_code=0) failed: expected 0, got 1\n\n==STDERR==\nTraceback (most recent call last):\n  File \"/home/runner/work/wasi-testsuite/wasi-testsuite/tools/run-pywasm\", line 28, in <module>\n    exit = wasi.main(runtime, instance)\n           ^^^^^^^^^^^^^^^^^^^^^^^^^^^^\n  File \"/opt/hostedtoolcache/Python/3.12.12/x64/lib/python3.12/site-packages/pywasm/wasi.py\", line 1032, in main\n    raise e\n  File \"/opt/hostedtoolcache/Python/3.12.12/x64/lib/python3.12/site-packages/pywasm/wasi.py\", line 1025, in main\n    runtime.invocate(module, '_start', [])\n  File \"/opt/hostedtoolcache/Python/3.12.12/x64/lib/python3.12/site-packages/pywasm/core.py\", line 4190, in invocate\n    func_rets = self.machine.invocate(func_addr, func_args)\n                ^^^^^^^^^^^^^^^^^^^^^^^^^^^^^^^^^^^^^^^^^^^\n  File \"/opt/hostedtoolcache/Python/3.12.12/x64/lib/python3.12/site-packages/pywasm/core.py\", line 1724, in invocate\n    self.evaluate()\n  File \"/opt/hostedtoolcache/Python/3.12.12/x64/lib/python3.12/site-packages/pywasm/core.py\", line 1888, in evaluate\n    self.evaluate_call(addr)\n  File \"/opt/hostedtoolcache/Python/3.12.12/x64/lib/python3.12/site-packages/pywasm/core.py\", line 1788, in evaluate_call\n    rets = func.hostcode(self, [e.into_all() for e in args])\n           ^^^^^^^^^^^^^^^^^^^^^^^^^^^^^^^^^^^^^^^^^^^^^^^^^\n  File \"/opt/hostedtoolcache/Python/3.12.12/x64/lib/python3.12/site-packages/pywasm/wasi.py\", line 490, in args_get\n    mems.put(argv_buf, bytearray(e.encode()))\n                                 ^^^^^^^^\nAttributeError: 'list' object has no attribute 'encode'\n"]}, {"name": "fstflags_validate", "executed": true, "duration_s": 0.16541385650634766, "failures": ["Wait(exit_code=0) failed: expected 0, got 1\n\n==STDERR==\nTraceback (most recent call last):\n  File \"/home/runner/work/wasi-testsuite/wasi-testsuite/tools/run-pywasm\", line 28, in <module>\n    exit = wasi.main(runtime, instance)\n           ^^^^^^^^^^^^^^^^^^^^^^^^^^^^\n  File \"/opt/hostedtoolcache/Python/3.12.12/x64/lib/python3.12/site-packages/pywasm/wasi.py\", line 1032, in main\n    raise e\n  File \"/opt/hostedtoolcache/Python/3.12.12/x64/lib/python3.12/site-packages/pywasm/wasi.py\", line 1025, in main\n    runtime.invocate(module, '_start', [])\n  File \"/opt/hostedtoolcache/Python/3.12.12/x64/lib/python3.12/site-packages/pywasm/core.py\", line 4190, in invocate\n    func_rets = self.machine.invocate(func_addr, func_args)\n                ^^^^^^^^^^^^^^^^^^^^^^^^^^^^^^^^^^^^^^^^^^^\n  File \"/opt/hostedtoolcache/Python/3.12.12/x64/lib/python3.12/site-packages/pywasm/core.py\", line 1724, in invocate\n    self.evaluate()\n  File \"/opt/hostedtoolcache/Python/3.12.12/x64/lib/python3.12/site-packages/pywasm/core.py\", line 1888, in evaluate\n    self.evaluate_call(addr)\n  File \"/opt/hostedtoolcache/Python/3.12.12/x64/lib/python3.12/site-packages/pywasm/core.py\", line 1788, in evaluate_call\n    rets = func.hostcode(self, [e.into_all() for e in args])\n           ^^^^^^^^^^^^^^^^^^^^^^^^^^^^^^^^^^^^^^^^^^^^^^^^^\n  File \"/opt/hostedtoolcache/Python/3.12.12/x64/lib/python3.12/site-packages/pywasm/wasi.py\", line 490, in args_get\n    mems.put(argv_buf, bytearray(e.encode()))\n                                 ^^^^^^^^\nAttributeError: 'list' object has no attribute 'encode'\n"]}, {"name": "dangling_symlink", "executed": true, "duration_s": 0.18624305725097656, "failures": ["Wait(exit_code=0) failed: expected 0, got 1\n\n==STDERR==\nTraceback (most recent call last):\n  File \"/home/runner/work/wasi-testsuite/wasi-testsuite/tools/run-pywasm\", line 28, in <module>\n    exit = wasi.main(runtime, instance)\n           ^^^^^^^^^^^^^^^^^^^^^^^^^^^^\n  File \"/opt/hostedtoolcache/Python/3.12.12/x64/lib/python3.12/site-packages/pywasm/wasi.py\", line 1032, in main\n    raise e\n  File \"/opt/hostedtoolcache/Python/3.12.12/x64/lib/python3.12/site-packages/pywasm/wasi.py\", line 1025, in main\n    runtime.invocate(module, '_start', [])\n  File \"/opt/hostedtoolcache/Python/3.12.12/x64/lib/python3.12/site-packages/pywasm/core.py\", line 4190, in invocate\n    func_rets = self.machine.invocate(func_addr, func_args)\n                ^^^^^^^^^^^^^^^^^^^^^^^^^^^^^^^^^^^^^^^^^^^\n  File \"/opt/hostedtoolcache/Python/3.12.12/x64/lib/python3.12/site-packages/pywasm/core.py\", line 1724, in invocate\n    self.evaluate()\n  File \"/opt/hostedtoolcache/Python/3.12.12/x64/lib/python3.12/site-packages/pywasm/core.py\", line 1888, in evaluate\n    self.evaluate_call(addr)\n  File \"/opt/hostedtoolcache/Python/3.12.12/x64/lib/python3.12/site-packages/pywasm/core.py\", line 1788, in evaluate_call\n    rets = func.hostcode(self, [e.into_all() for e in args])\n           ^^^^^^^^^^^^^^^^^^^^^^^^^^^^^^^^^^^^^^^^^^^^^^^^^\n  File \"/opt/hostedtoolcache/Python/3.12.12/x64/lib/python3.12/site-packages/pywasm/wasi.py\", line 490, in args_get\n    mems.put(argv_buf, bytearray(e.encode()))\n                                 ^^^^^^^^\nAttributeError: 'list' object has no attribute 'encode'\n"]}, {"name": "path_symlink_trailing_slashes", "executed": true, "duration_s": 0.2159285545349121, "failures": ["Wait(exit_code=0) failed: expected 0, got 1\n\n==STDERR==\nTraceback (most recent call last):\n  File \"/home/runner/work/wasi-testsuite/wasi-testsuite/tools/run-pywasm\", line 28, in <module>\n    exit = wasi.main(runtime, instance)\n           ^^^^^^^^^^^^^^^^^^^^^^^^^^^^\n  File \"/opt/hostedtoolcache/Python/3.12.12/x64/lib/python3.12/site-packages/pywasm/wasi.py\", line 1032, in main\n    raise e\n  File \"/opt/hostedtoolcache/Python/3.12.12/x64/lib/python3.12/site-packages/pywasm/wasi.py\", line 1025, in main\n    runtime.invocate(module, '_start', [])\n  File \"/opt/hostedtoolcache/Python/3.12.12/x64/lib/python3.12/site-packages/pywasm/core.py\", line 4190, in invocate\n    func_rets = self.machine.invocate(func_addr, func_args)\n                ^^^^^^^^^^^^^^^^^^^^^^^^^^^^^^^^^^^^^^^^^^^\n  File \"/opt/hostedtoolcache/Python/3.12.12/x64/lib/python3.12/site-packages/pywasm/core.py\", line 1724, in invocate\n    self.evaluate()\n  File \"/opt/hostedtoolcache/Python/3.12.12/x64/lib/python3.12/site-packages/pywasm/core.py\", line 1888, in evaluate\n    self.evaluate_call(addr)\n  File \"/opt/hostedtoolcache/Python/3.12.12/x64/lib/python3.12/site-packages/pywasm/core.py\", line 1788, in evaluate_call\n    rets = func.hostcode(self, [e.into_all() for e in args])\n           ^^^^^^^^^^^^^^^^^^^^^^^^^^^^^^^^^^^^^^^^^^^^^^^^^\n  File \"/opt/hostedtoolcache/Python/3.12.12/x64/lib/python3.12/site-packages/pywasm/wasi.py\", line 490, in args_get\n    mems.put(argv_buf, bytearray(e.encode()))\n                                 ^^^^^^^^\nAttributeError: 'list' object has no attribute 'encode'\n"]}, {"name": "path_exists", "executed": true, "duration_s": 0.17261004447937012, "failures": ["Wait(exit_code=0) failed: expected 0, got 1\n\n==STDERR==\nTraceback (most recent call last):\n  File \"/home/runner/work/wasi-testsuite/wasi-testsuite/tools/run-pywasm\", line 28, in <module>\n    exit = wasi.main(runtime, instance)\n           ^^^^^^^^^^^^^^^^^^^^^^^^^^^^\n  File \"/opt/hostedtoolcache/Python/3.12.12/x64/lib/python3.12/site-packages/pywasm/wasi.py\", line 1032, in main\n    raise e\n  File \"/opt/hostedtoolcache/Python/3.12.12/x64/lib/python3.12/site-packages/pywasm/wasi.py\", line 1025, in main\n    runtime.invocate(module, '_start', [])\n  File \"/opt/hostedtoolcache/Python/3.12.12/x64/lib/python3.12/site-packages/pywasm/core.py\", line 4190, in invocate\n    func_rets = self.machine.invocate(func_addr, func_args)\n                ^^^^^^^^^^^^^^^^^^^^^^^^^^^^^^^^^^^^^^^^^^^\n  File \"/opt/hostedtoolcache/Python/3.12.12/x64/lib/python3.12/site-packages/pywasm/core.py\", line 1724, in invocate\n    self.evaluate()\n  File \"/opt/hostedtoolcache/Python/3.12.12/x64/lib/python3.12/site-packages/pywasm/core.py\", line 1888, in evaluate\n    self.evaluate_call(addr)\n  File \"/opt/hostedtoolcache/Python/3.12.12/x64/lib/python3.12/site-packages/pywasm/core.py\", line 1788, in evaluate_call\n    rets = func.hostcode(self, [e.into_all() for e in args])\n           ^^^^^^^^^^^^^^^^^^^^^^^^^^^^^^^^^^^^^^^^^^^^^^^^^\n  File \"/opt/hostedtoolcache/Python/3.12.12/x64/lib/python3.12/site-packages/pywasm/wasi.py\", line 490, in args_get\n    mems.put(argv_buf, bytearray(e.encode()))\n                                 ^^^^^^^^\nAttributeError: 'list' object has no attribute 'encode'\n"]}, {"name": "file_allocate", "executed": true, "duration_s": 0.17258572578430176, "failures": ["Wait(exit_code=0) failed: expected 0, got 1\n\n==STDERR==\nTraceback (most recent call last):\n  File \"/home/runner/work/wasi-testsuite/wasi-testsuite/tools/run-pywasm\", line 28, in <module>\n    exit = wasi.main(runtime, instance)\n           ^^^^^^^^^^^^^^^^^^^^^^^^^^^^\n  File \"/opt/hostedtoolcache/Python/3.12.12/x64/lib/python3.12/site-packages/pywasm/wasi.py\", line 1032, in main\n    raise e\n  File \"/opt/hostedtoolcache/Python/3.12.12/x64/lib/python3.12/site-packages/pywasm/wasi.py\", line 1025, in main\n    runtime.invocate(module, '_start', [])\n  File \"/opt/hostedtoolcache/Python/3.12.12/x64/lib/python3.12/site-packages/pywasm/core.py\", line 4190, in invocate\n    func_rets = self.machine.invocate(func_addr, func_args)\n                ^^^^^^^^^^^^^^^^^^^^^^^^^^^^^^^^^^^^^^^^^^^\n  File \"/opt/hostedtoolcache/Python/3.12.12/x64/lib/python3.12/site-packages/pywasm/core.py\", line 1724, in invocate\n    self.evaluate()\n  File \"/opt/hostedtoolcache/Python/3.12.12/x64/lib/python3.12/site-packages/pywasm/core.py\", line 1888, in evaluate\n    self.evaluate_call(addr)\n  File \"/opt/hostedtoolcache/Python/3.12.12/x64/lib/python3.12/site-packages/pywasm/core.py\", line 1788, in evaluate_call\n    rets = func.hostcode(self, [e.into_all() for e in args])\n           ^^^^^^^^^^^^^^^^^^^^^^^^^^^^^^^^^^^^^^^^^^^^^^^^^\n  File \"/opt/hostedtoolcache/Python/3.12.12/x64/lib/python3.12/site-packages/pywasm/wasi.py\", line 490, in args_get\n    mems.put(argv_buf, bytearray(e.encode()))\n                                 ^^^^^^^^\nAttributeError: 'list' object has no attribute 'encode'\n"]}, {"name": "fd_readdir", "executed": true, "duration_s": 0.24372076988220215, "failures": ["Wait(exit_code=0) failed: expected 0, got 1\n\n==STDERR==\nTraceback (most recent call last):\n  File \"/home/runner/work/wasi-testsuite/wasi-testsuite/tools/run-pywasm\", line 28, in <module>\n    exit = wasi.main(runtime, instance)\n           ^^^^^^^^^^^^^^^^^^^^^^^^^^^^\n  File \"/opt/hostedtoolcache/Python/3.12.12/x64/lib/python3.12/site-packages/pywasm/wasi.py\", line 1032, in main\n    raise e\n  File \"/opt/hostedtoolcache/Python/3.12.12/x64/lib/python3.12/site-packages/pywasm/wasi.py\", line 1025, in main\n    runtime.invocate(module, '_start', [])\n  File \"/opt/hostedtoolcache/Python/3.12.12/x64/lib/python3.12/site-packages/pywasm/core.py\", line 4190, in invocate\n    func_rets = self.machine.invocate(func_addr, func_args)\n                ^^^^^^^^^^^^^^^^^^^^^^^^^^^^^^^^^^^^^^^^^^^\n  File \"/opt/hostedtoolcache/Python/3.12.12/x64/lib/python3.12/site-packages/pywasm/core.py\", line 1724, in invocate\n    self.evaluate()\n  File \"/opt/hostedtoolcache/Python/3.12.12/x64/lib/python3.12/site-packages/pywasm/core.py\", line 1888, in evaluate\n    self.evaluate_call(addr)\n  File \"/opt/hostedtoolcache/Python/3.12.12/x64/lib/python3.12/site-packages/pywasm/core.py\", line 1788, in evaluate_call\n    rets = func.hostcode(self, [e.into_all() for e in args])\n           ^^^^^^^^^^^^^^^^^^^^^^^^^^^^^^^^^^^^^^^^^^^^^^^^^\n  File \"/opt/hostedtoolcache/Python/3.12.12/x64/lib/python3.12/site-packages/pywasm/wasi.py\", line 490, in args_get\n    mems.put(argv_buf, bytearray(e.encode()))\n                                 ^^^^^^^^\nAttributeError: 'list' object has no attribute 'encode'\n"]}, {"name": "symlink_create", "executed": true, "duration_s": 0.1687180995941162, "failures": ["Wait(exit_code=0) failed: expected 0, got 1\n\n==STDERR==\nTraceback (most recent call last):\n  File \"/home/runner/work/wasi-testsuite/wasi-testsuite/tools/run-pywasm\", line 28, in <module>\n    exit = wasi.main(runtime, instance)\n           ^^^^^^^^^^^^^^^^^^^^^^^^^^^^\n  File \"/opt/hostedtoolcache/Python/3.12.12/x64/lib/python3.12/site-packages/pywasm/wasi.py\", line 1032, in main\n    raise e\n  File \"/opt/hostedtoolcache/Python/3.12.12/x64/lib/python3.12/site-packages/pywasm/wasi.py\", line 1025, in main\n    runtime.invocate(module, '_start', [])\n  File \"/opt/hostedtoolcache/Python/3.12.12/x64/lib/python3.12/site-packages/pywasm/core.py\", line 4190, in invocate\n    func_rets = self.machine.invocate(func_addr, func_args)\n                ^^^^^^^^^^^^^^^^^^^^^^^^^^^^^^^^^^^^^^^^^^^\n  File \"/opt/hostedtoolcache/Python/3.12.12/x64/lib/python3.12/site-packages/pywasm/core.py\", line 1724, in invocate\n    self.evaluate()\n  File \"/opt/hostedtoolcache/Python/3.12.12/x64/lib/python3.12/site-packages/pywasm/core.py\", line 1888, in evaluate\n    self.evaluate_call(addr)\n  File \"/opt/hostedtoolcache/Python/3.12.12/x64/lib/python3.12/site-packages/pywasm/core.py\", line 1788, in evaluate_call\n    rets = func.hostcode(self, [e.into_all() for e in args])\n           ^^^^^^^^^^^^^^^^^^^^^^^^^^^^^^^^^^^^^^^^^^^^^^^^^\n  File \"/opt/hostedtoolcache/Python/3.12.12/x64/lib/python3.12/site-packages/pywasm/wasi.py\", line 490, in args_get\n    mems.put(argv_buf, bytearray(e.encode()))\n                                 ^^^^^^^^\nAttributeError: 'list' object has no attribute 'encode'\n"]}, {"name": "unlink_file_trailing_slashes", "executed": true, "duration_s": 0.20685791969299316, "failures": ["Wait(exit_code=0) failed: expected 0, got 1\n\n==STDERR==\nTraceback (most recent call last):\n  File \"/home/runner/work/wasi-testsuite/wasi-testsuite/tools/run-pywasm\", line 28, in <module>\n    exit = wasi.main(runtime, instance)\n           ^^^^^^^^^^^^^^^^^^^^^^^^^^^^\n  File \"/opt/hostedtoolcache/Python/3.12.12/x64/lib/python3.12/site-packages/pywasm/wasi.py\", line 1032, in main\n    raise e\n  File \"/opt/hostedtoolcache/Python/3.12.12/x64/lib/python3.12/site-packages/pywasm/wasi.py\", line 1025, in main\n    runtime.invocate(module, '_start', [])\n  File \"/opt/hostedtoolcache/Python/3.12.12/x64/lib/python3.12/site-packages/pywasm/core.py\", line 4190, in invocate\n    func_rets = self.machine.invocate(func_addr, func_args)\n                ^^^^^^^^^^^^^^^^^^^^^^^^^^^^^^^^^^^^^^^^^^^\n  File \"/opt/hostedtoolcache/Python/3.12.12/x64/lib/python3.12/site-packages/pywasm/core.py\", line 1724, in invocate\n    self.evaluate()\n  File \"/opt/hostedtoolcache/Python/3.12.12/x64/lib/python3.12/site-packages/pywasm/core.py\", line 1888, in evaluate\n    self.evaluate_call(addr)\n  File \"/opt/hostedtoolcache/Python/3.12.12/x64/lib/python3.12/site-packages/pywasm/core.py\", line 1788, in evaluate_call\n    rets = func.hostcode(self, [e.into_all() for e in args])\n           ^^^^^^^^^^^^^^^^^^^^^^^^^^^^^^^^^^^^^^^^^^^^^^^^^\n  File \"/opt/hostedtoolcache/Python/3.12.12/x64/lib/python3.12/site-packages/pywasm/wasi.py\", line 490, in args_get\n    mems.put(argv_buf, bytearray(e.encode()))\n                                 ^^^^^^^^\nAttributeError: 'list' object has no attribute 'encode'\n"]}, {"name": "close_preopen", "executed": true, "duration_s": 0.17149090766906738, "failures": ["Wait(exit_code=0) failed: expected 0, got 1\n\n==STDERR==\nTraceback (most recent call last):\n  File \"/home/runner/work/wasi-testsuite/wasi-testsuite/tools/run-pywasm\", line 28, in <module>\n    exit = wasi.main(runtime, instance)\n           ^^^^^^^^^^^^^^^^^^^^^^^^^^^^\n  File \"/opt/hostedtoolcache/Python/3.12.12/x64/lib/python3.12/site-packages/pywasm/wasi.py\", line 1032, in main\n    raise e\n  File \"/opt/hostedtoolcache/Python/3.12.12/x64/lib/python3.12/site-packages/pywasm/wasi.py\", line 1025, in main\n    runtime.invocate(module, '_start', [])\n  File \"/opt/hostedtoolcache/Python/3.12.12/x64/lib/python3.12/site-packages/pywasm/core.py\", line 4190, in invocate\n    func_rets = self.machine.invocate(func_addr, func_args)\n                ^^^^^^^^^^^^^^^^^^^^^^^^^^^^^^^^^^^^^^^^^^^\n  File \"/opt/hostedtoolcache/Python/3.12.12/x64/lib/python3.12/site-packages/pywasm/core.py\", line 1724, in invocate\n    self.evaluate()\n  File \"/opt/hostedtoolcache/Python/3.12.12/x64/lib/python3.12/site-packages/pywasm/core.py\", line 1888, in evaluate\n    self.evaluate_call(addr)\n  File \"/opt/hostedtoolcache/Python/3.12.12/x64/lib/python3.12/site-packages/pywasm/core.py\", line 1788, in evaluate_call\n    rets = func.hostcode(self, [e.into_all() for e in args])\n           ^^^^^^^^^^^^^^^^^^^^^^^^^^^^^^^^^^^^^^^^^^^^^^^^^\n  File \"/opt/hostedtoolcache/Python/3.12.12/x64/lib/python3.12/site-packages/pywasm/wasi.py\", line 490, in args_get\n    mems.put(argv_buf, bytearray(e.encode()))\n                                 ^^^^^^^^\nAttributeError: 'list' object has no attribute 'encode'\n"]}, {"name": "path_filestat", "executed": true, "duration_s": 0.17906594276428223, "failures": ["Wait(exit_code=0) failed: expected 0, got 1\n\n==STDERR==\nTraceback (most recent call last):\n  File \"/home/runner/work/wasi-testsuite/wasi-testsuite/tools/run-pywasm\", line 28, in <module>\n    exit = wasi.main(runtime, instance)\n           ^^^^^^^^^^^^^^^^^^^^^^^^^^^^\n  File \"/opt/hostedtoolcache/Python/3.12.12/x64/lib/python3.12/site-packages/pywasm/wasi.py\", line 1032, in main\n    raise e\n  File \"/opt/hostedtoolcache/Python/3.12.12/x64/lib/python3.12/site-packages/pywasm/wasi.py\", line 1025, in main\n    runtime.invocate(module, '_start', [])\n  File \"/opt/hostedtoolcache/Python/3.12.12/x64/lib/python3.12/site-packages/pywasm/core.py\", line 4190, in invocate\n    func_rets = self.machine.invocate(func_addr, func_args)\n                ^^^^^^^^^^^^^^^^^^^^^^^^^^^^^^^^^^^^^^^^^^^\n  File \"/opt/hostedtoolcache/Python/3.12.12/x64/lib/python3.12/site-packages/pywasm/core.py\", line 1724, in invocate\n    self.evaluate()\n  File \"/opt/hostedtoolcache/Python/3.12.12/x64/lib/python3.12/site-packages/pywasm/core.py\", line 1888, in evaluate\n    self.evaluate_call(addr)\n  File \"/opt/hostedtoolcache/Python/3.12.12/x64/lib/python3.12/site-packages/pywasm/core.py\", line 1788, in evaluate_call\n    rets = func.hostcode(self, [e.into_all() for e in args])\n           ^^^^^^^^^^^^^^^^^^^^^^^^^^^^^^^^^^^^^^^^^^^^^^^^^\n  File \"/opt/hostedtoolcache/Python/3.12.12/x64/lib/python3.12/site-packages/pywasm/wasi.py\", line 490, in args_get\n    mems.put(argv_buf, bytearray(e.encode()))\n                                 ^^^^^^^^\nAttributeError: 'list' object has no attribute 'encode'\n"]}, {"name": "stdio", "executed": true, "duration_s": 0.16819453239440918, "failures": ["Wait(exit_code=0) failed: expected 0, got 1\n\n==STDERR==\nTraceback (most recent call last):\n  File \"/home/runner/work/wasi-testsuite/wasi-testsuite/tools/run-pywasm\", line 28, in <module>\n    exit = wasi.main(runtime, instance)\n           ^^^^^^^^^^^^^^^^^^^^^^^^^^^^\n  File \"/opt/hostedtoolcache/Python/3.12.12/x64/lib/python3.12/site-packages/pywasm/wasi.py\", line 1032, in main\n    raise e\n  File \"/opt/hostedtoolcache/Python/3.12.12/x64/lib/python3.12/site-packages/pywasm/wasi.py\", line 1025, in main\n    runtime.invocate(module, '_start', [])\n  File \"/opt/hostedtoolcache/Python/3.12.12/x64/lib/python3.12/site-packages/pywasm/core.py\", line 4190, in invocate\n    func_rets = self.machine.invocate(func_addr, func_args)\n                ^^^^^^^^^^^^^^^^^^^^^^^^^^^^^^^^^^^^^^^^^^^\n  File \"/opt/hostedtoolcache/Python/3.12.12/x64/lib/python3.12/site-packages/pywasm/core.py\", line 1724, in invocate\n    self.evaluate()\n  File \"/opt/hostedtoolcache/Python/3.12.12/x64/lib/python3.12/site-packages/pywasm/core.py\", line 1888, in evaluate\n    self.evaluate_call(addr)\n  File \"/opt/hostedtoolcache/Python/3.12.12/x64/lib/python3.12/site-packages/pywasm/core.py\", line 1788, in evaluate_call\n    rets = func.hostcode(self, [e.into_all() for e in args])\n           ^^^^^^^^^^^^^^^^^^^^^^^^^^^^^^^^^^^^^^^^^^^^^^^^^\n  File \"/opt/hostedtoolcache/Python/3.12.12/x64/lib/python3.12/site-packages/pywasm/wasi.py\", line 490, in args_get\n    mems.put(argv_buf, bytearray(e.encode()))\n                                 ^^^^^^^^\nAttributeError: 'list' object has no attribute 'encode'\n"]}, {"name": "truncation_rights", "executed": true, "duration_s": 0.1783125400543213, "failures": ["Wait(exit_code=0) failed: expected 0, got 1\n\n==STDERR==\nTraceback (most recent call last):\n  File \"/home/runner/work/wasi-testsuite/wasi-testsuite/tools/run-pywasm\", line 28, in <module>\n    exit = wasi.main(runtime, instance)\n           ^^^^^^^^^^^^^^^^^^^^^^^^^^^^\n  File \"/opt/hostedtoolcache/Python/3.12.12/x64/lib/python3.12/site-packages/pywasm/wasi.py\", line 1032, in main\n    raise e\n  File \"/opt/hostedtoolcache/Python/3.12.12/x64/lib/python3.12/site-packages/pywasm/wasi.py\", line 1025, in main\n    runtime.invocate(module, '_start', [])\n  File \"/opt/hostedtoolcache/Python/3.12.12/x64/lib/python3.12/site-packages/pywasm/core.py\", line 4190, in invocate\n    func_rets = self.machine.invocate(func_addr, func_args)\n                ^^^^^^^^^^^^^^^^^^^^^^^^^^^^^^^^^^^^^^^^^^^\n  File \"/opt/hostedtoolcache/Python/3.12.12/x64/lib/python3.12/site-packages/pywasm/core.py\", line 1724, in invocate\n    self.evaluate()\n  File \"/opt/hostedtoolcache/Python/3.12.12/x64/lib/python3.12/site-packages/pywasm/core.py\", line 1888, in evaluate\n    self.evaluate_call(addr)\n  File \"/opt/hostedtoolcache/Python/3.12.12/x64/lib/python3.12/site-packages/pywasm/core.py\", line 1788, in evaluate_call\n    rets = func.hostcode(self, [e.into_all() for e in args])\n           ^^^^^^^^^^^^^^^^^^^^^^^^^^^^^^^^^^^^^^^^^^^^^^^^^\n  File \"/opt/hostedtoolcache/Python/3.12.12/x64/lib/python3.12/site-packages/pywasm/wasi.py\", line 490, in args_get\n    mems.put(argv_buf, bytearray(e.encode()))\n                                 ^^^^^^^^\nAttributeError: 'list' object has no attribute 'encode'\n"]}, {"name": "renumber", "executed": true, "duration_s": 0.17530465126037598, "failures": ["Wait(exit_code=0) failed: expected 0, got 1\n\n==STDERR==\nTraceback (most recent call last):\n  File \"/home/runner/work/wasi-testsuite/wasi-testsuite/tools/run-pywasm\", line 28, in <module>\n    exit = wasi.main(runtime, instance)\n           ^^^^^^^^^^^^^^^^^^^^^^^^^^^^\n  File \"/opt/hostedtoolcache/Python/3.12.12/x64/lib/python3.12/site-packages/pywasm/wasi.py\", line 1032, in main\n    raise e\n  File \"/opt/hostedtoolcache/Python/3.12.12/x64/lib/python3.12/site-packages/pywasm/wasi.py\", line 1025, in main\n    runtime.invocate(module, '_start', [])\n  File \"/opt/hostedtoolcache/Python/3.12.12/x64/lib/python3.12/site-packages/pywasm/core.py\", line 4190, in invocate\n    func_rets = self.machine.invocate(func_addr, func_args)\n                ^^^^^^^^^^^^^^^^^^^^^^^^^^^^^^^^^^^^^^^^^^^\n  File \"/opt/hostedtoolcache/Python/3.12.12/x64/lib/python3.12/site-packages/pywasm/core.py\", line 1724, in invocate\n    self.evaluate()\n  File \"/opt/hostedtoolcache/Python/3.12.12/x64/lib/python3.12/site-packages/pywasm/core.py\", line 1888, in evaluate\n    self.evaluate_call(addr)\n  File \"/opt/hostedtoolcache/Python/3.12.12/x64/lib/python3.12/site-packages/pywasm/core.py\", line 1788, in evaluate_call\n    rets = func.hostcode(self, [e.into_all() for e in args])\n           ^^^^^^^^^^^^^^^^^^^^^^^^^^^^^^^^^^^^^^^^^^^^^^^^^\n  File \"/opt/hostedtoolcache/Python/3.12.12/x64/lib/python3.12/site-packages/pywasm/wasi.py\", line 490, in args_get\n    mems.put(argv_buf, bytearray(e.encode()))\n                                 ^^^^^^^^\nAttributeError: 'list' object has no attribute 'encode'\n"]}, {"name": "file_pread_pwrite", "executed": true, "duration_s": 0.1786327362060547, "failures": ["Wait(exit_code=0) failed: expected 0, got 1\n\n==STDERR==\nTraceback (most recent call last):\n  File \"/home/runner/work/wasi-testsuite/wasi-testsuite/tools/run-pywasm\", line 28, in <module>\n    exit = wasi.main(runtime, instance)\n           ^^^^^^^^^^^^^^^^^^^^^^^^^^^^\n  File \"/opt/hostedtoolcache/Python/3.12.12/x64/lib/python3.12/site-packages/pywasm/wasi.py\", line 1032, in main\n    raise e\n  File \"/opt/hostedtoolcache/Python/3.12.12/x64/lib/python3.12/site-packages/pywasm/wasi.py\", line 1025, in main\n    runtime.invocate(module, '_start', [])\n  File \"/opt/hostedtoolcache/Python/3.12.12/x64/lib/python3.12/site-packages/pywasm/core.py\", line 4190, in invocate\n    func_rets = self.machine.invocate(func_addr, func_args)\n                ^^^^^^^^^^^^^^^^^^^^^^^^^^^^^^^^^^^^^^^^^^^\n  File \"/opt/hostedtoolcache/Python/3.12.12/x64/lib/python3.12/site-packages/pywasm/core.py\", line 1724, in invocate\n    self.evaluate()\n  File \"/opt/hostedtoolcache/Python/3.12.12/x64/lib/python3.12/site-packages/pywasm/core.py\", line 1888, in evaluate\n    self.evaluate_call(addr)\n  File \"/opt/hostedtoolcache/Python/3.12.12/x64/lib/python3.12/site-packages/pywasm/core.py\", line 1788, in evaluate_call\n    rets = func.hostcode(self, [e.into_all() for e in args])\n           ^^^^^^^^^^^^^^^^^^^^^^^^^^^^^^^^^^^^^^^^^^^^^^^^^\n  File \"/opt/hostedtoolcache/Python/3.12.12/x64/lib/python3.12/site-packages/pywasm/wasi.py\", line 490, in args_get\n    mems.put(argv_buf, bytearray(e.encode()))\n                                 ^^^^^^^^\nAttributeError: 'list' object has no attribute 'encode'\n"]}, {"name": "remove_directory_trailing_slashes", "executed": true, "duration_s": 0.1912245750427246, "failures": ["Wait(exit_code=0) failed: expected 0, got 1\n\n==STDERR==\nTraceback (most recent call last):\n  File \"/home/runner/work/wasi-testsuite/wasi-testsuite/tools/run-pywasm\", line 28, in <module>\n    exit = wasi.main(runtime, instance)\n           ^^^^^^^^^^^^^^^^^^^^^^^^^^^^\n  File \"/opt/hostedtoolcache/Python/3.12.12/x64/lib/python3.12/site-packages/pywasm/wasi.py\", line 1032, in main\n    raise e\n  File \"/opt/hostedtoolcache/Python/3.12.12/x64/lib/python3.12/site-packages/pywasm/wasi.py\", line 1025, in main\n    runtime.invocate(module, '_start', [])\n  File \"/opt/hostedtoolcache/Python/3.12.12/x64/lib/python3.12/site-packages/pywasm/core.py\", line 4190, in invocate\n    func_rets = self.machine.invocate(func_addr, func_args)\n                ^^^^^^^^^^^^^^^^^^^^^^^^^^^^^^^^^^^^^^^^^^^\n  File \"/opt/hostedtoolcache/Python/3.12.12/x64/lib/python3.12/site-packages/pywasm/core.py\", line 1724, in invocate\n    self.evaluate()\n  File \"/opt/hostedtoolcache/Python/3.12.12/x64/lib/python3.12/site-packages/pywasm/core.py\", line 1888, in evaluate\n    self.evaluate_call(addr)\n  File \"/opt/hostedtoolcache/Python/3.12.12/x64/lib/python3.12/site-packages/pywasm/core.py\", line 1788, in evaluate_call\n    rets = func.hostcode(self, [e.into_all() for e in args])\n           ^^^^^^^^^^^^^^^^^^^^^^^^^^^^^^^^^^^^^^^^^^^^^^^^^\n  File \"/opt/hostedtoolcache/Python/3.12.12/x64/lib/python3.12/site-packages/pywasm/wasi.py\", line 490, in args_get\n    mems.put(argv_buf, bytearray(e.encode()))\n                                 ^^^^^^^^\nAttributeError: 'list' object has no attribute 'encode'\n"]}, {"name": "remove_nonempty_directory", "executed": true, "duration_s": 0.16936564445495605, "failures": ["Wait(exit_code=0) failed: expected 0, got 1\n\n==STDERR==\nTraceback (most recent call last):\n  File \"/home/runner/work/wasi-testsuite/wasi-testsuite/tools/run-pywasm\", line 28, in <module>\n    exit = wasi.main(runtime, instance)\n           ^^^^^^^^^^^^^^^^^^^^^^^^^^^^\n  File \"/opt/hostedtoolcache/Python/3.12.12/x64/lib/python3.12/site-packages/pywasm/wasi.py\", line 1032, in main\n    raise e\n  File \"/opt/hostedtoolcache/Python/3.12.12/x64/lib/python3.12/site-packages/pywasm/wasi.py\", line 1025, in main\n    runtime.invocate(module, '_start', [])\n  File \"/opt/hostedtoolcache/Python/3.12.12/x64/lib/python3.12/site-packages/pywasm/core.py\", line 4190, in invocate\n    func_rets = self.machine.invocate(func_addr, func_args)\n                ^^^^^^^^^^^^^^^^^^^^^^^^^^^^^^^^^^^^^^^^^^^\n  File \"/opt/hostedtoolcache/Python/3.12.12/x64/lib/python3.12/site-packages/pywasm/core.py\", line 1724, in invocate\n    self.evaluate()\n  File \"/opt/hostedtoolcache/Python/3.12.12/x64/lib/python3.12/site-packages/pywasm/core.py\", line 1888, in evaluate\n    self.evaluate_call(addr)\n  File \"/opt/hostedtoolcache/Python/3.12.12/x64/lib/python3.12/site-packages/pywasm/core.py\", line 1788, in evaluate_call\n    rets = func.hostcode(self, [e.into_all() for e in args])\n           ^^^^^^^^^^^^^^^^^^^^^^^^^^^^^^^^^^^^^^^^^^^^^^^^^\n  File \"/opt/hostedtoolcache/Python/3.12.12/x64/lib/python3.12/site-packages/pywasm/wasi.py\", line 490, in args_get\n    mems.put(argv_buf, bytearray(e.encode()))\n                                 ^^^^^^^^\nAttributeError: 'list' object has no attribute 'encode'\n"]}, {"name": "dir_fd_op_failures", "executed": true, "duration_s": 0.20969104766845703, "failures": ["Wait(exit_code=0) failed: expected 0, got 1\n\n==STDERR==\nTraceback (most recent call last):\n  File \"/home/runner/work/wasi-testsuite/wasi-testsuite/tools/run-pywasm\", line 28, in <module>\n    exit = wasi.main(runtime, instance)\n           ^^^^^^^^^^^^^^^^^^^^^^^^^^^^\n  File \"/opt/hostedtoolcache/Python/3.12.12/x64/lib/python3.12/site-packages/pywasm/wasi.py\", line 1032, in main\n    raise e\n  File \"/opt/hostedtoolcache/Python/3.12.12/x64/lib/python3.12/site-packages/pywasm/wasi.py\", line 1025, in main\n    runtime.invocate(module, '_start', [])\n  File \"/opt/hostedtoolcache/Python/3.12.12/x64/lib/python3.12/site-packages/pywasm/core.py\", line 4190, in invocate\n    func_rets = self.machine.invocate(func_addr, func_args)\n                ^^^^^^^^^^^^^^^^^^^^^^^^^^^^^^^^^^^^^^^^^^^\n  File \"/opt/hostedtoolcache/Python/3.12.12/x64/lib/python3.12/site-packages/pywasm/core.py\", line 1724, in invocate\n    self.evaluate()\n  File \"/opt/hostedtoolcache/Python/3.12.12/x64/lib/python3.12/site-packages/pywasm/core.py\", line 1888, in evaluate\n    self.evaluate_call(addr)\n  File \"/opt/hostedtoolcache/Python/3.12.12/x64/lib/python3.12/site-packages/pywasm/core.py\", line 1788, in evaluate_call\n    rets = func.hostcode(self, [e.into_all() for e in args])\n           ^^^^^^^^^^^^^^^^^^^^^^^^^^^^^^^^^^^^^^^^^^^^^^^^^\n  File \"/opt/hostedtoolcache/Python/3.12.12/x64/lib/python3.12/site-packages/pywasm/wasi.py\", line 490, in args_get\n    mems.put(argv_buf, bytearray(e.encode()))\n                                 ^^^^^^^^\nAttributeError: 'list' object has no attribute 'encode'\n"]}, {"name": "isatty", "executed": true, "duration_s": 0.16706609725952148, "failures": ["Wait(exit_code=0) failed: expected 0, got 1\n\n==STDERR==\nTraceback (most recent call last):\n  File \"/home/runner/work/wasi-testsuite/wasi-testsuite/tools/run-pywasm\", line 28, in <module>\n    exit = wasi.main(runtime, instance)\n           ^^^^^^^^^^^^^^^^^^^^^^^^^^^^\n  File \"/opt/hostedtoolcache/Python/3.12.12/x64/lib/python3.12/site-packages/pywasm/wasi.py\", line 1032, in main\n    raise e\n  File \"/opt/hostedtoolcache/Python/3.12.12/x64/lib/python3.12/site-packages/pywasm/wasi.py\", line 1025, in main\n    runtime.invocate(module, '_start', [])\n  File \"/opt/hostedtoolcache/Python/3.12.12/x64/lib/python3.12/site-packages/pywasm/core.py\", line 4190, in invocate\n    func_rets = self.machine.invocate(func_addr, func_args)\n                ^^^^^^^^^^^^^^^^^^^^^^^^^^^^^^^^^^^^^^^^^^^\n  File \"/opt/hostedtoolcache/Python/3.12.12/x64/lib/python3.12/site-packages/pywasm/core.py\", line 1724, in invocate\n    self.evaluate()\n  File \"/opt/hostedtoolcache/Python/3.12.12/x64/lib/python3.12/site-packages/pywasm/core.py\", line 1888, in evaluate\n    self.evaluate_call(addr)\n  File \"/opt/hostedtoolcache/Python/3.12.12/x64/lib/python3.12/site-packages/pywasm/core.py\", line 1788, in evaluate_call\n    rets = func.hostcode(self, [e.into_all() for e in args])\n           ^^^^^^^^^^^^^^^^^^^^^^^^^^^^^^^^^^^^^^^^^^^^^^^^^\n  File \"/opt/hostedtoolcache/Python/3.12.12/x64/lib/python3.12/site-packages/pywasm/wasi.py\", line 490, in args_get\n    mems.put(argv_buf, bytearray(e.encode()))\n                                 ^^^^^^^^\nAttributeError: 'list' object has no attribute 'encode'\n"]}, {"name": "symlink_loop", "executed": true, "duration_s": 0.18325138092041016, "failures": ["Wait(exit_code=0) failed: expected 0, got 1\n\n==STDERR==\nTraceback (most recent call last):\n  File \"/home/runner/work/wasi-testsuite/wasi-testsuite/tools/run-pywasm\", line 28, in <module>\n    exit = wasi.main(runtime, instance)\n           ^^^^^^^^^^^^^^^^^^^^^^^^^^^^\n  File \"/opt/hostedtoolcache/Python/3.12.12/x64/lib/python3.12/site-packages/pywasm/wasi.py\", line 1032, in main\n    raise e\n  File \"/opt/hostedtoolcache/Python/3.12.12/x64/lib/python3.12/site-packages/pywasm/wasi.py\", line 1025, in main\n    runtime.invocate(module, '_start', [])\n  File \"/opt/hostedtoolcache/Python/3.12.12/x64/lib/python3.12/site-packages/pywasm/core.py\", line 4190, in invocate\n    func_rets = self.machine.invocate(func_addr, func_args)\n                ^^^^^^^^^^^^^^^^^^^^^^^^^^^^^^^^^^^^^^^^^^^\n  File \"/opt/hostedtoolcache/Python/3.12.12/x64/lib/python3.12/site-packages/pywasm/core.py\", line 1724, in invocate\n    self.evaluate()\n  File \"/opt/hostedtoolcache/Python/3.12.12/x64/lib/python3.12/site-packages/pywasm/core.py\", line 1888, in evaluate\n    self.evaluate_call(addr)\n  File \"/opt/hostedtoolcache/Python/3.12.12/x64/lib/python3.12/site-packages/pywasm/core.py\", line 1788, in evaluate_call\n    rets = func.hostcode(self, [e.into_all() for e in args])\n           ^^^^^^^^^^^^^^^^^^^^^^^^^^^^^^^^^^^^^^^^^^^^^^^^^\n  File \"/opt/hostedtoolcache/Python/3.12.12/x64/lib/python3.12/site-packages/pywasm/wasi.py\", line 490, in args_get\n    mems.put(argv_buf, bytearray(e.encode()))\n                                 ^^^^^^^^\nAttributeError: 'list' object has no attribute 'encode'\n"]}]}, {"name": "WASI Rust tests [wasm32-wasip3]", "runtime": {"name": "pywasm", "version": "2.2.1"}, "duration_s": 0.002676, "failed": 0, "skipped": 17, "passed": 0, "tests": [{"name": "http-response", "executed": false, "duration_s": 0, "failures": []}, {"name": "filesystem-rename", "executed": false, "duration_s": 0, "failures": []}, {"name": "filesystem-flags-and-type", "executed": false, "duration_s": 0, "failures": []}, {"name": "filesystem-io", "executed": false, "duration_s": 0, "failures": []}, {"name": "wall-clock", "executed": false, "duration_s": 0, "failures": []}, {"name": "filesystem-hard-links", "executed": false, "duration_s": 0, "failures": []}, {"name": "filesystem-advise", "executed": false, "duration_s": 0, "failures": []}, {"name": "filesystem-is-same-object", "executed": false, "duration_s": 0, "failures": []}, {"name": "multi-clock-wait", "executed": false, "duration_s": 0, "failures": []}, {"name": "filesystem-dotdot", "executed": false, "duration_s": 0, "failures": []}, {"name": "filesystem-read-directory", "executed": false, "duration_s": 0, "failures": []}, {"name": "filesystem-metadata-hash", "executed": false, "duration_s": 0, "failures": []}, {"name": "filesystem-open-errors", "executed": false, "duration_s": 0, "failures": []}, {"name": "filesystem-stat", "executed": false, "duration_s": 0, "failures": []}, {"name": "filesystem-set-size", "executed": false, "duration_s": 0, "failures": []}, {"name": "sockets-echo", "executed": false, "duration_s": 0, "failures": []}, {"name": "monotonic-clock", "executed": false, "duration_s": 0, "failures": []}]}, {"name": "WASI Assemblyscript  tests [wasm32-wasip1]", "runtime": {"name": "pywasm", "version": "2.2.1"}, "duration_s": 0.861515, "failed": 2, "skipped": 0, "passed": 10, "tests": [{"name": "proc_exit-success", "executed": true, "duration_s": 0.056554317474365234, "failures": []}, {"name": "random_get-zero-length", "executed": true, "duration_s": 0.09414887428283691, "failures": []}, {"name": "args_sizes_get-multiple-arguments", "executed": true, "duration_s": 0.062467336654663086, "failures": ["Wait(exit_code=0) failed: expected 0, got 255\n\n==STDERR==\nabort:  in src/args_sizes_get-multiple-arguments.ts(9:1)\n"]}, {"name": "random_get-non-zero-length", "executed": true, "duration_s": 0.059586286544799805, "failures": []}, {"name": "environ_sizes_get-multiple-variables", "executed": true, "duration_s": 0.05872845649719238, "failures": []}, {"name": "environ_get-multiple-variables", "executed": true, "duration_s": 0.1235506534576416, "failures": []}, {"name": "proc_exit-failure", "executed": true, "duration_s": 0.05655932426452637, "failures": []}, {"name": "args_get-multiple-arguments", "executed": true, "duration_s": 0.07210350036621094, "failures": ["Wait(exit_code=0) failed: expected 0, got 255\n\n==STDERR==\nabort:  in src/args_get-multiple-arguments.ts(9:1)\n"]}, {"name": "fd_write-to-stdout", "executed": true, "duration_s": 0.09510922431945801, "failures": []}, {"name": "args_sizes_get-no-arguments", "executed": true, "duration_s": 0.06007075309753418, "failures": []}, {"name": "fd_write-to-invalid-fd", "executed": true, "duration_s": 0.05915212631225586, "failures": []}, {"name": "environ_sizes_get-no-variables", "executed": true, "duration_s": 0.060849666595458984, "failures": []}]}, {"name": "WASI C tests [wasm32-wasip1]", "runtime": {"name": "pywasm", "version": "2.2.1"}, "duration_s": 1.34872, "failed": 3, "skipped": 0, "passed": 11, "tests": [{"name": "pwrite-with-access", "executed": true, "duration_s": 0.10466551780700684, "failures": ["Wait(exit_code=0) failed: expected 0, got 1\n\n==STDERR==\nTraceback (most recent call last):\n  File \"/home/runner/work/wasi-testsuite/wasi-testsuite/tools/run-pywasm\", line 28, in <module>\n    exit = wasi.main(runtime, instance)\n           ^^^^^^^^^^^^^^^^^^^^^^^^^^^^\n  File \"/opt/hostedtoolcache/Python/3.12.12/x64/lib/python3.12/site-packages/pywasm/wasi.py\", line 1032, in main\n    raise e\n  File \"/opt/hostedtoolcache/Python/3.12.12/x64/lib/python3.12/site-packages/pywasm/wasi.py\", line 1025, in main\n    runtime.invocate(module, '_start', [])\n  File \"/opt/hostedtoolcache/Python/3.12.12/x64/lib/python3.12/site-packages/pywasm/core.py\", line 4190, in invocate\n    func_rets = self.machine.invocate(func_addr, func_args)\n                ^^^^^^^^^^^^^^^^^^^^^^^^^^^^^^^^^^^^^^^^^^^\n  File \"/opt/hostedtoolcache/Python/3.12.12/x64/lib/python3.12/site-packages/pywasm/core.py\", line 1724, in invocate\n    self.evaluate()\n  File \"/opt/hostedtoolcache/Python/3.12.12/x64/lib/python3.12/site-packages/pywasm/core.py\", line 1888, in evaluate\n    self.evaluate_call(addr)\n  File \"/opt/hostedtoolcache/Python/3.12.12/x64/lib/python3.12/site-packages/pywasm/core.py\", line 1788, in evaluate_call\n    rets = func.hostcode(self, [e.into_all() for e in args])\n           ^^^^^^^^^^^^^^^^^^^^^^^^^^^^^^^^^^^^^^^^^^^^^^^^^\n  File \"/opt/hostedtoolcache/Python/3.12.12/x64/lib/python3.12/site-packages/pywasm/wasi.py\", line 490, in args_get\n    mems.put(argv_buf, bytearray(e.encode()))\n                                 ^^^^^^^^\nAttributeError: 'list' object has no attribute 'encode'\n"]}, {"name": "clock_getres-realtime", "executed": true, "duration_s": 0.08044266700744629, "failures": []}, {"name": "fopen-with-access", "executed": true, "duration_s": 0.10856437683105469, "failures": []}, {"name": "stat-dev-ino", "executed": true, "duration_s": 0.10552048683166504, "failures": []}, {"name": "clock_gettime-realtime", "executed": true, "duration_s": 0.08061337471008301, "failures": []}, {"name": "pread-with-access", "executed": true, "duration_s": 0.10236620903015137, "failures": ["Wait(exit_code=0) failed: expected 0, got 1\n\n==STDERR==\nTraceback (most recent call last):\n  File \"/home/runner/work/wasi-testsuite/wasi-testsuite/tools/run-pywasm\", line 28, in <module>\n    exit = wasi.main(runtime, instance)\n           ^^^^^^^^^^^^^^^^^^^^^^^^^^^^\n  File \"/opt/hostedtoolcache/Python/3.12.12/x64/lib/python3.12/site-packages/pywasm/wasi.py\", line 1032, in main\n    raise e\n  File \"/opt/hostedtoolcache/Python/3.12.12/x64/lib/python3.12/site-packages/pywasm/wasi.py\", line 1025, in main\n    runtime.invocate(module, '_start', [])\n  File \"/opt/hostedtoolcache/Python/3.12.12/x64/lib/python3.12/site-packages/pywasm/core.py\", line 4190, in invocate\n    func_rets = self.machine.invocate(func_addr, func_args)\n                ^^^^^^^^^^^^^^^^^^^^^^^^^^^^^^^^^^^^^^^^^^^\n  File \"/opt/hostedtoolcache/Python/3.12.12/x64/lib/python3.12/site-packages/pywasm/core.py\", line 1724, in invocate\n    self.evaluate()\n  File \"/opt/hostedtoolcache/Python/3.12.12/x64/lib/python3.12/site-packages/pywasm/core.py\", line 1888, in evaluate\n    self.evaluate_call(addr)\n  File \"/opt/hostedtoolcache/Python/3.12.12/x64/lib/python3.12/site-packages/pywasm/core.py\", line 1788, in evaluate_call\n    rets = func.hostcode(self, [e.into_all() for e in args])\n           ^^^^^^^^^^^^^^^^^^^^^^^^^^^^^^^^^^^^^^^^^^^^^^^^^\n  File \"/opt/hostedtoolcache/Python/3.12.12/x64/lib/python3.12/site-packages/pywasm/wasi.py\", line 490, in args_get\n    mems.put(argv_buf, bytearray(e.encode()))\n                                 ^^^^^^^^\nAttributeError: 'list' object has no attribute 'encode'\n"]}, {"name": "fdopendir-with-access", "executed": true, "duration_s": 0.11504745483398438, "failures": ["Wait(exit_code=0) failed: expected 0, got 1\n\n==STDERR==\nTraceback (most recent call last):\n  File \"/home/runner/work/wasi-testsuite/wasi-testsuite/tools/run-pywasm\", line 28, in <module>\n    exit = wasi.main(runtime, instance)\n           ^^^^^^^^^^^^^^^^^^^^^^^^^^^^\n  File \"/opt/hostedtoolcache/Python/3.12.12/x64/lib/python3.12/site-packages/pywasm/wasi.py\", line 1032, in main\n    raise e\n  File \"/opt/hostedtoolcache/Python/3.12.12/x64/lib/python3.12/site-packages/pywasm/wasi.py\", line 1025, in main\n    runtime.invocate(module, '_start', [])\n  File \"/opt/hostedtoolcache/Python/3.12.12/x64/lib/python3.12/site-packages/pywasm/core.py\", line 4190, in invocate\n    func_rets = self.machine.invocate(func_addr, func_args)\n                ^^^^^^^^^^^^^^^^^^^^^^^^^^^^^^^^^^^^^^^^^^^\n  File \"/opt/hostedtoolcache/Python/3.12.12/x64/lib/python3.12/site-packages/pywasm/core.py\", line 1724, in invocate\n    self.evaluate()\n  File \"/opt/hostedtoolcache/Python/3.12.12/x64/lib/python3.12/site-packages/pywasm/core.py\", line 1888, in evaluate\n    self.evaluate_call(addr)\n  File \"/opt/hostedtoolcache/Python/3.12.12/x64/lib/python3.12/site-packages/pywasm/core.py\", line 1788, in evaluate_call\n    rets = func.hostcode(self, [e.into_all() for e in args])\n           ^^^^^^^^^^^^^^^^^^^^^^^^^^^^^^^^^^^^^^^^^^^^^^^^^\n  File \"/opt/hostedtoolcache/Python/3.12.12/x64/lib/python3.12/site-packages/pywasm/wasi.py\", line 490, in args_get\n    mems.put(argv_buf, bytearray(e.encode()))\n                                 ^^^^^^^^\nAttributeError: 'list' object has no attribute 'encode'\n"]}, {"name": "clock_gettime-monotonic", "executed": true, "duration_s": 0.08153438568115234, "failures": []}, {"name": "fopen-with-no-access", "executed": true, "duration_s": 0.10353755950927734, "failures": []}, {"name": "clock_getres-monotonic", "executed": true, "duration_s": 0.07994341850280762, "failures": []}, {"name": "pwrite-with-append", "executed": true, "duration_s": 0.10739731788635254, "failures": []}, {"name": "lseek", "executed": true, "duration_s": 0.11432313919067383, "failures": []}, {"name": "sock_shutdown-invalid_fd", "executed": true, "duration_s": 0.08030128479003906, "failures": []}, {"name": "sock_shutdown-not_sock", "executed": true, "duration_s": 0.08077001571655273, "failures": []}]}]}